[0.017s] Invoking command in '/home/hmmdyn/autocar-erp/build/autocar_nav': CMAKE_PREFIX_PATH=/home/hmmdyn/autocar-erp/install/autocar_msgs:/home/hmmdyn/autocar-erp/install/carla_ad_demo:/home/hmmdyn/autocar-erp/install/rviz_carla_plugin:/home/hmmdyn/autocar-erp/install/pcl_recorder:/home/hmmdyn/autocar-erp/install/launches:/home/hmmdyn/autocar-erp/install/carla_waypoint_types:/home/hmmdyn/autocar-erp/install/carla_ros_scenario_runner_types:/home/hmmdyn/autocar-erp/install/carla_ackermann_msgs:/home/hmmdyn/autocar-erp/install/carla_msgs:/home/hmmdyn/autocar-erp/install/autocar_nav:/home/hmmdyn/autocar-erp/install/autocar_map:/home/hmmdyn/autocar-erp/install/autocar_gazebo:/home/hmmdyn/autocar-erp/install/autocar_description:/home/hmmdyn/autocar-erp/install/rqt_carla_control:/home/hmmdyn/autocar-erp/install/carla_waypoint_publisher:/home/hmmdyn/autocar-erp/install/carla_ackermann_control:/home/hmmdyn/autocar-erp/install/carla_ros_bridge:/home/hmmdyn/autocar-erp/install/carla_spawn_objects:/home/hmmdyn/autocar-erp/install/carla_manual_control:/home/hmmdyn/autocar-erp/install/carla_ad_agent:/home/hmmdyn/autocar-erp/install/ros_compatibility:/home/hmmdyn/autocar-erp/install/erp_control:/home/hmmdyn/autocar-erp/install/carla_walker_agent:/home/hmmdyn/autocar-erp/install/carla_twist_to_control:/home/hmmdyn/autocar-erp/install/carla_ros_scenario_runner:/home/hmmdyn/autocar-erp/install/carla_common:/opt/ros/humble LD_LIBRARY_PATH=/home/hmmdyn/autocar-erp/install/autocar_msgs/lib:/home/hmmdyn/autocar-erp/install/rviz_carla_plugin/lib:/home/hmmdyn/autocar-erp/install/carla_waypoint_types/lib:/home/hmmdyn/autocar-erp/install/carla_ros_scenario_runner_types/lib:/home/hmmdyn/autocar-erp/install/carla_ackermann_msgs/lib:/home/hmmdyn/autocar-erp/install/carla_msgs/lib:/opt/ros/humble/opt/rviz_ogre_vendor/lib:/opt/ros/humble/lib/x86_64-linux-gnu:/opt/ros/humble/lib /usr/bin/cmake --build /home/hmmdyn/autocar-erp/build/autocar_nav -- -j12 -l12
[0.083s] Built target ament_cmake_python_symlink_autocar_nav
[0.350s] running egg_info
[0.365s] writing autocar_nav.egg-info/PKG-INFO
[0.365s] writing dependency_links to autocar_nav.egg-info/dependency_links.txt
[0.365s] writing top-level names to autocar_nav.egg-info/top_level.txt
[0.402s] reading manifest file 'autocar_nav.egg-info/SOURCES.txt'
[0.403s] writing manifest file 'autocar_nav.egg-info/SOURCES.txt'
[0.455s] Built target ament_cmake_python_build_autocar_nav_egg
[0.585s] Invoked command in '/home/hmmdyn/autocar-erp/build/autocar_nav' returned '0': CMAKE_PREFIX_PATH=/home/hmmdyn/autocar-erp/install/autocar_msgs:/home/hmmdyn/autocar-erp/install/carla_ad_demo:/home/hmmdyn/autocar-erp/install/rviz_carla_plugin:/home/hmmdyn/autocar-erp/install/pcl_recorder:/home/hmmdyn/autocar-erp/install/launches:/home/hmmdyn/autocar-erp/install/carla_waypoint_types:/home/hmmdyn/autocar-erp/install/carla_ros_scenario_runner_types:/home/hmmdyn/autocar-erp/install/carla_ackermann_msgs:/home/hmmdyn/autocar-erp/install/carla_msgs:/home/hmmdyn/autocar-erp/install/autocar_nav:/home/hmmdyn/autocar-erp/install/autocar_map:/home/hmmdyn/autocar-erp/install/autocar_gazebo:/home/hmmdyn/autocar-erp/install/autocar_description:/home/hmmdyn/autocar-erp/install/rqt_carla_control:/home/hmmdyn/autocar-erp/install/carla_waypoint_publisher:/home/hmmdyn/autocar-erp/install/carla_ackermann_control:/home/hmmdyn/autocar-erp/install/carla_ros_bridge:/home/hmmdyn/autocar-erp/install/carla_spawn_objects:/home/hmmdyn/autocar-erp/install/carla_manual_control:/home/hmmdyn/autocar-erp/install/carla_ad_agent:/home/hmmdyn/autocar-erp/install/ros_compatibility:/home/hmmdyn/autocar-erp/install/erp_control:/home/hmmdyn/autocar-erp/install/carla_walker_agent:/home/hmmdyn/autocar-erp/install/carla_twist_to_control:/home/hmmdyn/autocar-erp/install/carla_ros_scenario_runner:/home/hmmdyn/autocar-erp/install/carla_common:/opt/ros/humble LD_LIBRARY_PATH=/home/hmmdyn/autocar-erp/install/autocar_msgs/lib:/home/hmmdyn/autocar-erp/install/rviz_carla_plugin/lib:/home/hmmdyn/autocar-erp/install/carla_waypoint_types/lib:/home/hmmdyn/autocar-erp/install/carla_ros_scenario_runner_types/lib:/home/hmmdyn/autocar-erp/install/carla_ackermann_msgs/lib:/home/hmmdyn/autocar-erp/install/carla_msgs/lib:/opt/ros/humble/opt/rviz_ogre_vendor/lib:/opt/ros/humble/lib/x86_64-linux-gnu:/opt/ros/humble/lib /usr/bin/cmake --build /home/hmmdyn/autocar-erp/build/autocar_nav -- -j12 -l12
[0.586s] Invoking command in '/home/hmmdyn/autocar-erp/build/autocar_nav': CMAKE_PREFIX_PATH=/home/hmmdyn/autocar-erp/install/autocar_msgs:/home/hmmdyn/autocar-erp/install/carla_ad_demo:/home/hmmdyn/autocar-erp/install/rviz_carla_plugin:/home/hmmdyn/autocar-erp/install/pcl_recorder:/home/hmmdyn/autocar-erp/install/launches:/home/hmmdyn/autocar-erp/install/carla_waypoint_types:/home/hmmdyn/autocar-erp/install/carla_ros_scenario_runner_types:/home/hmmdyn/autocar-erp/install/carla_ackermann_msgs:/home/hmmdyn/autocar-erp/install/carla_msgs:/home/hmmdyn/autocar-erp/install/autocar_nav:/home/hmmdyn/autocar-erp/install/autocar_map:/home/hmmdyn/autocar-erp/install/autocar_gazebo:/home/hmmdyn/autocar-erp/install/autocar_description:/home/hmmdyn/autocar-erp/install/rqt_carla_control:/home/hmmdyn/autocar-erp/install/carla_waypoint_publisher:/home/hmmdyn/autocar-erp/install/carla_ackermann_control:/home/hmmdyn/autocar-erp/install/carla_ros_bridge:/home/hmmdyn/autocar-erp/install/carla_spawn_objects:/home/hmmdyn/autocar-erp/install/carla_manual_control:/home/hmmdyn/autocar-erp/install/carla_ad_agent:/home/hmmdyn/autocar-erp/install/ros_compatibility:/home/hmmdyn/autocar-erp/install/erp_control:/home/hmmdyn/autocar-erp/install/carla_walker_agent:/home/hmmdyn/autocar-erp/install/carla_twist_to_control:/home/hmmdyn/autocar-erp/install/carla_ros_scenario_runner:/home/hmmdyn/autocar-erp/install/carla_common:/opt/ros/humble LD_LIBRARY_PATH=/home/hmmdyn/autocar-erp/install/autocar_msgs/lib:/home/hmmdyn/autocar-erp/install/rviz_carla_plugin/lib:/home/hmmdyn/autocar-erp/install/carla_waypoint_types/lib:/home/hmmdyn/autocar-erp/install/carla_ros_scenario_runner_types/lib:/home/hmmdyn/autocar-erp/install/carla_ackermann_msgs/lib:/home/hmmdyn/autocar-erp/install/carla_msgs/lib:/opt/ros/humble/opt/rviz_ogre_vendor/lib:/opt/ros/humble/lib/x86_64-linux-gnu:/opt/ros/humble/lib /usr/bin/cmake --install /home/hmmdyn/autocar-erp/build/autocar_nav
[0.593s] -- Install configuration: ""
[0.593s] -- Execute custom install script
[0.593s] -- Symlinking: /home/hmmdyn/autocar-erp/install/autocar_nav/share/autocar_nav/environment/pythonpath.sh
[0.604s] -- Symlinking: /home/hmmdyn/autocar-erp/install/autocar_nav/share/autocar_nav/environment/pythonpath.dsv
[0.616s] -- Symlinking: /home/hmmdyn/autocar-erp/install/autocar_nav/local/lib/python3.10/dist-packages/autocar_nav-0.0.0-py3.10.egg-info/PKG-INFO
[0.624s] -- Symlinking: /home/hmmdyn/autocar-erp/install/autocar_nav/local/lib/python3.10/dist-packages/autocar_nav-0.0.0-py3.10.egg-info/SOURCES.txt
[0.632s] -- Symlinking: /home/hmmdyn/autocar-erp/install/autocar_nav/local/lib/python3.10/dist-packages/autocar_nav-0.0.0-py3.10.egg-info/dependency_links.txt
[0.641s] -- Symlinking: /home/hmmdyn/autocar-erp/install/autocar_nav/local/lib/python3.10/dist-packages/autocar_nav-0.0.0-py3.10.egg-info/top_level.txt
[0.652s] -- Symlinking: /home/hmmdyn/autocar-erp/install/autocar_nav/local/lib/python3.10/dist-packages/autocar_nav/__init__.py
[0.660s] -- Symlinking: /home/hmmdyn/autocar-erp/install/autocar_nav/local/lib/python3.10/dist-packages/autocar_nav/cubic_spline_interpolator.py
[0.671s] -- Symlinking: /home/hmmdyn/autocar-erp/install/autocar_nav/local/lib/python3.10/dist-packages/autocar_nav/normalise_angle.py
[0.683s] -- Symlinking: /home/hmmdyn/autocar-erp/install/autocar_nav/local/lib/python3.10/dist-packages/autocar_nav/osm_handler.py
[0.691s] -- Symlinking: /home/hmmdyn/autocar-erp/install/autocar_nav/local/lib/python3.10/dist-packages/autocar_nav/yaw_to_quaternion.py
[0.699s] -- Symlinking: /home/hmmdyn/autocar-erp/install/autocar_nav/share/autocar_nav/config/navigation_params.yaml
[0.709s] -- Symlinking: /home/hmmdyn/autocar-erp/install/autocar_nav/share/autocar_nav/data/hitech2_INTERSECTION_LINK.osm
[0.719s] -- Symlinking: /home/hmmdyn/autocar-erp/install/autocar_nav/share/autocar_nav/data/hitech2_LINK.osm
[0.729s] -- Symlinking: /home/hmmdyn/autocar-erp/install/autocar_nav/share/autocar_nav/data/hitech2_STOPLINE.osm
[0.739s] -- Symlinking: /home/hmmdyn/autocar-erp/install/autocar_nav/share/autocar_nav/data/waypoints.csv
[0.750s] -- Symlinking: /home/hmmdyn/autocar-erp/install/autocar_nav/lib/autocar_nav/globalplanner.py
[0.760s] -- Symlinking: /home/hmmdyn/autocar-erp/install/autocar_nav/lib/autocar_nav/localisation.py
[0.771s] -- Symlinking: /home/hmmdyn/autocar-erp/install/autocar_nav/lib/autocar_nav/localplanner.py
[0.778s] -- Symlinking: /home/hmmdyn/autocar-erp/install/autocar_nav/lib/autocar_nav/clickplanner.py
[0.787s] -- Symlinking: /home/hmmdyn/autocar-erp/install/autocar_nav/lib/autocar_nav/tracker.py
[0.797s] -- Symlinking: /home/hmmdyn/autocar-erp/install/autocar_nav/lib/autocar_nav/gps_sub.py
[0.807s] -- Symlinking: /home/hmmdyn/autocar-erp/install/autocar_nav/lib/autocar_nav/autocar_tf_ros2.py
[0.817s] -- Symlinking: /home/hmmdyn/autocar-erp/install/autocar_nav/lib/autocar_nav/hitech_test_pub.py
[0.826s] -- Symlinking: /home/hmmdyn/autocar-erp/install/autocar_nav/share/ament_index/resource_index/package_run_dependencies/autocar_nav
[0.836s] -- Symlinking: /home/hmmdyn/autocar-erp/install/autocar_nav/share/ament_index/resource_index/parent_prefix_path/autocar_nav
[0.843s] -- Symlinking: /home/hmmdyn/autocar-erp/install/autocar_nav/share/autocar_nav/environment/ament_prefix_path.sh
[0.854s] -- Symlinking: /home/hmmdyn/autocar-erp/install/autocar_nav/share/autocar_nav/environment/ament_prefix_path.dsv
[0.862s] -- Symlinking: /home/hmmdyn/autocar-erp/install/autocar_nav/share/autocar_nav/environment/path.sh
[0.870s] -- Symlinking: /home/hmmdyn/autocar-erp/install/autocar_nav/share/autocar_nav/environment/path.dsv
[0.880s] -- Symlinking: /home/hmmdyn/autocar-erp/install/autocar_nav/share/autocar_nav/local_setup.bash
[0.890s] -- Symlinking: /home/hmmdyn/autocar-erp/install/autocar_nav/share/autocar_nav/local_setup.sh
[0.900s] -- Symlinking: /home/hmmdyn/autocar-erp/install/autocar_nav/share/autocar_nav/local_setup.zsh
[0.908s] -- Symlinking: /home/hmmdyn/autocar-erp/install/autocar_nav/share/autocar_nav/local_setup.dsv
[0.916s] -- Symlinking: /home/hmmdyn/autocar-erp/install/autocar_nav/share/autocar_nav/package.dsv
[0.927s] -- Symlinking: /home/hmmdyn/autocar-erp/install/autocar_nav/share/ament_index/resource_index/packages/autocar_nav
[0.941s] -- Symlinking: /home/hmmdyn/autocar-erp/install/autocar_nav/share/autocar_nav/cmake/autocar_navConfig.cmake
[0.950s] -- Symlinking: /home/hmmdyn/autocar-erp/install/autocar_nav/share/autocar_nav/cmake/autocar_navConfig-version.cmake
[0.960s] -- Symlinking: /home/hmmdyn/autocar-erp/install/autocar_nav/share/autocar_nav/package.xml
[1.025s] Listing '/home/hmmdyn/autocar-erp/install/autocar_nav/local/lib/python3.10/dist-packages/autocar_nav'...
[1.025s] Compiling '/home/hmmdyn/autocar-erp/install/autocar_nav/local/lib/python3.10/dist-packages/autocar_nav/__init__.py'...
[1.025s] Compiling '/home/hmmdyn/autocar-erp/install/autocar_nav/local/lib/python3.10/dist-packages/autocar_nav/cubic_spline_interpolator.py'...
[1.025s] Compiling '/home/hmmdyn/autocar-erp/install/autocar_nav/local/lib/python3.10/dist-packages/autocar_nav/normalise_angle.py'...
[1.025s] Compiling '/home/hmmdyn/autocar-erp/install/autocar_nav/local/lib/python3.10/dist-packages/autocar_nav/osm_handler.py'...
[1.025s] Compiling '/home/hmmdyn/autocar-erp/install/autocar_nav/local/lib/python3.10/dist-packages/autocar_nav/yaw_to_quaternion.py'...
[1.035s] Invoked command in '/home/hmmdyn/autocar-erp/build/autocar_nav' returned '0': CMAKE_PREFIX_PATH=/home/hmmdyn/autocar-erp/install/autocar_msgs:/home/hmmdyn/autocar-erp/install/carla_ad_demo:/home/hmmdyn/autocar-erp/install/rviz_carla_plugin:/home/hmmdyn/autocar-erp/install/pcl_recorder:/home/hmmdyn/autocar-erp/install/launches:/home/hmmdyn/autocar-erp/install/carla_waypoint_types:/home/hmmdyn/autocar-erp/install/carla_ros_scenario_runner_types:/home/hmmdyn/autocar-erp/install/carla_ackermann_msgs:/home/hmmdyn/autocar-erp/install/carla_msgs:/home/hmmdyn/autocar-erp/install/autocar_nav:/home/hmmdyn/autocar-erp/install/autocar_map:/home/hmmdyn/autocar-erp/install/autocar_gazebo:/home/hmmdyn/autocar-erp/install/autocar_description:/home/hmmdyn/autocar-erp/install/rqt_carla_control:/home/hmmdyn/autocar-erp/install/carla_waypoint_publisher:/home/hmmdyn/autocar-erp/install/carla_ackermann_control:/home/hmmdyn/autocar-erp/install/carla_ros_bridge:/home/hmmdyn/autocar-erp/install/carla_spawn_objects:/home/hmmdyn/autocar-erp/install/carla_manual_control:/home/hmmdyn/autocar-erp/install/carla_ad_agent:/home/hmmdyn/autocar-erp/install/ros_compatibility:/home/hmmdyn/autocar-erp/install/erp_control:/home/hmmdyn/autocar-erp/install/carla_walker_agent:/home/hmmdyn/autocar-erp/install/carla_twist_to_control:/home/hmmdyn/autocar-erp/install/carla_ros_scenario_runner:/home/hmmdyn/autocar-erp/install/carla_common:/opt/ros/humble LD_LIBRARY_PATH=/home/hmmdyn/autocar-erp/install/autocar_msgs/lib:/home/hmmdyn/autocar-erp/install/rviz_carla_plugin/lib:/home/hmmdyn/autocar-erp/install/carla_waypoint_types/lib:/home/hmmdyn/autocar-erp/install/carla_ros_scenario_runner_types/lib:/home/hmmdyn/autocar-erp/install/carla_ackermann_msgs/lib:/home/hmmdyn/autocar-erp/install/carla_msgs/lib:/opt/ros/humble/opt/rviz_ogre_vendor/lib:/opt/ros/humble/lib/x86_64-linux-gnu:/opt/ros/humble/lib /usr/bin/cmake --install /home/hmmdyn/autocar-erp/build/autocar_nav
