running develop
running egg_info
creating perception.egg-info
writing perception.egg-info/PKG-INFO
writing dependency_links to perception.egg-info/dependency_links.txt
writing entry points to perception.egg-info/entry_points.txt
writing requirements to perception.egg-info/requires.txt
writing top-level names to perception.egg-info/top_level.txt
writing manifest file 'perception.egg-info/SOURCES.txt'
reading manifest file 'perception.egg-info/SOURCES.txt'
writing manifest file 'perception.egg-info/SOURCES.txt'
running build_ext
Creating /home/mds/autocar-erp/autocar-erp-main/install/perception/lib/python3.10/site-packages/perception.egg-link (link to .)
Installing camera_pub script to /home/mds/autocar-erp/autocar-erp-main/install/perception/lib/perception
Installing camera_sign script to /home/mds/autocar-erp/autocar-erp-main/install/perception/lib/perception
Installing camera_traffic script to /home/mds/autocar-erp/autocar-erp-main/install/perception/lib/perception
Installing combined_camera script to /home/mds/autocar-erp/autocar-erp-main/install/perception/lib/perception
Installing lanenet script to /home/mds/autocar-erp/autocar-erp-main/install/perception/lib/perception
Installing obstacle script to /home/mds/autocar-erp/autocar-erp-main/install/perception/lib/perception
Installing sensor_fusion script to /home/mds/autocar-erp/autocar-erp-main/install/perception/lib/perception
Installing sign script to /home/mds/autocar-erp/autocar-erp-main/install/perception/lib/perception
Installing stopline_camera script to /home/mds/autocar-erp/autocar-erp-main/install/perception/lib/perception
Installing stopline_detection script to /home/mds/autocar-erp/autocar-erp-main/install/perception/lib/perception
Installing trafficlight script to /home/mds/autocar-erp/autocar-erp-main/install/perception/lib/perception

Installed /home/mds/autocar-erp/autocar-erp-main/build/perception
running symlink_data
creating /home/mds/autocar-erp/autocar-erp-main/install/perception/share/ament_index
creating /home/mds/autocar-erp/autocar-erp-main/install/perception/share/ament_index/resource_index
creating /home/mds/autocar-erp/autocar-erp-main/install/perception/share/ament_index/resource_index/packages
symbolically linking /home/mds/autocar-erp/autocar-erp-main/build/perception/resource/perception -> /home/mds/autocar-erp/autocar-erp-main/install/perception/share/ament_index/resource_index/packages
symbolically linking /home/mds/autocar-erp/autocar-erp-main/build/perception/package.xml -> /home/mds/autocar-erp/autocar-erp-main/install/perception/share/perception
creating /home/mds/autocar-erp/autocar-erp-main/install/perception/share/perception/models
symbolically linking /home/mds/autocar-erp/autocar-erp-main/build/perception/perception/lanenet/models/culane_18.pth -> /home/mds/autocar-erp/autocar-erp-main/install/perception/share/perception/models
