[1.439s] Invoking command in '/home/mds/autocar-erp/autocar-erp-main/build/perception': PYTHONPATH=/home/mds/autocar-erp/autocar-erp-main/build/perception/prefix_override:/usr/lib/python3/dist-packages/colcon_core/task/python/colcon_distutils_commands:/home/mds/autocar-erp/autocar-erp-main/install/perception/lib/python3.10/site-packages:${PYTHONPATH} /usr/bin/python3 -W ignore:setup.py install is deprecated -W ignore:easy_install command is deprecated setup.py develop --editable --build-directory /home/mds/autocar-erp/autocar-erp-main/build/perception/build --no-deps symlink_data
[1.730s] running develop
[1.836s] running egg_info
[1.836s] creating perception.egg-info
[1.836s] writing perception.egg-info/PKG-INFO
[1.836s] writing dependency_links to perception.egg-info/dependency_links.txt
[1.836s] writing entry points to perception.egg-info/entry_points.txt
[1.836s] writing requirements to perception.egg-info/requires.txt
[1.836s] writing top-level names to perception.egg-info/top_level.txt
[1.836s] writing manifest file 'perception.egg-info/SOURCES.txt'
[1.838s] reading manifest file 'perception.egg-info/SOURCES.txt'
[1.839s] writing manifest file 'perception.egg-info/SOURCES.txt'
[1.864s] running build_ext
[1.864s] Creating /home/mds/autocar-erp/autocar-erp-main/install/perception/lib/python3.10/site-packages/perception.egg-link (link to .)
[1.865s] Installing camera_pub script to /home/mds/autocar-erp/autocar-erp-main/install/perception/lib/perception
[1.865s] Installing camera_sign script to /home/mds/autocar-erp/autocar-erp-main/install/perception/lib/perception
[1.865s] Installing camera_traffic script to /home/mds/autocar-erp/autocar-erp-main/install/perception/lib/perception
[1.865s] Installing combined_camera script to /home/mds/autocar-erp/autocar-erp-main/install/perception/lib/perception
[1.865s] Installing lanenet script to /home/mds/autocar-erp/autocar-erp-main/install/perception/lib/perception
[1.865s] Installing obstacle script to /home/mds/autocar-erp/autocar-erp-main/install/perception/lib/perception
[1.865s] Installing sensor_fusion script to /home/mds/autocar-erp/autocar-erp-main/install/perception/lib/perception
[1.865s] Installing sign script to /home/mds/autocar-erp/autocar-erp-main/install/perception/lib/perception
[1.865s] Installing stopline_camera script to /home/mds/autocar-erp/autocar-erp-main/install/perception/lib/perception
[1.865s] Installing stopline_detection script to /home/mds/autocar-erp/autocar-erp-main/install/perception/lib/perception
[1.865s] Installing trafficlight script to /home/mds/autocar-erp/autocar-erp-main/install/perception/lib/perception
[1.865s] 
[1.866s] Installed /home/mds/autocar-erp/autocar-erp-main/build/perception
[1.866s] running symlink_data
[1.866s] creating /home/mds/autocar-erp/autocar-erp-main/install/perception/share/ament_index
[1.866s] creating /home/mds/autocar-erp/autocar-erp-main/install/perception/share/ament_index/resource_index
[1.866s] creating /home/mds/autocar-erp/autocar-erp-main/install/perception/share/ament_index/resource_index/packages
[1.866s] symbolically linking /home/mds/autocar-erp/autocar-erp-main/build/perception/resource/perception -> /home/mds/autocar-erp/autocar-erp-main/install/perception/share/ament_index/resource_index/packages
[1.866s] symbolically linking /home/mds/autocar-erp/autocar-erp-main/build/perception/package.xml -> /home/mds/autocar-erp/autocar-erp-main/install/perception/share/perception
[1.866s] creating /home/mds/autocar-erp/autocar-erp-main/install/perception/share/perception/models
[1.866s] symbolically linking /home/mds/autocar-erp/autocar-erp-main/build/perception/perception/lanenet/models/culane_18.pth -> /home/mds/autocar-erp/autocar-erp-main/install/perception/share/perception/models
[1.887s] Invoked command in '/home/mds/autocar-erp/autocar-erp-main/build/perception' returned '0': PYTHONPATH=/home/mds/autocar-erp/autocar-erp-main/build/perception/prefix_override:/usr/lib/python3/dist-packages/colcon_core/task/python/colcon_distutils_commands:/home/mds/autocar-erp/autocar-erp-main/install/perception/lib/python3.10/site-packages:${PYTHONPATH} /usr/bin/python3 -W ignore:setup.py install is deprecated -W ignore:easy_install command is deprecated setup.py develop --editable --build-directory /home/mds/autocar-erp/autocar-erp-main/build/perception/build --no-deps symlink_data
