[0.042s] Invoking command in '/home/hmmdyn/autocar-erp/build/carla_msgs': CMAKE_PREFIX_PATH=${CMAKE_PREFIX_PATH}:/home/hmmdyn/autocar-erp/install/rqt_carla_control:/home/hmmdyn/autocar-erp/install/carla_waypoint_publisher:/home/hmmdyn/autocar-erp/install/carla_ackermann_control:/home/hmmdyn/autocar-erp/install/carla_ros_bridge:/home/hmmdyn/autocar-erp/install/carla_spawn_objects:/home/hmmdyn/autocar-erp/install/carla_manual_control:/home/hmmdyn/autocar-erp/install/carla_ad_agent:/home/hmmdyn/autocar-erp/install/ros_compatibility:/home/hmmdyn/autocar-erp/install/erp_control:/home/hmmdyn/autocar-erp/install/carla_walker_agent:/home/hmmdyn/autocar-erp/install/carla_twist_to_control:/home/hmmdyn/autocar-erp/install/carla_ros_scenario_runner:/home/hmmdyn/autocar-erp/install/carla_common:/opt/ros/humble /usr/bin/cmake --build /home/hmmdyn/autocar-erp/build/carla_msgs -- -j12 -l12
[1.177s] [35m[1mConsolidate compiler generated dependencies of target carla_msgs__rosidl_generator_c[0m
[1.177s] [  0%] Built target carla_msgs__cpp
[1.178s] [  0%] Built target ament_cmake_python_symlink_carla_msgs
[1.178s] [ 12%] Built target carla_msgs__rosidl_generator_c
[1.178s] [35m[1mConsolidate compiler generated dependencies of target carla_msgs__rosidl_typesupport_cpp[0m
[1.178s] [35m[1mConsolidate compiler generated dependencies of target carla_msgs__rosidl_typesupport_introspection_cpp[0m
[1.178s] [35m[1mConsolidate compiler generated dependencies of target carla_msgs__rosidl_typesupport_fastrtps_cpp[0m
[1.178s] [35m[1mConsolidate compiler generated dependencies of target carla_msgs__rosidl_typesupport_c[0m
[1.178s] [35m[1mConsolidate compiler generated dependencies of target carla_msgs__rosidl_typesupport_introspection_c[0m
[1.178s] [35m[1mConsolidate compiler generated dependencies of target carla_msgs__rosidl_typesupport_fastrtps_c[0m
[1.178s] [ 24%] Built target carla_msgs__rosidl_typesupport_fastrtps_cpp
[1.178s] [ 36%] Built target carla_msgs__rosidl_typesupport_c
[1.178s] [ 48%] Built target carla_msgs__rosidl_typesupport_introspection_c
[1.178s] [ 60%] Built target carla_msgs__rosidl_typesupport_cpp
[1.178s] [ 73%] Built target carla_msgs__rosidl_typesupport_introspection_cpp
[1.178s] [ 85%] Built target carla_msgs__rosidl_typesupport_fastrtps_c
[1.178s] [ 85%] Built target carla_msgs
[1.178s] [ 86%] Built target carla_msgs__py
[1.178s] [35m[1mConsolidate compiler generated dependencies of target carla_msgs__rosidl_generator_py[0m
[1.178s] [ 97%] Built target carla_msgs__rosidl_generator_py
[1.178s] [35m[1mConsolidate compiler generated dependencies of target carla_msgs__rosidl_typesupport_c__pyext[0m
[1.179s] [35m[1mConsolidate compiler generated dependencies of target carla_msgs__rosidl_typesupport_introspection_c__pyext[0m
[1.179s] [35m[1mConsolidate compiler generated dependencies of target carla_msgs__rosidl_typesupport_fastrtps_c__pyext[0m
[1.179s] [ 99%] Built target carla_msgs__rosidl_typesupport_fastrtps_c__pyext
[1.179s] [ 99%] Built target carla_msgs__rosidl_typesupport_introspection_c__pyext
[1.179s] [100%] Built target carla_msgs__rosidl_typesupport_c__pyext
[1.179s] running egg_info
[1.179s] writing carla_msgs.egg-info/PKG-INFO
[1.179s] writing dependency_links to carla_msgs.egg-info/dependency_links.txt
[1.179s] writing top-level names to carla_msgs.egg-info/top_level.txt
[1.179s] reading manifest file 'carla_msgs.egg-info/SOURCES.txt'
[1.179s] writing manifest file 'carla_msgs.egg-info/SOURCES.txt'
[1.179s] [100%] Built target ament_cmake_python_build_carla_msgs_egg
[1.185s] Invoked command in '/home/hmmdyn/autocar-erp/build/carla_msgs' returned '0': CMAKE_PREFIX_PATH=${CMAKE_PREFIX_PATH}:/home/hmmdyn/autocar-erp/install/rqt_carla_control:/home/hmmdyn/autocar-erp/install/carla_waypoint_publisher:/home/hmmdyn/autocar-erp/install/carla_ackermann_control:/home/hmmdyn/autocar-erp/install/carla_ros_bridge:/home/hmmdyn/autocar-erp/install/carla_spawn_objects:/home/hmmdyn/autocar-erp/install/carla_manual_control:/home/hmmdyn/autocar-erp/install/carla_ad_agent:/home/hmmdyn/autocar-erp/install/ros_compatibility:/home/hmmdyn/autocar-erp/install/erp_control:/home/hmmdyn/autocar-erp/install/carla_walker_agent:/home/hmmdyn/autocar-erp/install/carla_twist_to_control:/home/hmmdyn/autocar-erp/install/carla_ros_scenario_runner:/home/hmmdyn/autocar-erp/install/carla_common:/opt/ros/humble /usr/bin/cmake --build /home/hmmdyn/autocar-erp/build/carla_msgs -- -j12 -l12
[1.197s] Invoking command in '/home/hmmdyn/autocar-erp/build/carla_msgs': CMAKE_PREFIX_PATH=${CMAKE_PREFIX_PATH}:/home/hmmdyn/autocar-erp/install/rqt_carla_control:/home/hmmdyn/autocar-erp/install/carla_waypoint_publisher:/home/hmmdyn/autocar-erp/install/carla_ackermann_control:/home/hmmdyn/autocar-erp/install/carla_ros_bridge:/home/hmmdyn/autocar-erp/install/carla_spawn_objects:/home/hmmdyn/autocar-erp/install/carla_manual_control:/home/hmmdyn/autocar-erp/install/carla_ad_agent:/home/hmmdyn/autocar-erp/install/ros_compatibility:/home/hmmdyn/autocar-erp/install/erp_control:/home/hmmdyn/autocar-erp/install/carla_walker_agent:/home/hmmdyn/autocar-erp/install/carla_twist_to_control:/home/hmmdyn/autocar-erp/install/carla_ros_scenario_runner:/home/hmmdyn/autocar-erp/install/carla_common:/opt/ros/humble /usr/bin/cmake --install /home/hmmdyn/autocar-erp/build/carla_msgs
[1.215s] -- Install configuration: ""
[1.215s] -- Execute custom install script
[1.215s] -- Symlinking: /home/hmmdyn/autocar-erp/install/carla_msgs/share/ament_index/resource_index/rosidl_interfaces/carla_msgs
[1.232s] -- Symlinking: /home/hmmdyn/autocar-erp/install/carla_msgs/include/carla_msgs/carla_msgs/msg/carla_actor_info.h
[1.234s] -- Symlinking: /home/hmmdyn/autocar-erp/install/carla_msgs/include/carla_msgs/carla_msgs/msg/carla_actor_list.h
[1.247s] -- Symlinking: /home/hmmdyn/autocar-erp/install/carla_msgs/include/carla_msgs/carla_msgs/msg/carla_bounding_box.h
[1.265s] -- Symlinking: /home/hmmdyn/autocar-erp/install/carla_msgs/include/carla_msgs/carla_msgs/msg/carla_collision_event.h
[1.271s] -- Symlinking: /home/hmmdyn/autocar-erp/install/carla_msgs/include/carla_msgs/carla_msgs/msg/carla_control.h
[1.284s] -- Symlinking: /home/hmmdyn/autocar-erp/install/carla_msgs/include/carla_msgs/carla_msgs/msg/carla_ego_vehicle_control.h
[1.295s] -- Symlinking: /home/hmmdyn/autocar-erp/install/carla_msgs/include/carla_msgs/carla_msgs/msg/carla_ego_vehicle_info.h
[1.330s] -- Symlinking: /home/hmmdyn/autocar-erp/install/carla_msgs/include/carla_msgs/carla_msgs/msg/carla_ego_vehicle_info_wheel.h
[1.346s] -- Symlinking: /home/hmmdyn/autocar-erp/install/carla_msgs/include/carla_msgs/carla_msgs/msg/carla_ego_vehicle_status.h
[1.361s] -- Symlinking: /home/hmmdyn/autocar-erp/install/carla_msgs/include/carla_msgs/carla_msgs/msg/carla_lane_invasion_event.h
[1.375s] -- Symlinking: /home/hmmdyn/autocar-erp/install/carla_msgs/include/carla_msgs/carla_msgs/msg/carla_status.h
[1.410s] -- Symlinking: /home/hmmdyn/autocar-erp/install/carla_msgs/include/carla_msgs/carla_msgs/msg/carla_traffic_light_info.h
[1.430s] -- Symlinking: /home/hmmdyn/autocar-erp/install/carla_msgs/include/carla_msgs/carla_msgs/msg/carla_traffic_light_info_list.h
[1.448s] -- Symlinking: /home/hmmdyn/autocar-erp/install/carla_msgs/include/carla_msgs/carla_msgs/msg/carla_traffic_light_status.h
[1.478s] -- Symlinking: /home/hmmdyn/autocar-erp/install/carla_msgs/include/carla_msgs/carla_msgs/msg/carla_traffic_light_status_list.h
[1.501s] -- Symlinking: /home/hmmdyn/autocar-erp/install/carla_msgs/include/carla_msgs/carla_msgs/msg/carla_walker_control.h
[1.513s] -- Symlinking: /home/hmmdyn/autocar-erp/install/carla_msgs/include/carla_msgs/carla_msgs/msg/carla_weather_parameters.h
[1.533s] -- Symlinking: /home/hmmdyn/autocar-erp/install/carla_msgs/include/carla_msgs/carla_msgs/msg/carla_world_info.h
[1.548s] -- Symlinking: /home/hmmdyn/autocar-erp/install/carla_msgs/include/carla_msgs/carla_msgs/msg/detail/carla_actor_info__functions.h
[1.568s] -- Symlinking: /home/hmmdyn/autocar-erp/install/carla_msgs/include/carla_msgs/carla_msgs/msg/detail/carla_actor_info__struct.h
[1.580s] -- Symlinking: /home/hmmdyn/autocar-erp/install/carla_msgs/include/carla_msgs/carla_msgs/msg/detail/carla_actor_info__type_support.h
[1.594s] -- Symlinking: /home/hmmdyn/autocar-erp/install/carla_msgs/include/carla_msgs/carla_msgs/msg/detail/carla_actor_list__functions.h
[1.604s] -- Symlinking: /home/hmmdyn/autocar-erp/install/carla_msgs/include/carla_msgs/carla_msgs/msg/detail/carla_actor_list__struct.h
[1.623s] -- Symlinking: /home/hmmdyn/autocar-erp/install/carla_msgs/include/carla_msgs/carla_msgs/msg/detail/carla_actor_list__type_support.h
[1.640s] -- Symlinking: /home/hmmdyn/autocar-erp/install/carla_msgs/include/carla_msgs/carla_msgs/msg/detail/carla_bounding_box__functions.h
[1.649s] -- Symlinking: /home/hmmdyn/autocar-erp/install/carla_msgs/include/carla_msgs/carla_msgs/msg/detail/carla_bounding_box__struct.h
[1.665s] -- Symlinking: /home/hmmdyn/autocar-erp/install/carla_msgs/include/carla_msgs/carla_msgs/msg/detail/carla_bounding_box__type_support.h
[1.676s] -- Symlinking: /home/hmmdyn/autocar-erp/install/carla_msgs/include/carla_msgs/carla_msgs/msg/detail/carla_collision_event__functions.h
[1.683s] -- Symlinking: /home/hmmdyn/autocar-erp/install/carla_msgs/include/carla_msgs/carla_msgs/msg/detail/carla_collision_event__struct.h
[1.699s] -- Symlinking: /home/hmmdyn/autocar-erp/install/carla_msgs/include/carla_msgs/carla_msgs/msg/detail/carla_collision_event__type_support.h
[1.711s] -- Symlinking: /home/hmmdyn/autocar-erp/install/carla_msgs/include/carla_msgs/carla_msgs/msg/detail/carla_control__functions.h
[1.719s] -- Symlinking: /home/hmmdyn/autocar-erp/install/carla_msgs/include/carla_msgs/carla_msgs/msg/detail/carla_control__struct.h
[1.732s] -- Symlinking: /home/hmmdyn/autocar-erp/install/carla_msgs/include/carla_msgs/carla_msgs/msg/detail/carla_control__type_support.h
[1.745s] -- Symlinking: /home/hmmdyn/autocar-erp/install/carla_msgs/include/carla_msgs/carla_msgs/msg/detail/carla_ego_vehicle_control__functions.h
[1.754s] -- Symlinking: /home/hmmdyn/autocar-erp/install/carla_msgs/include/carla_msgs/carla_msgs/msg/detail/carla_ego_vehicle_control__struct.h
[1.764s] -- Symlinking: /home/hmmdyn/autocar-erp/install/carla_msgs/include/carla_msgs/carla_msgs/msg/detail/carla_ego_vehicle_control__type_support.h
[1.774s] -- Symlinking: /home/hmmdyn/autocar-erp/install/carla_msgs/include/carla_msgs/carla_msgs/msg/detail/carla_ego_vehicle_info__functions.h
[1.783s] -- Symlinking: /home/hmmdyn/autocar-erp/install/carla_msgs/include/carla_msgs/carla_msgs/msg/detail/carla_ego_vehicle_info__struct.h
[1.795s] -- Symlinking: /home/hmmdyn/autocar-erp/install/carla_msgs/include/carla_msgs/carla_msgs/msg/detail/carla_ego_vehicle_info__type_support.h
[1.804s] -- Symlinking: /home/hmmdyn/autocar-erp/install/carla_msgs/include/carla_msgs/carla_msgs/msg/detail/carla_ego_vehicle_info_wheel__functions.h
[1.813s] -- Symlinking: /home/hmmdyn/autocar-erp/install/carla_msgs/include/carla_msgs/carla_msgs/msg/detail/carla_ego_vehicle_info_wheel__struct.h
[1.824s] -- Symlinking: /home/hmmdyn/autocar-erp/install/carla_msgs/include/carla_msgs/carla_msgs/msg/detail/carla_ego_vehicle_info_wheel__type_support.h
[1.833s] -- Symlinking: /home/hmmdyn/autocar-erp/install/carla_msgs/include/carla_msgs/carla_msgs/msg/detail/carla_ego_vehicle_status__functions.h
[1.843s] -- Symlinking: /home/hmmdyn/autocar-erp/install/carla_msgs/include/carla_msgs/carla_msgs/msg/detail/carla_ego_vehicle_status__struct.h
[1.857s] -- Symlinking: /home/hmmdyn/autocar-erp/install/carla_msgs/include/carla_msgs/carla_msgs/msg/detail/carla_ego_vehicle_status__type_support.h
[1.869s] -- Symlinking: /home/hmmdyn/autocar-erp/install/carla_msgs/include/carla_msgs/carla_msgs/msg/detail/carla_lane_invasion_event__functions.h
[1.889s] -- Symlinking: /home/hmmdyn/autocar-erp/install/carla_msgs/include/carla_msgs/carla_msgs/msg/detail/carla_lane_invasion_event__struct.h
[1.897s] -- Symlinking: /home/hmmdyn/autocar-erp/install/carla_msgs/include/carla_msgs/carla_msgs/msg/detail/carla_lane_invasion_event__type_support.h
[1.909s] -- Symlinking: /home/hmmdyn/autocar-erp/install/carla_msgs/include/carla_msgs/carla_msgs/msg/detail/carla_status__functions.h
[1.920s] -- Symlinking: /home/hmmdyn/autocar-erp/install/carla_msgs/include/carla_msgs/carla_msgs/msg/detail/carla_status__struct.h
[1.931s] -- Symlinking: /home/hmmdyn/autocar-erp/install/carla_msgs/include/carla_msgs/carla_msgs/msg/detail/carla_status__type_support.h
[1.947s] -- Symlinking: /home/hmmdyn/autocar-erp/install/carla_msgs/include/carla_msgs/carla_msgs/msg/detail/carla_traffic_light_info__functions.h
[1.955s] -- Symlinking: /home/hmmdyn/autocar-erp/install/carla_msgs/include/carla_msgs/carla_msgs/msg/detail/carla_traffic_light_info__struct.h
[1.964s] -- Symlinking: /home/hmmdyn/autocar-erp/install/carla_msgs/include/carla_msgs/carla_msgs/msg/detail/carla_traffic_light_info__type_support.h
[1.978s] -- Symlinking: /home/hmmdyn/autocar-erp/install/carla_msgs/include/carla_msgs/carla_msgs/msg/detail/carla_traffic_light_info_list__functions.h
[1.993s] -- Symlinking: /home/hmmdyn/autocar-erp/install/carla_msgs/include/carla_msgs/carla_msgs/msg/detail/carla_traffic_light_info_list__struct.h
[2.014s] -- Symlinking: /home/hmmdyn/autocar-erp/install/carla_msgs/include/carla_msgs/carla_msgs/msg/detail/carla_traffic_light_info_list__type_support.h
[2.031s] -- Symlinking: /home/hmmdyn/autocar-erp/install/carla_msgs/include/carla_msgs/carla_msgs/msg/detail/carla_traffic_light_status__functions.h
[2.044s] -- Symlinking: /home/hmmdyn/autocar-erp/install/carla_msgs/include/carla_msgs/carla_msgs/msg/detail/carla_traffic_light_status__struct.h
[2.057s] -- Symlinking: /home/hmmdyn/autocar-erp/install/carla_msgs/include/carla_msgs/carla_msgs/msg/detail/carla_traffic_light_status__type_support.h
[2.065s] -- Symlinking: /home/hmmdyn/autocar-erp/install/carla_msgs/include/carla_msgs/carla_msgs/msg/detail/carla_traffic_light_status_list__functions.h
[2.078s] -- Symlinking: /home/hmmdyn/autocar-erp/install/carla_msgs/include/carla_msgs/carla_msgs/msg/detail/carla_traffic_light_status_list__struct.h
[2.089s] -- Symlinking: /home/hmmdyn/autocar-erp/install/carla_msgs/include/carla_msgs/carla_msgs/msg/detail/carla_traffic_light_status_list__type_support.h
[2.105s] -- Symlinking: /home/hmmdyn/autocar-erp/install/carla_msgs/include/carla_msgs/carla_msgs/msg/detail/carla_walker_control__functions.h
[2.109s] -- Symlinking: /home/hmmdyn/autocar-erp/install/carla_msgs/include/carla_msgs/carla_msgs/msg/detail/carla_walker_control__struct.h
[2.121s] -- Symlinking: /home/hmmdyn/autocar-erp/install/carla_msgs/include/carla_msgs/carla_msgs/msg/detail/carla_walker_control__type_support.h
[2.135s] -- Symlinking: /home/hmmdyn/autocar-erp/install/carla_msgs/include/carla_msgs/carla_msgs/msg/detail/carla_weather_parameters__functions.h
[2.144s] -- Symlinking: /home/hmmdyn/autocar-erp/install/carla_msgs/include/carla_msgs/carla_msgs/msg/detail/carla_weather_parameters__struct.h
[2.153s] -- Symlinking: /home/hmmdyn/autocar-erp/install/carla_msgs/include/carla_msgs/carla_msgs/msg/detail/carla_weather_parameters__type_support.h
[2.163s] -- Symlinking: /home/hmmdyn/autocar-erp/install/carla_msgs/include/carla_msgs/carla_msgs/msg/detail/carla_world_info__functions.h
[2.178s] -- Symlinking: /home/hmmdyn/autocar-erp/install/carla_msgs/include/carla_msgs/carla_msgs/msg/detail/carla_world_info__struct.h
[2.189s] -- Symlinking: /home/hmmdyn/autocar-erp/install/carla_msgs/include/carla_msgs/carla_msgs/msg/detail/carla_world_info__type_support.h
[2.197s] -- Symlinking: /home/hmmdyn/autocar-erp/install/carla_msgs/include/carla_msgs/carla_msgs/msg/rosidl_generator_c__visibility_control.h
[2.206s] -- Symlinking: /home/hmmdyn/autocar-erp/install/carla_msgs/include/carla_msgs/carla_msgs/srv/destroy_object.h
[2.218s] -- Symlinking: /home/hmmdyn/autocar-erp/install/carla_msgs/include/carla_msgs/carla_msgs/srv/detail/destroy_object__functions.h
[2.229s] -- Symlinking: /home/hmmdyn/autocar-erp/install/carla_msgs/include/carla_msgs/carla_msgs/srv/detail/destroy_object__struct.h
[2.238s] -- Symlinking: /home/hmmdyn/autocar-erp/install/carla_msgs/include/carla_msgs/carla_msgs/srv/detail/destroy_object__type_support.h
[2.254s] -- Symlinking: /home/hmmdyn/autocar-erp/install/carla_msgs/include/carla_msgs/carla_msgs/srv/detail/get_blueprints__functions.h
[2.258s] -- Symlinking: /home/hmmdyn/autocar-erp/install/carla_msgs/include/carla_msgs/carla_msgs/srv/detail/get_blueprints__struct.h
[2.267s] -- Symlinking: /home/hmmdyn/autocar-erp/install/carla_msgs/include/carla_msgs/carla_msgs/srv/detail/get_blueprints__type_support.h
[2.276s] -- Symlinking: /home/hmmdyn/autocar-erp/install/carla_msgs/include/carla_msgs/carla_msgs/srv/detail/spawn_object__functions.h
[2.292s] -- Symlinking: /home/hmmdyn/autocar-erp/install/carla_msgs/include/carla_msgs/carla_msgs/srv/detail/spawn_object__struct.h
[2.310s] -- Symlinking: /home/hmmdyn/autocar-erp/install/carla_msgs/include/carla_msgs/carla_msgs/srv/detail/spawn_object__type_support.h
[2.326s] -- Symlinking: /home/hmmdyn/autocar-erp/install/carla_msgs/include/carla_msgs/carla_msgs/srv/get_blueprints.h
[2.339s] -- Symlinking: /home/hmmdyn/autocar-erp/install/carla_msgs/include/carla_msgs/carla_msgs/srv/spawn_object.h
[2.349s] -- Symlinking: /home/hmmdyn/autocar-erp/install/carla_msgs/share/carla_msgs/environment/library_path.sh
[2.368s] -- Symlinking: /home/hmmdyn/autocar-erp/install/carla_msgs/share/carla_msgs/environment/library_path.dsv
[2.382s] -- Symlinking: /home/hmmdyn/autocar-erp/install/carla_msgs/include/carla_msgs/carla_msgs/msg/detail/carla_actor_info__rosidl_typesupport_fastrtps_c.h
[2.393s] -- Symlinking: /home/hmmdyn/autocar-erp/install/carla_msgs/include/carla_msgs/carla_msgs/msg/detail/carla_actor_list__rosidl_typesupport_fastrtps_c.h
[2.403s] -- Symlinking: /home/hmmdyn/autocar-erp/install/carla_msgs/include/carla_msgs/carla_msgs/msg/detail/carla_bounding_box__rosidl_typesupport_fastrtps_c.h
[2.414s] -- Symlinking: /home/hmmdyn/autocar-erp/install/carla_msgs/include/carla_msgs/carla_msgs/msg/detail/carla_collision_event__rosidl_typesupport_fastrtps_c.h
[2.432s] -- Symlinking: /home/hmmdyn/autocar-erp/install/carla_msgs/include/carla_msgs/carla_msgs/msg/detail/carla_control__rosidl_typesupport_fastrtps_c.h
[2.443s] -- Symlinking: /home/hmmdyn/autocar-erp/install/carla_msgs/include/carla_msgs/carla_msgs/msg/detail/carla_ego_vehicle_control__rosidl_typesupport_fastrtps_c.h
[2.453s] -- Symlinking: /home/hmmdyn/autocar-erp/install/carla_msgs/include/carla_msgs/carla_msgs/msg/detail/carla_ego_vehicle_info__rosidl_typesupport_fastrtps_c.h
[2.463s] -- Symlinking: /home/hmmdyn/autocar-erp/install/carla_msgs/include/carla_msgs/carla_msgs/msg/detail/carla_ego_vehicle_info_wheel__rosidl_typesupport_fastrtps_c.h
[2.473s] -- Symlinking: /home/hmmdyn/autocar-erp/install/carla_msgs/include/carla_msgs/carla_msgs/msg/detail/carla_ego_vehicle_status__rosidl_typesupport_fastrtps_c.h
[2.482s] -- Symlinking: /home/hmmdyn/autocar-erp/install/carla_msgs/include/carla_msgs/carla_msgs/msg/detail/carla_lane_invasion_event__rosidl_typesupport_fastrtps_c.h
[2.492s] -- Symlinking: /home/hmmdyn/autocar-erp/install/carla_msgs/include/carla_msgs/carla_msgs/msg/detail/carla_status__rosidl_typesupport_fastrtps_c.h
[2.504s] -- Symlinking: /home/hmmdyn/autocar-erp/install/carla_msgs/include/carla_msgs/carla_msgs/msg/detail/carla_traffic_light_info__rosidl_typesupport_fastrtps_c.h
[2.514s] -- Symlinking: /home/hmmdyn/autocar-erp/install/carla_msgs/include/carla_msgs/carla_msgs/msg/detail/carla_traffic_light_info_list__rosidl_typesupport_fastrtps_c.h
[2.528s] -- Symlinking: /home/hmmdyn/autocar-erp/install/carla_msgs/include/carla_msgs/carla_msgs/msg/detail/carla_traffic_light_status__rosidl_typesupport_fastrtps_c.h
[2.542s] -- Symlinking: /home/hmmdyn/autocar-erp/install/carla_msgs/include/carla_msgs/carla_msgs/msg/detail/carla_traffic_light_status_list__rosidl_typesupport_fastrtps_c.h
[2.553s] -- Symlinking: /home/hmmdyn/autocar-erp/install/carla_msgs/include/carla_msgs/carla_msgs/msg/detail/carla_walker_control__rosidl_typesupport_fastrtps_c.h
[2.563s] -- Symlinking: /home/hmmdyn/autocar-erp/install/carla_msgs/include/carla_msgs/carla_msgs/msg/detail/carla_weather_parameters__rosidl_typesupport_fastrtps_c.h
[2.578s] -- Symlinking: /home/hmmdyn/autocar-erp/install/carla_msgs/include/carla_msgs/carla_msgs/msg/detail/carla_world_info__rosidl_typesupport_fastrtps_c.h
[2.590s] -- Symlinking: /home/hmmdyn/autocar-erp/install/carla_msgs/include/carla_msgs/carla_msgs/msg/rosidl_typesupport_fastrtps_c__visibility_control.h
[2.600s] -- Symlinking: /home/hmmdyn/autocar-erp/install/carla_msgs/include/carla_msgs/carla_msgs/srv/detail/destroy_object__rosidl_typesupport_fastrtps_c.h
[2.612s] -- Symlinking: /home/hmmdyn/autocar-erp/install/carla_msgs/include/carla_msgs/carla_msgs/srv/detail/get_blueprints__rosidl_typesupport_fastrtps_c.h
[2.622s] -- Symlinking: /home/hmmdyn/autocar-erp/install/carla_msgs/include/carla_msgs/carla_msgs/srv/detail/spawn_object__rosidl_typesupport_fastrtps_c.h
[2.637s] -- Symlinking: /home/hmmdyn/autocar-erp/install/carla_msgs/include/carla_msgs/carla_msgs/msg/carla_actor_info.hpp
[2.648s] -- Symlinking: /home/hmmdyn/autocar-erp/install/carla_msgs/include/carla_msgs/carla_msgs/msg/carla_actor_list.hpp
[2.661s] -- Symlinking: /home/hmmdyn/autocar-erp/install/carla_msgs/include/carla_msgs/carla_msgs/msg/carla_bounding_box.hpp
[2.672s] -- Symlinking: /home/hmmdyn/autocar-erp/install/carla_msgs/include/carla_msgs/carla_msgs/msg/carla_collision_event.hpp
[2.687s] -- Symlinking: /home/hmmdyn/autocar-erp/install/carla_msgs/include/carla_msgs/carla_msgs/msg/carla_control.hpp
[2.698s] -- Symlinking: /home/hmmdyn/autocar-erp/install/carla_msgs/include/carla_msgs/carla_msgs/msg/carla_ego_vehicle_control.hpp
[2.712s] -- Symlinking: /home/hmmdyn/autocar-erp/install/carla_msgs/include/carla_msgs/carla_msgs/msg/carla_ego_vehicle_info.hpp
[2.721s] -- Symlinking: /home/hmmdyn/autocar-erp/install/carla_msgs/include/carla_msgs/carla_msgs/msg/carla_ego_vehicle_info_wheel.hpp
[2.731s] -- Symlinking: /home/hmmdyn/autocar-erp/install/carla_msgs/include/carla_msgs/carla_msgs/msg/carla_ego_vehicle_status.hpp
[2.751s] -- Symlinking: /home/hmmdyn/autocar-erp/install/carla_msgs/include/carla_msgs/carla_msgs/msg/carla_lane_invasion_event.hpp
[2.757s] -- Symlinking: /home/hmmdyn/autocar-erp/install/carla_msgs/include/carla_msgs/carla_msgs/msg/carla_status.hpp
[2.768s] -- Symlinking: /home/hmmdyn/autocar-erp/install/carla_msgs/include/carla_msgs/carla_msgs/msg/carla_traffic_light_info.hpp
[2.783s] -- Symlinking: /home/hmmdyn/autocar-erp/install/carla_msgs/include/carla_msgs/carla_msgs/msg/carla_traffic_light_info_list.hpp
[2.798s] -- Symlinking: /home/hmmdyn/autocar-erp/install/carla_msgs/include/carla_msgs/carla_msgs/msg/carla_traffic_light_status.hpp
[2.811s] -- Symlinking: /home/hmmdyn/autocar-erp/install/carla_msgs/include/carla_msgs/carla_msgs/msg/carla_traffic_light_status_list.hpp
[2.827s] -- Symlinking: /home/hmmdyn/autocar-erp/install/carla_msgs/include/carla_msgs/carla_msgs/msg/carla_walker_control.hpp
[2.841s] -- Symlinking: /home/hmmdyn/autocar-erp/install/carla_msgs/include/carla_msgs/carla_msgs/msg/carla_weather_parameters.hpp
[2.862s] -- Symlinking: /home/hmmdyn/autocar-erp/install/carla_msgs/include/carla_msgs/carla_msgs/msg/carla_world_info.hpp
[2.874s] -- Symlinking: /home/hmmdyn/autocar-erp/install/carla_msgs/include/carla_msgs/carla_msgs/msg/detail/carla_actor_info__builder.hpp
[2.886s] -- Symlinking: /home/hmmdyn/autocar-erp/install/carla_msgs/include/carla_msgs/carla_msgs/msg/detail/carla_actor_info__struct.hpp
[2.897s] -- Symlinking: /home/hmmdyn/autocar-erp/install/carla_msgs/include/carla_msgs/carla_msgs/msg/detail/carla_actor_info__traits.hpp
[2.913s] -- Symlinking: /home/hmmdyn/autocar-erp/install/carla_msgs/include/carla_msgs/carla_msgs/msg/detail/carla_actor_info__type_support.hpp
[2.923s] -- Symlinking: /home/hmmdyn/autocar-erp/install/carla_msgs/include/carla_msgs/carla_msgs/msg/detail/carla_actor_list__builder.hpp
[2.939s] -- Symlinking: /home/hmmdyn/autocar-erp/install/carla_msgs/include/carla_msgs/carla_msgs/msg/detail/carla_actor_list__struct.hpp
[2.949s] -- Symlinking: /home/hmmdyn/autocar-erp/install/carla_msgs/include/carla_msgs/carla_msgs/msg/detail/carla_actor_list__traits.hpp
[2.966s] -- Symlinking: /home/hmmdyn/autocar-erp/install/carla_msgs/include/carla_msgs/carla_msgs/msg/detail/carla_actor_list__type_support.hpp
[2.975s] -- Symlinking: /home/hmmdyn/autocar-erp/install/carla_msgs/include/carla_msgs/carla_msgs/msg/detail/carla_bounding_box__builder.hpp
[2.993s] -- Symlinking: /home/hmmdyn/autocar-erp/install/carla_msgs/include/carla_msgs/carla_msgs/msg/detail/carla_bounding_box__struct.hpp
[3.004s] -- Symlinking: /home/hmmdyn/autocar-erp/install/carla_msgs/include/carla_msgs/carla_msgs/msg/detail/carla_bounding_box__traits.hpp
[3.021s] -- Symlinking: /home/hmmdyn/autocar-erp/install/carla_msgs/include/carla_msgs/carla_msgs/msg/detail/carla_bounding_box__type_support.hpp
[3.032s] -- Symlinking: /home/hmmdyn/autocar-erp/install/carla_msgs/include/carla_msgs/carla_msgs/msg/detail/carla_collision_event__builder.hpp
[3.046s] -- Symlinking: /home/hmmdyn/autocar-erp/install/carla_msgs/include/carla_msgs/carla_msgs/msg/detail/carla_collision_event__struct.hpp
[3.057s] -- Symlinking: /home/hmmdyn/autocar-erp/install/carla_msgs/include/carla_msgs/carla_msgs/msg/detail/carla_collision_event__traits.hpp
[3.068s] -- Symlinking: /home/hmmdyn/autocar-erp/install/carla_msgs/include/carla_msgs/carla_msgs/msg/detail/carla_collision_event__type_support.hpp
[3.082s] -- Symlinking: /home/hmmdyn/autocar-erp/install/carla_msgs/include/carla_msgs/carla_msgs/msg/detail/carla_control__builder.hpp
[3.094s] -- Symlinking: /home/hmmdyn/autocar-erp/install/carla_msgs/include/carla_msgs/carla_msgs/msg/detail/carla_control__struct.hpp
[3.107s] -- Symlinking: /home/hmmdyn/autocar-erp/install/carla_msgs/include/carla_msgs/carla_msgs/msg/detail/carla_control__traits.hpp
[3.119s] -- Symlinking: /home/hmmdyn/autocar-erp/install/carla_msgs/include/carla_msgs/carla_msgs/msg/detail/carla_control__type_support.hpp
[3.133s] -- Symlinking: /home/hmmdyn/autocar-erp/install/carla_msgs/include/carla_msgs/carla_msgs/msg/detail/carla_ego_vehicle_control__builder.hpp
[3.144s] -- Symlinking: /home/hmmdyn/autocar-erp/install/carla_msgs/include/carla_msgs/carla_msgs/msg/detail/carla_ego_vehicle_control__struct.hpp
[3.157s] -- Symlinking: /home/hmmdyn/autocar-erp/install/carla_msgs/include/carla_msgs/carla_msgs/msg/detail/carla_ego_vehicle_control__traits.hpp
[3.172s] -- Symlinking: /home/hmmdyn/autocar-erp/install/carla_msgs/include/carla_msgs/carla_msgs/msg/detail/carla_ego_vehicle_control__type_support.hpp
[3.183s] -- Symlinking: /home/hmmdyn/autocar-erp/install/carla_msgs/include/carla_msgs/carla_msgs/msg/detail/carla_ego_vehicle_info__builder.hpp
[3.191s] -- Symlinking: /home/hmmdyn/autocar-erp/install/carla_msgs/include/carla_msgs/carla_msgs/msg/detail/carla_ego_vehicle_info__struct.hpp
[3.203s] -- Symlinking: /home/hmmdyn/autocar-erp/install/carla_msgs/include/carla_msgs/carla_msgs/msg/detail/carla_ego_vehicle_info__traits.hpp
[3.216s] -- Symlinking: /home/hmmdyn/autocar-erp/install/carla_msgs/include/carla_msgs/carla_msgs/msg/detail/carla_ego_vehicle_info__type_support.hpp
[3.224s] -- Symlinking: /home/hmmdyn/autocar-erp/install/carla_msgs/include/carla_msgs/carla_msgs/msg/detail/carla_ego_vehicle_info_wheel__builder.hpp
[3.231s] -- Symlinking: /home/hmmdyn/autocar-erp/install/carla_msgs/include/carla_msgs/carla_msgs/msg/detail/carla_ego_vehicle_info_wheel__struct.hpp
[3.240s] -- Symlinking: /home/hmmdyn/autocar-erp/install/carla_msgs/include/carla_msgs/carla_msgs/msg/detail/carla_ego_vehicle_info_wheel__traits.hpp
[3.251s] -- Symlinking: /home/hmmdyn/autocar-erp/install/carla_msgs/include/carla_msgs/carla_msgs/msg/detail/carla_ego_vehicle_info_wheel__type_support.hpp
[3.259s] -- Symlinking: /home/hmmdyn/autocar-erp/install/carla_msgs/include/carla_msgs/carla_msgs/msg/detail/carla_ego_vehicle_status__builder.hpp
[3.270s] -- Symlinking: /home/hmmdyn/autocar-erp/install/carla_msgs/include/carla_msgs/carla_msgs/msg/detail/carla_ego_vehicle_status__struct.hpp
[3.282s] -- Symlinking: /home/hmmdyn/autocar-erp/install/carla_msgs/include/carla_msgs/carla_msgs/msg/detail/carla_ego_vehicle_status__traits.hpp
[3.290s] -- Symlinking: /home/hmmdyn/autocar-erp/install/carla_msgs/include/carla_msgs/carla_msgs/msg/detail/carla_ego_vehicle_status__type_support.hpp
[3.298s] -- Symlinking: /home/hmmdyn/autocar-erp/install/carla_msgs/include/carla_msgs/carla_msgs/msg/detail/carla_lane_invasion_event__builder.hpp
[3.308s] -- Symlinking: /home/hmmdyn/autocar-erp/install/carla_msgs/include/carla_msgs/carla_msgs/msg/detail/carla_lane_invasion_event__struct.hpp
[3.319s] -- Symlinking: /home/hmmdyn/autocar-erp/install/carla_msgs/include/carla_msgs/carla_msgs/msg/detail/carla_lane_invasion_event__traits.hpp
[3.327s] -- Symlinking: /home/hmmdyn/autocar-erp/install/carla_msgs/include/carla_msgs/carla_msgs/msg/detail/carla_lane_invasion_event__type_support.hpp
[3.338s] -- Symlinking: /home/hmmdyn/autocar-erp/install/carla_msgs/include/carla_msgs/carla_msgs/msg/detail/carla_status__builder.hpp
[3.349s] -- Symlinking: /home/hmmdyn/autocar-erp/install/carla_msgs/include/carla_msgs/carla_msgs/msg/detail/carla_status__struct.hpp
[3.359s] -- Symlinking: /home/hmmdyn/autocar-erp/install/carla_msgs/include/carla_msgs/carla_msgs/msg/detail/carla_status__traits.hpp
[3.370s] -- Symlinking: /home/hmmdyn/autocar-erp/install/carla_msgs/include/carla_msgs/carla_msgs/msg/detail/carla_status__type_support.hpp
[3.378s] -- Symlinking: /home/hmmdyn/autocar-erp/install/carla_msgs/include/carla_msgs/carla_msgs/msg/detail/carla_traffic_light_info__builder.hpp
[3.386s] -- Symlinking: /home/hmmdyn/autocar-erp/install/carla_msgs/include/carla_msgs/carla_msgs/msg/detail/carla_traffic_light_info__struct.hpp
[3.396s] -- Symlinking: /home/hmmdyn/autocar-erp/install/carla_msgs/include/carla_msgs/carla_msgs/msg/detail/carla_traffic_light_info__traits.hpp
[3.406s] -- Symlinking: /home/hmmdyn/autocar-erp/install/carla_msgs/include/carla_msgs/carla_msgs/msg/detail/carla_traffic_light_info__type_support.hpp
[3.416s] -- Symlinking: /home/hmmdyn/autocar-erp/install/carla_msgs/include/carla_msgs/carla_msgs/msg/detail/carla_traffic_light_info_list__builder.hpp
[3.424s] -- Symlinking: /home/hmmdyn/autocar-erp/install/carla_msgs/include/carla_msgs/carla_msgs/msg/detail/carla_traffic_light_info_list__struct.hpp
[3.434s] -- Symlinking: /home/hmmdyn/autocar-erp/install/carla_msgs/include/carla_msgs/carla_msgs/msg/detail/carla_traffic_light_info_list__traits.hpp
[3.441s] -- Symlinking: /home/hmmdyn/autocar-erp/install/carla_msgs/include/carla_msgs/carla_msgs/msg/detail/carla_traffic_light_info_list__type_support.hpp
[3.451s] -- Symlinking: /home/hmmdyn/autocar-erp/install/carla_msgs/include/carla_msgs/carla_msgs/msg/detail/carla_traffic_light_status__builder.hpp
[3.460s] -- Symlinking: /home/hmmdyn/autocar-erp/install/carla_msgs/include/carla_msgs/carla_msgs/msg/detail/carla_traffic_light_status__struct.hpp
[3.468s] -- Symlinking: /home/hmmdyn/autocar-erp/install/carla_msgs/include/carla_msgs/carla_msgs/msg/detail/carla_traffic_light_status__traits.hpp
[3.479s] -- Symlinking: /home/hmmdyn/autocar-erp/install/carla_msgs/include/carla_msgs/carla_msgs/msg/detail/carla_traffic_light_status__type_support.hpp
[3.489s] -- Symlinking: /home/hmmdyn/autocar-erp/install/carla_msgs/include/carla_msgs/carla_msgs/msg/detail/carla_traffic_light_status_list__builder.hpp
[3.499s] -- Symlinking: /home/hmmdyn/autocar-erp/install/carla_msgs/include/carla_msgs/carla_msgs/msg/detail/carla_traffic_light_status_list__struct.hpp
[3.507s] -- Symlinking: /home/hmmdyn/autocar-erp/install/carla_msgs/include/carla_msgs/carla_msgs/msg/detail/carla_traffic_light_status_list__traits.hpp
[3.515s] -- Symlinking: /home/hmmdyn/autocar-erp/install/carla_msgs/include/carla_msgs/carla_msgs/msg/detail/carla_traffic_light_status_list__type_support.hpp
[3.526s] -- Symlinking: /home/hmmdyn/autocar-erp/install/carla_msgs/include/carla_msgs/carla_msgs/msg/detail/carla_walker_control__builder.hpp
[3.540s] -- Symlinking: /home/hmmdyn/autocar-erp/install/carla_msgs/include/carla_msgs/carla_msgs/msg/detail/carla_walker_control__struct.hpp
[3.549s] -- Symlinking: /home/hmmdyn/autocar-erp/install/carla_msgs/include/carla_msgs/carla_msgs/msg/detail/carla_walker_control__traits.hpp
[3.560s] -- Symlinking: /home/hmmdyn/autocar-erp/install/carla_msgs/include/carla_msgs/carla_msgs/msg/detail/carla_walker_control__type_support.hpp
[3.569s] -- Symlinking: /home/hmmdyn/autocar-erp/install/carla_msgs/include/carla_msgs/carla_msgs/msg/detail/carla_weather_parameters__builder.hpp
[3.583s] -- Symlinking: /home/hmmdyn/autocar-erp/install/carla_msgs/include/carla_msgs/carla_msgs/msg/detail/carla_weather_parameters__struct.hpp
[3.598s] -- Symlinking: /home/hmmdyn/autocar-erp/install/carla_msgs/include/carla_msgs/carla_msgs/msg/detail/carla_weather_parameters__traits.hpp
[3.610s] -- Symlinking: /home/hmmdyn/autocar-erp/install/carla_msgs/include/carla_msgs/carla_msgs/msg/detail/carla_weather_parameters__type_support.hpp
[3.622s] -- Symlinking: /home/hmmdyn/autocar-erp/install/carla_msgs/include/carla_msgs/carla_msgs/msg/detail/carla_world_info__builder.hpp
[3.635s] -- Symlinking: /home/hmmdyn/autocar-erp/install/carla_msgs/include/carla_msgs/carla_msgs/msg/detail/carla_world_info__struct.hpp
[3.650s] -- Symlinking: /home/hmmdyn/autocar-erp/install/carla_msgs/include/carla_msgs/carla_msgs/msg/detail/carla_world_info__traits.hpp
[3.660s] -- Symlinking: /home/hmmdyn/autocar-erp/install/carla_msgs/include/carla_msgs/carla_msgs/msg/detail/carla_world_info__type_support.hpp
[3.672s] -- Symlinking: /home/hmmdyn/autocar-erp/install/carla_msgs/include/carla_msgs/carla_msgs/msg/rosidl_generator_cpp__visibility_control.hpp
[3.684s] -- Symlinking: /home/hmmdyn/autocar-erp/install/carla_msgs/include/carla_msgs/carla_msgs/srv/destroy_object.hpp
[3.693s] -- Symlinking: /home/hmmdyn/autocar-erp/install/carla_msgs/include/carla_msgs/carla_msgs/srv/detail/destroy_object__builder.hpp
[3.703s] -- Symlinking: /home/hmmdyn/autocar-erp/install/carla_msgs/include/carla_msgs/carla_msgs/srv/detail/destroy_object__struct.hpp
[3.714s] -- Symlinking: /home/hmmdyn/autocar-erp/install/carla_msgs/include/carla_msgs/carla_msgs/srv/detail/destroy_object__traits.hpp
[3.723s] -- Symlinking: /home/hmmdyn/autocar-erp/install/carla_msgs/include/carla_msgs/carla_msgs/srv/detail/destroy_object__type_support.hpp
[3.732s] -- Symlinking: /home/hmmdyn/autocar-erp/install/carla_msgs/include/carla_msgs/carla_msgs/srv/detail/get_blueprints__builder.hpp
[3.743s] -- Symlinking: /home/hmmdyn/autocar-erp/install/carla_msgs/include/carla_msgs/carla_msgs/srv/detail/get_blueprints__struct.hpp
[3.753s] -- Symlinking: /home/hmmdyn/autocar-erp/install/carla_msgs/include/carla_msgs/carla_msgs/srv/detail/get_blueprints__traits.hpp
[3.762s] -- Symlinking: /home/hmmdyn/autocar-erp/install/carla_msgs/include/carla_msgs/carla_msgs/srv/detail/get_blueprints__type_support.hpp
[3.771s] -- Symlinking: /home/hmmdyn/autocar-erp/install/carla_msgs/include/carla_msgs/carla_msgs/srv/detail/spawn_object__builder.hpp
[3.778s] -- Symlinking: /home/hmmdyn/autocar-erp/install/carla_msgs/include/carla_msgs/carla_msgs/srv/detail/spawn_object__struct.hpp
[3.788s] -- Symlinking: /home/hmmdyn/autocar-erp/install/carla_msgs/include/carla_msgs/carla_msgs/srv/detail/spawn_object__traits.hpp
[3.799s] -- Symlinking: /home/hmmdyn/autocar-erp/install/carla_msgs/include/carla_msgs/carla_msgs/srv/detail/spawn_object__type_support.hpp
[3.810s] -- Symlinking: /home/hmmdyn/autocar-erp/install/carla_msgs/include/carla_msgs/carla_msgs/srv/get_blueprints.hpp
[3.819s] -- Symlinking: /home/hmmdyn/autocar-erp/install/carla_msgs/include/carla_msgs/carla_msgs/srv/spawn_object.hpp
[3.828s] -- Symlinking: /home/hmmdyn/autocar-erp/install/carla_msgs/include/carla_msgs/carla_msgs/msg/detail/carla_actor_info__rosidl_typesupport_fastrtps_cpp.hpp
[3.842s] -- Symlinking: /home/hmmdyn/autocar-erp/install/carla_msgs/include/carla_msgs/carla_msgs/msg/detail/carla_actor_list__rosidl_typesupport_fastrtps_cpp.hpp
[3.851s] -- Symlinking: /home/hmmdyn/autocar-erp/install/carla_msgs/include/carla_msgs/carla_msgs/msg/detail/carla_bounding_box__rosidl_typesupport_fastrtps_cpp.hpp
[3.861s] -- Symlinking: /home/hmmdyn/autocar-erp/install/carla_msgs/include/carla_msgs/carla_msgs/msg/detail/carla_collision_event__rosidl_typesupport_fastrtps_cpp.hpp
[3.872s] -- Symlinking: /home/hmmdyn/autocar-erp/install/carla_msgs/include/carla_msgs/carla_msgs/msg/detail/carla_control__rosidl_typesupport_fastrtps_cpp.hpp
[3.881s] -- Symlinking: /home/hmmdyn/autocar-erp/install/carla_msgs/include/carla_msgs/carla_msgs/msg/detail/carla_ego_vehicle_control__rosidl_typesupport_fastrtps_cpp.hpp
[3.893s] -- Symlinking: /home/hmmdyn/autocar-erp/install/carla_msgs/include/carla_msgs/carla_msgs/msg/detail/carla_ego_vehicle_info__rosidl_typesupport_fastrtps_cpp.hpp
[3.904s] -- Symlinking: /home/hmmdyn/autocar-erp/install/carla_msgs/include/carla_msgs/carla_msgs/msg/detail/carla_ego_vehicle_info_wheel__rosidl_typesupport_fastrtps_cpp.hpp
[3.912s] -- Symlinking: /home/hmmdyn/autocar-erp/install/carla_msgs/include/carla_msgs/carla_msgs/msg/detail/carla_ego_vehicle_status__rosidl_typesupport_fastrtps_cpp.hpp
[3.922s] -- Symlinking: /home/hmmdyn/autocar-erp/install/carla_msgs/include/carla_msgs/carla_msgs/msg/detail/carla_lane_invasion_event__rosidl_typesupport_fastrtps_cpp.hpp
[3.934s] -- Symlinking: /home/hmmdyn/autocar-erp/install/carla_msgs/include/carla_msgs/carla_msgs/msg/detail/carla_status__rosidl_typesupport_fastrtps_cpp.hpp
[3.943s] -- Symlinking: /home/hmmdyn/autocar-erp/install/carla_msgs/include/carla_msgs/carla_msgs/msg/detail/carla_traffic_light_info__rosidl_typesupport_fastrtps_cpp.hpp
[3.954s] -- Symlinking: /home/hmmdyn/autocar-erp/install/carla_msgs/include/carla_msgs/carla_msgs/msg/detail/carla_traffic_light_info_list__rosidl_typesupport_fastrtps_cpp.hpp
[3.965s] -- Symlinking: /home/hmmdyn/autocar-erp/install/carla_msgs/include/carla_msgs/carla_msgs/msg/detail/carla_traffic_light_status__rosidl_typesupport_fastrtps_cpp.hpp
[3.973s] -- Symlinking: /home/hmmdyn/autocar-erp/install/carla_msgs/include/carla_msgs/carla_msgs/msg/detail/carla_traffic_light_status_list__rosidl_typesupport_fastrtps_cpp.hpp
[3.983s] -- Symlinking: /home/hmmdyn/autocar-erp/install/carla_msgs/include/carla_msgs/carla_msgs/msg/detail/carla_walker_control__rosidl_typesupport_fastrtps_cpp.hpp
[3.992s] -- Symlinking: /home/hmmdyn/autocar-erp/install/carla_msgs/include/carla_msgs/carla_msgs/msg/detail/carla_weather_parameters__rosidl_typesupport_fastrtps_cpp.hpp
[4.003s] -- Symlinking: /home/hmmdyn/autocar-erp/install/carla_msgs/include/carla_msgs/carla_msgs/msg/detail/carla_world_info__rosidl_typesupport_fastrtps_cpp.hpp
[4.013s] -- Symlinking: /home/hmmdyn/autocar-erp/install/carla_msgs/include/carla_msgs/carla_msgs/msg/rosidl_typesupport_fastrtps_cpp__visibility_control.h
[4.023s] -- Symlinking: /home/hmmdyn/autocar-erp/install/carla_msgs/include/carla_msgs/carla_msgs/srv/detail/destroy_object__rosidl_typesupport_fastrtps_cpp.hpp
[4.032s] -- Symlinking: /home/hmmdyn/autocar-erp/install/carla_msgs/include/carla_msgs/carla_msgs/srv/detail/get_blueprints__rosidl_typesupport_fastrtps_cpp.hpp
[4.040s] -- Symlinking: /home/hmmdyn/autocar-erp/install/carla_msgs/include/carla_msgs/carla_msgs/srv/detail/spawn_object__rosidl_typesupport_fastrtps_cpp.hpp
[4.051s] -- Symlinking: /home/hmmdyn/autocar-erp/install/carla_msgs/include/carla_msgs/carla_msgs/msg/detail/carla_actor_info__rosidl_typesupport_introspection_c.h
[4.064s] -- Symlinking: /home/hmmdyn/autocar-erp/install/carla_msgs/include/carla_msgs/carla_msgs/msg/detail/carla_actor_list__rosidl_typesupport_introspection_c.h
[4.074s] -- Symlinking: /home/hmmdyn/autocar-erp/install/carla_msgs/include/carla_msgs/carla_msgs/msg/detail/carla_bounding_box__rosidl_typesupport_introspection_c.h
[4.084s] -- Symlinking: /home/hmmdyn/autocar-erp/install/carla_msgs/include/carla_msgs/carla_msgs/msg/detail/carla_collision_event__rosidl_typesupport_introspection_c.h
[4.094s] -- Symlinking: /home/hmmdyn/autocar-erp/install/carla_msgs/include/carla_msgs/carla_msgs/msg/detail/carla_control__rosidl_typesupport_introspection_c.h
[4.105s] -- Symlinking: /home/hmmdyn/autocar-erp/install/carla_msgs/include/carla_msgs/carla_msgs/msg/detail/carla_ego_vehicle_control__rosidl_typesupport_introspection_c.h
[4.115s] -- Symlinking: /home/hmmdyn/autocar-erp/install/carla_msgs/include/carla_msgs/carla_msgs/msg/detail/carla_ego_vehicle_info__rosidl_typesupport_introspection_c.h
[4.126s] -- Symlinking: /home/hmmdyn/autocar-erp/install/carla_msgs/include/carla_msgs/carla_msgs/msg/detail/carla_ego_vehicle_info_wheel__rosidl_typesupport_introspection_c.h
[4.138s] -- Symlinking: /home/hmmdyn/autocar-erp/install/carla_msgs/include/carla_msgs/carla_msgs/msg/detail/carla_ego_vehicle_status__rosidl_typesupport_introspection_c.h
[4.150s] -- Symlinking: /home/hmmdyn/autocar-erp/install/carla_msgs/include/carla_msgs/carla_msgs/msg/detail/carla_lane_invasion_event__rosidl_typesupport_introspection_c.h
[4.161s] -- Symlinking: /home/hmmdyn/autocar-erp/install/carla_msgs/include/carla_msgs/carla_msgs/msg/detail/carla_status__rosidl_typesupport_introspection_c.h
[4.175s] -- Symlinking: /home/hmmdyn/autocar-erp/install/carla_msgs/include/carla_msgs/carla_msgs/msg/detail/carla_traffic_light_info__rosidl_typesupport_introspection_c.h
[4.189s] -- Symlinking: /home/hmmdyn/autocar-erp/install/carla_msgs/include/carla_msgs/carla_msgs/msg/detail/carla_traffic_light_info_list__rosidl_typesupport_introspection_c.h
[4.200s] -- Symlinking: /home/hmmdyn/autocar-erp/install/carla_msgs/include/carla_msgs/carla_msgs/msg/detail/carla_traffic_light_status__rosidl_typesupport_introspection_c.h
[4.209s] -- Symlinking: /home/hmmdyn/autocar-erp/install/carla_msgs/include/carla_msgs/carla_msgs/msg/detail/carla_traffic_light_status_list__rosidl_typesupport_introspection_c.h
[4.218s] -- Symlinking: /home/hmmdyn/autocar-erp/install/carla_msgs/include/carla_msgs/carla_msgs/msg/detail/carla_walker_control__rosidl_typesupport_introspection_c.h
[4.229s] -- Symlinking: /home/hmmdyn/autocar-erp/install/carla_msgs/include/carla_msgs/carla_msgs/msg/detail/carla_weather_parameters__rosidl_typesupport_introspection_c.h
[4.240s] -- Symlinking: /home/hmmdyn/autocar-erp/install/carla_msgs/include/carla_msgs/carla_msgs/msg/detail/carla_world_info__rosidl_typesupport_introspection_c.h
[4.251s] -- Symlinking: /home/hmmdyn/autocar-erp/install/carla_msgs/include/carla_msgs/carla_msgs/msg/rosidl_typesupport_introspection_c__visibility_control.h
[4.261s] -- Symlinking: /home/hmmdyn/autocar-erp/install/carla_msgs/include/carla_msgs/carla_msgs/srv/detail/destroy_object__rosidl_typesupport_introspection_c.h
[4.270s] -- Symlinking: /home/hmmdyn/autocar-erp/install/carla_msgs/include/carla_msgs/carla_msgs/srv/detail/get_blueprints__rosidl_typesupport_introspection_c.h
[4.281s] -- Symlinking: /home/hmmdyn/autocar-erp/install/carla_msgs/include/carla_msgs/carla_msgs/srv/detail/spawn_object__rosidl_typesupport_introspection_c.h
[4.290s] -- Symlinking: /home/hmmdyn/autocar-erp/install/carla_msgs/include/carla_msgs/carla_msgs/msg/detail/carla_actor_info__rosidl_typesupport_introspection_cpp.hpp
[4.301s] -- Symlinking: /home/hmmdyn/autocar-erp/install/carla_msgs/include/carla_msgs/carla_msgs/msg/detail/carla_actor_list__rosidl_typesupport_introspection_cpp.hpp
[4.308s] -- Symlinking: /home/hmmdyn/autocar-erp/install/carla_msgs/include/carla_msgs/carla_msgs/msg/detail/carla_bounding_box__rosidl_typesupport_introspection_cpp.hpp
[4.316s] -- Symlinking: /home/hmmdyn/autocar-erp/install/carla_msgs/include/carla_msgs/carla_msgs/msg/detail/carla_collision_event__rosidl_typesupport_introspection_cpp.hpp
[4.324s] -- Symlinking: /home/hmmdyn/autocar-erp/install/carla_msgs/include/carla_msgs/carla_msgs/msg/detail/carla_control__rosidl_typesupport_introspection_cpp.hpp
[4.332s] -- Symlinking: /home/hmmdyn/autocar-erp/install/carla_msgs/include/carla_msgs/carla_msgs/msg/detail/carla_ego_vehicle_control__rosidl_typesupport_introspection_cpp.hpp
[4.341s] -- Symlinking: /home/hmmdyn/autocar-erp/install/carla_msgs/include/carla_msgs/carla_msgs/msg/detail/carla_ego_vehicle_info__rosidl_typesupport_introspection_cpp.hpp
[4.352s] -- Symlinking: /home/hmmdyn/autocar-erp/install/carla_msgs/include/carla_msgs/carla_msgs/msg/detail/carla_ego_vehicle_info_wheel__rosidl_typesupport_introspection_cpp.hpp
[4.360s] -- Symlinking: /home/hmmdyn/autocar-erp/install/carla_msgs/include/carla_msgs/carla_msgs/msg/detail/carla_ego_vehicle_status__rosidl_typesupport_introspection_cpp.hpp
[4.369s] -- Symlinking: /home/hmmdyn/autocar-erp/install/carla_msgs/include/carla_msgs/carla_msgs/msg/detail/carla_lane_invasion_event__rosidl_typesupport_introspection_cpp.hpp
[4.377s] -- Symlinking: /home/hmmdyn/autocar-erp/install/carla_msgs/include/carla_msgs/carla_msgs/msg/detail/carla_status__rosidl_typesupport_introspection_cpp.hpp
[4.385s] -- Symlinking: /home/hmmdyn/autocar-erp/install/carla_msgs/include/carla_msgs/carla_msgs/msg/detail/carla_traffic_light_info__rosidl_typesupport_introspection_cpp.hpp
[4.395s] -- Symlinking: /home/hmmdyn/autocar-erp/install/carla_msgs/include/carla_msgs/carla_msgs/msg/detail/carla_traffic_light_info_list__rosidl_typesupport_introspection_cpp.hpp
[4.405s] -- Symlinking: /home/hmmdyn/autocar-erp/install/carla_msgs/include/carla_msgs/carla_msgs/msg/detail/carla_traffic_light_status__rosidl_typesupport_introspection_cpp.hpp
[4.414s] -- Symlinking: /home/hmmdyn/autocar-erp/install/carla_msgs/include/carla_msgs/carla_msgs/msg/detail/carla_traffic_light_status_list__rosidl_typesupport_introspection_cpp.hpp
[4.423s] -- Symlinking: /home/hmmdyn/autocar-erp/install/carla_msgs/include/carla_msgs/carla_msgs/msg/detail/carla_walker_control__rosidl_typesupport_introspection_cpp.hpp
[4.430s] -- Symlinking: /home/hmmdyn/autocar-erp/install/carla_msgs/include/carla_msgs/carla_msgs/msg/detail/carla_weather_parameters__rosidl_typesupport_introspection_cpp.hpp
[4.438s] -- Symlinking: /home/hmmdyn/autocar-erp/install/carla_msgs/include/carla_msgs/carla_msgs/msg/detail/carla_world_info__rosidl_typesupport_introspection_cpp.hpp
[4.447s] -- Symlinking: /home/hmmdyn/autocar-erp/install/carla_msgs/include/carla_msgs/carla_msgs/srv/detail/destroy_object__rosidl_typesupport_introspection_cpp.hpp
[4.457s] -- Symlinking: /home/hmmdyn/autocar-erp/install/carla_msgs/include/carla_msgs/carla_msgs/srv/detail/get_blueprints__rosidl_typesupport_introspection_cpp.hpp
[4.465s] -- Symlinking: /home/hmmdyn/autocar-erp/install/carla_msgs/include/carla_msgs/carla_msgs/srv/detail/spawn_object__rosidl_typesupport_introspection_cpp.hpp
[4.474s] -- Symlinking: /home/hmmdyn/autocar-erp/install/carla_msgs/share/carla_msgs/environment/pythonpath.sh
[4.481s] -- Symlinking: /home/hmmdyn/autocar-erp/install/carla_msgs/share/carla_msgs/environment/pythonpath.dsv
[4.491s] -- Symlinking: /home/hmmdyn/autocar-erp/install/carla_msgs/local/lib/python3.10/dist-packages/carla_msgs-1.3.0-py3.10.egg-info/PKG-INFO
[4.502s] -- Symlinking: /home/hmmdyn/autocar-erp/install/carla_msgs/local/lib/python3.10/dist-packages/carla_msgs-1.3.0-py3.10.egg-info/SOURCES.txt
[4.510s] -- Symlinking: /home/hmmdyn/autocar-erp/install/carla_msgs/local/lib/python3.10/dist-packages/carla_msgs-1.3.0-py3.10.egg-info/dependency_links.txt
[4.520s] -- Symlinking: /home/hmmdyn/autocar-erp/install/carla_msgs/local/lib/python3.10/dist-packages/carla_msgs-1.3.0-py3.10.egg-info/top_level.txt
[4.531s] -- Symlinking: /home/hmmdyn/autocar-erp/install/carla_msgs/local/lib/python3.10/dist-packages/carla_msgs/__init__.py
[4.540s] -- Symlinking: /home/hmmdyn/autocar-erp/install/carla_msgs/local/lib/python3.10/dist-packages/carla_msgs/_carla_msgs_s.ep.rosidl_typesupport_c.c
[4.550s] -- Symlinking: /home/hmmdyn/autocar-erp/install/carla_msgs/local/lib/python3.10/dist-packages/carla_msgs/_carla_msgs_s.ep.rosidl_typesupport_fastrtps_c.c
[4.561s] -- Symlinking: /home/hmmdyn/autocar-erp/install/carla_msgs/local/lib/python3.10/dist-packages/carla_msgs/_carla_msgs_s.ep.rosidl_typesupport_introspection_c.c
[4.568s] -- Symlinking: /home/hmmdyn/autocar-erp/install/carla_msgs/local/lib/python3.10/dist-packages/carla_msgs/carla_msgs_s__rosidl_typesupport_c.cpython-310-x86_64-linux-gnu.so
[4.577s] -- Symlinking: /home/hmmdyn/autocar-erp/install/carla_msgs/local/lib/python3.10/dist-packages/carla_msgs/carla_msgs_s__rosidl_typesupport_fastrtps_c.cpython-310-x86_64-linux-gnu.so
[4.587s] -- Symlinking: /home/hmmdyn/autocar-erp/install/carla_msgs/local/lib/python3.10/dist-packages/carla_msgs/carla_msgs_s__rosidl_typesupport_introspection_c.cpython-310-x86_64-linux-gnu.so
[4.594s] -- Symlinking: /home/hmmdyn/autocar-erp/install/carla_msgs/local/lib/python3.10/dist-packages/carla_msgs/libcarla_msgs__rosidl_generator_py.so
[4.604s] -- Symlinking: /home/hmmdyn/autocar-erp/install/carla_msgs/local/lib/python3.10/dist-packages/carla_msgs/msg/__init__.py
[4.613s] -- Symlinking: /home/hmmdyn/autocar-erp/install/carla_msgs/local/lib/python3.10/dist-packages/carla_msgs/msg/_carla_actor_info.py
[4.622s] -- Symlinking: /home/hmmdyn/autocar-erp/install/carla_msgs/local/lib/python3.10/dist-packages/carla_msgs/msg/_carla_actor_info_s.c
[4.631s] -- Symlinking: /home/hmmdyn/autocar-erp/install/carla_msgs/local/lib/python3.10/dist-packages/carla_msgs/msg/_carla_actor_list.py
[4.640s] -- Symlinking: /home/hmmdyn/autocar-erp/install/carla_msgs/local/lib/python3.10/dist-packages/carla_msgs/msg/_carla_actor_list_s.c
[4.649s] -- Symlinking: /home/hmmdyn/autocar-erp/install/carla_msgs/local/lib/python3.10/dist-packages/carla_msgs/msg/_carla_bounding_box.py
[4.657s] -- Symlinking: /home/hmmdyn/autocar-erp/install/carla_msgs/local/lib/python3.10/dist-packages/carla_msgs/msg/_carla_bounding_box_s.c
[4.665s] -- Symlinking: /home/hmmdyn/autocar-erp/install/carla_msgs/local/lib/python3.10/dist-packages/carla_msgs/msg/_carla_collision_event.py
[4.674s] -- Symlinking: /home/hmmdyn/autocar-erp/install/carla_msgs/local/lib/python3.10/dist-packages/carla_msgs/msg/_carla_collision_event_s.c
[4.681s] -- Symlinking: /home/hmmdyn/autocar-erp/install/carla_msgs/local/lib/python3.10/dist-packages/carla_msgs/msg/_carla_control.py
[4.689s] -- Symlinking: /home/hmmdyn/autocar-erp/install/carla_msgs/local/lib/python3.10/dist-packages/carla_msgs/msg/_carla_control_s.c
[4.695s] -- Symlinking: /home/hmmdyn/autocar-erp/install/carla_msgs/local/lib/python3.10/dist-packages/carla_msgs/msg/_carla_ego_vehicle_control.py
[4.703s] -- Symlinking: /home/hmmdyn/autocar-erp/install/carla_msgs/local/lib/python3.10/dist-packages/carla_msgs/msg/_carla_ego_vehicle_control_s.c
[4.715s] -- Symlinking: /home/hmmdyn/autocar-erp/install/carla_msgs/local/lib/python3.10/dist-packages/carla_msgs/msg/_carla_ego_vehicle_info.py
[4.723s] -- Symlinking: /home/hmmdyn/autocar-erp/install/carla_msgs/local/lib/python3.10/dist-packages/carla_msgs/msg/_carla_ego_vehicle_info_s.c
[4.733s] -- Symlinking: /home/hmmdyn/autocar-erp/install/carla_msgs/local/lib/python3.10/dist-packages/carla_msgs/msg/_carla_ego_vehicle_info_wheel.py
[4.742s] -- Symlinking: /home/hmmdyn/autocar-erp/install/carla_msgs/local/lib/python3.10/dist-packages/carla_msgs/msg/_carla_ego_vehicle_info_wheel_s.c
[4.749s] -- Symlinking: /home/hmmdyn/autocar-erp/install/carla_msgs/local/lib/python3.10/dist-packages/carla_msgs/msg/_carla_ego_vehicle_status.py
[4.759s] -- Symlinking: /home/hmmdyn/autocar-erp/install/carla_msgs/local/lib/python3.10/dist-packages/carla_msgs/msg/_carla_ego_vehicle_status_s.c
[4.766s] -- Symlinking: /home/hmmdyn/autocar-erp/install/carla_msgs/local/lib/python3.10/dist-packages/carla_msgs/msg/_carla_lane_invasion_event.py
[4.774s] -- Symlinking: /home/hmmdyn/autocar-erp/install/carla_msgs/local/lib/python3.10/dist-packages/carla_msgs/msg/_carla_lane_invasion_event_s.c
[4.784s] -- Symlinking: /home/hmmdyn/autocar-erp/install/carla_msgs/local/lib/python3.10/dist-packages/carla_msgs/msg/_carla_status.py
[4.793s] -- Symlinking: /home/hmmdyn/autocar-erp/install/carla_msgs/local/lib/python3.10/dist-packages/carla_msgs/msg/_carla_status_s.c
[4.802s] -- Symlinking: /home/hmmdyn/autocar-erp/install/carla_msgs/local/lib/python3.10/dist-packages/carla_msgs/msg/_carla_traffic_light_info.py
[4.811s] -- Symlinking: /home/hmmdyn/autocar-erp/install/carla_msgs/local/lib/python3.10/dist-packages/carla_msgs/msg/_carla_traffic_light_info_list.py
[4.819s] -- Symlinking: /home/hmmdyn/autocar-erp/install/carla_msgs/local/lib/python3.10/dist-packages/carla_msgs/msg/_carla_traffic_light_info_list_s.c
[4.828s] -- Symlinking: /home/hmmdyn/autocar-erp/install/carla_msgs/local/lib/python3.10/dist-packages/carla_msgs/msg/_carla_traffic_light_info_s.c
[4.837s] -- Symlinking: /home/hmmdyn/autocar-erp/install/carla_msgs/local/lib/python3.10/dist-packages/carla_msgs/msg/_carla_traffic_light_status.py
[4.846s] -- Symlinking: /home/hmmdyn/autocar-erp/install/carla_msgs/local/lib/python3.10/dist-packages/carla_msgs/msg/_carla_traffic_light_status_list.py
[4.854s] -- Symlinking: /home/hmmdyn/autocar-erp/install/carla_msgs/local/lib/python3.10/dist-packages/carla_msgs/msg/_carla_traffic_light_status_list_s.c
[4.862s] -- Symlinking: /home/hmmdyn/autocar-erp/install/carla_msgs/local/lib/python3.10/dist-packages/carla_msgs/msg/_carla_traffic_light_status_s.c
[4.870s] -- Symlinking: /home/hmmdyn/autocar-erp/install/carla_msgs/local/lib/python3.10/dist-packages/carla_msgs/msg/_carla_walker_control.py
[4.879s] -- Symlinking: /home/hmmdyn/autocar-erp/install/carla_msgs/local/lib/python3.10/dist-packages/carla_msgs/msg/_carla_walker_control_s.c
[4.888s] -- Symlinking: /home/hmmdyn/autocar-erp/install/carla_msgs/local/lib/python3.10/dist-packages/carla_msgs/msg/_carla_weather_parameters.py
[4.896s] -- Symlinking: /home/hmmdyn/autocar-erp/install/carla_msgs/local/lib/python3.10/dist-packages/carla_msgs/msg/_carla_weather_parameters_s.c
[4.905s] -- Symlinking: /home/hmmdyn/autocar-erp/install/carla_msgs/local/lib/python3.10/dist-packages/carla_msgs/msg/_carla_world_info.py
[4.913s] -- Symlinking: /home/hmmdyn/autocar-erp/install/carla_msgs/local/lib/python3.10/dist-packages/carla_msgs/msg/_carla_world_info_s.c
[4.923s] -- Symlinking: /home/hmmdyn/autocar-erp/install/carla_msgs/local/lib/python3.10/dist-packages/carla_msgs/srv/__init__.py
[4.931s] -- Symlinking: /home/hmmdyn/autocar-erp/install/carla_msgs/local/lib/python3.10/dist-packages/carla_msgs/srv/_destroy_object.py
[4.940s] -- Symlinking: /home/hmmdyn/autocar-erp/install/carla_msgs/local/lib/python3.10/dist-packages/carla_msgs/srv/_destroy_object_s.c
[4.948s] -- Symlinking: /home/hmmdyn/autocar-erp/install/carla_msgs/local/lib/python3.10/dist-packages/carla_msgs/srv/_get_blueprints.py
[4.956s] -- Symlinking: /home/hmmdyn/autocar-erp/install/carla_msgs/local/lib/python3.10/dist-packages/carla_msgs/srv/_get_blueprints_s.c
[4.965s] -- Symlinking: /home/hmmdyn/autocar-erp/install/carla_msgs/local/lib/python3.10/dist-packages/carla_msgs/srv/_spawn_object.py
[4.975s] -- Symlinking: /home/hmmdyn/autocar-erp/install/carla_msgs/local/lib/python3.10/dist-packages/carla_msgs/srv/_spawn_object_s.c
[4.984s] -- Up-to-date symlink: /home/hmmdyn/autocar-erp/install/carla_msgs/local/lib/python3.10/dist-packages/carla_msgs/carla_msgs_s__rosidl_typesupport_fastrtps_c.cpython-310-x86_64-linux-gnu.so
[4.984s] -- Up-to-date symlink: /home/hmmdyn/autocar-erp/install/carla_msgs/local/lib/python3.10/dist-packages/carla_msgs/carla_msgs_s__rosidl_typesupport_introspection_c.cpython-310-x86_64-linux-gnu.so
[4.984s] -- Up-to-date symlink: /home/hmmdyn/autocar-erp/install/carla_msgs/local/lib/python3.10/dist-packages/carla_msgs/carla_msgs_s__rosidl_typesupport_c.cpython-310-x86_64-linux-gnu.so
[4.984s] -- Symlinking: /home/hmmdyn/autocar-erp/install/carla_msgs/share/carla_msgs/msg/CarlaBoundingBox.idl
[4.993s] -- Symlinking: /home/hmmdyn/autocar-erp/install/carla_msgs/share/carla_msgs/msg/CarlaEgoVehicleControl.idl
[5.000s] -- Symlinking: /home/hmmdyn/autocar-erp/install/carla_msgs/share/carla_msgs/msg/CarlaEgoVehicleStatus.idl
[5.010s] -- Symlinking: /home/hmmdyn/autocar-erp/install/carla_msgs/share/carla_msgs/msg/CarlaEgoVehicleInfoWheel.idl
[5.019s] -- Symlinking: /home/hmmdyn/autocar-erp/install/carla_msgs/share/carla_msgs/msg/CarlaEgoVehicleInfo.idl
[5.027s] -- Symlinking: /home/hmmdyn/autocar-erp/install/carla_msgs/share/carla_msgs/msg/CarlaCollisionEvent.idl
[5.034s] -- Symlinking: /home/hmmdyn/autocar-erp/install/carla_msgs/share/carla_msgs/msg/CarlaLaneInvasionEvent.idl
[5.044s] -- Symlinking: /home/hmmdyn/autocar-erp/install/carla_msgs/share/carla_msgs/msg/CarlaWorldInfo.idl
[5.054s] -- Symlinking: /home/hmmdyn/autocar-erp/install/carla_msgs/share/carla_msgs/msg/CarlaActorInfo.idl
[5.063s] -- Symlinking: /home/hmmdyn/autocar-erp/install/carla_msgs/share/carla_msgs/msg/CarlaActorList.idl
[5.073s] -- Symlinking: /home/hmmdyn/autocar-erp/install/carla_msgs/share/carla_msgs/msg/CarlaControl.idl
[5.084s] -- Symlinking: /home/hmmdyn/autocar-erp/install/carla_msgs/share/carla_msgs/msg/CarlaStatus.idl
[5.094s] -- Symlinking: /home/hmmdyn/autocar-erp/install/carla_msgs/share/carla_msgs/msg/CarlaTrafficLightInfo.idl
[5.103s] -- Symlinking: /home/hmmdyn/autocar-erp/install/carla_msgs/share/carla_msgs/msg/CarlaTrafficLightInfoList.idl
[5.115s] -- Symlinking: /home/hmmdyn/autocar-erp/install/carla_msgs/share/carla_msgs/msg/CarlaTrafficLightStatus.idl
[5.124s] -- Symlinking: /home/hmmdyn/autocar-erp/install/carla_msgs/share/carla_msgs/msg/CarlaTrafficLightStatusList.idl
[5.133s] -- Symlinking: /home/hmmdyn/autocar-erp/install/carla_msgs/share/carla_msgs/msg/CarlaWalkerControl.idl
[5.142s] -- Symlinking: /home/hmmdyn/autocar-erp/install/carla_msgs/share/carla_msgs/msg/CarlaWeatherParameters.idl
[5.152s] -- Symlinking: /home/hmmdyn/autocar-erp/install/carla_msgs/share/carla_msgs/srv/SpawnObject.idl
[5.162s] -- Symlinking: /home/hmmdyn/autocar-erp/install/carla_msgs/share/carla_msgs/srv/DestroyObject.idl
[5.171s] -- Symlinking: /home/hmmdyn/autocar-erp/install/carla_msgs/share/carla_msgs/srv/GetBlueprints.idl
[5.180s] -- Symlinking: /home/hmmdyn/autocar-erp/install/carla_msgs/share/carla_msgs/msg/CarlaBoundingBox.msg
[5.187s] -- Symlinking: /home/hmmdyn/autocar-erp/install/carla_msgs/share/carla_msgs/msg/CarlaEgoVehicleControl.msg
[5.196s] -- Symlinking: /home/hmmdyn/autocar-erp/install/carla_msgs/share/carla_msgs/msg/CarlaEgoVehicleStatus.msg
[5.207s] -- Symlinking: /home/hmmdyn/autocar-erp/install/carla_msgs/share/carla_msgs/msg/CarlaEgoVehicleInfoWheel.msg
[5.217s] -- Symlinking: /home/hmmdyn/autocar-erp/install/carla_msgs/share/carla_msgs/msg/CarlaEgoVehicleInfo.msg
[5.226s] -- Symlinking: /home/hmmdyn/autocar-erp/install/carla_msgs/share/carla_msgs/msg/CarlaCollisionEvent.msg
[5.235s] -- Symlinking: /home/hmmdyn/autocar-erp/install/carla_msgs/share/carla_msgs/msg/CarlaLaneInvasionEvent.msg
[5.243s] -- Symlinking: /home/hmmdyn/autocar-erp/install/carla_msgs/share/carla_msgs/msg/CarlaWorldInfo.msg
[5.251s] -- Symlinking: /home/hmmdyn/autocar-erp/install/carla_msgs/share/carla_msgs/msg/CarlaActorInfo.msg
[5.262s] -- Symlinking: /home/hmmdyn/autocar-erp/install/carla_msgs/share/carla_msgs/msg/CarlaActorList.msg
[5.270s] -- Symlinking: /home/hmmdyn/autocar-erp/install/carla_msgs/share/carla_msgs/msg/CarlaControl.msg
[5.279s] -- Symlinking: /home/hmmdyn/autocar-erp/install/carla_msgs/share/carla_msgs/msg/CarlaStatus.msg
[5.287s] -- Symlinking: /home/hmmdyn/autocar-erp/install/carla_msgs/share/carla_msgs/msg/CarlaTrafficLightInfo.msg
[5.295s] -- Symlinking: /home/hmmdyn/autocar-erp/install/carla_msgs/share/carla_msgs/msg/CarlaTrafficLightInfoList.msg
[5.304s] -- Symlinking: /home/hmmdyn/autocar-erp/install/carla_msgs/share/carla_msgs/msg/CarlaTrafficLightStatus.msg
[5.314s] -- Symlinking: /home/hmmdyn/autocar-erp/install/carla_msgs/share/carla_msgs/msg/CarlaTrafficLightStatusList.msg
[5.324s] -- Symlinking: /home/hmmdyn/autocar-erp/install/carla_msgs/share/carla_msgs/msg/CarlaWalkerControl.msg
[5.334s] -- Symlinking: /home/hmmdyn/autocar-erp/install/carla_msgs/share/carla_msgs/msg/CarlaWeatherParameters.msg
[5.341s] -- Symlinking: /home/hmmdyn/autocar-erp/install/carla_msgs/share/carla_msgs/srv/SpawnObject.srv
[5.349s] -- Symlinking: /home/hmmdyn/autocar-erp/install/carla_msgs/share/carla_msgs/srv/SpawnObject_Request.msg
[5.359s] -- Symlinking: /home/hmmdyn/autocar-erp/install/carla_msgs/share/carla_msgs/srv/SpawnObject_Response.msg
[5.368s] -- Symlinking: /home/hmmdyn/autocar-erp/install/carla_msgs/share/carla_msgs/srv/DestroyObject.srv
[5.376s] -- Symlinking: /home/hmmdyn/autocar-erp/install/carla_msgs/share/carla_msgs/srv/DestroyObject_Request.msg
[5.383s] -- Symlinking: /home/hmmdyn/autocar-erp/install/carla_msgs/share/carla_msgs/srv/DestroyObject_Response.msg
[5.392s] -- Symlinking: /home/hmmdyn/autocar-erp/install/carla_msgs/share/carla_msgs/srv/GetBlueprints.srv
[5.402s] -- Symlinking: /home/hmmdyn/autocar-erp/install/carla_msgs/share/carla_msgs/srv/GetBlueprints_Request.msg
[5.409s] -- Symlinking: /home/hmmdyn/autocar-erp/install/carla_msgs/share/carla_msgs/srv/GetBlueprints_Response.msg
[5.417s] -- Symlinking: /home/hmmdyn/autocar-erp/install/carla_msgs/share/ament_index/resource_index/package_run_dependencies/carla_msgs
[5.426s] -- Symlinking: /home/hmmdyn/autocar-erp/install/carla_msgs/share/ament_index/resource_index/parent_prefix_path/carla_msgs
[5.435s] -- Symlinking: /home/hmmdyn/autocar-erp/install/carla_msgs/share/carla_msgs/environment/ament_prefix_path.sh
[5.442s] -- Symlinking: /home/hmmdyn/autocar-erp/install/carla_msgs/share/carla_msgs/environment/ament_prefix_path.dsv
[5.450s] -- Symlinking: /home/hmmdyn/autocar-erp/install/carla_msgs/share/carla_msgs/environment/path.sh
[5.459s] -- Symlinking: /home/hmmdyn/autocar-erp/install/carla_msgs/share/carla_msgs/environment/path.dsv
[5.466s] -- Symlinking: /home/hmmdyn/autocar-erp/install/carla_msgs/share/carla_msgs/local_setup.bash
[5.476s] -- Symlinking: /home/hmmdyn/autocar-erp/install/carla_msgs/share/carla_msgs/local_setup.sh
[5.484s] -- Symlinking: /home/hmmdyn/autocar-erp/install/carla_msgs/share/carla_msgs/local_setup.zsh
[5.493s] -- Symlinking: /home/hmmdyn/autocar-erp/install/carla_msgs/share/carla_msgs/local_setup.dsv
[5.501s] -- Symlinking: /home/hmmdyn/autocar-erp/install/carla_msgs/share/carla_msgs/package.dsv
[5.509s] -- Symlinking: /home/hmmdyn/autocar-erp/install/carla_msgs/share/ament_index/resource_index/packages/carla_msgs
[5.518s] -- Symlinking: /home/hmmdyn/autocar-erp/install/carla_msgs/share/carla_msgs/cmake/rosidl_cmake-extras.cmake
[5.527s] -- Symlinking: /home/hmmdyn/autocar-erp/install/carla_msgs/share/carla_msgs/cmake/ament_cmake_export_dependencies-extras.cmake
[5.537s] -- Symlinking: /home/hmmdyn/autocar-erp/install/carla_msgs/share/carla_msgs/cmake/ament_cmake_export_include_directories-extras.cmake
[5.546s] -- Symlinking: /home/hmmdyn/autocar-erp/install/carla_msgs/share/carla_msgs/cmake/ament_cmake_export_libraries-extras.cmake
[5.553s] -- Symlinking: /home/hmmdyn/autocar-erp/install/carla_msgs/share/carla_msgs/cmake/ament_cmake_export_targets-extras.cmake
[5.560s] -- Symlinking: /home/hmmdyn/autocar-erp/install/carla_msgs/share/carla_msgs/cmake/rosidl_cmake_export_typesupport_targets-extras.cmake
[5.568s] -- Symlinking: /home/hmmdyn/autocar-erp/install/carla_msgs/share/carla_msgs/cmake/rosidl_cmake_export_typesupport_libraries-extras.cmake
[5.579s] -- Symlinking: /home/hmmdyn/autocar-erp/install/carla_msgs/share/carla_msgs/cmake/carla_msgsConfig.cmake
[5.587s] -- Symlinking: /home/hmmdyn/autocar-erp/install/carla_msgs/share/carla_msgs/cmake/carla_msgsConfig-version.cmake
[5.595s] -- Symlinking: /home/hmmdyn/autocar-erp/install/carla_msgs/share/carla_msgs/package.xml
[5.608s] -- Installing: /home/hmmdyn/autocar-erp/install/carla_msgs/lib/libcarla_msgs__rosidl_generator_c.so
[5.608s] -- Set runtime path of "/home/hmmdyn/autocar-erp/install/carla_msgs/lib/libcarla_msgs__rosidl_generator_c.so" to ""
[5.608s] -- Installing: /home/hmmdyn/autocar-erp/install/carla_msgs/lib/libcarla_msgs__rosidl_typesupport_fastrtps_c.so
[5.609s] -- Set runtime path of "/home/hmmdyn/autocar-erp/install/carla_msgs/lib/libcarla_msgs__rosidl_typesupport_fastrtps_c.so" to ""
[5.609s] -- Installing: /home/hmmdyn/autocar-erp/install/carla_msgs/lib/libcarla_msgs__rosidl_typesupport_fastrtps_cpp.so
[5.610s] -- Set runtime path of "/home/hmmdyn/autocar-erp/install/carla_msgs/lib/libcarla_msgs__rosidl_typesupport_fastrtps_cpp.so" to ""
[5.610s] -- Installing: /home/hmmdyn/autocar-erp/install/carla_msgs/lib/libcarla_msgs__rosidl_typesupport_introspection_c.so
[5.610s] -- Set runtime path of "/home/hmmdyn/autocar-erp/install/carla_msgs/lib/libcarla_msgs__rosidl_typesupport_introspection_c.so" to ""
[5.610s] -- Installing: /home/hmmdyn/autocar-erp/install/carla_msgs/lib/libcarla_msgs__rosidl_typesupport_c.so
[5.610s] -- Set runtime path of "/home/hmmdyn/autocar-erp/install/carla_msgs/lib/libcarla_msgs__rosidl_typesupport_c.so" to ""
[5.611s] -- Installing: /home/hmmdyn/autocar-erp/install/carla_msgs/lib/libcarla_msgs__rosidl_typesupport_introspection_cpp.so
[5.611s] -- Set runtime path of "/home/hmmdyn/autocar-erp/install/carla_msgs/lib/libcarla_msgs__rosidl_typesupport_introspection_cpp.so" to ""
[5.611s] -- Installing: /home/hmmdyn/autocar-erp/install/carla_msgs/lib/libcarla_msgs__rosidl_typesupport_cpp.so
[5.612s] -- Set runtime path of "/home/hmmdyn/autocar-erp/install/carla_msgs/lib/libcarla_msgs__rosidl_typesupport_cpp.so" to ""
[5.660s] Listing '/home/hmmdyn/autocar-erp/install/carla_msgs/local/lib/python3.10/dist-packages/carla_msgs'...
[5.660s] Compiling '/home/hmmdyn/autocar-erp/install/carla_msgs/local/lib/python3.10/dist-packages/carla_msgs/__init__.py'...
[5.660s] Listing '/home/hmmdyn/autocar-erp/install/carla_msgs/local/lib/python3.10/dist-packages/carla_msgs/msg'...
[5.660s] Compiling '/home/hmmdyn/autocar-erp/install/carla_msgs/local/lib/python3.10/dist-packages/carla_msgs/msg/__init__.py'...
[5.661s] Compiling '/home/hmmdyn/autocar-erp/install/carla_msgs/local/lib/python3.10/dist-packages/carla_msgs/msg/_carla_actor_info.py'...
[5.661s] Compiling '/home/hmmdyn/autocar-erp/install/carla_msgs/local/lib/python3.10/dist-packages/carla_msgs/msg/_carla_actor_list.py'...
[5.661s] Compiling '/home/hmmdyn/autocar-erp/install/carla_msgs/local/lib/python3.10/dist-packages/carla_msgs/msg/_carla_bounding_box.py'...
[5.661s] Compiling '/home/hmmdyn/autocar-erp/install/carla_msgs/local/lib/python3.10/dist-packages/carla_msgs/msg/_carla_collision_event.py'...
[5.661s] Compiling '/home/hmmdyn/autocar-erp/install/carla_msgs/local/lib/python3.10/dist-packages/carla_msgs/msg/_carla_control.py'...
[5.661s] Compiling '/home/hmmdyn/autocar-erp/install/carla_msgs/local/lib/python3.10/dist-packages/carla_msgs/msg/_carla_ego_vehicle_control.py'...
[5.661s] Compiling '/home/hmmdyn/autocar-erp/install/carla_msgs/local/lib/python3.10/dist-packages/carla_msgs/msg/_carla_ego_vehicle_info.py'...
[5.661s] Compiling '/home/hmmdyn/autocar-erp/install/carla_msgs/local/lib/python3.10/dist-packages/carla_msgs/msg/_carla_ego_vehicle_info_wheel.py'...
[5.661s] Compiling '/home/hmmdyn/autocar-erp/install/carla_msgs/local/lib/python3.10/dist-packages/carla_msgs/msg/_carla_ego_vehicle_status.py'...
[5.661s] Compiling '/home/hmmdyn/autocar-erp/install/carla_msgs/local/lib/python3.10/dist-packages/carla_msgs/msg/_carla_lane_invasion_event.py'...
[5.661s] Compiling '/home/hmmdyn/autocar-erp/install/carla_msgs/local/lib/python3.10/dist-packages/carla_msgs/msg/_carla_status.py'...
[5.661s] Compiling '/home/hmmdyn/autocar-erp/install/carla_msgs/local/lib/python3.10/dist-packages/carla_msgs/msg/_carla_traffic_light_info.py'...
[5.661s] Compiling '/home/hmmdyn/autocar-erp/install/carla_msgs/local/lib/python3.10/dist-packages/carla_msgs/msg/_carla_traffic_light_info_list.py'...
[5.661s] Compiling '/home/hmmdyn/autocar-erp/install/carla_msgs/local/lib/python3.10/dist-packages/carla_msgs/msg/_carla_traffic_light_status.py'...
[5.661s] Compiling '/home/hmmdyn/autocar-erp/install/carla_msgs/local/lib/python3.10/dist-packages/carla_msgs/msg/_carla_traffic_light_status_list.py'...
[5.661s] Compiling '/home/hmmdyn/autocar-erp/install/carla_msgs/local/lib/python3.10/dist-packages/carla_msgs/msg/_carla_walker_control.py'...
[5.661s] Compiling '/home/hmmdyn/autocar-erp/install/carla_msgs/local/lib/python3.10/dist-packages/carla_msgs/msg/_carla_weather_parameters.py'...
[5.661s] Compiling '/home/hmmdyn/autocar-erp/install/carla_msgs/local/lib/python3.10/dist-packages/carla_msgs/msg/_carla_world_info.py'...
[5.661s] Listing '/home/hmmdyn/autocar-erp/install/carla_msgs/local/lib/python3.10/dist-packages/carla_msgs/srv'...
[5.661s] Compiling '/home/hmmdyn/autocar-erp/install/carla_msgs/local/lib/python3.10/dist-packages/carla_msgs/srv/__init__.py'...
[5.661s] Compiling '/home/hmmdyn/autocar-erp/install/carla_msgs/local/lib/python3.10/dist-packages/carla_msgs/srv/_destroy_object.py'...
[5.661s] Compiling '/home/hmmdyn/autocar-erp/install/carla_msgs/local/lib/python3.10/dist-packages/carla_msgs/srv/_get_blueprints.py'...
[5.661s] Compiling '/home/hmmdyn/autocar-erp/install/carla_msgs/local/lib/python3.10/dist-packages/carla_msgs/srv/_spawn_object.py'...
[5.666s] -- Installing: /home/hmmdyn/autocar-erp/install/carla_msgs/lib/libcarla_msgs__rosidl_generator_py.so
[5.667s] -- Set runtime path of "/home/hmmdyn/autocar-erp/install/carla_msgs/lib/libcarla_msgs__rosidl_generator_py.so" to ""
[5.667s] -- Installing: /home/hmmdyn/autocar-erp/install/carla_msgs/share/carla_msgs/cmake/export_carla_msgs__rosidl_generator_cExport.cmake
[5.667s] -- Installing: /home/hmmdyn/autocar-erp/install/carla_msgs/share/carla_msgs/cmake/export_carla_msgs__rosidl_generator_cExport-noconfig.cmake
[5.667s] -- Installing: /home/hmmdyn/autocar-erp/install/carla_msgs/share/carla_msgs/cmake/export_carla_msgs__rosidl_typesupport_fastrtps_cExport.cmake
[5.667s] -- Installing: /home/hmmdyn/autocar-erp/install/carla_msgs/share/carla_msgs/cmake/export_carla_msgs__rosidl_typesupport_fastrtps_cExport-noconfig.cmake
[5.668s] -- Installing: /home/hmmdyn/autocar-erp/install/carla_msgs/share/carla_msgs/cmake/export_carla_msgs__rosidl_generator_cppExport.cmake
[5.668s] -- Installing: /home/hmmdyn/autocar-erp/install/carla_msgs/share/carla_msgs/cmake/export_carla_msgs__rosidl_typesupport_fastrtps_cppExport.cmake
[5.668s] -- Installing: /home/hmmdyn/autocar-erp/install/carla_msgs/share/carla_msgs/cmake/export_carla_msgs__rosidl_typesupport_fastrtps_cppExport-noconfig.cmake
[5.668s] -- Installing: /home/hmmdyn/autocar-erp/install/carla_msgs/share/carla_msgs/cmake/carla_msgs__rosidl_typesupport_introspection_cExport.cmake
[5.668s] -- Installing: /home/hmmdyn/autocar-erp/install/carla_msgs/share/carla_msgs/cmake/carla_msgs__rosidl_typesupport_introspection_cExport-noconfig.cmake
[5.668s] -- Installing: /home/hmmdyn/autocar-erp/install/carla_msgs/share/carla_msgs/cmake/carla_msgs__rosidl_typesupport_cExport.cmake
[5.668s] -- Installing: /home/hmmdyn/autocar-erp/install/carla_msgs/share/carla_msgs/cmake/carla_msgs__rosidl_typesupport_cExport-noconfig.cmake
[5.668s] -- Installing: /home/hmmdyn/autocar-erp/install/carla_msgs/share/carla_msgs/cmake/carla_msgs__rosidl_typesupport_introspection_cppExport.cmake
[5.669s] -- Installing: /home/hmmdyn/autocar-erp/install/carla_msgs/share/carla_msgs/cmake/carla_msgs__rosidl_typesupport_introspection_cppExport-noconfig.cmake
[5.669s] -- Installing: /home/hmmdyn/autocar-erp/install/carla_msgs/share/carla_msgs/cmake/carla_msgs__rosidl_typesupport_cppExport.cmake
[5.669s] -- Installing: /home/hmmdyn/autocar-erp/install/carla_msgs/share/carla_msgs/cmake/carla_msgs__rosidl_typesupport_cppExport-noconfig.cmake
[5.669s] -- Installing: /home/hmmdyn/autocar-erp/install/carla_msgs/share/carla_msgs/cmake/export_carla_msgs__rosidl_generator_pyExport.cmake
[5.669s] -- Installing: /home/hmmdyn/autocar-erp/install/carla_msgs/share/carla_msgs/cmake/export_carla_msgs__rosidl_generator_pyExport-noconfig.cmake
[5.675s] Invoked command in '/home/hmmdyn/autocar-erp/build/carla_msgs' returned '0': CMAKE_PREFIX_PATH=${CMAKE_PREFIX_PATH}:/home/hmmdyn/autocar-erp/install/rqt_carla_control:/home/hmmdyn/autocar-erp/install/carla_waypoint_publisher:/home/hmmdyn/autocar-erp/install/carla_ackermann_control:/home/hmmdyn/autocar-erp/install/carla_ros_bridge:/home/hmmdyn/autocar-erp/install/carla_spawn_objects:/home/hmmdyn/autocar-erp/install/carla_manual_control:/home/hmmdyn/autocar-erp/install/carla_ad_agent:/home/hmmdyn/autocar-erp/install/ros_compatibility:/home/hmmdyn/autocar-erp/install/erp_control:/home/hmmdyn/autocar-erp/install/carla_walker_agent:/home/hmmdyn/autocar-erp/install/carla_twist_to_control:/home/hmmdyn/autocar-erp/install/carla_ros_scenario_runner:/home/hmmdyn/autocar-erp/install/carla_common:/opt/ros/humble /usr/bin/cmake --install /home/hmmdyn/autocar-erp/build/carla_msgs
