[0.175s] Invoking command in '/home/mds/autocar-erp/autocar-erp-main/build/launches': CMAKE_PREFIX_PATH=${CMAKE_PREFIX_PATH}:/home/mds/ros2_ws/install/ntrip_client:/home/mds/autocar-erp/install/perception:/home/mds/autocar-erp/install/localization:/home/mds/autocar-erp/install/local_path_planning:/home/mds/autocar-erp/install/erp_control:/opt/ros/humble /usr/bin/cmake /home/mds/autocar-erp/autocar-erp-main/launches -DAMENT_CMAKE_SYMLINK_INSTALL=1 -DCMAKE_INSTALL_PREFIX=/home/mds/autocar-erp/autocar-erp-main/install/launches
[0.489s] -- The C compiler identification is GNU 11.4.0
[0.489s] -- The CXX compiler identification is GNU 11.4.0
[0.490s] -- Detecting C compiler ABI info
[0.490s] -- Detecting C compiler ABI info - done
[0.490s] -- Check for working C compiler: /usr/bin/cc - skipped
[0.490s] -- Detecting C compile features
[0.490s] -- Detecting C compile features - done
[0.490s] -- Detecting CXX compiler ABI info
[0.490s] -- Detecting CXX compiler ABI info - done
[0.490s] -- Check for working CXX compiler: /usr/bin/c++ - skipped
[0.490s] -- Detecting CXX compile features
[0.490s] -- Detecting CXX compile features - done
[0.490s] -- Found ament_cmake: 1.3.11 (/opt/ros/humble/share/ament_cmake/cmake)
[0.558s] -- Found Python3: /usr/bin/python3 (found version "3.10.12") found components: Interpreter 
[0.607s] -- Override CMake install command with custom implementation using symlinks instead of copying resources
[0.645s] -- Found ament_lint_auto: 0.12.11 (/opt/ros/humble/share/ament_lint_auto/cmake)
[0.721s] -- Added test 'copyright' to check source files copyright and LICENSE
[0.722s] -- Added test 'flake8' to check Python code syntax and style conventions
[0.723s] -- Added test 'lint_cmake' to check CMake code style
[0.723s] -- Added test 'pep257' to check Python code against some of the docstring style conventions in PEP 257
[0.724s] -- Added test 'xmllint' to check XML markup files
[0.726s] -- Configuring done
[0.728s] -- Generating done
[0.729s] -- Build files have been written to: /home/mds/autocar-erp/autocar-erp-main/build/launches
[0.731s] Invoked command in '/home/mds/autocar-erp/autocar-erp-main/build/launches' returned '0': CMAKE_PREFIX_PATH=${CMAKE_PREFIX_PATH}:/home/mds/ros2_ws/install/ntrip_client:/home/mds/autocar-erp/install/perception:/home/mds/autocar-erp/install/localization:/home/mds/autocar-erp/install/local_path_planning:/home/mds/autocar-erp/install/erp_control:/opt/ros/humble /usr/bin/cmake /home/mds/autocar-erp/autocar-erp-main/launches -DAMENT_CMAKE_SYMLINK_INSTALL=1 -DCMAKE_INSTALL_PREFIX=/home/mds/autocar-erp/autocar-erp-main/install/launches
[0.733s] Invoking command in '/home/mds/autocar-erp/autocar-erp-main/build/launches': CMAKE_PREFIX_PATH=${CMAKE_PREFIX_PATH}:/home/mds/ros2_ws/install/ntrip_client:/home/mds/autocar-erp/install/perception:/home/mds/autocar-erp/install/localization:/home/mds/autocar-erp/install/local_path_planning:/home/mds/autocar-erp/install/erp_control:/opt/ros/humble /usr/bin/cmake --build /home/mds/autocar-erp/autocar-erp-main/build/launches -- -j16 -l16
[0.759s] Invoked command in '/home/mds/autocar-erp/autocar-erp-main/build/launches' returned '0': CMAKE_PREFIX_PATH=${CMAKE_PREFIX_PATH}:/home/mds/ros2_ws/install/ntrip_client:/home/mds/autocar-erp/install/perception:/home/mds/autocar-erp/install/localization:/home/mds/autocar-erp/install/local_path_planning:/home/mds/autocar-erp/install/erp_control:/opt/ros/humble /usr/bin/cmake --build /home/mds/autocar-erp/autocar-erp-main/build/launches -- -j16 -l16
[0.767s] Invoking command in '/home/mds/autocar-erp/autocar-erp-main/build/launches': CMAKE_PREFIX_PATH=${CMAKE_PREFIX_PATH}:/home/mds/ros2_ws/install/ntrip_client:/home/mds/autocar-erp/install/perception:/home/mds/autocar-erp/install/localization:/home/mds/autocar-erp/install/local_path_planning:/home/mds/autocar-erp/install/erp_control:/opt/ros/humble /usr/bin/cmake --install /home/mds/autocar-erp/autocar-erp-main/build/launches
[0.773s] -- Install configuration: ""
[0.773s] -- Execute custom install script
[0.774s] -- Symlinking: /home/mds/autocar-erp/autocar-erp-main/install/launches/share/launches/launch/click_launch.py
[0.781s] -- Symlinking: /home/mds/autocar-erp/autocar-erp-main/install/launches/share/launches/launch/default_launch.py
[0.787s] -- Symlinking: /home/mds/autocar-erp/autocar-erp-main/install/launches/share/launches/launch/lane_launch.py
[0.794s] -- Symlinking: /home/mds/autocar-erp/autocar-erp-main/install/launches/share/ament_index/resource_index/package_run_dependencies/launches
[0.802s] -- Symlinking: /home/mds/autocar-erp/autocar-erp-main/install/launches/share/ament_index/resource_index/parent_prefix_path/launches
[0.807s] -- Symlinking: /home/mds/autocar-erp/autocar-erp-main/install/launches/share/launches/environment/ament_prefix_path.sh
[0.812s] -- Symlinking: /home/mds/autocar-erp/autocar-erp-main/install/launches/share/launches/environment/ament_prefix_path.dsv
[0.818s] -- Symlinking: /home/mds/autocar-erp/autocar-erp-main/install/launches/share/launches/environment/path.sh
[0.823s] -- Symlinking: /home/mds/autocar-erp/autocar-erp-main/install/launches/share/launches/environment/path.dsv
[0.829s] -- Symlinking: /home/mds/autocar-erp/autocar-erp-main/install/launches/share/launches/local_setup.bash
[0.834s] -- Symlinking: /home/mds/autocar-erp/autocar-erp-main/install/launches/share/launches/local_setup.sh
[0.839s] -- Symlinking: /home/mds/autocar-erp/autocar-erp-main/install/launches/share/launches/local_setup.zsh
[0.846s] -- Symlinking: /home/mds/autocar-erp/autocar-erp-main/install/launches/share/launches/local_setup.dsv
[0.853s] -- Symlinking: /home/mds/autocar-erp/autocar-erp-main/install/launches/share/launches/package.dsv
[0.863s] -- Symlinking: /home/mds/autocar-erp/autocar-erp-main/install/launches/share/ament_index/resource_index/packages/launches
[0.872s] -- Symlinking: /home/mds/autocar-erp/autocar-erp-main/install/launches/share/launches/cmake/launchesConfig.cmake
[0.878s] -- Symlinking: /home/mds/autocar-erp/autocar-erp-main/install/launches/share/launches/cmake/launchesConfig-version.cmake
[0.883s] -- Symlinking: /home/mds/autocar-erp/autocar-erp-main/install/launches/share/launches/package.xml
[0.889s] Invoked command in '/home/mds/autocar-erp/autocar-erp-main/build/launches' returned '0': CMAKE_PREFIX_PATH=${CMAKE_PREFIX_PATH}:/home/mds/ros2_ws/install/ntrip_client:/home/mds/autocar-erp/install/perception:/home/mds/autocar-erp/install/localization:/home/mds/autocar-erp/install/local_path_planning:/home/mds/autocar-erp/install/erp_control:/opt/ros/humble /usr/bin/cmake --install /home/mds/autocar-erp/autocar-erp-main/build/launches
