[35m[1mConsolidate compiler generated dependencies of target autocar_msgs__rosidl_generator_c[0m
[ 10%] Built target autocar_msgs__rosidl_generator_c
[ 12%] Built target autocar_msgs__cpp
[ 12%] Built target ament_cmake_python_symlink_autocar_msgs
[35m[1mConsolidate compiler generated dependencies of target autocar_msgs__rosidl_typesupport_fastrtps_c[0m
[35m[1mConsolidate compiler generated dependencies of target autocar_msgs__rosidl_typesupport_c[0m
[35m[1mConsolidate compiler generated dependencies of target autocar_msgs__rosidl_typesupport_introspection_c[0m
[35m[1mConsolidate compiler generated dependencies of target autocar_msgs__rosidl_typesupport_fastrtps_cpp[0m
[35m[1mConsolidate compiler generated dependencies of target autocar_msgs__rosidl_typesupport_introspection_cpp[0m
[35m[1mConsolidate compiler generated dependencies of target autocar_msgs__rosidl_typesupport_cpp[0m
[ 23%] Built target autocar_msgs__rosidl_typesupport_fastrtps_c
[ 34%] Built target autocar_msgs__rosidl_typesupport_introspection_cpp
[ 44%] Built target autocar_msgs__rosidl_typesupport_fastrtps_cpp
[ 55%] Built target autocar_msgs__rosidl_typesupport_cpp
[ 65%] Built target autocar_msgs__rosidl_typesupport_introspection_c
[ 76%] Built target autocar_msgs__rosidl_typesupport_c
[ 76%] Built target autocar_msgs
[ 78%] Built target autocar_msgs__py
[35m[1mConsolidate compiler generated dependencies of target autocar_msgs__rosidl_generator_py[0m
[ 87%] Built target autocar_msgs__rosidl_generator_py
[35m[1mConsolidate compiler generated dependencies of target autocar_msgs__rosidl_typesupport_fastrtps_c__pyext[0m
[35m[1mConsolidate compiler generated dependencies of target autocar_msgs__rosidl_typesupport_c__pyext[0m
[35m[1mConsolidate compiler generated dependencies of target autocar_msgs__rosidl_typesupport_introspection_c__pyext[0m
[ 91%] Built target autocar_msgs__rosidl_typesupport_fastrtps_c__pyext
[ 95%] Built target autocar_msgs__rosidl_typesupport_introspection_c__pyext
[100%] Built target autocar_msgs__rosidl_typesupport_c__pyext
running egg_info
writing autocar_msgs.egg-info/PKG-INFO
writing dependency_links to autocar_msgs.egg-info/dependency_links.txt
writing top-level names to autocar_msgs.egg-info/top_level.txt
reading manifest file 'autocar_msgs.egg-info/SOURCES.txt'
writing manifest file 'autocar_msgs.egg-info/SOURCES.txt'
[100%] Built target ament_cmake_python_build_autocar_msgs_egg
-- Install configuration: ""
-- Execute custom install script
-- Symlinking: /home/hmmdyn/autocar-erp/install/autocar_msgs/share/ament_index/resource_index/rosidl_interfaces/autocar_msgs
-- Symlinking: /home/hmmdyn/autocar-erp/install/autocar_msgs/include/autocar_msgs/autocar_msgs/msg/detail/path2_d__functions.h
-- Symlinking: /home/hmmdyn/autocar-erp/install/autocar_msgs/include/autocar_msgs/autocar_msgs/msg/detail/path2_d__struct.h
-- Symlinking: /home/hmmdyn/autocar-erp/install/autocar_msgs/include/autocar_msgs/autocar_msgs/msg/detail/path2_d__type_support.h
-- Symlinking: /home/hmmdyn/autocar-erp/install/autocar_msgs/include/autocar_msgs/autocar_msgs/msg/detail/state2_d__functions.h
-- Symlinking: /home/hmmdyn/autocar-erp/install/autocar_msgs/include/autocar_msgs/autocar_msgs/msg/detail/state2_d__struct.h
-- Symlinking: /home/hmmdyn/autocar-erp/install/autocar_msgs/include/autocar_msgs/autocar_msgs/msg/detail/state2_d__type_support.h
-- Symlinking: /home/hmmdyn/autocar-erp/install/autocar_msgs/include/autocar_msgs/autocar_msgs/msg/detail/twist2_d__functions.h
-- Symlinking: /home/hmmdyn/autocar-erp/install/autocar_msgs/include/autocar_msgs/autocar_msgs/msg/detail/twist2_d__struct.h
-- Symlinking: /home/hmmdyn/autocar-erp/install/autocar_msgs/include/autocar_msgs/autocar_msgs/msg/detail/twist2_d__type_support.h
-- Symlinking: /home/hmmdyn/autocar-erp/install/autocar_msgs/include/autocar_msgs/autocar_msgs/msg/path2_d.h
-- Symlinking: /home/hmmdyn/autocar-erp/install/autocar_msgs/include/autocar_msgs/autocar_msgs/msg/rosidl_generator_c__visibility_control.h
-- Symlinking: /home/hmmdyn/autocar-erp/install/autocar_msgs/include/autocar_msgs/autocar_msgs/msg/state2_d.h
-- Symlinking: /home/hmmdyn/autocar-erp/install/autocar_msgs/include/autocar_msgs/autocar_msgs/msg/twist2_d.h
-- Symlinking: /home/hmmdyn/autocar-erp/install/autocar_msgs/share/autocar_msgs/environment/library_path.sh
-- Symlinking: /home/hmmdyn/autocar-erp/install/autocar_msgs/share/autocar_msgs/environment/library_path.dsv
-- Symlinking: /home/hmmdyn/autocar-erp/install/autocar_msgs/include/autocar_msgs/autocar_msgs/msg/detail/path2_d__rosidl_typesupport_fastrtps_c.h
-- Symlinking: /home/hmmdyn/autocar-erp/install/autocar_msgs/include/autocar_msgs/autocar_msgs/msg/detail/state2_d__rosidl_typesupport_fastrtps_c.h
-- Symlinking: /home/hmmdyn/autocar-erp/install/autocar_msgs/include/autocar_msgs/autocar_msgs/msg/detail/twist2_d__rosidl_typesupport_fastrtps_c.h
-- Symlinking: /home/hmmdyn/autocar-erp/install/autocar_msgs/include/autocar_msgs/autocar_msgs/msg/rosidl_typesupport_fastrtps_c__visibility_control.h
-- Symlinking: /home/hmmdyn/autocar-erp/install/autocar_msgs/include/autocar_msgs/autocar_msgs/msg/detail/path2_d__builder.hpp
-- Symlinking: /home/hmmdyn/autocar-erp/install/autocar_msgs/include/autocar_msgs/autocar_msgs/msg/detail/path2_d__struct.hpp
-- Symlinking: /home/hmmdyn/autocar-erp/install/autocar_msgs/include/autocar_msgs/autocar_msgs/msg/detail/path2_d__traits.hpp
-- Symlinking: /home/hmmdyn/autocar-erp/install/autocar_msgs/include/autocar_msgs/autocar_msgs/msg/detail/path2_d__type_support.hpp
-- Symlinking: /home/hmmdyn/autocar-erp/install/autocar_msgs/include/autocar_msgs/autocar_msgs/msg/detail/state2_d__builder.hpp
-- Symlinking: /home/hmmdyn/autocar-erp/install/autocar_msgs/include/autocar_msgs/autocar_msgs/msg/detail/state2_d__struct.hpp
-- Symlinking: /home/hmmdyn/autocar-erp/install/autocar_msgs/include/autocar_msgs/autocar_msgs/msg/detail/state2_d__traits.hpp
-- Symlinking: /home/hmmdyn/autocar-erp/install/autocar_msgs/include/autocar_msgs/autocar_msgs/msg/detail/state2_d__type_support.hpp
-- Symlinking: /home/hmmdyn/autocar-erp/install/autocar_msgs/include/autocar_msgs/autocar_msgs/msg/detail/twist2_d__builder.hpp
-- Symlinking: /home/hmmdyn/autocar-erp/install/autocar_msgs/include/autocar_msgs/autocar_msgs/msg/detail/twist2_d__struct.hpp
-- Symlinking: /home/hmmdyn/autocar-erp/install/autocar_msgs/include/autocar_msgs/autocar_msgs/msg/detail/twist2_d__traits.hpp
-- Symlinking: /home/hmmdyn/autocar-erp/install/autocar_msgs/include/autocar_msgs/autocar_msgs/msg/detail/twist2_d__type_support.hpp
-- Symlinking: /home/hmmdyn/autocar-erp/install/autocar_msgs/include/autocar_msgs/autocar_msgs/msg/path2_d.hpp
-- Symlinking: /home/hmmdyn/autocar-erp/install/autocar_msgs/include/autocar_msgs/autocar_msgs/msg/rosidl_generator_cpp__visibility_control.hpp
-- Symlinking: /home/hmmdyn/autocar-erp/install/autocar_msgs/include/autocar_msgs/autocar_msgs/msg/state2_d.hpp
-- Symlinking: /home/hmmdyn/autocar-erp/install/autocar_msgs/include/autocar_msgs/autocar_msgs/msg/twist2_d.hpp
-- Symlinking: /home/hmmdyn/autocar-erp/install/autocar_msgs/include/autocar_msgs/autocar_msgs/msg/detail/path2_d__rosidl_typesupport_fastrtps_cpp.hpp
-- Symlinking: /home/hmmdyn/autocar-erp/install/autocar_msgs/include/autocar_msgs/autocar_msgs/msg/detail/state2_d__rosidl_typesupport_fastrtps_cpp.hpp
-- Symlinking: /home/hmmdyn/autocar-erp/install/autocar_msgs/include/autocar_msgs/autocar_msgs/msg/detail/twist2_d__rosidl_typesupport_fastrtps_cpp.hpp
-- Symlinking: /home/hmmdyn/autocar-erp/install/autocar_msgs/include/autocar_msgs/autocar_msgs/msg/rosidl_typesupport_fastrtps_cpp__visibility_control.h
-- Symlinking: /home/hmmdyn/autocar-erp/install/autocar_msgs/include/autocar_msgs/autocar_msgs/msg/detail/path2_d__rosidl_typesupport_introspection_c.h
-- Symlinking: /home/hmmdyn/autocar-erp/install/autocar_msgs/include/autocar_msgs/autocar_msgs/msg/detail/state2_d__rosidl_typesupport_introspection_c.h
-- Symlinking: /home/hmmdyn/autocar-erp/install/autocar_msgs/include/autocar_msgs/autocar_msgs/msg/detail/twist2_d__rosidl_typesupport_introspection_c.h
-- Symlinking: /home/hmmdyn/autocar-erp/install/autocar_msgs/include/autocar_msgs/autocar_msgs/msg/rosidl_typesupport_introspection_c__visibility_control.h
-- Symlinking: /home/hmmdyn/autocar-erp/install/autocar_msgs/include/autocar_msgs/autocar_msgs/msg/detail/path2_d__rosidl_typesupport_introspection_cpp.hpp
-- Symlinking: /home/hmmdyn/autocar-erp/install/autocar_msgs/include/autocar_msgs/autocar_msgs/msg/detail/state2_d__rosidl_typesupport_introspection_cpp.hpp
-- Symlinking: /home/hmmdyn/autocar-erp/install/autocar_msgs/include/autocar_msgs/autocar_msgs/msg/detail/twist2_d__rosidl_typesupport_introspection_cpp.hpp
-- Symlinking: /home/hmmdyn/autocar-erp/install/autocar_msgs/share/autocar_msgs/environment/pythonpath.sh
-- Symlinking: /home/hmmdyn/autocar-erp/install/autocar_msgs/share/autocar_msgs/environment/pythonpath.dsv
-- Symlinking: /home/hmmdyn/autocar-erp/install/autocar_msgs/local/lib/python3.10/dist-packages/autocar_msgs-0.0.0-py3.10.egg-info/PKG-INFO
-- Symlinking: /home/hmmdyn/autocar-erp/install/autocar_msgs/local/lib/python3.10/dist-packages/autocar_msgs-0.0.0-py3.10.egg-info/SOURCES.txt
-- Symlinking: /home/hmmdyn/autocar-erp/install/autocar_msgs/local/lib/python3.10/dist-packages/autocar_msgs-0.0.0-py3.10.egg-info/dependency_links.txt
-- Symlinking: /home/hmmdyn/autocar-erp/install/autocar_msgs/local/lib/python3.10/dist-packages/autocar_msgs-0.0.0-py3.10.egg-info/top_level.txt
-- Symlinking: /home/hmmdyn/autocar-erp/install/autocar_msgs/local/lib/python3.10/dist-packages/autocar_msgs/__init__.py
-- Symlinking: /home/hmmdyn/autocar-erp/install/autocar_msgs/local/lib/python3.10/dist-packages/autocar_msgs/_autocar_msgs_s.ep.rosidl_typesupport_c.c
-- Symlinking: /home/hmmdyn/autocar-erp/install/autocar_msgs/local/lib/python3.10/dist-packages/autocar_msgs/_autocar_msgs_s.ep.rosidl_typesupport_fastrtps_c.c
-- Symlinking: /home/hmmdyn/autocar-erp/install/autocar_msgs/local/lib/python3.10/dist-packages/autocar_msgs/_autocar_msgs_s.ep.rosidl_typesupport_introspection_c.c
-- Symlinking: /home/hmmdyn/autocar-erp/install/autocar_msgs/local/lib/python3.10/dist-packages/autocar_msgs/autocar_msgs_s__rosidl_typesupport_c.cpython-310-x86_64-linux-gnu.so
-- Symlinking: /home/hmmdyn/autocar-erp/install/autocar_msgs/local/lib/python3.10/dist-packages/autocar_msgs/autocar_msgs_s__rosidl_typesupport_fastrtps_c.cpython-310-x86_64-linux-gnu.so
-- Symlinking: /home/hmmdyn/autocar-erp/install/autocar_msgs/local/lib/python3.10/dist-packages/autocar_msgs/autocar_msgs_s__rosidl_typesupport_introspection_c.cpython-310-x86_64-linux-gnu.so
-- Symlinking: /home/hmmdyn/autocar-erp/install/autocar_msgs/local/lib/python3.10/dist-packages/autocar_msgs/libautocar_msgs__rosidl_generator_py.so
-- Symlinking: /home/hmmdyn/autocar-erp/install/autocar_msgs/local/lib/python3.10/dist-packages/autocar_msgs/msg/__init__.py
-- Symlinking: /home/hmmdyn/autocar-erp/install/autocar_msgs/local/lib/python3.10/dist-packages/autocar_msgs/msg/_path2_d.py
-- Symlinking: /home/hmmdyn/autocar-erp/install/autocar_msgs/local/lib/python3.10/dist-packages/autocar_msgs/msg/_path2_d_s.c
-- Symlinking: /home/hmmdyn/autocar-erp/install/autocar_msgs/local/lib/python3.10/dist-packages/autocar_msgs/msg/_state2_d.py
-- Symlinking: /home/hmmdyn/autocar-erp/install/autocar_msgs/local/lib/python3.10/dist-packages/autocar_msgs/msg/_state2_d_s.c
-- Symlinking: /home/hmmdyn/autocar-erp/install/autocar_msgs/local/lib/python3.10/dist-packages/autocar_msgs/msg/_twist2_d.py
-- Symlinking: /home/hmmdyn/autocar-erp/install/autocar_msgs/local/lib/python3.10/dist-packages/autocar_msgs/msg/_twist2_d_s.c
-- Up-to-date symlink: /home/hmmdyn/autocar-erp/install/autocar_msgs/local/lib/python3.10/dist-packages/autocar_msgs/autocar_msgs_s__rosidl_typesupport_fastrtps_c.cpython-310-x86_64-linux-gnu.so
-- Up-to-date symlink: /home/hmmdyn/autocar-erp/install/autocar_msgs/local/lib/python3.10/dist-packages/autocar_msgs/autocar_msgs_s__rosidl_typesupport_introspection_c.cpython-310-x86_64-linux-gnu.so
-- Up-to-date symlink: /home/hmmdyn/autocar-erp/install/autocar_msgs/local/lib/python3.10/dist-packages/autocar_msgs/autocar_msgs_s__rosidl_typesupport_c.cpython-310-x86_64-linux-gnu.so
-- Symlinking: /home/hmmdyn/autocar-erp/install/autocar_msgs/share/autocar_msgs/msg/Path2D.idl
-- Symlinking: /home/hmmdyn/autocar-erp/install/autocar_msgs/share/autocar_msgs/msg/State2D.idl
-- Symlinking: /home/hmmdyn/autocar-erp/install/autocar_msgs/share/autocar_msgs/msg/Twist2D.idl
-- Symlinking: /home/hmmdyn/autocar-erp/install/autocar_msgs/share/autocar_msgs/msg/Path2D.msg
-- Symlinking: /home/hmmdyn/autocar-erp/install/autocar_msgs/share/autocar_msgs/msg/State2D.msg
-- Symlinking: /home/hmmdyn/autocar-erp/install/autocar_msgs/share/autocar_msgs/msg/Twist2D.msg
-- Symlinking: /home/hmmdyn/autocar-erp/install/autocar_msgs/share/ament_index/resource_index/package_run_dependencies/autocar_msgs
-- Symlinking: /home/hmmdyn/autocar-erp/install/autocar_msgs/share/ament_index/resource_index/parent_prefix_path/autocar_msgs
-- Symlinking: /home/hmmdyn/autocar-erp/install/autocar_msgs/share/autocar_msgs/environment/ament_prefix_path.sh
-- Symlinking: /home/hmmdyn/autocar-erp/install/autocar_msgs/share/autocar_msgs/environment/ament_prefix_path.dsv
-- Symlinking: /home/hmmdyn/autocar-erp/install/autocar_msgs/share/autocar_msgs/environment/path.sh
-- Symlinking: /home/hmmdyn/autocar-erp/install/autocar_msgs/share/autocar_msgs/environment/path.dsv
-- Symlinking: /home/hmmdyn/autocar-erp/install/autocar_msgs/share/autocar_msgs/local_setup.bash
-- Symlinking: /home/hmmdyn/autocar-erp/install/autocar_msgs/share/autocar_msgs/local_setup.sh
-- Symlinking: /home/hmmdyn/autocar-erp/install/autocar_msgs/share/autocar_msgs/local_setup.zsh
-- Symlinking: /home/hmmdyn/autocar-erp/install/autocar_msgs/share/autocar_msgs/local_setup.dsv
-- Symlinking: /home/hmmdyn/autocar-erp/install/autocar_msgs/share/autocar_msgs/package.dsv
-- Symlinking: /home/hmmdyn/autocar-erp/install/autocar_msgs/share/ament_index/resource_index/packages/autocar_msgs
-- Symlinking: /home/hmmdyn/autocar-erp/install/autocar_msgs/share/autocar_msgs/cmake/rosidl_cmake-extras.cmake
-- Symlinking: /home/hmmdyn/autocar-erp/install/autocar_msgs/share/autocar_msgs/cmake/ament_cmake_export_dependencies-extras.cmake
-- Symlinking: /home/hmmdyn/autocar-erp/install/autocar_msgs/share/autocar_msgs/cmake/ament_cmake_export_include_directories-extras.cmake
-- Symlinking: /home/hmmdyn/autocar-erp/install/autocar_msgs/share/autocar_msgs/cmake/ament_cmake_export_libraries-extras.cmake
-- Symlinking: /home/hmmdyn/autocar-erp/install/autocar_msgs/share/autocar_msgs/cmake/ament_cmake_export_targets-extras.cmake
-- Symlinking: /home/hmmdyn/autocar-erp/install/autocar_msgs/share/autocar_msgs/cmake/rosidl_cmake_export_typesupport_targets-extras.cmake
-- Symlinking: /home/hmmdyn/autocar-erp/install/autocar_msgs/share/autocar_msgs/cmake/rosidl_cmake_export_typesupport_libraries-extras.cmake
-- Symlinking: /home/hmmdyn/autocar-erp/install/autocar_msgs/share/autocar_msgs/cmake/autocar_msgsConfig.cmake
-- Symlinking: /home/hmmdyn/autocar-erp/install/autocar_msgs/share/autocar_msgs/cmake/autocar_msgsConfig-version.cmake
-- Symlinking: /home/hmmdyn/autocar-erp/install/autocar_msgs/share/autocar_msgs/package.xml
-- Installing: /home/hmmdyn/autocar-erp/install/autocar_msgs/lib/libautocar_msgs__rosidl_generator_c.so
-- Set runtime path of "/home/hmmdyn/autocar-erp/install/autocar_msgs/lib/libautocar_msgs__rosidl_generator_c.so" to ""
-- Installing: /home/hmmdyn/autocar-erp/install/autocar_msgs/lib/libautocar_msgs__rosidl_typesupport_fastrtps_c.so
-- Set runtime path of "/home/hmmdyn/autocar-erp/install/autocar_msgs/lib/libautocar_msgs__rosidl_typesupport_fastrtps_c.so" to ""
-- Installing: /home/hmmdyn/autocar-erp/install/autocar_msgs/lib/libautocar_msgs__rosidl_typesupport_fastrtps_cpp.so
-- Set runtime path of "/home/hmmdyn/autocar-erp/install/autocar_msgs/lib/libautocar_msgs__rosidl_typesupport_fastrtps_cpp.so" to ""
-- Installing: /home/hmmdyn/autocar-erp/install/autocar_msgs/lib/libautocar_msgs__rosidl_typesupport_introspection_c.so
-- Set runtime path of "/home/hmmdyn/autocar-erp/install/autocar_msgs/lib/libautocar_msgs__rosidl_typesupport_introspection_c.so" to ""
-- Installing: /home/hmmdyn/autocar-erp/install/autocar_msgs/lib/libautocar_msgs__rosidl_typesupport_c.so
-- Set runtime path of "/home/hmmdyn/autocar-erp/install/autocar_msgs/lib/libautocar_msgs__rosidl_typesupport_c.so" to ""
-- Installing: /home/hmmdyn/autocar-erp/install/autocar_msgs/lib/libautocar_msgs__rosidl_typesupport_introspection_cpp.so
-- Set runtime path of "/home/hmmdyn/autocar-erp/install/autocar_msgs/lib/libautocar_msgs__rosidl_typesupport_introspection_cpp.so" to ""
-- Installing: /home/hmmdyn/autocar-erp/install/autocar_msgs/lib/libautocar_msgs__rosidl_typesupport_cpp.so
-- Set runtime path of "/home/hmmdyn/autocar-erp/install/autocar_msgs/lib/libautocar_msgs__rosidl_typesupport_cpp.so" to ""
Listing '/home/hmmdyn/autocar-erp/install/autocar_msgs/local/lib/python3.10/dist-packages/autocar_msgs'...
Compiling '/home/hmmdyn/autocar-erp/install/autocar_msgs/local/lib/python3.10/dist-packages/autocar_msgs/__init__.py'...
Listing '/home/hmmdyn/autocar-erp/install/autocar_msgs/local/lib/python3.10/dist-packages/autocar_msgs/msg'...
Compiling '/home/hmmdyn/autocar-erp/install/autocar_msgs/local/lib/python3.10/dist-packages/autocar_msgs/msg/__init__.py'...
Compiling '/home/hmmdyn/autocar-erp/install/autocar_msgs/local/lib/python3.10/dist-packages/autocar_msgs/msg/_path2_d.py'...
Compiling '/home/hmmdyn/autocar-erp/install/autocar_msgs/local/lib/python3.10/dist-packages/autocar_msgs/msg/_state2_d.py'...
Compiling '/home/hmmdyn/autocar-erp/install/autocar_msgs/local/lib/python3.10/dist-packages/autocar_msgs/msg/_twist2_d.py'...
-- Installing: /home/hmmdyn/autocar-erp/install/autocar_msgs/lib/libautocar_msgs__rosidl_generator_py.so
-- Set runtime path of "/home/hmmdyn/autocar-erp/install/autocar_msgs/lib/libautocar_msgs__rosidl_generator_py.so" to ""
-- Installing: /home/hmmdyn/autocar-erp/install/autocar_msgs/share/autocar_msgs/cmake/export_autocar_msgs__rosidl_generator_cExport.cmake
-- Installing: /home/hmmdyn/autocar-erp/install/autocar_msgs/share/autocar_msgs/cmake/export_autocar_msgs__rosidl_generator_cExport-noconfig.cmake
-- Installing: /home/hmmdyn/autocar-erp/install/autocar_msgs/share/autocar_msgs/cmake/export_autocar_msgs__rosidl_typesupport_fastrtps_cExport.cmake
-- Installing: /home/hmmdyn/autocar-erp/install/autocar_msgs/share/autocar_msgs/cmake/export_autocar_msgs__rosidl_typesupport_fastrtps_cExport-noconfig.cmake
-- Installing: /home/hmmdyn/autocar-erp/install/autocar_msgs/share/autocar_msgs/cmake/export_autocar_msgs__rosidl_generator_cppExport.cmake
-- Installing: /home/hmmdyn/autocar-erp/install/autocar_msgs/share/autocar_msgs/cmake/export_autocar_msgs__rosidl_typesupport_fastrtps_cppExport.cmake
-- Installing: /home/hmmdyn/autocar-erp/install/autocar_msgs/share/autocar_msgs/cmake/export_autocar_msgs__rosidl_typesupport_fastrtps_cppExport-noconfig.cmake
-- Installing: /home/hmmdyn/autocar-erp/install/autocar_msgs/share/autocar_msgs/cmake/autocar_msgs__rosidl_typesupport_introspection_cExport.cmake
-- Installing: /home/hmmdyn/autocar-erp/install/autocar_msgs/share/autocar_msgs/cmake/autocar_msgs__rosidl_typesupport_introspection_cExport-noconfig.cmake
-- Installing: /home/hmmdyn/autocar-erp/install/autocar_msgs/share/autocar_msgs/cmake/autocar_msgs__rosidl_typesupport_cExport.cmake
-- Installing: /home/hmmdyn/autocar-erp/install/autocar_msgs/share/autocar_msgs/cmake/autocar_msgs__rosidl_typesupport_cExport-noconfig.cmake
-- Installing: /home/hmmdyn/autocar-erp/install/autocar_msgs/share/autocar_msgs/cmake/autocar_msgs__rosidl_typesupport_introspection_cppExport.cmake
-- Installing: /home/hmmdyn/autocar-erp/install/autocar_msgs/share/autocar_msgs/cmake/autocar_msgs__rosidl_typesupport_introspection_cppExport-noconfig.cmake
-- Installing: /home/hmmdyn/autocar-erp/install/autocar_msgs/share/autocar_msgs/cmake/autocar_msgs__rosidl_typesupport_cppExport.cmake
-- Installing: /home/hmmdyn/autocar-erp/install/autocar_msgs/share/autocar_msgs/cmake/autocar_msgs__rosidl_typesupport_cppExport-noconfig.cmake
-- Installing: /home/hmmdyn/autocar-erp/install/autocar_msgs/share/autocar_msgs/cmake/export_autocar_msgs__rosidl_generator_pyExport.cmake
-- Installing: /home/hmmdyn/autocar-erp/install/autocar_msgs/share/autocar_msgs/cmake/export_autocar_msgs__rosidl_generator_pyExport-noconfig.cmake
