[0.529s] Invoking command in '/home/hmmdyn/autocar-erp/build/autocar_msgs': CMAKE_PREFIX_PATH=${CMAKE_PREFIX_PATH}:/home/hmmdyn/autocar-erp/install/rqt_carla_control:/home/hmmdyn/autocar-erp/install/carla_waypoint_publisher:/home/hmmdyn/autocar-erp/install/carla_ackermann_control:/home/hmmdyn/autocar-erp/install/carla_ros_bridge:/home/hmmdyn/autocar-erp/install/carla_spawn_objects:/home/hmmdyn/autocar-erp/install/carla_manual_control:/home/hmmdyn/autocar-erp/install/carla_ad_agent:/home/hmmdyn/autocar-erp/install/ros_compatibility:/home/hmmdyn/autocar-erp/install/erp_control:/home/hmmdyn/autocar-erp/install/carla_walker_agent:/home/hmmdyn/autocar-erp/install/carla_twist_to_control:/home/hmmdyn/autocar-erp/install/carla_ros_scenario_runner:/home/hmmdyn/autocar-erp/install/carla_common:/opt/ros/humble /usr/bin/cmake --build /home/hmmdyn/autocar-erp/build/autocar_msgs -- -j12 -l12
[1.166s] [35m[1mConsolidate compiler generated dependencies of target autocar_msgs__rosidl_generator_c[0m
[1.166s] [ 10%] Built target autocar_msgs__rosidl_generator_c
[1.166s] [ 12%] Built target autocar_msgs__cpp
[1.166s] [ 12%] Built target ament_cmake_python_symlink_autocar_msgs
[1.166s] [35m[1mConsolidate compiler generated dependencies of target autocar_msgs__rosidl_typesupport_fastrtps_c[0m
[1.166s] [35m[1mConsolidate compiler generated dependencies of target autocar_msgs__rosidl_typesupport_c[0m
[1.166s] [35m[1mConsolidate compiler generated dependencies of target autocar_msgs__rosidl_typesupport_introspection_c[0m
[1.166s] [35m[1mConsolidate compiler generated dependencies of target autocar_msgs__rosidl_typesupport_fastrtps_cpp[0m
[1.166s] [35m[1mConsolidate compiler generated dependencies of target autocar_msgs__rosidl_typesupport_introspection_cpp[0m
[1.166s] [35m[1mConsolidate compiler generated dependencies of target autocar_msgs__rosidl_typesupport_cpp[0m
[1.166s] [ 23%] Built target autocar_msgs__rosidl_typesupport_fastrtps_c
[1.166s] [ 34%] Built target autocar_msgs__rosidl_typesupport_introspection_cpp
[1.166s] [ 44%] Built target autocar_msgs__rosidl_typesupport_fastrtps_cpp
[1.166s] [ 55%] Built target autocar_msgs__rosidl_typesupport_cpp
[1.166s] [ 65%] Built target autocar_msgs__rosidl_typesupport_introspection_c
[1.166s] [ 76%] Built target autocar_msgs__rosidl_typesupport_c
[1.166s] [ 76%] Built target autocar_msgs
[1.166s] [ 78%] Built target autocar_msgs__py
[1.166s] [35m[1mConsolidate compiler generated dependencies of target autocar_msgs__rosidl_generator_py[0m
[1.167s] [ 87%] Built target autocar_msgs__rosidl_generator_py
[1.167s] [35m[1mConsolidate compiler generated dependencies of target autocar_msgs__rosidl_typesupport_fastrtps_c__pyext[0m
[1.167s] [35m[1mConsolidate compiler generated dependencies of target autocar_msgs__rosidl_typesupport_c__pyext[0m
[1.167s] [35m[1mConsolidate compiler generated dependencies of target autocar_msgs__rosidl_typesupport_introspection_c__pyext[0m
[1.167s] [ 91%] Built target autocar_msgs__rosidl_typesupport_fastrtps_c__pyext
[1.167s] [ 95%] Built target autocar_msgs__rosidl_typesupport_introspection_c__pyext
[1.167s] [100%] Built target autocar_msgs__rosidl_typesupport_c__pyext
[1.167s] running egg_info
[1.167s] writing autocar_msgs.egg-info/PKG-INFO
[1.167s] writing dependency_links to autocar_msgs.egg-info/dependency_links.txt
[1.167s] writing top-level names to autocar_msgs.egg-info/top_level.txt
[1.167s] reading manifest file 'autocar_msgs.egg-info/SOURCES.txt'
[1.167s] writing manifest file 'autocar_msgs.egg-info/SOURCES.txt'
[1.167s] [100%] Built target ament_cmake_python_build_autocar_msgs_egg
[1.187s] Invoked command in '/home/hmmdyn/autocar-erp/build/autocar_msgs' returned '0': CMAKE_PREFIX_PATH=${CMAKE_PREFIX_PATH}:/home/hmmdyn/autocar-erp/install/rqt_carla_control:/home/hmmdyn/autocar-erp/install/carla_waypoint_publisher:/home/hmmdyn/autocar-erp/install/carla_ackermann_control:/home/hmmdyn/autocar-erp/install/carla_ros_bridge:/home/hmmdyn/autocar-erp/install/carla_spawn_objects:/home/hmmdyn/autocar-erp/install/carla_manual_control:/home/hmmdyn/autocar-erp/install/carla_ad_agent:/home/hmmdyn/autocar-erp/install/ros_compatibility:/home/hmmdyn/autocar-erp/install/erp_control:/home/hmmdyn/autocar-erp/install/carla_walker_agent:/home/hmmdyn/autocar-erp/install/carla_twist_to_control:/home/hmmdyn/autocar-erp/install/carla_ros_scenario_runner:/home/hmmdyn/autocar-erp/install/carla_common:/opt/ros/humble /usr/bin/cmake --build /home/hmmdyn/autocar-erp/build/autocar_msgs -- -j12 -l12
[1.188s] Invoking command in '/home/hmmdyn/autocar-erp/build/autocar_msgs': CMAKE_PREFIX_PATH=${CMAKE_PREFIX_PATH}:/home/hmmdyn/autocar-erp/install/rqt_carla_control:/home/hmmdyn/autocar-erp/install/carla_waypoint_publisher:/home/hmmdyn/autocar-erp/install/carla_ackermann_control:/home/hmmdyn/autocar-erp/install/carla_ros_bridge:/home/hmmdyn/autocar-erp/install/carla_spawn_objects:/home/hmmdyn/autocar-erp/install/carla_manual_control:/home/hmmdyn/autocar-erp/install/carla_ad_agent:/home/hmmdyn/autocar-erp/install/ros_compatibility:/home/hmmdyn/autocar-erp/install/erp_control:/home/hmmdyn/autocar-erp/install/carla_walker_agent:/home/hmmdyn/autocar-erp/install/carla_twist_to_control:/home/hmmdyn/autocar-erp/install/carla_ros_scenario_runner:/home/hmmdyn/autocar-erp/install/carla_common:/opt/ros/humble /usr/bin/cmake --install /home/hmmdyn/autocar-erp/build/autocar_msgs
[1.215s] -- Install configuration: ""
[1.215s] -- Execute custom install script
[1.215s] -- Symlinking: /home/hmmdyn/autocar-erp/install/autocar_msgs/share/ament_index/resource_index/rosidl_interfaces/autocar_msgs
[1.216s] -- Symlinking: /home/hmmdyn/autocar-erp/install/autocar_msgs/include/autocar_msgs/autocar_msgs/msg/detail/path2_d__functions.h
[1.230s] -- Symlinking: /home/hmmdyn/autocar-erp/install/autocar_msgs/include/autocar_msgs/autocar_msgs/msg/detail/path2_d__struct.h
[1.248s] -- Symlinking: /home/hmmdyn/autocar-erp/install/autocar_msgs/include/autocar_msgs/autocar_msgs/msg/detail/path2_d__type_support.h
[1.275s] -- Symlinking: /home/hmmdyn/autocar-erp/install/autocar_msgs/include/autocar_msgs/autocar_msgs/msg/detail/state2_d__functions.h
[1.277s] -- Symlinking: /home/hmmdyn/autocar-erp/install/autocar_msgs/include/autocar_msgs/autocar_msgs/msg/detail/state2_d__struct.h
[1.289s] -- Symlinking: /home/hmmdyn/autocar-erp/install/autocar_msgs/include/autocar_msgs/autocar_msgs/msg/detail/state2_d__type_support.h
[1.301s] -- Symlinking: /home/hmmdyn/autocar-erp/install/autocar_msgs/include/autocar_msgs/autocar_msgs/msg/detail/twist2_d__functions.h
[1.322s] -- Symlinking: /home/hmmdyn/autocar-erp/install/autocar_msgs/include/autocar_msgs/autocar_msgs/msg/detail/twist2_d__struct.h
[1.331s] -- Symlinking: /home/hmmdyn/autocar-erp/install/autocar_msgs/include/autocar_msgs/autocar_msgs/msg/detail/twist2_d__type_support.h
[1.351s] -- Symlinking: /home/hmmdyn/autocar-erp/install/autocar_msgs/include/autocar_msgs/autocar_msgs/msg/path2_d.h
[1.361s] -- Symlinking: /home/hmmdyn/autocar-erp/install/autocar_msgs/include/autocar_msgs/autocar_msgs/msg/rosidl_generator_c__visibility_control.h
[1.380s] -- Symlinking: /home/hmmdyn/autocar-erp/install/autocar_msgs/include/autocar_msgs/autocar_msgs/msg/state2_d.h
[1.397s] -- Symlinking: /home/hmmdyn/autocar-erp/install/autocar_msgs/include/autocar_msgs/autocar_msgs/msg/twist2_d.h
[1.417s] -- Symlinking: /home/hmmdyn/autocar-erp/install/autocar_msgs/share/autocar_msgs/environment/library_path.sh
[1.426s] -- Symlinking: /home/hmmdyn/autocar-erp/install/autocar_msgs/share/autocar_msgs/environment/library_path.dsv
[1.438s] -- Symlinking: /home/hmmdyn/autocar-erp/install/autocar_msgs/include/autocar_msgs/autocar_msgs/msg/detail/path2_d__rosidl_typesupport_fastrtps_c.h
[1.459s] -- Symlinking: /home/hmmdyn/autocar-erp/install/autocar_msgs/include/autocar_msgs/autocar_msgs/msg/detail/state2_d__rosidl_typesupport_fastrtps_c.h
[1.475s] -- Symlinking: /home/hmmdyn/autocar-erp/install/autocar_msgs/include/autocar_msgs/autocar_msgs/msg/detail/twist2_d__rosidl_typesupport_fastrtps_c.h
[1.497s] -- Symlinking: /home/hmmdyn/autocar-erp/install/autocar_msgs/include/autocar_msgs/autocar_msgs/msg/rosidl_typesupport_fastrtps_c__visibility_control.h
[1.507s] -- Symlinking: /home/hmmdyn/autocar-erp/install/autocar_msgs/include/autocar_msgs/autocar_msgs/msg/detail/path2_d__builder.hpp
[1.522s] -- Symlinking: /home/hmmdyn/autocar-erp/install/autocar_msgs/include/autocar_msgs/autocar_msgs/msg/detail/path2_d__struct.hpp
[1.538s] -- Symlinking: /home/hmmdyn/autocar-erp/install/autocar_msgs/include/autocar_msgs/autocar_msgs/msg/detail/path2_d__traits.hpp
[1.556s] -- Symlinking: /home/hmmdyn/autocar-erp/install/autocar_msgs/include/autocar_msgs/autocar_msgs/msg/detail/path2_d__type_support.hpp
[1.572s] -- Symlinking: /home/hmmdyn/autocar-erp/install/autocar_msgs/include/autocar_msgs/autocar_msgs/msg/detail/state2_d__builder.hpp
[1.591s] -- Symlinking: /home/hmmdyn/autocar-erp/install/autocar_msgs/include/autocar_msgs/autocar_msgs/msg/detail/state2_d__struct.hpp
[1.604s] -- Symlinking: /home/hmmdyn/autocar-erp/install/autocar_msgs/include/autocar_msgs/autocar_msgs/msg/detail/state2_d__traits.hpp
[1.622s] -- Symlinking: /home/hmmdyn/autocar-erp/install/autocar_msgs/include/autocar_msgs/autocar_msgs/msg/detail/state2_d__type_support.hpp
[1.632s] -- Symlinking: /home/hmmdyn/autocar-erp/install/autocar_msgs/include/autocar_msgs/autocar_msgs/msg/detail/twist2_d__builder.hpp
[1.641s] -- Symlinking: /home/hmmdyn/autocar-erp/install/autocar_msgs/include/autocar_msgs/autocar_msgs/msg/detail/twist2_d__struct.hpp
[1.660s] -- Symlinking: /home/hmmdyn/autocar-erp/install/autocar_msgs/include/autocar_msgs/autocar_msgs/msg/detail/twist2_d__traits.hpp
[1.667s] -- Symlinking: /home/hmmdyn/autocar-erp/install/autocar_msgs/include/autocar_msgs/autocar_msgs/msg/detail/twist2_d__type_support.hpp
[1.678s] -- Symlinking: /home/hmmdyn/autocar-erp/install/autocar_msgs/include/autocar_msgs/autocar_msgs/msg/path2_d.hpp
[1.694s] -- Symlinking: /home/hmmdyn/autocar-erp/install/autocar_msgs/include/autocar_msgs/autocar_msgs/msg/rosidl_generator_cpp__visibility_control.hpp
[1.703s] -- Symlinking: /home/hmmdyn/autocar-erp/install/autocar_msgs/include/autocar_msgs/autocar_msgs/msg/state2_d.hpp
[1.719s] -- Symlinking: /home/hmmdyn/autocar-erp/install/autocar_msgs/include/autocar_msgs/autocar_msgs/msg/twist2_d.hpp
[1.730s] -- Symlinking: /home/hmmdyn/autocar-erp/install/autocar_msgs/include/autocar_msgs/autocar_msgs/msg/detail/path2_d__rosidl_typesupport_fastrtps_cpp.hpp
[1.743s] -- Symlinking: /home/hmmdyn/autocar-erp/install/autocar_msgs/include/autocar_msgs/autocar_msgs/msg/detail/state2_d__rosidl_typesupport_fastrtps_cpp.hpp
[1.753s] -- Symlinking: /home/hmmdyn/autocar-erp/install/autocar_msgs/include/autocar_msgs/autocar_msgs/msg/detail/twist2_d__rosidl_typesupport_fastrtps_cpp.hpp
[1.764s] -- Symlinking: /home/hmmdyn/autocar-erp/install/autocar_msgs/include/autocar_msgs/autocar_msgs/msg/rosidl_typesupport_fastrtps_cpp__visibility_control.h
[1.776s] -- Symlinking: /home/hmmdyn/autocar-erp/install/autocar_msgs/include/autocar_msgs/autocar_msgs/msg/detail/path2_d__rosidl_typesupport_introspection_c.h
[1.792s] -- Symlinking: /home/hmmdyn/autocar-erp/install/autocar_msgs/include/autocar_msgs/autocar_msgs/msg/detail/state2_d__rosidl_typesupport_introspection_c.h
[1.796s] -- Symlinking: /home/hmmdyn/autocar-erp/install/autocar_msgs/include/autocar_msgs/autocar_msgs/msg/detail/twist2_d__rosidl_typesupport_introspection_c.h
[1.807s] -- Symlinking: /home/hmmdyn/autocar-erp/install/autocar_msgs/include/autocar_msgs/autocar_msgs/msg/rosidl_typesupport_introspection_c__visibility_control.h
[1.819s] -- Symlinking: /home/hmmdyn/autocar-erp/install/autocar_msgs/include/autocar_msgs/autocar_msgs/msg/detail/path2_d__rosidl_typesupport_introspection_cpp.hpp
[1.829s] -- Symlinking: /home/hmmdyn/autocar-erp/install/autocar_msgs/include/autocar_msgs/autocar_msgs/msg/detail/state2_d__rosidl_typesupport_introspection_cpp.hpp
[1.842s] -- Symlinking: /home/hmmdyn/autocar-erp/install/autocar_msgs/include/autocar_msgs/autocar_msgs/msg/detail/twist2_d__rosidl_typesupport_introspection_cpp.hpp
[1.851s] -- Symlinking: /home/hmmdyn/autocar-erp/install/autocar_msgs/share/autocar_msgs/environment/pythonpath.sh
[1.872s] -- Symlinking: /home/hmmdyn/autocar-erp/install/autocar_msgs/share/autocar_msgs/environment/pythonpath.dsv
[1.881s] -- Symlinking: /home/hmmdyn/autocar-erp/install/autocar_msgs/local/lib/python3.10/dist-packages/autocar_msgs-0.0.0-py3.10.egg-info/PKG-INFO
[1.896s] -- Symlinking: /home/hmmdyn/autocar-erp/install/autocar_msgs/local/lib/python3.10/dist-packages/autocar_msgs-0.0.0-py3.10.egg-info/SOURCES.txt
[1.918s] -- Symlinking: /home/hmmdyn/autocar-erp/install/autocar_msgs/local/lib/python3.10/dist-packages/autocar_msgs-0.0.0-py3.10.egg-info/dependency_links.txt
[1.935s] -- Symlinking: /home/hmmdyn/autocar-erp/install/autocar_msgs/local/lib/python3.10/dist-packages/autocar_msgs-0.0.0-py3.10.egg-info/top_level.txt
[1.946s] -- Symlinking: /home/hmmdyn/autocar-erp/install/autocar_msgs/local/lib/python3.10/dist-packages/autocar_msgs/__init__.py
[1.965s] -- Symlinking: /home/hmmdyn/autocar-erp/install/autocar_msgs/local/lib/python3.10/dist-packages/autocar_msgs/_autocar_msgs_s.ep.rosidl_typesupport_c.c
[1.977s] -- Symlinking: /home/hmmdyn/autocar-erp/install/autocar_msgs/local/lib/python3.10/dist-packages/autocar_msgs/_autocar_msgs_s.ep.rosidl_typesupport_fastrtps_c.c
[1.989s] -- Symlinking: /home/hmmdyn/autocar-erp/install/autocar_msgs/local/lib/python3.10/dist-packages/autocar_msgs/_autocar_msgs_s.ep.rosidl_typesupport_introspection_c.c
[2.000s] -- Symlinking: /home/hmmdyn/autocar-erp/install/autocar_msgs/local/lib/python3.10/dist-packages/autocar_msgs/autocar_msgs_s__rosidl_typesupport_c.cpython-310-x86_64-linux-gnu.so
[2.015s] -- Symlinking: /home/hmmdyn/autocar-erp/install/autocar_msgs/local/lib/python3.10/dist-packages/autocar_msgs/autocar_msgs_s__rosidl_typesupport_fastrtps_c.cpython-310-x86_64-linux-gnu.so
[2.028s] -- Symlinking: /home/hmmdyn/autocar-erp/install/autocar_msgs/local/lib/python3.10/dist-packages/autocar_msgs/autocar_msgs_s__rosidl_typesupport_introspection_c.cpython-310-x86_64-linux-gnu.so
[2.038s] -- Symlinking: /home/hmmdyn/autocar-erp/install/autocar_msgs/local/lib/python3.10/dist-packages/autocar_msgs/libautocar_msgs__rosidl_generator_py.so
[2.048s] -- Symlinking: /home/hmmdyn/autocar-erp/install/autocar_msgs/local/lib/python3.10/dist-packages/autocar_msgs/msg/__init__.py
[2.066s] -- Symlinking: /home/hmmdyn/autocar-erp/install/autocar_msgs/local/lib/python3.10/dist-packages/autocar_msgs/msg/_path2_d.py
[2.074s] -- Symlinking: /home/hmmdyn/autocar-erp/install/autocar_msgs/local/lib/python3.10/dist-packages/autocar_msgs/msg/_path2_d_s.c
[2.089s] -- Symlinking: /home/hmmdyn/autocar-erp/install/autocar_msgs/local/lib/python3.10/dist-packages/autocar_msgs/msg/_state2_d.py
[2.097s] -- Symlinking: /home/hmmdyn/autocar-erp/install/autocar_msgs/local/lib/python3.10/dist-packages/autocar_msgs/msg/_state2_d_s.c
[2.104s] -- Symlinking: /home/hmmdyn/autocar-erp/install/autocar_msgs/local/lib/python3.10/dist-packages/autocar_msgs/msg/_twist2_d.py
[2.119s] -- Symlinking: /home/hmmdyn/autocar-erp/install/autocar_msgs/local/lib/python3.10/dist-packages/autocar_msgs/msg/_twist2_d_s.c
[2.128s] -- Up-to-date symlink: /home/hmmdyn/autocar-erp/install/autocar_msgs/local/lib/python3.10/dist-packages/autocar_msgs/autocar_msgs_s__rosidl_typesupport_fastrtps_c.cpython-310-x86_64-linux-gnu.so
[2.128s] -- Up-to-date symlink: /home/hmmdyn/autocar-erp/install/autocar_msgs/local/lib/python3.10/dist-packages/autocar_msgs/autocar_msgs_s__rosidl_typesupport_introspection_c.cpython-310-x86_64-linux-gnu.so
[2.129s] -- Up-to-date symlink: /home/hmmdyn/autocar-erp/install/autocar_msgs/local/lib/python3.10/dist-packages/autocar_msgs/autocar_msgs_s__rosidl_typesupport_c.cpython-310-x86_64-linux-gnu.so
[2.129s] -- Symlinking: /home/hmmdyn/autocar-erp/install/autocar_msgs/share/autocar_msgs/msg/Path2D.idl
[2.137s] -- Symlinking: /home/hmmdyn/autocar-erp/install/autocar_msgs/share/autocar_msgs/msg/State2D.idl
[2.150s] -- Symlinking: /home/hmmdyn/autocar-erp/install/autocar_msgs/share/autocar_msgs/msg/Twist2D.idl
[2.159s] -- Symlinking: /home/hmmdyn/autocar-erp/install/autocar_msgs/share/autocar_msgs/msg/Path2D.msg
[2.175s] -- Symlinking: /home/hmmdyn/autocar-erp/install/autocar_msgs/share/autocar_msgs/msg/State2D.msg
[2.183s] -- Symlinking: /home/hmmdyn/autocar-erp/install/autocar_msgs/share/autocar_msgs/msg/Twist2D.msg
[2.198s] -- Symlinking: /home/hmmdyn/autocar-erp/install/autocar_msgs/share/ament_index/resource_index/package_run_dependencies/autocar_msgs
[2.212s] -- Symlinking: /home/hmmdyn/autocar-erp/install/autocar_msgs/share/ament_index/resource_index/parent_prefix_path/autocar_msgs
[2.233s] -- Symlinking: /home/hmmdyn/autocar-erp/install/autocar_msgs/share/autocar_msgs/environment/ament_prefix_path.sh
[2.242s] -- Symlinking: /home/hmmdyn/autocar-erp/install/autocar_msgs/share/autocar_msgs/environment/ament_prefix_path.dsv
[2.251s] -- Symlinking: /home/hmmdyn/autocar-erp/install/autocar_msgs/share/autocar_msgs/environment/path.sh
[2.261s] -- Symlinking: /home/hmmdyn/autocar-erp/install/autocar_msgs/share/autocar_msgs/environment/path.dsv
[2.280s] -- Symlinking: /home/hmmdyn/autocar-erp/install/autocar_msgs/share/autocar_msgs/local_setup.bash
[2.302s] -- Symlinking: /home/hmmdyn/autocar-erp/install/autocar_msgs/share/autocar_msgs/local_setup.sh
[2.313s] -- Symlinking: /home/hmmdyn/autocar-erp/install/autocar_msgs/share/autocar_msgs/local_setup.zsh
[2.325s] -- Symlinking: /home/hmmdyn/autocar-erp/install/autocar_msgs/share/autocar_msgs/local_setup.dsv
[2.345s] -- Symlinking: /home/hmmdyn/autocar-erp/install/autocar_msgs/share/autocar_msgs/package.dsv
[2.355s] -- Symlinking: /home/hmmdyn/autocar-erp/install/autocar_msgs/share/ament_index/resource_index/packages/autocar_msgs
[2.370s] -- Symlinking: /home/hmmdyn/autocar-erp/install/autocar_msgs/share/autocar_msgs/cmake/rosidl_cmake-extras.cmake
[2.381s] -- Symlinking: /home/hmmdyn/autocar-erp/install/autocar_msgs/share/autocar_msgs/cmake/ament_cmake_export_dependencies-extras.cmake
[2.392s] -- Symlinking: /home/hmmdyn/autocar-erp/install/autocar_msgs/share/autocar_msgs/cmake/ament_cmake_export_include_directories-extras.cmake
[2.408s] -- Symlinking: /home/hmmdyn/autocar-erp/install/autocar_msgs/share/autocar_msgs/cmake/ament_cmake_export_libraries-extras.cmake
[2.420s] -- Symlinking: /home/hmmdyn/autocar-erp/install/autocar_msgs/share/autocar_msgs/cmake/ament_cmake_export_targets-extras.cmake
[2.435s] -- Symlinking: /home/hmmdyn/autocar-erp/install/autocar_msgs/share/autocar_msgs/cmake/rosidl_cmake_export_typesupport_targets-extras.cmake
[2.447s] -- Symlinking: /home/hmmdyn/autocar-erp/install/autocar_msgs/share/autocar_msgs/cmake/rosidl_cmake_export_typesupport_libraries-extras.cmake
[2.457s] -- Symlinking: /home/hmmdyn/autocar-erp/install/autocar_msgs/share/autocar_msgs/cmake/autocar_msgsConfig.cmake
[2.466s] -- Symlinking: /home/hmmdyn/autocar-erp/install/autocar_msgs/share/autocar_msgs/cmake/autocar_msgsConfig-version.cmake
[2.475s] -- Symlinking: /home/hmmdyn/autocar-erp/install/autocar_msgs/share/autocar_msgs/package.xml
[2.487s] -- Installing: /home/hmmdyn/autocar-erp/install/autocar_msgs/lib/libautocar_msgs__rosidl_generator_c.so
[2.487s] -- Set runtime path of "/home/hmmdyn/autocar-erp/install/autocar_msgs/lib/libautocar_msgs__rosidl_generator_c.so" to ""
[2.487s] -- Installing: /home/hmmdyn/autocar-erp/install/autocar_msgs/lib/libautocar_msgs__rosidl_typesupport_fastrtps_c.so
[2.487s] -- Set runtime path of "/home/hmmdyn/autocar-erp/install/autocar_msgs/lib/libautocar_msgs__rosidl_typesupport_fastrtps_c.so" to ""
[2.487s] -- Installing: /home/hmmdyn/autocar-erp/install/autocar_msgs/lib/libautocar_msgs__rosidl_typesupport_fastrtps_cpp.so
[2.488s] -- Set runtime path of "/home/hmmdyn/autocar-erp/install/autocar_msgs/lib/libautocar_msgs__rosidl_typesupport_fastrtps_cpp.so" to ""
[2.488s] -- Installing: /home/hmmdyn/autocar-erp/install/autocar_msgs/lib/libautocar_msgs__rosidl_typesupport_introspection_c.so
[2.488s] -- Set runtime path of "/home/hmmdyn/autocar-erp/install/autocar_msgs/lib/libautocar_msgs__rosidl_typesupport_introspection_c.so" to ""
[2.488s] -- Installing: /home/hmmdyn/autocar-erp/install/autocar_msgs/lib/libautocar_msgs__rosidl_typesupport_c.so
[2.489s] -- Set runtime path of "/home/hmmdyn/autocar-erp/install/autocar_msgs/lib/libautocar_msgs__rosidl_typesupport_c.so" to ""
[2.489s] -- Installing: /home/hmmdyn/autocar-erp/install/autocar_msgs/lib/libautocar_msgs__rosidl_typesupport_introspection_cpp.so
[2.489s] -- Set runtime path of "/home/hmmdyn/autocar-erp/install/autocar_msgs/lib/libautocar_msgs__rosidl_typesupport_introspection_cpp.so" to ""
[2.490s] -- Installing: /home/hmmdyn/autocar-erp/install/autocar_msgs/lib/libautocar_msgs__rosidl_typesupport_cpp.so
[2.490s] -- Set runtime path of "/home/hmmdyn/autocar-erp/install/autocar_msgs/lib/libautocar_msgs__rosidl_typesupport_cpp.so" to ""
[2.557s] Listing '/home/hmmdyn/autocar-erp/install/autocar_msgs/local/lib/python3.10/dist-packages/autocar_msgs'...
[2.557s] Compiling '/home/hmmdyn/autocar-erp/install/autocar_msgs/local/lib/python3.10/dist-packages/autocar_msgs/__init__.py'...
[2.557s] Listing '/home/hmmdyn/autocar-erp/install/autocar_msgs/local/lib/python3.10/dist-packages/autocar_msgs/msg'...
[2.557s] Compiling '/home/hmmdyn/autocar-erp/install/autocar_msgs/local/lib/python3.10/dist-packages/autocar_msgs/msg/__init__.py'...
[2.557s] Compiling '/home/hmmdyn/autocar-erp/install/autocar_msgs/local/lib/python3.10/dist-packages/autocar_msgs/msg/_path2_d.py'...
[2.557s] Compiling '/home/hmmdyn/autocar-erp/install/autocar_msgs/local/lib/python3.10/dist-packages/autocar_msgs/msg/_state2_d.py'...
[2.557s] Compiling '/home/hmmdyn/autocar-erp/install/autocar_msgs/local/lib/python3.10/dist-packages/autocar_msgs/msg/_twist2_d.py'...
[2.557s] -- Installing: /home/hmmdyn/autocar-erp/install/autocar_msgs/lib/libautocar_msgs__rosidl_generator_py.so
[2.559s] -- Set runtime path of "/home/hmmdyn/autocar-erp/install/autocar_msgs/lib/libautocar_msgs__rosidl_generator_py.so" to ""
[2.560s] -- Installing: /home/hmmdyn/autocar-erp/install/autocar_msgs/share/autocar_msgs/cmake/export_autocar_msgs__rosidl_generator_cExport.cmake
[2.560s] -- Installing: /home/hmmdyn/autocar-erp/install/autocar_msgs/share/autocar_msgs/cmake/export_autocar_msgs__rosidl_generator_cExport-noconfig.cmake
[2.560s] -- Installing: /home/hmmdyn/autocar-erp/install/autocar_msgs/share/autocar_msgs/cmake/export_autocar_msgs__rosidl_typesupport_fastrtps_cExport.cmake
[2.560s] -- Installing: /home/hmmdyn/autocar-erp/install/autocar_msgs/share/autocar_msgs/cmake/export_autocar_msgs__rosidl_typesupport_fastrtps_cExport-noconfig.cmake
[2.560s] -- Installing: /home/hmmdyn/autocar-erp/install/autocar_msgs/share/autocar_msgs/cmake/export_autocar_msgs__rosidl_generator_cppExport.cmake
[2.560s] -- Installing: /home/hmmdyn/autocar-erp/install/autocar_msgs/share/autocar_msgs/cmake/export_autocar_msgs__rosidl_typesupport_fastrtps_cppExport.cmake
[2.561s] -- Installing: /home/hmmdyn/autocar-erp/install/autocar_msgs/share/autocar_msgs/cmake/export_autocar_msgs__rosidl_typesupport_fastrtps_cppExport-noconfig.cmake
[2.561s] -- Installing: /home/hmmdyn/autocar-erp/install/autocar_msgs/share/autocar_msgs/cmake/autocar_msgs__rosidl_typesupport_introspection_cExport.cmake
[2.561s] -- Installing: /home/hmmdyn/autocar-erp/install/autocar_msgs/share/autocar_msgs/cmake/autocar_msgs__rosidl_typesupport_introspection_cExport-noconfig.cmake
[2.561s] -- Installing: /home/hmmdyn/autocar-erp/install/autocar_msgs/share/autocar_msgs/cmake/autocar_msgs__rosidl_typesupport_cExport.cmake
[2.561s] -- Installing: /home/hmmdyn/autocar-erp/install/autocar_msgs/share/autocar_msgs/cmake/autocar_msgs__rosidl_typesupport_cExport-noconfig.cmake
[2.562s] -- Installing: /home/hmmdyn/autocar-erp/install/autocar_msgs/share/autocar_msgs/cmake/autocar_msgs__rosidl_typesupport_introspection_cppExport.cmake
[2.562s] -- Installing: /home/hmmdyn/autocar-erp/install/autocar_msgs/share/autocar_msgs/cmake/autocar_msgs__rosidl_typesupport_introspection_cppExport-noconfig.cmake
[2.562s] -- Installing: /home/hmmdyn/autocar-erp/install/autocar_msgs/share/autocar_msgs/cmake/autocar_msgs__rosidl_typesupport_cppExport.cmake
[2.562s] -- Installing: /home/hmmdyn/autocar-erp/install/autocar_msgs/share/autocar_msgs/cmake/autocar_msgs__rosidl_typesupport_cppExport-noconfig.cmake
[2.563s] -- Installing: /home/hmmdyn/autocar-erp/install/autocar_msgs/share/autocar_msgs/cmake/export_autocar_msgs__rosidl_generator_pyExport.cmake
[2.564s] -- Installing: /home/hmmdyn/autocar-erp/install/autocar_msgs/share/autocar_msgs/cmake/export_autocar_msgs__rosidl_generator_pyExport-noconfig.cmake
[2.568s] Invoked command in '/home/hmmdyn/autocar-erp/build/autocar_msgs' returned '0': CMAKE_PREFIX_PATH=${CMAKE_PREFIX_PATH}:/home/hmmdyn/autocar-erp/install/rqt_carla_control:/home/hmmdyn/autocar-erp/install/carla_waypoint_publisher:/home/hmmdyn/autocar-erp/install/carla_ackermann_control:/home/hmmdyn/autocar-erp/install/carla_ros_bridge:/home/hmmdyn/autocar-erp/install/carla_spawn_objects:/home/hmmdyn/autocar-erp/install/carla_manual_control:/home/hmmdyn/autocar-erp/install/carla_ad_agent:/home/hmmdyn/autocar-erp/install/ros_compatibility:/home/hmmdyn/autocar-erp/install/erp_control:/home/hmmdyn/autocar-erp/install/carla_walker_agent:/home/hmmdyn/autocar-erp/install/carla_twist_to_control:/home/hmmdyn/autocar-erp/install/carla_ros_scenario_runner:/home/hmmdyn/autocar-erp/install/carla_common:/opt/ros/humble /usr/bin/cmake --install /home/hmmdyn/autocar-erp/build/autocar_msgs
