[0.821s] Invoking command in '/home/mds/autocar-erp/autocar-erp-main/build/perception': PYTHONPATH=/home/mds/autocar-erp/autocar-erp-main/build/perception/prefix_override:/usr/lib/python3/dist-packages/colcon_core/task/python/colcon_distutils_commands:/home/mds/autocar-erp/autocar-erp-main/install/perception/lib/python3.10/site-packages:${PYTHONPATH} /usr/bin/python3 -W ignore:setup.py install is deprecated -W ignore:easy_install command is deprecated setup.py develop --editable --build-directory /home/mds/autocar-erp/autocar-erp-main/build/perception/build --no-deps symlink_data
[0.976s] running develop
[1.064s] running egg_info
[1.064s] writing perception.egg-info/PKG-INFO
[1.064s] writing dependency_links to perception.egg-info/dependency_links.txt
[1.065s] writing entry points to perception.egg-info/entry_points.txt
[1.065s] writing requirements to perception.egg-info/requires.txt
[1.065s] writing top-level names to perception.egg-info/top_level.txt
[1.066s] reading manifest file 'perception.egg-info/SOURCES.txt'
[1.067s] writing manifest file 'perception.egg-info/SOURCES.txt'
[1.067s] running build_ext
[1.067s] Creating /home/mds/autocar-erp/autocar-erp-main/install/perception/lib/python3.10/site-packages/perception.egg-link (link to .)
[1.068s] Installing camera_pub script to /home/mds/autocar-erp/autocar-erp-main/install/perception/lib/perception
[1.068s] Installing camera_traffic script to /home/mds/autocar-erp/autocar-erp-main/install/perception/lib/perception
[1.068s] Installing lanenet script to /home/mds/autocar-erp/autocar-erp-main/install/perception/lib/perception
[1.069s] Installing stopline_camera script to /home/mds/autocar-erp/autocar-erp-main/install/perception/lib/perception
[1.069s] Installing stopline_detection script to /home/mds/autocar-erp/autocar-erp-main/install/perception/lib/perception
[1.069s] Installing trafficlight script to /home/mds/autocar-erp/autocar-erp-main/install/perception/lib/perception
[1.069s] 
[1.069s] Installed /home/mds/autocar-erp/autocar-erp-main/build/perception
[1.069s] running symlink_data
[1.084s] Invoked command in '/home/mds/autocar-erp/autocar-erp-main/build/perception' returned '0': PYTHONPATH=/home/mds/autocar-erp/autocar-erp-main/build/perception/prefix_override:/usr/lib/python3/dist-packages/colcon_core/task/python/colcon_distutils_commands:/home/mds/autocar-erp/autocar-erp-main/install/perception/lib/python3.10/site-packages:${PYTHONPATH} /usr/bin/python3 -W ignore:setup.py install is deprecated -W ignore:easy_install command is deprecated setup.py develop --editable --build-directory /home/mds/autocar-erp/autocar-erp-main/build/perception/build --no-deps symlink_data
