running develop
running egg_info
creating local_path_planning.egg-info
writing local_path_planning.egg-info/PKG-INFO
writing dependency_links to local_path_planning.egg-info/dependency_links.txt
writing entry points to local_path_planning.egg-info/entry_points.txt
writing requirements to local_path_planning.egg-info/requires.txt
writing top-level names to local_path_planning.egg-info/top_level.txt
writing manifest file 'local_path_planning.egg-info/SOURCES.txt'
reading manifest file 'local_path_planning.egg-info/SOURCES.txt'
writing manifest file 'local_path_planning.egg-info/SOURCES.txt'
running build_ext
Creating /home/mds/autocar-erp/autocar-erp-main/install/local_path_planning/lib/python3.10/site-packages/local-path-planning.egg-link (link to .)
Installing optimal_frenet_planning script to /home/mds/autocar-erp/autocar-erp-main/install/local_path_planning/lib/local_path_planning

Installed /home/mds/autocar-erp/autocar-erp-main/build/local_path_planning
running symlink_data
creating /home/mds/autocar-erp/autocar-erp-main/install/local_path_planning/share/ament_index
creating /home/mds/autocar-erp/autocar-erp-main/install/local_path_planning/share/ament_index/resource_index
creating /home/mds/autocar-erp/autocar-erp-main/install/local_path_planning/share/ament_index/resource_index/packages
symbolically linking /home/mds/autocar-erp/autocar-erp-main/build/local_path_planning/resource/local_path_planning -> /home/mds/autocar-erp/autocar-erp-main/install/local_path_planning/share/ament_index/resource_index/packages
symbolically linking /home/mds/autocar-erp/autocar-erp-main/build/local_path_planning/package.xml -> /home/mds/autocar-erp/autocar-erp-main/install/local_path_planning/share/local_path_planning
