[0.804s] Invoking command in '/home/mds/autocar-erp/autocar-erp-main/build/localization': PYTHONPATH=/home/mds/autocar-erp/autocar-erp-main/build/localization/prefix_override:/usr/lib/python3/dist-packages/colcon_core/task/python/colcon_distutils_commands:/home/mds/autocar-erp/autocar-erp-main/install/localization/lib/python3.10/site-packages:${PYTHONPATH} /usr/bin/python3 -W ignore:setup.py install is deprecated -W ignore:easy_install command is deprecated setup.py develop --editable --build-directory /home/mds/autocar-erp/autocar-erp-main/build/localization/build --no-deps symlink_data
[0.960s] running develop
[1.046s] running egg_info
[1.047s] writing localization.egg-info/PKG-INFO
[1.047s] writing dependency_links to localization.egg-info/dependency_links.txt
[1.047s] writing entry points to localization.egg-info/entry_points.txt
[1.047s] writing requirements to localization.egg-info/requires.txt
[1.047s] writing top-level names to localization.egg-info/top_level.txt
[1.048s] reading manifest file 'localization.egg-info/SOURCES.txt'
[1.048s] writing manifest file 'localization.egg-info/SOURCES.txt'
[1.049s] running build_ext
[1.049s] Creating /home/mds/autocar-erp/autocar-erp-main/install/localization/lib/python3.10/site-packages/localization.egg-link (link to .)
[1.050s] Installing encoder script to /home/mds/autocar-erp/autocar-erp-main/install/localization/lib/localization
[1.050s] Installing localization script to /home/mds/autocar-erp/autocar-erp-main/install/localization/lib/localization
[1.050s] Installing odometry script to /home/mds/autocar-erp/autocar-erp-main/install/localization/lib/localization
[1.050s] Installing odometry_ekf script to /home/mds/autocar-erp/autocar-erp-main/install/localization/lib/localization
[1.050s] 
[1.050s] Installed /home/mds/autocar-erp/autocar-erp-main/build/localization
[1.050s] running symlink_data
[1.082s] Invoked command in '/home/mds/autocar-erp/autocar-erp-main/build/localization' returned '0': PYTHONPATH=/home/mds/autocar-erp/autocar-erp-main/build/localization/prefix_override:/usr/lib/python3/dist-packages/colcon_core/task/python/colcon_distutils_commands:/home/mds/autocar-erp/autocar-erp-main/install/localization/lib/python3.10/site-packages:${PYTHONPATH} /usr/bin/python3 -W ignore:setup.py install is deprecated -W ignore:easy_install command is deprecated setup.py develop --editable --build-directory /home/mds/autocar-erp/autocar-erp-main/build/localization/build --no-deps symlink_data
