[1.833s] Invoking command in '/home/hmmdyn/autocar-erp/ros-bridge/build/ros_compatibility': PYTHONPATH=/home/hmmdyn/autocar-erp/ros-bridge/build/ros_compatibility/prefix_override:/usr/lib/python3/dist-packages/colcon_core/task/python/colcon_distutils_commands:/home/hmmdyn/autocar-erp/ros-bridge/install/ros_compatibility/lib/python3.10/site-packages:${PYTHONPATH} /usr/bin/python3 -W ignore:setup.py install is deprecated -W ignore:easy_install command is deprecated setup.py develop --editable --build-directory /home/hmmdyn/autocar-erp/ros-bridge/build/ros_compatibility/build --no-deps symlink_data
[2.201s] /home/hmmdyn/.local/lib/python3.10/site-packages/setuptools/_distutils/dist.py:270: UserWarning: Unknown distribution option: 'tests_require'
[2.201s]   warnings.warn(msg)
[2.458s] running develop
[2.627s] running egg_info
[2.640s] creating src/ros_compatibility.egg-info
[2.640s] writing src/ros_compatibility.egg-info/PKG-INFO
[2.640s] writing dependency_links to src/ros_compatibility.egg-info/dependency_links.txt
[2.640s] writing requirements to src/ros_compatibility.egg-info/requires.txt
[2.640s] writing top-level names to src/ros_compatibility.egg-info/top_level.txt
[2.640s] writing manifest file 'src/ros_compatibility.egg-info/SOURCES.txt'
[2.693s] reading manifest file 'src/ros_compatibility.egg-info/SOURCES.txt'
[2.694s] writing manifest file 'src/ros_compatibility.egg-info/SOURCES.txt'
[2.709s] running build_ext
[2.710s] Creating /home/hmmdyn/autocar-erp/ros-bridge/install/ros_compatibility/lib/python3.10/site-packages/ros-compatibility.egg-link (link to src)
[2.711s] 
[2.711s] Installed /home/hmmdyn/autocar-erp/ros-bridge/build/ros_compatibility/src
[2.712s] running symlink_data
[2.712s] creating /home/hmmdyn/autocar-erp/ros-bridge/install/ros_compatibility/share/ament_index/resource_index/packages
[2.712s] symbolically linking /home/hmmdyn/autocar-erp/ros-bridge/build/ros_compatibility/resource/ros_compatibility -> /home/hmmdyn/autocar-erp/ros-bridge/install/ros_compatibility/share/ament_index/resource_index/packages
[2.712s] symbolically linking /home/hmmdyn/autocar-erp/ros-bridge/build/ros_compatibility/package.xml -> /home/hmmdyn/autocar-erp/ros-bridge/install/ros_compatibility/share/ros_compatibility
[2.746s] Invoked command in '/home/hmmdyn/autocar-erp/ros-bridge/build/ros_compatibility' returned '0': PYTHONPATH=/home/hmmdyn/autocar-erp/ros-bridge/build/ros_compatibility/prefix_override:/usr/lib/python3/dist-packages/colcon_core/task/python/colcon_distutils_commands:/home/hmmdyn/autocar-erp/ros-bridge/install/ros_compatibility/lib/python3.10/site-packages:${PYTHONPATH} /usr/bin/python3 -W ignore:setup.py install is deprecated -W ignore:easy_install command is deprecated setup.py develop --editable --build-directory /home/hmmdyn/autocar-erp/ros-bridge/build/ros_compatibility/build --no-deps symlink_data
