[0.904s] Invoking command in '/home/hmmdyn/autocar-erp/ros-bridge/build/carla_waypoint_publisher': AMENT_PREFIX_PATH=/home/hmmdyn/autocar-erp/ros-bridge/install/ros_compatibility:/home/hmmdyn/autocar-erp/ros-bridge/install/carla_waypoint_types:${AMENT_PREFIX_PATH} CMAKE_PREFIX_PATH=/home/hmmdyn/autocar-erp/ros-bridge/install/carla_waypoint_types LD_LIBRARY_PATH=/home/hmmdyn/autocar-erp/ros-bridge/install/carla_waypoint_types/lib:${LD_LIBRARY_PATH} PYTHONPATH=/home/hmmdyn/autocar-erp/ros-bridge/build/carla_waypoint_publisher/prefix_override:/usr/lib/python3/dist-packages/colcon_core/task/python/colcon_distutils_commands:/home/hmmdyn/autocar-erp/ros-bridge/install/carla_waypoint_publisher/lib/python3.10/site-packages:/home/hmmdyn/autocar-erp/ros-bridge/build/ros_compatibility/src:/home/hmmdyn/autocar-erp/ros-bridge/install/ros_compatibility/lib/python3.10/site-packages:/home/hmmdyn/autocar-erp/ros-bridge/install/carla_waypoint_types/local/lib/python3.10/dist-packages:${PYTHONPATH} /usr/bin/python3 -W ignore:setup.py install is deprecated -W ignore:easy_install command is deprecated setup.py develop --editable --build-directory /home/hmmdyn/autocar-erp/ros-bridge/build/carla_waypoint_publisher/build --no-deps symlink_data
[1.038s] /home/hmmdyn/.local/lib/python3.10/site-packages/setuptools/_distutils/dist.py:270: UserWarning: Unknown distribution option: 'tests_require'
[1.038s]   warnings.warn(msg)
[1.183s] running develop
[1.276s] running egg_info
[1.283s] creating src/carla_waypoint_publisher.egg-info
[1.283s] writing src/carla_waypoint_publisher.egg-info/PKG-INFO
[1.283s] writing dependency_links to src/carla_waypoint_publisher.egg-info/dependency_links.txt
[1.283s] writing entry points to src/carla_waypoint_publisher.egg-info/entry_points.txt
[1.283s] writing requirements to src/carla_waypoint_publisher.egg-info/requires.txt
[1.283s] writing top-level names to src/carla_waypoint_publisher.egg-info/top_level.txt
[1.283s] writing manifest file 'src/carla_waypoint_publisher.egg-info/SOURCES.txt'
[1.311s] reading manifest file 'src/carla_waypoint_publisher.egg-info/SOURCES.txt'
[1.312s] writing manifest file 'src/carla_waypoint_publisher.egg-info/SOURCES.txt'
[1.323s] running build_ext
[1.323s] Creating /home/hmmdyn/autocar-erp/ros-bridge/install/carla_waypoint_publisher/lib/python3.10/site-packages/carla-waypoint-publisher.egg-link (link to src)
[1.323s] Installing carla_waypoint_publisher script to /home/hmmdyn/autocar-erp/ros-bridge/install/carla_waypoint_publisher/lib/carla_waypoint_publisher
[1.323s] 
[1.323s] Installed /home/hmmdyn/autocar-erp/ros-bridge/build/carla_waypoint_publisher/src
[1.323s] running symlink_data
[1.323s] creating /home/hmmdyn/autocar-erp/ros-bridge/install/carla_waypoint_publisher/share/ament_index/resource_index/packages
[1.324s] symbolically linking /home/hmmdyn/autocar-erp/ros-bridge/build/carla_waypoint_publisher/resource/carla_waypoint_publisher -> /home/hmmdyn/autocar-erp/ros-bridge/install/carla_waypoint_publisher/share/ament_index/resource_index/packages
[1.324s] symbolically linking /home/hmmdyn/autocar-erp/ros-bridge/build/carla_waypoint_publisher/package.xml -> /home/hmmdyn/autocar-erp/ros-bridge/install/carla_waypoint_publisher/share/carla_waypoint_publisher
[1.324s] symbolically linking /home/hmmdyn/autocar-erp/ros-bridge/build/carla_waypoint_publisher/launch/carla_waypoint_publisher.launch.py -> /home/hmmdyn/autocar-erp/ros-bridge/install/carla_waypoint_publisher/share/carla_waypoint_publisher
[1.350s] Invoked command in '/home/hmmdyn/autocar-erp/ros-bridge/build/carla_waypoint_publisher' returned '0': AMENT_PREFIX_PATH=/home/hmmdyn/autocar-erp/ros-bridge/install/ros_compatibility:/home/hmmdyn/autocar-erp/ros-bridge/install/carla_waypoint_types:${AMENT_PREFIX_PATH} CMAKE_PREFIX_PATH=/home/hmmdyn/autocar-erp/ros-bridge/install/carla_waypoint_types LD_LIBRARY_PATH=/home/hmmdyn/autocar-erp/ros-bridge/install/carla_waypoint_types/lib:${LD_LIBRARY_PATH} PYTHONPATH=/home/hmmdyn/autocar-erp/ros-bridge/build/carla_waypoint_publisher/prefix_override:/usr/lib/python3/dist-packages/colcon_core/task/python/colcon_distutils_commands:/home/hmmdyn/autocar-erp/ros-bridge/install/carla_waypoint_publisher/lib/python3.10/site-packages:/home/hmmdyn/autocar-erp/ros-bridge/build/ros_compatibility/src:/home/hmmdyn/autocar-erp/ros-bridge/install/ros_compatibility/lib/python3.10/site-packages:/home/hmmdyn/autocar-erp/ros-bridge/install/carla_waypoint_types/local/lib/python3.10/dist-packages:${PYTHONPATH} /usr/bin/python3 -W ignore:setup.py install is deprecated -W ignore:easy_install command is deprecated setup.py develop --editable --build-directory /home/hmmdyn/autocar-erp/ros-bridge/build/carla_waypoint_publisher/build --no-deps symlink_data
