[0.017s] Invoking command in '/home/kmkm/ros2_ws/build/planning_msgs': CMAKE_PREFIX_PATH=${CMAKE_PREFIX_PATH}:/home/kmkm/ros2_ws/install/mode_selector:/home/kmkm/ros2_ws/install/local_planner:/home/kmkm/install/sensor_simulator:/home/kmkm/install/mode_selector:/home/kmkm/install/local_planner:/opt/ros/humble /usr/bin/cmake --build /home/kmkm/ros2_ws/build/planning_msgs -- -j16 -l16
[0.087s] [  3%] Built target planning_msgs__cpp
[0.087s] [ 12%] Built target planning_msgs__rosidl_generator_c
[0.102s] [ 12%] Built target ament_cmake_python_copy_planning_msgs
[0.106s] [ 41%] Built target planning_msgs__rosidl_typesupport_cpp
[0.106s] [ 41%] Built target planning_msgs__rosidl_typesupport_introspection_cpp
[0.106s] [ 41%] Built target planning_msgs__rosidl_typesupport_fastrtps_cpp
[0.120s] [ 70%] Built target planning_msgs__rosidl_typesupport_c
[0.120s] [ 70%] Built target planning_msgs__rosidl_typesupport_introspection_c
[0.120s] [ 70%] Built target planning_msgs__rosidl_typesupport_fastrtps_c
[0.134s] [ 70%] Built target planning_msgs
[0.149s] [ 74%] Built target planning_msgs__py
[0.168s] [ 80%] Built target planning_msgs__rosidl_generator_py
[0.186s] [100%] Built target planning_msgs__rosidl_typesupport_c__pyext
[0.186s] [100%] Built target planning_msgs__rosidl_typesupport_introspection_c__pyext
[0.186s] [100%] Built target planning_msgs__rosidl_typesupport_fastrtps_c__pyext
[0.305s] running egg_info
[0.306s] writing planning_msgs.egg-info/PKG-INFO
[0.307s] writing dependency_links to planning_msgs.egg-info/dependency_links.txt
[0.307s] writing top-level names to planning_msgs.egg-info/top_level.txt
[0.311s] reading manifest file 'planning_msgs.egg-info/SOURCES.txt'
[0.311s] writing manifest file 'planning_msgs.egg-info/SOURCES.txt'
[0.331s] [100%] Built target ament_cmake_python_build_planning_msgs_egg
[0.339s] Invoked command in '/home/kmkm/ros2_ws/build/planning_msgs' returned '0': CMAKE_PREFIX_PATH=${CMAKE_PREFIX_PATH}:/home/kmkm/ros2_ws/install/mode_selector:/home/kmkm/ros2_ws/install/local_planner:/home/kmkm/install/sensor_simulator:/home/kmkm/install/mode_selector:/home/kmkm/install/local_planner:/opt/ros/humble /usr/bin/cmake --build /home/kmkm/ros2_ws/build/planning_msgs -- -j16 -l16
[0.347s] Invoking command in '/home/kmkm/ros2_ws/build/planning_msgs': CMAKE_PREFIX_PATH=${CMAKE_PREFIX_PATH}:/home/kmkm/ros2_ws/install/mode_selector:/home/kmkm/ros2_ws/install/local_planner:/home/kmkm/install/sensor_simulator:/home/kmkm/install/mode_selector:/home/kmkm/install/local_planner:/opt/ros/humble /usr/bin/cmake --install /home/kmkm/ros2_ws/build/planning_msgs
[0.353s] -- Install configuration: ""
[0.353s] -- Up-to-date: /home/kmkm/ros2_ws/install/planning_msgs/share/ament_index/resource_index/rosidl_interfaces/planning_msgs
[0.353s] -- Up-to-date: /home/kmkm/ros2_ws/install/planning_msgs/include/planning_msgs/planning_msgs
[0.354s] -- Up-to-date: /home/kmkm/ros2_ws/install/planning_msgs/include/planning_msgs/planning_msgs/msg
[0.354s] -- Up-to-date: /home/kmkm/ros2_ws/install/planning_msgs/include/planning_msgs/planning_msgs/msg/rosidl_generator_c__visibility_control.h
[0.354s] -- Up-to-date: /home/kmkm/ros2_ws/install/planning_msgs/include/planning_msgs/planning_msgs/msg/mode_state.h
[0.354s] -- Up-to-date: /home/kmkm/ros2_ws/install/planning_msgs/include/planning_msgs/planning_msgs/msg/detail
[0.354s] -- Up-to-date: /home/kmkm/ros2_ws/install/planning_msgs/include/planning_msgs/planning_msgs/msg/detail/mode_state__struct.h
[0.354s] -- Up-to-date: /home/kmkm/ros2_ws/install/planning_msgs/include/planning_msgs/planning_msgs/msg/detail/mode_state__functions.c
[0.354s] -- Up-to-date: /home/kmkm/ros2_ws/install/planning_msgs/include/planning_msgs/planning_msgs/msg/detail/mode_state__functions.h
[0.354s] -- Up-to-date: /home/kmkm/ros2_ws/install/planning_msgs/include/planning_msgs/planning_msgs/msg/detail/mode_state__type_support.h
[0.355s] -- Up-to-date: /home/kmkm/ros2_ws/install/planning_msgs/share/planning_msgs/environment/library_path.sh
[0.355s] -- Up-to-date: /home/kmkm/ros2_ws/install/planning_msgs/share/planning_msgs/environment/library_path.dsv
[0.355s] -- Up-to-date: /home/kmkm/ros2_ws/install/planning_msgs/lib/libplanning_msgs__rosidl_generator_c.so
[0.355s] -- Up-to-date: /home/kmkm/ros2_ws/install/planning_msgs/include/planning_msgs/planning_msgs
[0.356s] -- Up-to-date: /home/kmkm/ros2_ws/install/planning_msgs/include/planning_msgs/planning_msgs/msg
[0.356s] -- Up-to-date: /home/kmkm/ros2_ws/install/planning_msgs/include/planning_msgs/planning_msgs/msg/rosidl_typesupport_fastrtps_c__visibility_control.h
[0.356s] -- Up-to-date: /home/kmkm/ros2_ws/install/planning_msgs/include/planning_msgs/planning_msgs/msg/detail
[0.356s] -- Up-to-date: /home/kmkm/ros2_ws/install/planning_msgs/include/planning_msgs/planning_msgs/msg/detail/mode_state__rosidl_typesupport_fastrtps_c.h
[0.357s] -- Up-to-date: /home/kmkm/ros2_ws/install/planning_msgs/lib/libplanning_msgs__rosidl_typesupport_fastrtps_c.so
[0.357s] -- Up-to-date: /home/kmkm/ros2_ws/install/planning_msgs/include/planning_msgs/planning_msgs
[0.358s] -- Up-to-date: /home/kmkm/ros2_ws/install/planning_msgs/include/planning_msgs/planning_msgs/msg
[0.358s] -- Up-to-date: /home/kmkm/ros2_ws/install/planning_msgs/include/planning_msgs/planning_msgs/msg/detail
[0.358s] -- Up-to-date: /home/kmkm/ros2_ws/install/planning_msgs/include/planning_msgs/planning_msgs/msg/detail/mode_state__type_support.c
[0.358s] -- Up-to-date: /home/kmkm/ros2_ws/install/planning_msgs/include/planning_msgs/planning_msgs/msg/detail/mode_state__rosidl_typesupport_introspection_c.h
[0.358s] -- Up-to-date: /home/kmkm/ros2_ws/install/planning_msgs/include/planning_msgs/planning_msgs/msg/rosidl_typesupport_introspection_c__visibility_control.h
[0.359s] -- Up-to-date: /home/kmkm/ros2_ws/install/planning_msgs/lib/libplanning_msgs__rosidl_typesupport_introspection_c.so
[0.359s] -- Up-to-date: /home/kmkm/ros2_ws/install/planning_msgs/lib/libplanning_msgs__rosidl_typesupport_c.so
[0.360s] -- Up-to-date: /home/kmkm/ros2_ws/install/planning_msgs/include/planning_msgs/planning_msgs
[0.360s] -- Up-to-date: /home/kmkm/ros2_ws/install/planning_msgs/include/planning_msgs/planning_msgs/msg
[0.360s] -- Up-to-date: /home/kmkm/ros2_ws/install/planning_msgs/include/planning_msgs/planning_msgs/msg/rosidl_generator_cpp__visibility_control.hpp
[0.361s] -- Up-to-date: /home/kmkm/ros2_ws/install/planning_msgs/include/planning_msgs/planning_msgs/msg/detail
[0.361s] -- Up-to-date: /home/kmkm/ros2_ws/install/planning_msgs/include/planning_msgs/planning_msgs/msg/detail/mode_state__type_support.hpp
[0.361s] -- Up-to-date: /home/kmkm/ros2_ws/install/planning_msgs/include/planning_msgs/planning_msgs/msg/detail/mode_state__traits.hpp
[0.361s] -- Up-to-date: /home/kmkm/ros2_ws/install/planning_msgs/include/planning_msgs/planning_msgs/msg/detail/mode_state__struct.hpp
[0.361s] -- Up-to-date: /home/kmkm/ros2_ws/install/planning_msgs/include/planning_msgs/planning_msgs/msg/detail/mode_state__builder.hpp
[0.361s] -- Up-to-date: /home/kmkm/ros2_ws/install/planning_msgs/include/planning_msgs/planning_msgs/msg/mode_state.hpp
[0.362s] -- Up-to-date: /home/kmkm/ros2_ws/install/planning_msgs/include/planning_msgs/planning_msgs
[0.362s] -- Up-to-date: /home/kmkm/ros2_ws/install/planning_msgs/include/planning_msgs/planning_msgs/msg
[0.362s] -- Up-to-date: /home/kmkm/ros2_ws/install/planning_msgs/include/planning_msgs/planning_msgs/msg/rosidl_typesupport_fastrtps_cpp__visibility_control.h
[0.362s] -- Up-to-date: /home/kmkm/ros2_ws/install/planning_msgs/include/planning_msgs/planning_msgs/msg/detail
[0.362s] -- Up-to-date: /home/kmkm/ros2_ws/install/planning_msgs/include/planning_msgs/planning_msgs/msg/detail/mode_state__rosidl_typesupport_fastrtps_cpp.hpp
[0.362s] -- Up-to-date: /home/kmkm/ros2_ws/install/planning_msgs/include/planning_msgs/planning_msgs/msg/detail/dds_fastrtps
[0.364s] -- Up-to-date: /home/kmkm/ros2_ws/install/planning_msgs/lib/libplanning_msgs__rosidl_typesupport_fastrtps_cpp.so
[0.364s] -- Up-to-date: /home/kmkm/ros2_ws/install/planning_msgs/include/planning_msgs/planning_msgs
[0.364s] -- Up-to-date: /home/kmkm/ros2_ws/install/planning_msgs/include/planning_msgs/planning_msgs/msg
[0.365s] -- Up-to-date: /home/kmkm/ros2_ws/install/planning_msgs/include/planning_msgs/planning_msgs/msg/detail
[0.365s] -- Up-to-date: /home/kmkm/ros2_ws/install/planning_msgs/include/planning_msgs/planning_msgs/msg/detail/mode_state__rosidl_typesupport_introspection_cpp.hpp
[0.365s] -- Up-to-date: /home/kmkm/ros2_ws/install/planning_msgs/include/planning_msgs/planning_msgs/msg/detail/mode_state__type_support.cpp
[0.366s] -- Up-to-date: /home/kmkm/ros2_ws/install/planning_msgs/lib/libplanning_msgs__rosidl_typesupport_introspection_cpp.so
[0.366s] -- Up-to-date: /home/kmkm/ros2_ws/install/planning_msgs/lib/libplanning_msgs__rosidl_typesupport_cpp.so
[0.367s] -- Up-to-date: /home/kmkm/ros2_ws/install/planning_msgs/share/planning_msgs/environment/pythonpath.sh
[0.367s] -- Up-to-date: /home/kmkm/ros2_ws/install/planning_msgs/share/planning_msgs/environment/pythonpath.dsv
[0.367s] -- Up-to-date: /home/kmkm/ros2_ws/install/planning_msgs/local/lib/python3.10/dist-packages/planning_msgs-0.0.0-py3.10.egg-info
[0.367s] -- Installing: /home/kmkm/ros2_ws/install/planning_msgs/local/lib/python3.10/dist-packages/planning_msgs-0.0.0-py3.10.egg-info/top_level.txt
[0.368s] -- Installing: /home/kmkm/ros2_ws/install/planning_msgs/local/lib/python3.10/dist-packages/planning_msgs-0.0.0-py3.10.egg-info/SOURCES.txt
[0.368s] -- Installing: /home/kmkm/ros2_ws/install/planning_msgs/local/lib/python3.10/dist-packages/planning_msgs-0.0.0-py3.10.egg-info/dependency_links.txt
[0.368s] -- Installing: /home/kmkm/ros2_ws/install/planning_msgs/local/lib/python3.10/dist-packages/planning_msgs-0.0.0-py3.10.egg-info/PKG-INFO
[0.368s] -- Up-to-date: /home/kmkm/ros2_ws/install/planning_msgs/local/lib/python3.10/dist-packages/planning_msgs
[0.368s] -- Up-to-date: /home/kmkm/ros2_ws/install/planning_msgs/local/lib/python3.10/dist-packages/planning_msgs/_planning_msgs_s.ep.rosidl_typesupport_fastrtps_c.c
[0.369s] -- Up-to-date: /home/kmkm/ros2_ws/install/planning_msgs/local/lib/python3.10/dist-packages/planning_msgs/planning_msgs_s__rosidl_typesupport_c.cpython-310-x86_64-linux-gnu.so
[0.369s] -- Up-to-date: /home/kmkm/ros2_ws/install/planning_msgs/local/lib/python3.10/dist-packages/planning_msgs/_planning_msgs_s.ep.rosidl_typesupport_introspection_c.c
[0.369s] -- Up-to-date: /home/kmkm/ros2_ws/install/planning_msgs/local/lib/python3.10/dist-packages/planning_msgs/__init__.py
[0.369s] -- Up-to-date: /home/kmkm/ros2_ws/install/planning_msgs/local/lib/python3.10/dist-packages/planning_msgs/planning_msgs_s__rosidl_typesupport_fastrtps_c.cpython-310-x86_64-linux-gnu.so
[0.369s] -- Up-to-date: /home/kmkm/ros2_ws/install/planning_msgs/local/lib/python3.10/dist-packages/planning_msgs/msg
[0.369s] -- Up-to-date: /home/kmkm/ros2_ws/install/planning_msgs/local/lib/python3.10/dist-packages/planning_msgs/msg/__init__.py
[0.369s] -- Up-to-date: /home/kmkm/ros2_ws/install/planning_msgs/local/lib/python3.10/dist-packages/planning_msgs/msg/_mode_state.py
[0.369s] -- Up-to-date: /home/kmkm/ros2_ws/install/planning_msgs/local/lib/python3.10/dist-packages/planning_msgs/msg/_mode_state_s.c
[0.369s] -- Up-to-date: /home/kmkm/ros2_ws/install/planning_msgs/local/lib/python3.10/dist-packages/planning_msgs/_planning_msgs_s.ep.rosidl_typesupport_c.c
[0.369s] -- Up-to-date: /home/kmkm/ros2_ws/install/planning_msgs/local/lib/python3.10/dist-packages/planning_msgs/libplanning_msgs__rosidl_generator_py.so
[0.369s] -- Up-to-date: /home/kmkm/ros2_ws/install/planning_msgs/local/lib/python3.10/dist-packages/planning_msgs/planning_msgs_s__rosidl_typesupport_introspection_c.cpython-310-x86_64-linux-gnu.so
[0.395s] Listing '/home/kmkm/ros2_ws/install/planning_msgs/local/lib/python3.10/dist-packages/planning_msgs'...
[0.395s] Listing '/home/kmkm/ros2_ws/install/planning_msgs/local/lib/python3.10/dist-packages/planning_msgs/msg'...
[0.399s] -- Up-to-date: /home/kmkm/ros2_ws/install/planning_msgs/local/lib/python3.10/dist-packages/planning_msgs/planning_msgs_s__rosidl_typesupport_fastrtps_c.cpython-310-x86_64-linux-gnu.so
[0.400s] -- Up-to-date: /home/kmkm/ros2_ws/install/planning_msgs/local/lib/python3.10/dist-packages/planning_msgs/planning_msgs_s__rosidl_typesupport_introspection_c.cpython-310-x86_64-linux-gnu.so
[0.400s] -- Up-to-date: /home/kmkm/ros2_ws/install/planning_msgs/local/lib/python3.10/dist-packages/planning_msgs/planning_msgs_s__rosidl_typesupport_c.cpython-310-x86_64-linux-gnu.so
[0.401s] -- Up-to-date: /home/kmkm/ros2_ws/install/planning_msgs/lib/libplanning_msgs__rosidl_generator_py.so
[0.401s] -- Up-to-date: /home/kmkm/ros2_ws/install/planning_msgs/share/planning_msgs/msg/ModeState.idl
[0.401s] -- Up-to-date: /home/kmkm/ros2_ws/install/planning_msgs/share/planning_msgs/msg/ModeState.msg
[0.402s] -- Up-to-date: /home/kmkm/ros2_ws/install/planning_msgs/share/ament_index/resource_index/package_run_dependencies/planning_msgs
[0.402s] -- Up-to-date: /home/kmkm/ros2_ws/install/planning_msgs/share/ament_index/resource_index/parent_prefix_path/planning_msgs
[0.402s] -- Up-to-date: /home/kmkm/ros2_ws/install/planning_msgs/share/planning_msgs/environment/ament_prefix_path.sh
[0.402s] -- Up-to-date: /home/kmkm/ros2_ws/install/planning_msgs/share/planning_msgs/environment/ament_prefix_path.dsv
[0.402s] -- Up-to-date: /home/kmkm/ros2_ws/install/planning_msgs/share/planning_msgs/environment/path.sh
[0.402s] -- Up-to-date: /home/kmkm/ros2_ws/install/planning_msgs/share/planning_msgs/environment/path.dsv
[0.402s] -- Up-to-date: /home/kmkm/ros2_ws/install/planning_msgs/share/planning_msgs/local_setup.bash
[0.402s] -- Up-to-date: /home/kmkm/ros2_ws/install/planning_msgs/share/planning_msgs/local_setup.sh
[0.402s] -- Up-to-date: /home/kmkm/ros2_ws/install/planning_msgs/share/planning_msgs/local_setup.zsh
[0.403s] -- Up-to-date: /home/kmkm/ros2_ws/install/planning_msgs/share/planning_msgs/local_setup.dsv
[0.403s] -- Installing: /home/kmkm/ros2_ws/install/planning_msgs/share/planning_msgs/package.dsv
[0.403s] -- Up-to-date: /home/kmkm/ros2_ws/install/planning_msgs/share/ament_index/resource_index/packages/planning_msgs
[0.403s] -- Up-to-date: /home/kmkm/ros2_ws/install/planning_msgs/share/planning_msgs/cmake/export_planning_msgs__rosidl_generator_cExport.cmake
[0.403s] -- Up-to-date: /home/kmkm/ros2_ws/install/planning_msgs/share/planning_msgs/cmake/export_planning_msgs__rosidl_generator_cExport-noconfig.cmake
[0.404s] -- Up-to-date: /home/kmkm/ros2_ws/install/planning_msgs/share/planning_msgs/cmake/export_planning_msgs__rosidl_typesupport_fastrtps_cExport.cmake
[0.404s] -- Up-to-date: /home/kmkm/ros2_ws/install/planning_msgs/share/planning_msgs/cmake/export_planning_msgs__rosidl_typesupport_fastrtps_cExport-noconfig.cmake
[0.405s] -- Up-to-date: /home/kmkm/ros2_ws/install/planning_msgs/share/planning_msgs/cmake/planning_msgs__rosidl_typesupport_introspection_cExport.cmake
[0.405s] -- Up-to-date: /home/kmkm/ros2_ws/install/planning_msgs/share/planning_msgs/cmake/planning_msgs__rosidl_typesupport_introspection_cExport-noconfig.cmake
[0.405s] -- Up-to-date: /home/kmkm/ros2_ws/install/planning_msgs/share/planning_msgs/cmake/planning_msgs__rosidl_typesupport_cExport.cmake
[0.405s] -- Up-to-date: /home/kmkm/ros2_ws/install/planning_msgs/share/planning_msgs/cmake/planning_msgs__rosidl_typesupport_cExport-noconfig.cmake
[0.406s] -- Up-to-date: /home/kmkm/ros2_ws/install/planning_msgs/share/planning_msgs/cmake/export_planning_msgs__rosidl_generator_cppExport.cmake
[0.407s] -- Up-to-date: /home/kmkm/ros2_ws/install/planning_msgs/share/planning_msgs/cmake/export_planning_msgs__rosidl_typesupport_fastrtps_cppExport.cmake
[0.407s] -- Up-to-date: /home/kmkm/ros2_ws/install/planning_msgs/share/planning_msgs/cmake/export_planning_msgs__rosidl_typesupport_fastrtps_cppExport-noconfig.cmake
[0.408s] -- Up-to-date: /home/kmkm/ros2_ws/install/planning_msgs/share/planning_msgs/cmake/planning_msgs__rosidl_typesupport_introspection_cppExport.cmake
[0.408s] -- Up-to-date: /home/kmkm/ros2_ws/install/planning_msgs/share/planning_msgs/cmake/planning_msgs__rosidl_typesupport_introspection_cppExport-noconfig.cmake
[0.408s] -- Up-to-date: /home/kmkm/ros2_ws/install/planning_msgs/share/planning_msgs/cmake/planning_msgs__rosidl_typesupport_cppExport.cmake
[0.408s] -- Up-to-date: /home/kmkm/ros2_ws/install/planning_msgs/share/planning_msgs/cmake/planning_msgs__rosidl_typesupport_cppExport-noconfig.cmake
[0.409s] -- Up-to-date: /home/kmkm/ros2_ws/install/planning_msgs/share/planning_msgs/cmake/export_planning_msgs__rosidl_generator_pyExport.cmake
[0.409s] -- Up-to-date: /home/kmkm/ros2_ws/install/planning_msgs/share/planning_msgs/cmake/export_planning_msgs__rosidl_generator_pyExport-noconfig.cmake
[0.409s] -- Up-to-date: /home/kmkm/ros2_ws/install/planning_msgs/share/planning_msgs/cmake/rosidl_cmake-extras.cmake
[0.410s] -- Up-to-date: /home/kmkm/ros2_ws/install/planning_msgs/share/planning_msgs/cmake/ament_cmake_export_include_directories-extras.cmake
[0.410s] -- Up-to-date: /home/kmkm/ros2_ws/install/planning_msgs/share/planning_msgs/cmake/ament_cmake_export_libraries-extras.cmake
[0.410s] -- Up-to-date: /home/kmkm/ros2_ws/install/planning_msgs/share/planning_msgs/cmake/ament_cmake_export_targets-extras.cmake
[0.410s] -- Up-to-date: /home/kmkm/ros2_ws/install/planning_msgs/share/planning_msgs/cmake/rosidl_cmake_export_typesupport_targets-extras.cmake
[0.410s] -- Up-to-date: /home/kmkm/ros2_ws/install/planning_msgs/share/planning_msgs/cmake/ament_cmake_export_dependencies-extras.cmake
[0.410s] -- Up-to-date: /home/kmkm/ros2_ws/install/planning_msgs/share/planning_msgs/cmake/rosidl_cmake_export_typesupport_libraries-extras.cmake
[0.410s] -- Up-to-date: /home/kmkm/ros2_ws/install/planning_msgs/share/planning_msgs/cmake/planning_msgsConfig.cmake
[0.410s] -- Up-to-date: /home/kmkm/ros2_ws/install/planning_msgs/share/planning_msgs/cmake/planning_msgsConfig-version.cmake
[0.410s] -- Up-to-date: /home/kmkm/ros2_ws/install/planning_msgs/share/planning_msgs/package.xml
[0.412s] Invoked command in '/home/kmkm/ros2_ws/build/planning_msgs' returned '0': CMAKE_PREFIX_PATH=${CMAKE_PREFIX_PATH}:/home/kmkm/ros2_ws/install/mode_selector:/home/kmkm/ros2_ws/install/local_planner:/home/kmkm/install/sensor_simulator:/home/kmkm/install/mode_selector:/home/kmkm/install/local_planner:/opt/ros/humble /usr/bin/cmake --install /home/kmkm/ros2_ws/build/planning_msgs
