[1.031s] Invoking command in '/home/hmmdyn/autocar-erp/ros-bridge/build/carla_manual_control': AMENT_PREFIX_PATH=/home/hmmdyn/autocar-erp/ros-bridge/install/ros_compatibility:/home/hmmdyn/autocar-erp/ros-bridge/install/carla_msgs:${AMENT_PREFIX_PATH} CMAKE_PREFIX_PATH=/home/hmmdyn/autocar-erp/ros-bridge/install/carla_msgs LD_LIBRARY_PATH=/home/hmmdyn/autocar-erp/ros-bridge/install/carla_msgs/lib:${LD_LIBRARY_PATH} PYTHONPATH=/home/hmmdyn/autocar-erp/ros-bridge/build/carla_manual_control/prefix_override:/usr/lib/python3/dist-packages/colcon_core/task/python/colcon_distutils_commands:/home/hmmdyn/autocar-erp/ros-bridge/install/carla_manual_control/lib/python3.10/site-packages:/home/hmmdyn/autocar-erp/ros-bridge/build/ros_compatibility/src:/home/hmmdyn/autocar-erp/ros-bridge/install/ros_compatibility/lib/python3.10/site-packages:/home/hmmdyn/autocar-erp/ros-bridge/install/carla_msgs/local/lib/python3.10/dist-packages:${PYTHONPATH} /usr/bin/python3 -W ignore:setup.py install is deprecated -W ignore:easy_install command is deprecated setup.py develop --editable --build-directory /home/hmmdyn/autocar-erp/ros-bridge/build/carla_manual_control/build --no-deps symlink_data
[1.125s] /home/hmmdyn/.local/lib/python3.10/site-packages/setuptools/_distutils/dist.py:270: UserWarning: Unknown distribution option: 'tests_require'
[1.125s]   warnings.warn(msg)
[1.238s] running develop
[1.351s] running egg_info
[1.359s] creating src/carla_manual_control.egg-info
[1.359s] writing src/carla_manual_control.egg-info/PKG-INFO
[1.359s] writing dependency_links to src/carla_manual_control.egg-info/dependency_links.txt
[1.359s] writing entry points to src/carla_manual_control.egg-info/entry_points.txt
[1.360s] writing requirements to src/carla_manual_control.egg-info/requires.txt
[1.360s] writing top-level names to src/carla_manual_control.egg-info/top_level.txt
[1.360s] writing manifest file 'src/carla_manual_control.egg-info/SOURCES.txt'
[1.403s] reading manifest file 'src/carla_manual_control.egg-info/SOURCES.txt'
[1.404s] writing manifest file 'src/carla_manual_control.egg-info/SOURCES.txt'
[1.416s] running build_ext
[1.416s] Creating /home/hmmdyn/autocar-erp/ros-bridge/install/carla_manual_control/lib/python3.10/site-packages/carla-manual-control.egg-link (link to src)
[1.416s] Installing carla_manual_control script to /home/hmmdyn/autocar-erp/ros-bridge/install/carla_manual_control/lib/carla_manual_control
[1.416s] 
[1.416s] Installed /home/hmmdyn/autocar-erp/ros-bridge/build/carla_manual_control/src
[1.416s] running symlink_data
[1.416s] creating /home/hmmdyn/autocar-erp/ros-bridge/install/carla_manual_control/share/ament_index/resource_index/packages
[1.416s] symbolically linking /home/hmmdyn/autocar-erp/ros-bridge/build/carla_manual_control/resource/carla_manual_control -> /home/hmmdyn/autocar-erp/ros-bridge/install/carla_manual_control/share/ament_index/resource_index/packages
[1.417s] symbolically linking /home/hmmdyn/autocar-erp/ros-bridge/build/carla_manual_control/package.xml -> /home/hmmdyn/autocar-erp/ros-bridge/install/carla_manual_control/share/carla_manual_control
[1.417s] symbolically linking /home/hmmdyn/autocar-erp/ros-bridge/build/carla_manual_control/launch/carla_manual_control.launch.py -> /home/hmmdyn/autocar-erp/ros-bridge/install/carla_manual_control/share/carla_manual_control
[1.443s] Invoked command in '/home/hmmdyn/autocar-erp/ros-bridge/build/carla_manual_control' returned '0': AMENT_PREFIX_PATH=/home/hmmdyn/autocar-erp/ros-bridge/install/ros_compatibility:/home/hmmdyn/autocar-erp/ros-bridge/install/carla_msgs:${AMENT_PREFIX_PATH} CMAKE_PREFIX_PATH=/home/hmmdyn/autocar-erp/ros-bridge/install/carla_msgs LD_LIBRARY_PATH=/home/hmmdyn/autocar-erp/ros-bridge/install/carla_msgs/lib:${LD_LIBRARY_PATH} PYTHONPATH=/home/hmmdyn/autocar-erp/ros-bridge/build/carla_manual_control/prefix_override:/usr/lib/python3/dist-packages/colcon_core/task/python/colcon_distutils_commands:/home/hmmdyn/autocar-erp/ros-bridge/install/carla_manual_control/lib/python3.10/site-packages:/home/hmmdyn/autocar-erp/ros-bridge/build/ros_compatibility/src:/home/hmmdyn/autocar-erp/ros-bridge/install/ros_compatibility/lib/python3.10/site-packages:/home/hmmdyn/autocar-erp/ros-bridge/install/carla_msgs/local/lib/python3.10/dist-packages:${PYTHONPATH} /usr/bin/python3 -W ignore:setup.py install is deprecated -W ignore:easy_install command is deprecated setup.py develop --editable --build-directory /home/hmmdyn/autocar-erp/ros-bridge/build/carla_manual_control/build --no-deps symlink_data
