[0.630s] Invoking command in '/home/kmkm/ros2_ws/src/mode_selector': AMENT_PREFIX_PATH=/home/kmkm/ros2_ws/install/planning_msgs:${AMENT_PREFIX_PATH} CMAKE_PREFIX_PATH=/home/kmkm/ros2_ws/install/planning_msgs:${CMAKE_PREFIX_PATH} LD_LIBRARY_PATH=/home/kmkm/ros2_ws/install/planning_msgs/lib:${LD_LIBRARY_PATH} PYTHONPATH=/home/kmkm/ros2_ws/build/mode_selector/prefix_override:/usr/lib/python3/dist-packages/colcon_core/task/python/colcon_distutils_commands:/home/kmkm/ros2_ws/install/mode_selector/lib/python3.10/site-packages:/home/kmkm/ros2_ws/install/planning_msgs/local/lib/python3.10/dist-packages:${PYTHONPATH} /usr/bin/python3 -W ignore:setup.py install is deprecated -W ignore:easy_install command is deprecated setup.py egg_info --egg-base ../../build/mode_selector build --build-base /home/kmkm/ros2_ws/build/mode_selector/build install --record /home/kmkm/ros2_ws/build/mode_selector/install.log --single-version-externally-managed install_data
[0.795s] running egg_info
[0.796s] creating ../../build/mode_selector/mode_selector.egg-info
[0.796s] writing ../../build/mode_selector/mode_selector.egg-info/PKG-INFO
[0.796s] writing dependency_links to ../../build/mode_selector/mode_selector.egg-info/dependency_links.txt
[0.796s] writing entry points to ../../build/mode_selector/mode_selector.egg-info/entry_points.txt
[0.797s] writing requirements to ../../build/mode_selector/mode_selector.egg-info/requires.txt
[0.797s] writing top-level names to ../../build/mode_selector/mode_selector.egg-info/top_level.txt
[0.797s] writing manifest file '../../build/mode_selector/mode_selector.egg-info/SOURCES.txt'
[0.799s] reading manifest file '../../build/mode_selector/mode_selector.egg-info/SOURCES.txt'
[0.799s] writing manifest file '../../build/mode_selector/mode_selector.egg-info/SOURCES.txt'
[0.799s] running build
[0.800s] running build_py
[0.800s] creating /home/kmkm/ros2_ws/build/mode_selector/build
[0.800s] creating /home/kmkm/ros2_ws/build/mode_selector/build/lib
[0.800s] creating /home/kmkm/ros2_ws/build/mode_selector/build/lib/mode_selector
[0.800s] copying mode_selector/__init__.py -> /home/kmkm/ros2_ws/build/mode_selector/build/lib/mode_selector
[0.800s] copying mode_selector/mode_selector_node.py -> /home/kmkm/ros2_ws/build/mode_selector/build/lib/mode_selector
[0.801s] running install
[0.801s] running install_lib
[0.801s] creating /home/kmkm/ros2_ws/install/mode_selector/lib/python3.10/site-packages/mode_selector
[0.802s] copying /home/kmkm/ros2_ws/build/mode_selector/build/lib/mode_selector/__init__.py -> /home/kmkm/ros2_ws/install/mode_selector/lib/python3.10/site-packages/mode_selector
[0.802s] copying /home/kmkm/ros2_ws/build/mode_selector/build/lib/mode_selector/mode_selector_node.py -> /home/kmkm/ros2_ws/install/mode_selector/lib/python3.10/site-packages/mode_selector
[0.803s] byte-compiling /home/kmkm/ros2_ws/install/mode_selector/lib/python3.10/site-packages/mode_selector/__init__.py to __init__.cpython-310.pyc
[0.803s] byte-compiling /home/kmkm/ros2_ws/install/mode_selector/lib/python3.10/site-packages/mode_selector/mode_selector_node.py to mode_selector_node.cpython-310.pyc
[0.804s] running install_data
[0.805s] creating /home/kmkm/ros2_ws/install/mode_selector/share/ament_index
[0.805s] creating /home/kmkm/ros2_ws/install/mode_selector/share/ament_index/resource_index
[0.805s] creating /home/kmkm/ros2_ws/install/mode_selector/share/ament_index/resource_index/packages
[0.805s] copying resource/mode_selector -> /home/kmkm/ros2_ws/install/mode_selector/share/ament_index/resource_index/packages
[0.805s] copying package.xml -> /home/kmkm/ros2_ws/install/mode_selector/share/mode_selector
[0.805s] running install_egg_info
[0.808s] Copying ../../build/mode_selector/mode_selector.egg-info to /home/kmkm/ros2_ws/install/mode_selector/lib/python3.10/site-packages/mode_selector-0.0.0-py3.10.egg-info
[0.809s] running install_scripts
[0.824s] Installing mode_selector_node script to /home/kmkm/ros2_ws/install/mode_selector/lib/mode_selector
[0.825s] writing list of installed files to '/home/kmkm/ros2_ws/build/mode_selector/install.log'
[0.841s] Invoked command in '/home/kmkm/ros2_ws/src/mode_selector' returned '0': AMENT_PREFIX_PATH=/home/kmkm/ros2_ws/install/planning_msgs:${AMENT_PREFIX_PATH} CMAKE_PREFIX_PATH=/home/kmkm/ros2_ws/install/planning_msgs:${CMAKE_PREFIX_PATH} LD_LIBRARY_PATH=/home/kmkm/ros2_ws/install/planning_msgs/lib:${LD_LIBRARY_PATH} PYTHONPATH=/home/kmkm/ros2_ws/build/mode_selector/prefix_override:/usr/lib/python3/dist-packages/colcon_core/task/python/colcon_distutils_commands:/home/kmkm/ros2_ws/install/mode_selector/lib/python3.10/site-packages:/home/kmkm/ros2_ws/install/planning_msgs/local/lib/python3.10/dist-packages:${PYTHONPATH} /usr/bin/python3 -W ignore:setup.py install is deprecated -W ignore:easy_install command is deprecated setup.py egg_info --egg-base ../../build/mode_selector build --build-base /home/kmkm/ros2_ws/build/mode_selector/build install --record /home/kmkm/ros2_ws/build/mode_selector/install.log --single-version-externally-managed install_data
