[0.519s] Invoking command in '/home/kmkm/ROS2_Planning/build/scenario_planner': PYTHONPATH=/home/kmkm/ROS2_Planning/build/scenario_planner/prefix_override:/usr/lib/python3/dist-packages/colcon_core/task/python/colcon_distutils_commands:/home/kmkm/ROS2_Planning/install/scenario_planner/lib/python3.10/site-packages:${PYTHONPATH} /usr/bin/python3 -W ignore:setup.py install is deprecated -W ignore:easy_install command is deprecated setup.py develop --editable --build-directory /home/kmkm/ROS2_Planning/build/scenario_planner/build --no-deps symlink_data
[0.726s] running develop
[0.851s] running egg_info
[0.852s] writing scenario_planner.egg-info/PKG-INFO
[0.852s] writing dependency_links to scenario_planner.egg-info/dependency_links.txt
[0.852s] writing entry points to scenario_planner.egg-info/entry_points.txt
[0.852s] writing requirements to scenario_planner.egg-info/requires.txt
[0.852s] writing top-level names to scenario_planner.egg-info/top_level.txt
[0.854s] reading manifest file 'scenario_planner.egg-info/SOURCES.txt'
[0.855s] writing manifest file 'scenario_planner.egg-info/SOURCES.txt'
[0.856s] running build_ext
[0.856s] Creating /home/kmkm/ROS2_Planning/install/scenario_planner/lib/python3.10/site-packages/scenario-planner.egg-link (link to .)
[0.857s] Installing dummy_pose_publisher script to /home/kmkm/ROS2_Planning/install/scenario_planner/lib/scenario_planner
[0.858s] Installing hybrid_astar_planner script to /home/kmkm/ROS2_Planning/install/scenario_planner/lib/scenario_planner
[0.858s] Installing path_visualizer script to /home/kmkm/ROS2_Planning/install/scenario_planner/lib/scenario_planner
[0.858s] Installing zone_manager script to /home/kmkm/ROS2_Planning/install/scenario_planner/lib/scenario_planner
[0.858s] 
[0.858s] Installed /home/kmkm/ROS2_Planning/build/scenario_planner
[0.858s] running symlink_data
[0.885s] Invoked command in '/home/kmkm/ROS2_Planning/build/scenario_planner' returned '0': PYTHONPATH=/home/kmkm/ROS2_Planning/build/scenario_planner/prefix_override:/usr/lib/python3/dist-packages/colcon_core/task/python/colcon_distutils_commands:/home/kmkm/ROS2_Planning/install/scenario_planner/lib/python3.10/site-packages:${PYTHONPATH} /usr/bin/python3 -W ignore:setup.py install is deprecated -W ignore:easy_install command is deprecated setup.py develop --editable --build-directory /home/kmkm/ROS2_Planning/build/scenario_planner/build --no-deps symlink_data
