running develop
running egg_info
creating local_planner.egg-info
writing local_planner.egg-info/PKG-INFO
writing dependency_links to local_planner.egg-info/dependency_links.txt
writing entry points to local_planner.egg-info/entry_points.txt
writing requirements to local_planner.egg-info/requires.txt
writing top-level names to local_planner.egg-info/top_level.txt
writing manifest file 'local_planner.egg-info/SOURCES.txt'
reading manifest file 'local_planner.egg-info/SOURCES.txt'
writing manifest file 'local_planner.egg-info/SOURCES.txt'
running build_ext
Creating /home/kmkm/ros2_ws/install/local_planner/lib/python3.10/site-packages/local-planner.egg-link (link to .)
Installing dummy_input_node script to /home/kmkm/ros2_ws/install/local_planner/lib/local_planner
Installing local_planner_node script to /home/kmkm/ros2_ws/install/local_planner/lib/local_planner
Installing mode_selector_node script to /home/kmkm/ros2_ws/install/local_planner/lib/local_planner
Installing plot_node script to /home/kmkm/ros2_ws/install/local_planner/lib/local_planner

Installed /home/kmkm/ros2_ws/build/local_planner
running symlink_data
creating /home/kmkm/ros2_ws/install/local_planner/share/ament_index
creating /home/kmkm/ros2_ws/install/local_planner/share/ament_index/resource_index
creating /home/kmkm/ros2_ws/install/local_planner/share/ament_index/resource_index/packages
symbolically linking /home/kmkm/ros2_ws/build/local_planner/resource/local_planner -> /home/kmkm/ros2_ws/install/local_planner/share/ament_index/resource_index/packages
symbolically linking /home/kmkm/ros2_ws/build/local_planner/package.xml -> /home/kmkm/ros2_ws/install/local_planner/share/local_planner
creating /home/kmkm/ros2_ws/install/local_planner/share/local_planner/global_paths
symbolically linking /home/kmkm/ros2_ws/build/local_planner/global_paths/example_global_path.csv -> /home/kmkm/ros2_ws/install/local_planner/share/local_planner/global_paths
creating /home/kmkm/ros2_ws/install/local_planner/share/local_planner/launch
symbolically linking /home/kmkm/ros2_ws/build/local_planner/launch/dual_node_launch.py -> /home/kmkm/ros2_ws/install/local_planner/share/local_planner/launch
