[0.443s] Invoking command in '/home/kmkm/ros2_ws/build/local_planner': PYTHONPATH=/home/kmkm/ros2_ws/build/local_planner/prefix_override:/usr/lib/python3/dist-packages/colcon_core/task/python/colcon_distutils_commands:/home/kmkm/ros2_ws/install/local_planner/lib/python3.10/site-packages:${PYTHONPATH} /usr/bin/python3 -W ignore:setup.py install is deprecated -W ignore:easy_install command is deprecated setup.py develop --editable --build-directory /home/kmkm/ros2_ws/build/local_planner/build --no-deps symlink_data
[0.621s] running develop
[0.730s] running egg_info
[0.731s] creating local_planner.egg-info
[0.731s] writing local_planner.egg-info/PKG-INFO
[0.731s] writing dependency_links to local_planner.egg-info/dependency_links.txt
[0.731s] writing entry points to local_planner.egg-info/entry_points.txt
[0.731s] writing requirements to local_planner.egg-info/requires.txt
[0.731s] writing top-level names to local_planner.egg-info/top_level.txt
[0.731s] writing manifest file 'local_planner.egg-info/SOURCES.txt'
[0.732s] reading manifest file 'local_planner.egg-info/SOURCES.txt'
[0.732s] writing manifest file 'local_planner.egg-info/SOURCES.txt'
[0.733s] running build_ext
[0.734s] Creating /home/kmkm/ros2_ws/install/local_planner/lib/python3.10/site-packages/local-planner.egg-link (link to .)
[0.735s] Installing dummy_input_node script to /home/kmkm/ros2_ws/install/local_planner/lib/local_planner
[0.735s] Installing local_planner_node script to /home/kmkm/ros2_ws/install/local_planner/lib/local_planner
[0.735s] Installing mode_selector_node script to /home/kmkm/ros2_ws/install/local_planner/lib/local_planner
[0.735s] Installing plot_node script to /home/kmkm/ros2_ws/install/local_planner/lib/local_planner
[0.735s] 
[0.735s] Installed /home/kmkm/ros2_ws/build/local_planner
[0.736s] running symlink_data
[0.736s] creating /home/kmkm/ros2_ws/install/local_planner/share/ament_index
[0.736s] creating /home/kmkm/ros2_ws/install/local_planner/share/ament_index/resource_index
[0.736s] creating /home/kmkm/ros2_ws/install/local_planner/share/ament_index/resource_index/packages
[0.736s] symbolically linking /home/kmkm/ros2_ws/build/local_planner/resource/local_planner -> /home/kmkm/ros2_ws/install/local_planner/share/ament_index/resource_index/packages
[0.736s] symbolically linking /home/kmkm/ros2_ws/build/local_planner/package.xml -> /home/kmkm/ros2_ws/install/local_planner/share/local_planner
[0.736s] creating /home/kmkm/ros2_ws/install/local_planner/share/local_planner/global_paths
[0.736s] symbolically linking /home/kmkm/ros2_ws/build/local_planner/global_paths/example_global_path.csv -> /home/kmkm/ros2_ws/install/local_planner/share/local_planner/global_paths
[0.737s] creating /home/kmkm/ros2_ws/install/local_planner/share/local_planner/launch
[0.737s] symbolically linking /home/kmkm/ros2_ws/build/local_planner/launch/dual_node_launch.py -> /home/kmkm/ros2_ws/install/local_planner/share/local_planner/launch
[0.759s] Invoked command in '/home/kmkm/ros2_ws/build/local_planner' returned '0': PYTHONPATH=/home/kmkm/ros2_ws/build/local_planner/prefix_override:/usr/lib/python3/dist-packages/colcon_core/task/python/colcon_distutils_commands:/home/kmkm/ros2_ws/install/local_planner/lib/python3.10/site-packages:${PYTHONPATH} /usr/bin/python3 -W ignore:setup.py install is deprecated -W ignore:easy_install command is deprecated setup.py develop --editable --build-directory /home/kmkm/ros2_ws/build/local_planner/build --no-deps symlink_data
