[0.114s] DEBUG:colcon:Command line arguments: ['/usr/bin/colcon', 'build', '--symlink-install']
[0.114s] DEBUG:colcon:Parsed command line arguments: Namespace(log_base=None, log_level=None, verb_name='build', build_base='build', install_base='install', merge_install=False, symlink_install=True, test_result_base=None, continue_on_error=False, executor='parallel', parallel_workers=16, event_handlers=None, ignore_user_meta=False, metas=['./colcon.meta'], base_paths=['.'], packages_ignore=None, packages_ignore_regex=None, paths=None, packages_up_to=None, packages_up_to_regex=None, packages_above=None, packages_above_and_dependencies=None, packages_above_depth=None, packages_select_by_dep=None, packages_skip_by_dep=None, packages_skip_up_to=None, packages_select_build_failed=False, packages_skip_build_finished=False, packages_select_test_failures=False, packages_skip_test_passed=False, packages_select=None, packages_skip=None, packages_select_regex=None, packages_skip_regex=None, packages_start=None, packages_end=None, allow_overriding=[], cmake_args=None, cmake_target=None, cmake_target_skip_unavailable=False, cmake_clean_cache=False, cmake_clean_first=False, cmake_force_configure=False, ament_cmake_args=None, catkin_cmake_args=None, catkin_skip_building_tests=False, mixin_files=None, mixin=None, verb_parser=<colcon_mixin.mixin.mixin_argument.MixinArgumentDecorator object at 0x7f0598eb7e20>, verb_extension=<colcon_core.verb.build.BuildVerb object at 0x7f0599058d90>, main=<bound method BuildVerb.main of <colcon_core.verb.build.BuildVerb object at 0x7f0599058d90>>, mixin_verb=('build',))
[0.233s] Level 1:colcon.colcon_core.package_discovery:discover_packages(colcon_meta) check parameters
[0.233s] Level 1:colcon.colcon_core.package_discovery:discover_packages(recursive) check parameters
[0.233s] Level 1:colcon.colcon_core.package_discovery:discover_packages(ignore) check parameters
[0.233s] Level 1:colcon.colcon_core.package_discovery:discover_packages(path) check parameters
[0.233s] Level 1:colcon.colcon_core.package_discovery:discover_packages(colcon_meta) discover
[0.233s] Level 1:colcon.colcon_core.package_discovery:discover_packages(recursive) discover
[0.233s] INFO:colcon.colcon_core.package_discovery:Crawling recursively for packages in '/home/kmkm/ROS2_Planning'
[0.233s] Level 1:colcon.colcon_core.package_identification:_identify(.) by extensions ['ignore', 'ignore_ament_install']
[0.233s] Level 1:colcon.colcon_core.package_identification:_identify(.) by extension 'ignore'
[0.234s] Level 1:colcon.colcon_core.package_identification:_identify(.) by extension 'ignore_ament_install'
[0.234s] Level 1:colcon.colcon_core.package_identification:_identify(.) by extensions ['colcon_pkg']
[0.234s] Level 1:colcon.colcon_core.package_identification:_identify(.) by extension 'colcon_pkg'
[0.234s] Level 1:colcon.colcon_core.package_identification:_identify(.) by extensions ['colcon_meta']
[0.234s] Level 1:colcon.colcon_core.package_identification:_identify(.) by extension 'colcon_meta'
[0.234s] Level 1:colcon.colcon_core.package_identification:_identify(.) by extensions ['ros']
[0.234s] Level 1:colcon.colcon_core.package_identification:_identify(.) by extension 'ros'
[0.241s] Level 1:colcon.colcon_core.package_identification:_identify(.) by extensions ['cmake', 'python']
[0.241s] Level 1:colcon.colcon_core.package_identification:_identify(.) by extension 'cmake'
[0.241s] Level 1:colcon.colcon_core.package_identification:_identify(.) by extension 'python'
[0.242s] Level 1:colcon.colcon_core.package_identification:_identify(.) by extensions ['python_setup_py']
[0.242s] Level 1:colcon.colcon_core.package_identification:_identify(.) by extension 'python_setup_py'
[0.242s] Level 1:colcon.colcon_core.package_identification:_identify(build) by extensions ['ignore', 'ignore_ament_install']
[0.242s] Level 1:colcon.colcon_core.package_identification:_identify(build) by extension 'ignore'
[0.242s] Level 1:colcon.colcon_core.package_identification:_identify(build) ignored
[0.242s] Level 1:colcon.colcon_core.package_identification:_identify(install) by extensions ['ignore', 'ignore_ament_install']
[0.242s] Level 1:colcon.colcon_core.package_identification:_identify(install) by extension 'ignore'
[0.242s] Level 1:colcon.colcon_core.package_identification:_identify(install) ignored
[0.242s] Level 1:colcon.colcon_core.package_identification:_identify(log) by extensions ['ignore', 'ignore_ament_install']
[0.242s] Level 1:colcon.colcon_core.package_identification:_identify(log) by extension 'ignore'
[0.242s] Level 1:colcon.colcon_core.package_identification:_identify(log) ignored
[0.242s] Level 1:colcon.colcon_core.package_identification:_identify(src) by extensions ['ignore', 'ignore_ament_install']
[0.243s] Level 1:colcon.colcon_core.package_identification:_identify(src) by extension 'ignore'
[0.243s] Level 1:colcon.colcon_core.package_identification:_identify(src) by extension 'ignore_ament_install'
[0.243s] Level 1:colcon.colcon_core.package_identification:_identify(src) by extensions ['colcon_pkg']
[0.243s] Level 1:colcon.colcon_core.package_identification:_identify(src) by extension 'colcon_pkg'
[0.243s] Level 1:colcon.colcon_core.package_identification:_identify(src) by extensions ['colcon_meta']
[0.243s] Level 1:colcon.colcon_core.package_identification:_identify(src) by extension 'colcon_meta'
[0.243s] Level 1:colcon.colcon_core.package_identification:_identify(src) by extensions ['ros']
[0.243s] Level 1:colcon.colcon_core.package_identification:_identify(src) by extension 'ros'
[0.243s] Level 1:colcon.colcon_core.package_identification:_identify(src) by extensions ['cmake', 'python']
[0.243s] Level 1:colcon.colcon_core.package_identification:_identify(src) by extension 'cmake'
[0.243s] Level 1:colcon.colcon_core.package_identification:_identify(src) by extension 'python'
[0.243s] Level 1:colcon.colcon_core.package_identification:_identify(src) by extensions ['python_setup_py']
[0.243s] Level 1:colcon.colcon_core.package_identification:_identify(src) by extension 'python_setup_py'
[0.243s] Level 1:colcon.colcon_core.package_identification:_identify(src/scenario_planner) by extensions ['ignore', 'ignore_ament_install']
[0.243s] Level 1:colcon.colcon_core.package_identification:_identify(src/scenario_planner) by extension 'ignore'
[0.243s] Level 1:colcon.colcon_core.package_identification:_identify(src/scenario_planner) by extension 'ignore_ament_install'
[0.243s] Level 1:colcon.colcon_core.package_identification:_identify(src/scenario_planner) by extensions ['colcon_pkg']
[0.243s] Level 1:colcon.colcon_core.package_identification:_identify(src/scenario_planner) by extension 'colcon_pkg'
[0.243s] Level 1:colcon.colcon_core.package_identification:_identify(src/scenario_planner) by extensions ['colcon_meta']
[0.244s] Level 1:colcon.colcon_core.package_identification:_identify(src/scenario_planner) by extension 'colcon_meta'
[0.244s] Level 1:colcon.colcon_core.package_identification:_identify(src/scenario_planner) by extensions ['ros']
[0.244s] Level 1:colcon.colcon_core.package_identification:_identify(src/scenario_planner) by extension 'ros'
[0.245s] DEBUG:colcon.colcon_core.package_identification:Package 'src/scenario_planner' with type 'ros.ament_python' and name 'scenario_planner'
[0.245s] Level 1:colcon.colcon_core.package_discovery:discover_packages(recursive) using defaults
[0.245s] Level 1:colcon.colcon_core.package_discovery:discover_packages(ignore) discover
[0.245s] Level 1:colcon.colcon_core.package_discovery:discover_packages(ignore) using defaults
[0.245s] Level 1:colcon.colcon_core.package_discovery:discover_packages(path) discover
[0.245s] Level 1:colcon.colcon_core.package_discovery:discover_packages(path) using defaults
[0.269s] Level 1:colcon.colcon_core.package_discovery:discover_packages(prefix_path) check parameters
[0.269s] Level 1:colcon.colcon_core.package_discovery:discover_packages(prefix_path) discover
[0.270s] DEBUG:colcon.colcon_installed_package_information.package_discovery:Found 1 installed packages in /home/kmkm/ROS2_Planning/install
[0.270s] DEBUG:colcon.colcon_installed_package_information.package_discovery:Found 3 installed packages in /home/kmkm/ros2_ws/install
[0.270s] DEBUG:colcon.colcon_installed_package_information.package_discovery:Found 4 installed packages in /home/kmkm/install
[0.271s] DEBUG:colcon.colcon_installed_package_information.package_discovery:Found 281 installed packages in /opt/ros/humble
[0.272s] Level 1:colcon.colcon_core.package_discovery:discover_packages(prefix_path) using defaults
[0.298s] Level 5:colcon.colcon_core.verb:set package 'scenario_planner' build argument 'cmake_args' from command line to 'None'
[0.298s] Level 5:colcon.colcon_core.verb:set package 'scenario_planner' build argument 'cmake_target' from command line to 'None'
[0.298s] Level 5:colcon.colcon_core.verb:set package 'scenario_planner' build argument 'cmake_target_skip_unavailable' from command line to 'False'
[0.298s] Level 5:colcon.colcon_core.verb:set package 'scenario_planner' build argument 'cmake_clean_cache' from command line to 'False'
[0.298s] Level 5:colcon.colcon_core.verb:set package 'scenario_planner' build argument 'cmake_clean_first' from command line to 'False'
[0.298s] Level 5:colcon.colcon_core.verb:set package 'scenario_planner' build argument 'cmake_force_configure' from command line to 'False'
[0.298s] Level 5:colcon.colcon_core.verb:set package 'scenario_planner' build argument 'ament_cmake_args' from command line to 'None'
[0.298s] Level 5:colcon.colcon_core.verb:set package 'scenario_planner' build argument 'catkin_cmake_args' from command line to 'None'
[0.298s] Level 5:colcon.colcon_core.verb:set package 'scenario_planner' build argument 'catkin_skip_building_tests' from command line to 'False'
[0.298s] DEBUG:colcon.colcon_core.verb:Building package 'scenario_planner' with the following arguments: {'ament_cmake_args': None, 'build_base': '/home/kmkm/ROS2_Planning/build/scenario_planner', 'catkin_cmake_args': None, 'catkin_skip_building_tests': False, 'cmake_args': None, 'cmake_clean_cache': False, 'cmake_clean_first': False, 'cmake_force_configure': False, 'cmake_target': None, 'cmake_target_skip_unavailable': False, 'install_base': '/home/kmkm/ROS2_Planning/install/scenario_planner', 'merge_install': False, 'path': '/home/kmkm/ROS2_Planning/src/scenario_planner', 'symlink_install': True, 'test_result_base': None}
[0.298s] INFO:colcon.colcon_core.executor:Executing jobs using 'parallel' executor
[0.299s] DEBUG:colcon.colcon_parallel_executor.executor.parallel:run_until_complete
[0.299s] INFO:colcon.colcon_ros.task.ament_python.build:Building ROS package in '/home/kmkm/ROS2_Planning/src/scenario_planner' with build type 'ament_python'
[0.299s] Level 1:colcon.colcon_core.shell:create_environment_hook('scenario_planner', 'ament_prefix_path')
[0.302s] INFO:colcon.colcon_core.plugin_system:Skipping extension 'colcon_core.shell.bat': Not used on non-Windows systems
[0.302s] INFO:colcon.colcon_core.shell:Creating environment hook '/home/kmkm/ROS2_Planning/install/scenario_planner/share/scenario_planner/hook/ament_prefix_path.ps1'
[0.302s] INFO:colcon.colcon_core.shell:Creating environment descriptor '/home/kmkm/ROS2_Planning/install/scenario_planner/share/scenario_planner/hook/ament_prefix_path.dsv'
[0.303s] INFO:colcon.colcon_core.shell:Creating environment hook '/home/kmkm/ROS2_Planning/install/scenario_planner/share/scenario_planner/hook/ament_prefix_path.sh'
[0.303s] INFO:colcon.colcon_core.shell:Skip shell extension 'powershell' for command environment: Not usable outside of PowerShell
[0.303s] DEBUG:colcon.colcon_core.shell:Skip shell extension 'dsv' for command environment
[0.514s] WARNING:colcon.colcon_ros.task.ament_python.build:Package 'scenario_planner' doesn't explicitly install a marker in the package index (colcon-ros currently does it implicitly but that fallback will be removed in the future)
[0.515s] INFO:colcon.colcon_core.task.python.build:Building Python package in '/home/kmkm/ROS2_Planning/src/scenario_planner'
[0.515s] INFO:colcon.colcon_core.shell:Skip shell extension 'powershell' for command environment: Not usable outside of PowerShell
[0.515s] DEBUG:colcon.colcon_core.shell:Skip shell extension 'dsv' for command environment
[0.837s] DEBUG:colcon.colcon_core.event_handler.log_command:Invoking command in '/home/kmkm/ROS2_Planning/build/scenario_planner': PYTHONPATH=/home/kmkm/ROS2_Planning/build/scenario_planner/prefix_override:/usr/lib/python3/dist-packages/colcon_core/task/python/colcon_distutils_commands:/home/kmkm/ROS2_Planning/install/scenario_planner/lib/python3.10/site-packages:${PYTHONPATH} /usr/bin/python3 -W ignore:setup.py install is deprecated -W ignore:easy_install command is deprecated setup.py develop --editable --build-directory /home/kmkm/ROS2_Planning/build/scenario_planner/build --no-deps symlink_data
[1.191s] Level 1:colcon.colcon_core.shell:create_environment_hook('scenario_planner', 'pythonpath_develop')
[1.191s] INFO:colcon.colcon_core.shell:Creating environment hook '/home/kmkm/ROS2_Planning/build/scenario_planner/share/scenario_planner/hook/pythonpath_develop.ps1'
[1.192s] DEBUG:colcon.colcon_core.event_handler.log_command:Invoked command in '/home/kmkm/ROS2_Planning/build/scenario_planner' returned '0': PYTHONPATH=/home/kmkm/ROS2_Planning/build/scenario_planner/prefix_override:/usr/lib/python3/dist-packages/colcon_core/task/python/colcon_distutils_commands:/home/kmkm/ROS2_Planning/install/scenario_planner/lib/python3.10/site-packages:${PYTHONPATH} /usr/bin/python3 -W ignore:setup.py install is deprecated -W ignore:easy_install command is deprecated setup.py develop --editable --build-directory /home/kmkm/ROS2_Planning/build/scenario_planner/build --no-deps symlink_data
[1.192s] INFO:colcon.colcon_core.shell:Creating environment descriptor '/home/kmkm/ROS2_Planning/build/scenario_planner/share/scenario_planner/hook/pythonpath_develop.dsv'
[1.193s] INFO:colcon.colcon_core.shell:Creating environment hook '/home/kmkm/ROS2_Planning/build/scenario_planner/share/scenario_planner/hook/pythonpath_develop.sh'
[1.196s] Level 1:colcon.colcon_core.environment:checking '/home/kmkm/ROS2_Planning/install/scenario_planner' for CMake module files
[1.196s] Level 1:colcon.colcon_core.environment:checking '/home/kmkm/ROS2_Planning/install/scenario_planner' for CMake config files
[1.196s] Level 1:colcon.colcon_core.environment:checking '/home/kmkm/ROS2_Planning/install/scenario_planner/lib'
[1.197s] Level 1:colcon.colcon_core.environment:checking '/home/kmkm/ROS2_Planning/install/scenario_planner/bin'
[1.197s] Level 1:colcon.colcon_core.environment:checking '/home/kmkm/ROS2_Planning/install/scenario_planner/lib/pkgconfig/scenario_planner.pc'
[1.197s] Level 1:colcon.colcon_core.environment:checking '/home/kmkm/ROS2_Planning/install/scenario_planner/lib/python3.10/site-packages'
[1.197s] Level 1:colcon.colcon_core.shell:create_environment_hook('scenario_planner', 'pythonpath')
[1.197s] INFO:colcon.colcon_core.shell:Creating environment hook '/home/kmkm/ROS2_Planning/install/scenario_planner/share/scenario_planner/hook/pythonpath.ps1'
[1.197s] INFO:colcon.colcon_core.shell:Creating environment descriptor '/home/kmkm/ROS2_Planning/install/scenario_planner/share/scenario_planner/hook/pythonpath.dsv'
[1.198s] INFO:colcon.colcon_core.shell:Creating environment hook '/home/kmkm/ROS2_Planning/install/scenario_planner/share/scenario_planner/hook/pythonpath.sh'
[1.198s] Level 1:colcon.colcon_core.environment:checking '/home/kmkm/ROS2_Planning/install/scenario_planner/bin'
[1.198s] Level 1:colcon.colcon_core.environment:create_environment_scripts_only(scenario_planner)
[1.199s] INFO:colcon.colcon_core.shell:Creating package script '/home/kmkm/ROS2_Planning/install/scenario_planner/share/scenario_planner/package.ps1'
[1.199s] INFO:colcon.colcon_core.shell:Creating package descriptor '/home/kmkm/ROS2_Planning/install/scenario_planner/share/scenario_planner/package.dsv'
[1.200s] INFO:colcon.colcon_core.shell:Creating package script '/home/kmkm/ROS2_Planning/install/scenario_planner/share/scenario_planner/package.sh'
[1.200s] INFO:colcon.colcon_core.shell:Creating package script '/home/kmkm/ROS2_Planning/install/scenario_planner/share/scenario_planner/package.bash'
[1.201s] INFO:colcon.colcon_core.shell:Creating package script '/home/kmkm/ROS2_Planning/install/scenario_planner/share/scenario_planner/package.zsh'
[1.201s] Level 1:colcon.colcon_core.environment:create_file_with_runtime_dependencies(/home/kmkm/ROS2_Planning/install/scenario_planner/share/colcon-core/packages/scenario_planner)
[1.202s] DEBUG:colcon.colcon_parallel_executor.executor.parallel:closing loop
[1.202s] DEBUG:colcon.colcon_parallel_executor.executor.parallel:loop closed
[1.202s] DEBUG:colcon.colcon_parallel_executor.executor.parallel:run_until_complete finished with '0'
[1.202s] DEBUG:colcon.colcon_core.event_reactor:joining thread
[1.221s] INFO:colcon.colcon_core.plugin_system:Skipping extension 'colcon_notification.desktop_notification.notify_send': Could not find 'notify-send'
[1.221s] INFO:colcon.colcon_core.plugin_system:Skipping extension 'colcon_notification.desktop_notification.terminal_notifier': Not used on non-Darwin systems
[1.221s] INFO:colcon.colcon_core.plugin_system:Skipping extension 'colcon_notification.desktop_notification.win32': Not used on non-Windows systems
[1.221s] INFO:colcon.colcon_notification.desktop_notification:Sending desktop notification using 'notify2'
[1.221s] DEBUG:colcon.colcon_notification.desktop_notification.notify2:Failed to initialize notify2: org.freedesktop.DBus.Error.FileNotFound: Failed to connect to socket /run/user/1000/bus: No such file or directory
[1.221s] DEBUG:colcon.colcon_core.event_reactor:joined thread
[1.221s] INFO:colcon.colcon_core.shell:Creating prefix script '/home/kmkm/ROS2_Planning/install/local_setup.ps1'
[1.222s] INFO:colcon.colcon_core.shell:Creating prefix util module '/home/kmkm/ROS2_Planning/install/_local_setup_util_ps1.py'
[1.223s] INFO:colcon.colcon_core.shell:Creating prefix chain script '/home/kmkm/ROS2_Planning/install/setup.ps1'
[1.224s] INFO:colcon.colcon_core.shell:Creating prefix script '/home/kmkm/ROS2_Planning/install/local_setup.sh'
[1.225s] INFO:colcon.colcon_core.shell:Creating prefix util module '/home/kmkm/ROS2_Planning/install/_local_setup_util_sh.py'
[1.225s] INFO:colcon.colcon_core.shell:Creating prefix chain script '/home/kmkm/ROS2_Planning/install/setup.sh'
[1.226s] INFO:colcon.colcon_core.shell:Creating prefix script '/home/kmkm/ROS2_Planning/install/local_setup.bash'
[1.226s] INFO:colcon.colcon_core.shell:Creating prefix chain script '/home/kmkm/ROS2_Planning/install/setup.bash'
[1.227s] INFO:colcon.colcon_core.shell:Creating prefix script '/home/kmkm/ROS2_Planning/install/local_setup.zsh'
[1.228s] INFO:colcon.colcon_core.shell:Creating prefix chain script '/home/kmkm/ROS2_Planning/install/setup.zsh'
