[0.118s] DEBUG:colcon:Command line arguments: ['/usr/bin/colcon', 'build']
[0.118s] DEBUG:colcon:Parsed command line arguments: Namespace(log_base=None, log_level=None, verb_name='build', build_base='build', install_base='install', merge_install=False, symlink_install=False, test_result_base=None, continue_on_error=False, executor='parallel', parallel_workers=16, event_handlers=None, ignore_user_meta=False, metas=['./colcon.meta'], base_paths=['.'], packages_ignore=None, packages_ignore_regex=None, paths=None, packages_up_to=None, packages_up_to_regex=None, packages_above=None, packages_above_and_dependencies=None, packages_above_depth=None, packages_select_by_dep=None, packages_skip_by_dep=None, packages_skip_up_to=None, packages_select_build_failed=False, packages_skip_build_finished=False, packages_select_test_failures=False, packages_skip_test_passed=False, packages_select=None, packages_skip=None, packages_select_regex=None, packages_skip_regex=None, packages_start=None, packages_end=None, allow_overriding=[], cmake_args=None, cmake_target=None, cmake_target_skip_unavailable=False, cmake_clean_cache=False, cmake_clean_first=False, cmake_force_configure=False, ament_cmake_args=None, catkin_cmake_args=None, catkin_skip_building_tests=False, mixin_files=None, mixin=None, verb_parser=<colcon_mixin.mixin.mixin_argument.MixinArgumentDecorator object at 0x7f8736b179a0>, verb_extension=<colcon_core.verb.build.BuildVerb object at 0x7f8736ccc910>, main=<bound method BuildVerb.main of <colcon_core.verb.build.BuildVerb object at 0x7f8736ccc910>>, mixin_verb=('build',))
[0.255s] Level 1:colcon.colcon_core.package_discovery:discover_packages(colcon_meta) check parameters
[0.255s] Level 1:colcon.colcon_core.package_discovery:discover_packages(recursive) check parameters
[0.255s] Level 1:colcon.colcon_core.package_discovery:discover_packages(ignore) check parameters
[0.255s] Level 1:colcon.colcon_core.package_discovery:discover_packages(path) check parameters
[0.255s] Level 1:colcon.colcon_core.package_discovery:discover_packages(colcon_meta) discover
[0.255s] Level 1:colcon.colcon_core.package_discovery:discover_packages(recursive) discover
[0.255s] INFO:colcon.colcon_core.package_discovery:Crawling recursively for packages in '/home/kmkm/ros2_ws'
[0.256s] Level 1:colcon.colcon_core.package_identification:_identify(.) by extensions ['ignore', 'ignore_ament_install']
[0.256s] Level 1:colcon.colcon_core.package_identification:_identify(.) by extension 'ignore'
[0.256s] Level 1:colcon.colcon_core.package_identification:_identify(.) by extension 'ignore_ament_install'
[0.256s] Level 1:colcon.colcon_core.package_identification:_identify(.) by extensions ['colcon_pkg']
[0.256s] Level 1:colcon.colcon_core.package_identification:_identify(.) by extension 'colcon_pkg'
[0.256s] Level 1:colcon.colcon_core.package_identification:_identify(.) by extensions ['colcon_meta']
[0.256s] Level 1:colcon.colcon_core.package_identification:_identify(.) by extension 'colcon_meta'
[0.256s] Level 1:colcon.colcon_core.package_identification:_identify(.) by extensions ['ros']
[0.256s] Level 1:colcon.colcon_core.package_identification:_identify(.) by extension 'ros'
[0.264s] Level 1:colcon.colcon_core.package_identification:_identify(.) by extensions ['cmake', 'python']
[0.264s] Level 1:colcon.colcon_core.package_identification:_identify(.) by extension 'cmake'
[0.265s] Level 1:colcon.colcon_core.package_identification:_identify(.) by extension 'python'
[0.265s] Level 1:colcon.colcon_core.package_identification:_identify(.) by extensions ['python_setup_py']
[0.265s] Level 1:colcon.colcon_core.package_identification:_identify(.) by extension 'python_setup_py'
[0.265s] Level 1:colcon.colcon_core.package_identification:_identify(build) by extensions ['ignore', 'ignore_ament_install']
[0.265s] Level 1:colcon.colcon_core.package_identification:_identify(build) by extension 'ignore'
[0.265s] Level 1:colcon.colcon_core.package_identification:_identify(build) ignored
[0.265s] Level 1:colcon.colcon_core.package_identification:_identify(install) by extensions ['ignore', 'ignore_ament_install']
[0.265s] Level 1:colcon.colcon_core.package_identification:_identify(install) by extension 'ignore'
[0.265s] Level 1:colcon.colcon_core.package_identification:_identify(install) ignored
[0.265s] Level 1:colcon.colcon_core.package_identification:_identify(launch) by extensions ['ignore', 'ignore_ament_install']
[0.265s] Level 1:colcon.colcon_core.package_identification:_identify(launch) by extension 'ignore'
[0.265s] Level 1:colcon.colcon_core.package_identification:_identify(launch) by extension 'ignore_ament_install'
[0.266s] Level 1:colcon.colcon_core.package_identification:_identify(launch) by extensions ['colcon_pkg']
[0.266s] Level 1:colcon.colcon_core.package_identification:_identify(launch) by extension 'colcon_pkg'
[0.266s] Level 1:colcon.colcon_core.package_identification:_identify(launch) by extensions ['colcon_meta']
[0.266s] Level 1:colcon.colcon_core.package_identification:_identify(launch) by extension 'colcon_meta'
[0.266s] Level 1:colcon.colcon_core.package_identification:_identify(launch) by extensions ['ros']
[0.266s] Level 1:colcon.colcon_core.package_identification:_identify(launch) by extension 'ros'
[0.266s] Level 1:colcon.colcon_core.package_identification:_identify(launch) by extensions ['cmake', 'python']
[0.266s] Level 1:colcon.colcon_core.package_identification:_identify(launch) by extension 'cmake'
[0.266s] Level 1:colcon.colcon_core.package_identification:_identify(launch) by extension 'python'
[0.266s] Level 1:colcon.colcon_core.package_identification:_identify(launch) by extensions ['python_setup_py']
[0.266s] Level 1:colcon.colcon_core.package_identification:_identify(launch) by extension 'python_setup_py'
[0.266s] Level 1:colcon.colcon_core.package_identification:_identify(log) by extensions ['ignore', 'ignore_ament_install']
[0.266s] Level 1:colcon.colcon_core.package_identification:_identify(log) by extension 'ignore'
[0.266s] Level 1:colcon.colcon_core.package_identification:_identify(log) ignored
[0.266s] Level 1:colcon.colcon_core.package_identification:_identify(rviz) by extensions ['ignore', 'ignore_ament_install']
[0.266s] Level 1:colcon.colcon_core.package_identification:_identify(rviz) by extension 'ignore'
[0.267s] Level 1:colcon.colcon_core.package_identification:_identify(rviz) by extension 'ignore_ament_install'
[0.267s] Level 1:colcon.colcon_core.package_identification:_identify(rviz) by extensions ['colcon_pkg']
[0.267s] Level 1:colcon.colcon_core.package_identification:_identify(rviz) by extension 'colcon_pkg'
[0.267s] Level 1:colcon.colcon_core.package_identification:_identify(rviz) by extensions ['colcon_meta']
[0.267s] Level 1:colcon.colcon_core.package_identification:_identify(rviz) by extension 'colcon_meta'
[0.267s] Level 1:colcon.colcon_core.package_identification:_identify(rviz) by extensions ['ros']
[0.267s] Level 1:colcon.colcon_core.package_identification:_identify(rviz) by extension 'ros'
[0.267s] Level 1:colcon.colcon_core.package_identification:_identify(rviz) by extensions ['cmake', 'python']
[0.267s] Level 1:colcon.colcon_core.package_identification:_identify(rviz) by extension 'cmake'
[0.267s] Level 1:colcon.colcon_core.package_identification:_identify(rviz) by extension 'python'
[0.267s] Level 1:colcon.colcon_core.package_identification:_identify(rviz) by extensions ['python_setup_py']
[0.267s] Level 1:colcon.colcon_core.package_identification:_identify(rviz) by extension 'python_setup_py'
[0.267s] Level 1:colcon.colcon_core.package_identification:_identify(src) by extensions ['ignore', 'ignore_ament_install']
[0.267s] Level 1:colcon.colcon_core.package_identification:_identify(src) by extension 'ignore'
[0.267s] Level 1:colcon.colcon_core.package_identification:_identify(src) by extension 'ignore_ament_install'
[0.267s] Level 1:colcon.colcon_core.package_identification:_identify(src) by extensions ['colcon_pkg']
[0.267s] Level 1:colcon.colcon_core.package_identification:_identify(src) by extension 'colcon_pkg'
[0.267s] Level 1:colcon.colcon_core.package_identification:_identify(src) by extensions ['colcon_meta']
[0.267s] Level 1:colcon.colcon_core.package_identification:_identify(src) by extension 'colcon_meta'
[0.267s] Level 1:colcon.colcon_core.package_identification:_identify(src) by extensions ['ros']
[0.267s] Level 1:colcon.colcon_core.package_identification:_identify(src) by extension 'ros'
[0.267s] Level 1:colcon.colcon_core.package_identification:_identify(src) by extensions ['cmake', 'python']
[0.267s] Level 1:colcon.colcon_core.package_identification:_identify(src) by extension 'cmake'
[0.267s] Level 1:colcon.colcon_core.package_identification:_identify(src) by extension 'python'
[0.267s] Level 1:colcon.colcon_core.package_identification:_identify(src) by extensions ['python_setup_py']
[0.267s] Level 1:colcon.colcon_core.package_identification:_identify(src) by extension 'python_setup_py'
[0.268s] Level 1:colcon.colcon_core.package_identification:_identify(src/local_planner) by extensions ['ignore', 'ignore_ament_install']
[0.268s] Level 1:colcon.colcon_core.package_identification:_identify(src/local_planner) by extension 'ignore'
[0.268s] Level 1:colcon.colcon_core.package_identification:_identify(src/local_planner) by extension 'ignore_ament_install'
[0.268s] Level 1:colcon.colcon_core.package_identification:_identify(src/local_planner) by extensions ['colcon_pkg']
[0.268s] Level 1:colcon.colcon_core.package_identification:_identify(src/local_planner) by extension 'colcon_pkg'
[0.268s] Level 1:colcon.colcon_core.package_identification:_identify(src/local_planner) by extensions ['colcon_meta']
[0.268s] Level 1:colcon.colcon_core.package_identification:_identify(src/local_planner) by extension 'colcon_meta'
[0.268s] Level 1:colcon.colcon_core.package_identification:_identify(src/local_planner) by extensions ['ros']
[0.268s] Level 1:colcon.colcon_core.package_identification:_identify(src/local_planner) by extension 'ros'
[0.270s] DEBUG:colcon.colcon_core.package_identification:Package 'src/local_planner' with type 'ros.ament_python' and name 'local_planner'
[0.270s] Level 1:colcon.colcon_core.package_identification:_identify(src/mode_selector) by extensions ['ignore', 'ignore_ament_install']
[0.271s] Level 1:colcon.colcon_core.package_identification:_identify(src/mode_selector) by extension 'ignore'
[0.271s] Level 1:colcon.colcon_core.package_identification:_identify(src/mode_selector) by extension 'ignore_ament_install'
[0.271s] Level 1:colcon.colcon_core.package_identification:_identify(src/mode_selector) by extensions ['colcon_pkg']
[0.271s] Level 1:colcon.colcon_core.package_identification:_identify(src/mode_selector) by extension 'colcon_pkg'
[0.271s] Level 1:colcon.colcon_core.package_identification:_identify(src/mode_selector) by extensions ['colcon_meta']
[0.271s] Level 1:colcon.colcon_core.package_identification:_identify(src/mode_selector) by extension 'colcon_meta'
[0.271s] Level 1:colcon.colcon_core.package_identification:_identify(src/mode_selector) by extensions ['ros']
[0.271s] Level 1:colcon.colcon_core.package_identification:_identify(src/mode_selector) by extension 'ros'
[0.271s] DEBUG:colcon.colcon_core.package_identification:Package 'src/mode_selector' with type 'ros.ament_python' and name 'mode_selector'
[0.272s] Level 1:colcon.colcon_core.package_identification:_identify(src/planning_msgs) by extensions ['ignore', 'ignore_ament_install']
[0.272s] Level 1:colcon.colcon_core.package_identification:_identify(src/planning_msgs) by extension 'ignore'
[0.272s] Level 1:colcon.colcon_core.package_identification:_identify(src/planning_msgs) by extension 'ignore_ament_install'
[0.272s] Level 1:colcon.colcon_core.package_identification:_identify(src/planning_msgs) by extensions ['colcon_pkg']
[0.272s] Level 1:colcon.colcon_core.package_identification:_identify(src/planning_msgs) by extension 'colcon_pkg'
[0.272s] Level 1:colcon.colcon_core.package_identification:_identify(src/planning_msgs) by extensions ['colcon_meta']
[0.272s] Level 1:colcon.colcon_core.package_identification:_identify(src/planning_msgs) by extension 'colcon_meta'
[0.272s] Level 1:colcon.colcon_core.package_identification:_identify(src/planning_msgs) by extensions ['ros']
[0.272s] Level 1:colcon.colcon_core.package_identification:_identify(src/planning_msgs) by extension 'ros'
[0.272s] DEBUG:colcon.colcon_core.package_identification:Package 'src/planning_msgs' with type 'ros.ament_cmake' and name 'planning_msgs'
[0.272s] Level 1:colcon.colcon_core.package_discovery:discover_packages(recursive) using defaults
[0.272s] Level 1:colcon.colcon_core.package_discovery:discover_packages(ignore) discover
[0.272s] Level 1:colcon.colcon_core.package_discovery:discover_packages(ignore) using defaults
[0.272s] Level 1:colcon.colcon_core.package_discovery:discover_packages(path) discover
[0.273s] Level 1:colcon.colcon_core.package_discovery:discover_packages(path) using defaults
[0.302s] Level 1:colcon.colcon_core.package_discovery:discover_packages(prefix_path) check parameters
[0.302s] Level 1:colcon.colcon_core.package_discovery:discover_packages(prefix_path) discover
[0.304s] DEBUG:colcon.colcon_installed_package_information.package_discovery:Found 3 installed packages in /home/kmkm/ros2_ws/install
[0.304s] DEBUG:colcon.colcon_installed_package_information.package_discovery:Found 4 installed packages in /home/kmkm/install
[0.305s] DEBUG:colcon.colcon_installed_package_information.package_discovery:Found 280 installed packages in /opt/ros/humble
[0.306s] Level 1:colcon.colcon_core.package_discovery:discover_packages(prefix_path) using defaults
[0.336s] Level 5:colcon.colcon_core.verb:set package 'planning_msgs' build argument 'cmake_args' from command line to 'None'
[0.336s] Level 5:colcon.colcon_core.verb:set package 'planning_msgs' build argument 'cmake_target' from command line to 'None'
[0.336s] Level 5:colcon.colcon_core.verb:set package 'planning_msgs' build argument 'cmake_target_skip_unavailable' from command line to 'False'
[0.336s] Level 5:colcon.colcon_core.verb:set package 'planning_msgs' build argument 'cmake_clean_cache' from command line to 'False'
[0.336s] Level 5:colcon.colcon_core.verb:set package 'planning_msgs' build argument 'cmake_clean_first' from command line to 'False'
[0.336s] Level 5:colcon.colcon_core.verb:set package 'planning_msgs' build argument 'cmake_force_configure' from command line to 'False'
[0.336s] Level 5:colcon.colcon_core.verb:set package 'planning_msgs' build argument 'ament_cmake_args' from command line to 'None'
[0.336s] Level 5:colcon.colcon_core.verb:set package 'planning_msgs' build argument 'catkin_cmake_args' from command line to 'None'
[0.336s] Level 5:colcon.colcon_core.verb:set package 'planning_msgs' build argument 'catkin_skip_building_tests' from command line to 'False'
[0.336s] DEBUG:colcon.colcon_core.verb:Building package 'planning_msgs' with the following arguments: {'ament_cmake_args': None, 'build_base': '/home/kmkm/ros2_ws/build/planning_msgs', 'catkin_cmake_args': None, 'catkin_skip_building_tests': False, 'cmake_args': None, 'cmake_clean_cache': False, 'cmake_clean_first': False, 'cmake_force_configure': False, 'cmake_target': None, 'cmake_target_skip_unavailable': False, 'install_base': '/home/kmkm/ros2_ws/install/planning_msgs', 'merge_install': False, 'path': '/home/kmkm/ros2_ws/src/planning_msgs', 'symlink_install': False, 'test_result_base': None}
[0.336s] Level 5:colcon.colcon_core.verb:set package 'local_planner' build argument 'cmake_args' from command line to 'None'
[0.336s] Level 5:colcon.colcon_core.verb:set package 'local_planner' build argument 'cmake_target' from command line to 'None'
[0.336s] Level 5:colcon.colcon_core.verb:set package 'local_planner' build argument 'cmake_target_skip_unavailable' from command line to 'False'
[0.336s] Level 5:colcon.colcon_core.verb:set package 'local_planner' build argument 'cmake_clean_cache' from command line to 'False'
[0.336s] Level 5:colcon.colcon_core.verb:set package 'local_planner' build argument 'cmake_clean_first' from command line to 'False'
[0.336s] Level 5:colcon.colcon_core.verb:set package 'local_planner' build argument 'cmake_force_configure' from command line to 'False'
[0.336s] Level 5:colcon.colcon_core.verb:set package 'local_planner' build argument 'ament_cmake_args' from command line to 'None'
[0.336s] Level 5:colcon.colcon_core.verb:set package 'local_planner' build argument 'catkin_cmake_args' from command line to 'None'
[0.336s] Level 5:colcon.colcon_core.verb:set package 'local_planner' build argument 'catkin_skip_building_tests' from command line to 'False'
[0.336s] DEBUG:colcon.colcon_core.verb:Building package 'local_planner' with the following arguments: {'ament_cmake_args': None, 'build_base': '/home/kmkm/ros2_ws/build/local_planner', 'catkin_cmake_args': None, 'catkin_skip_building_tests': False, 'cmake_args': None, 'cmake_clean_cache': False, 'cmake_clean_first': False, 'cmake_force_configure': False, 'cmake_target': None, 'cmake_target_skip_unavailable': False, 'install_base': '/home/kmkm/ros2_ws/install/local_planner', 'merge_install': False, 'path': '/home/kmkm/ros2_ws/src/local_planner', 'symlink_install': False, 'test_result_base': None}
[0.337s] Level 5:colcon.colcon_core.verb:set package 'mode_selector' build argument 'cmake_args' from command line to 'None'
[0.337s] Level 5:colcon.colcon_core.verb:set package 'mode_selector' build argument 'cmake_target' from command line to 'None'
[0.337s] Level 5:colcon.colcon_core.verb:set package 'mode_selector' build argument 'cmake_target_skip_unavailable' from command line to 'False'
[0.337s] Level 5:colcon.colcon_core.verb:set package 'mode_selector' build argument 'cmake_clean_cache' from command line to 'False'
[0.337s] Level 5:colcon.colcon_core.verb:set package 'mode_selector' build argument 'cmake_clean_first' from command line to 'False'
[0.337s] Level 5:colcon.colcon_core.verb:set package 'mode_selector' build argument 'cmake_force_configure' from command line to 'False'
[0.337s] Level 5:colcon.colcon_core.verb:set package 'mode_selector' build argument 'ament_cmake_args' from command line to 'None'
[0.337s] Level 5:colcon.colcon_core.verb:set package 'mode_selector' build argument 'catkin_cmake_args' from command line to 'None'
[0.337s] Level 5:colcon.colcon_core.verb:set package 'mode_selector' build argument 'catkin_skip_building_tests' from command line to 'False'
[0.337s] DEBUG:colcon.colcon_core.verb:Building package 'mode_selector' with the following arguments: {'ament_cmake_args': None, 'build_base': '/home/kmkm/ros2_ws/build/mode_selector', 'catkin_cmake_args': None, 'catkin_skip_building_tests': False, 'cmake_args': None, 'cmake_clean_cache': False, 'cmake_clean_first': False, 'cmake_force_configure': False, 'cmake_target': None, 'cmake_target_skip_unavailable': False, 'install_base': '/home/kmkm/ros2_ws/install/mode_selector', 'merge_install': False, 'path': '/home/kmkm/ros2_ws/src/mode_selector', 'symlink_install': False, 'test_result_base': None}
[0.337s] INFO:colcon.colcon_core.executor:Executing jobs using 'parallel' executor
[0.339s] DEBUG:colcon.colcon_parallel_executor.executor.parallel:run_until_complete
[0.339s] INFO:colcon.colcon_ros.task.ament_cmake.build:Building ROS package in '/home/kmkm/ros2_ws/src/planning_msgs' with build type 'ament_cmake'
[0.339s] INFO:colcon.colcon_cmake.task.cmake.build:Building CMake package in '/home/kmkm/ros2_ws/src/planning_msgs'
[0.341s] INFO:colcon.colcon_core.plugin_system:Skipping extension 'colcon_core.shell.bat': Not used on non-Windows systems
[0.342s] INFO:colcon.colcon_core.shell:Skip shell extension 'powershell' for command environment: Not usable outside of PowerShell
[0.343s] DEBUG:colcon.colcon_core.shell:Skip shell extension 'dsv' for command environment
[0.356s] DEBUG:colcon.colcon_core.event_handler.log_command:Invoking command in '/home/kmkm/ros2_ws/build/planning_msgs': CMAKE_PREFIX_PATH=${CMAKE_PREFIX_PATH}:/home/kmkm/ros2_ws/install/mode_selector:/home/kmkm/ros2_ws/install/local_planner:/home/kmkm/install/sensor_simulator:/home/kmkm/install/mode_selector:/home/kmkm/install/local_planner:/opt/ros/humble /usr/bin/cmake --build /home/kmkm/ros2_ws/build/planning_msgs -- -j16 -l16
[0.655s] DEBUG:colcon.colcon_core.event_handler.log_command:Invoked command in '/home/kmkm/ros2_ws/build/planning_msgs' returned '0': CMAKE_PREFIX_PATH=${CMAKE_PREFIX_PATH}:/home/kmkm/ros2_ws/install/mode_selector:/home/kmkm/ros2_ws/install/local_planner:/home/kmkm/install/sensor_simulator:/home/kmkm/install/mode_selector:/home/kmkm/install/local_planner:/opt/ros/humble /usr/bin/cmake --build /home/kmkm/ros2_ws/build/planning_msgs -- -j16 -l16
[0.664s] DEBUG:colcon.colcon_core.event_handler.log_command:Invoking command in '/home/kmkm/ros2_ws/build/planning_msgs': CMAKE_PREFIX_PATH=${CMAKE_PREFIX_PATH}:/home/kmkm/ros2_ws/install/mode_selector:/home/kmkm/ros2_ws/install/local_planner:/home/kmkm/install/sensor_simulator:/home/kmkm/install/mode_selector:/home/kmkm/install/local_planner:/opt/ros/humble /usr/bin/cmake --install /home/kmkm/ros2_ws/build/planning_msgs
[0.711s] Level 1:colcon.colcon_core.environment:create_environment_scripts_only(planning_msgs)
[0.711s] DEBUG:colcon.colcon_core.event_handler.log_command:Invoked command in '/home/kmkm/ros2_ws/build/planning_msgs' returned '0': CMAKE_PREFIX_PATH=${CMAKE_PREFIX_PATH}:/home/kmkm/ros2_ws/install/mode_selector:/home/kmkm/ros2_ws/install/local_planner:/home/kmkm/install/sensor_simulator:/home/kmkm/install/mode_selector:/home/kmkm/install/local_planner:/opt/ros/humble /usr/bin/cmake --install /home/kmkm/ros2_ws/build/planning_msgs
[0.713s] Level 1:colcon.colcon_core.environment:checking '/home/kmkm/ros2_ws/install/planning_msgs' for CMake module files
[0.714s] Level 1:colcon.colcon_core.environment:checking '/home/kmkm/ros2_ws/install/planning_msgs' for CMake config files
[0.714s] Level 1:colcon.colcon_core.shell:create_environment_hook('planning_msgs', 'cmake_prefix_path')
[0.714s] INFO:colcon.colcon_core.shell:Creating environment hook '/home/kmkm/ros2_ws/install/planning_msgs/share/planning_msgs/hook/cmake_prefix_path.ps1'
[0.715s] INFO:colcon.colcon_core.shell:Creating environment descriptor '/home/kmkm/ros2_ws/install/planning_msgs/share/planning_msgs/hook/cmake_prefix_path.dsv'
[0.715s] INFO:colcon.colcon_core.shell:Creating environment hook '/home/kmkm/ros2_ws/install/planning_msgs/share/planning_msgs/hook/cmake_prefix_path.sh'
[0.716s] Level 1:colcon.colcon_core.environment:checking '/home/kmkm/ros2_ws/install/planning_msgs/lib'
[0.717s] Level 1:colcon.colcon_core.shell:create_environment_hook('planning_msgs', 'ld_library_path_lib')
[0.717s] INFO:colcon.colcon_core.shell:Creating environment hook '/home/kmkm/ros2_ws/install/planning_msgs/share/planning_msgs/hook/ld_library_path_lib.ps1'
[0.717s] INFO:colcon.colcon_core.shell:Creating environment descriptor '/home/kmkm/ros2_ws/install/planning_msgs/share/planning_msgs/hook/ld_library_path_lib.dsv'
[0.718s] INFO:colcon.colcon_core.shell:Creating environment hook '/home/kmkm/ros2_ws/install/planning_msgs/share/planning_msgs/hook/ld_library_path_lib.sh'
[0.718s] Level 1:colcon.colcon_core.environment:checking '/home/kmkm/ros2_ws/install/planning_msgs/bin'
[0.718s] Level 1:colcon.colcon_core.environment:checking '/home/kmkm/ros2_ws/install/planning_msgs/lib/pkgconfig/planning_msgs.pc'
[0.718s] Level 1:colcon.colcon_core.environment:checking '/home/kmkm/ros2_ws/install/planning_msgs/lib/python3.10/site-packages'
[0.718s] Level 1:colcon.colcon_core.environment:checking '/home/kmkm/ros2_ws/install/planning_msgs/bin'
[0.719s] INFO:colcon.colcon_core.shell:Creating package script '/home/kmkm/ros2_ws/install/planning_msgs/share/planning_msgs/package.ps1'
[0.719s] INFO:colcon.colcon_core.shell:Creating package descriptor '/home/kmkm/ros2_ws/install/planning_msgs/share/planning_msgs/package.dsv'
[0.720s] INFO:colcon.colcon_core.shell:Creating package script '/home/kmkm/ros2_ws/install/planning_msgs/share/planning_msgs/package.sh'
[0.720s] INFO:colcon.colcon_core.shell:Creating package script '/home/kmkm/ros2_ws/install/planning_msgs/share/planning_msgs/package.bash'
[0.721s] INFO:colcon.colcon_core.shell:Creating package script '/home/kmkm/ros2_ws/install/planning_msgs/share/planning_msgs/package.zsh'
[0.721s] Level 1:colcon.colcon_core.environment:create_file_with_runtime_dependencies(/home/kmkm/ros2_ws/install/planning_msgs/share/colcon-core/packages/planning_msgs)
[0.722s] Level 1:colcon.colcon_core.environment:create_environment_scripts_only(planning_msgs)
[0.722s] Level 1:colcon.colcon_core.environment:checking '/home/kmkm/ros2_ws/install/planning_msgs' for CMake module files
[0.723s] Level 1:colcon.colcon_core.environment:checking '/home/kmkm/ros2_ws/install/planning_msgs' for CMake config files
[0.723s] Level 1:colcon.colcon_core.shell:create_environment_hook('planning_msgs', 'cmake_prefix_path')
[0.723s] INFO:colcon.colcon_core.shell:Creating environment hook '/home/kmkm/ros2_ws/install/planning_msgs/share/planning_msgs/hook/cmake_prefix_path.ps1'
[0.723s] INFO:colcon.colcon_core.shell:Creating environment descriptor '/home/kmkm/ros2_ws/install/planning_msgs/share/planning_msgs/hook/cmake_prefix_path.dsv'
[0.724s] INFO:colcon.colcon_core.shell:Creating environment hook '/home/kmkm/ros2_ws/install/planning_msgs/share/planning_msgs/hook/cmake_prefix_path.sh'
[0.724s] Level 1:colcon.colcon_core.environment:checking '/home/kmkm/ros2_ws/install/planning_msgs/lib'
[0.724s] Level 1:colcon.colcon_core.shell:create_environment_hook('planning_msgs', 'ld_library_path_lib')
[0.724s] INFO:colcon.colcon_core.shell:Creating environment hook '/home/kmkm/ros2_ws/install/planning_msgs/share/planning_msgs/hook/ld_library_path_lib.ps1'
[0.725s] INFO:colcon.colcon_core.shell:Creating environment descriptor '/home/kmkm/ros2_ws/install/planning_msgs/share/planning_msgs/hook/ld_library_path_lib.dsv'
[0.725s] INFO:colcon.colcon_core.shell:Creating environment hook '/home/kmkm/ros2_ws/install/planning_msgs/share/planning_msgs/hook/ld_library_path_lib.sh'
[0.725s] Level 1:colcon.colcon_core.environment:checking '/home/kmkm/ros2_ws/install/planning_msgs/bin'
[0.725s] Level 1:colcon.colcon_core.environment:checking '/home/kmkm/ros2_ws/install/planning_msgs/lib/pkgconfig/planning_msgs.pc'
[0.725s] Level 1:colcon.colcon_core.environment:checking '/home/kmkm/ros2_ws/install/planning_msgs/lib/python3.10/site-packages'
[0.725s] Level 1:colcon.colcon_core.environment:checking '/home/kmkm/ros2_ws/install/planning_msgs/bin'
[0.726s] INFO:colcon.colcon_core.shell:Creating package script '/home/kmkm/ros2_ws/install/planning_msgs/share/planning_msgs/package.ps1'
[0.726s] INFO:colcon.colcon_core.shell:Creating package descriptor '/home/kmkm/ros2_ws/install/planning_msgs/share/planning_msgs/package.dsv'
[0.726s] INFO:colcon.colcon_core.shell:Creating package script '/home/kmkm/ros2_ws/install/planning_msgs/share/planning_msgs/package.sh'
[0.727s] INFO:colcon.colcon_core.shell:Creating package script '/home/kmkm/ros2_ws/install/planning_msgs/share/planning_msgs/package.bash'
[0.727s] INFO:colcon.colcon_core.shell:Creating package script '/home/kmkm/ros2_ws/install/planning_msgs/share/planning_msgs/package.zsh'
[0.727s] Level 1:colcon.colcon_core.environment:create_file_with_runtime_dependencies(/home/kmkm/ros2_ws/install/planning_msgs/share/colcon-core/packages/planning_msgs)
[0.728s] INFO:colcon.colcon_ros.task.ament_python.build:Building ROS package in '/home/kmkm/ros2_ws/src/local_planner' with build type 'ament_python'
[0.728s] Level 1:colcon.colcon_core.shell:create_environment_hook('local_planner', 'ament_prefix_path')
[0.728s] INFO:colcon.colcon_core.shell:Creating environment hook '/home/kmkm/ros2_ws/install/local_planner/share/local_planner/hook/ament_prefix_path.ps1'
[0.729s] INFO:colcon.colcon_core.shell:Creating environment descriptor '/home/kmkm/ros2_ws/install/local_planner/share/local_planner/hook/ament_prefix_path.dsv'
[0.729s] INFO:colcon.colcon_core.shell:Creating environment hook '/home/kmkm/ros2_ws/install/local_planner/share/local_planner/hook/ament_prefix_path.sh'
[0.730s] INFO:colcon.colcon_core.shell:Skip shell extension 'powershell' for command environment: Not usable outside of PowerShell
[0.730s] DEBUG:colcon.colcon_core.shell:Skip shell extension 'dsv' for command environment
[0.733s] INFO:colcon.colcon_ros.task.ament_python.build:Building ROS package in '/home/kmkm/ros2_ws/src/mode_selector' with build type 'ament_python'
[0.733s] Level 1:colcon.colcon_core.shell:create_environment_hook('mode_selector', 'ament_prefix_path')
[0.733s] INFO:colcon.colcon_core.shell:Creating environment hook '/home/kmkm/ros2_ws/install/mode_selector/share/mode_selector/hook/ament_prefix_path.ps1'
[0.734s] INFO:colcon.colcon_core.shell:Creating environment descriptor '/home/kmkm/ros2_ws/install/mode_selector/share/mode_selector/hook/ament_prefix_path.dsv'
[0.734s] INFO:colcon.colcon_core.shell:Creating environment hook '/home/kmkm/ros2_ws/install/mode_selector/share/mode_selector/hook/ament_prefix_path.sh'
[0.735s] INFO:colcon.colcon_core.shell:Skip shell extension 'powershell' for command environment: Not usable outside of PowerShell
[0.735s] DEBUG:colcon.colcon_core.shell:Skip shell extension 'dsv' for command environment
[0.950s] INFO:colcon.colcon_core.task.python.build:Building Python package in '/home/kmkm/ros2_ws/src/local_planner'
[0.950s] INFO:colcon.colcon_core.shell:Skip shell extension 'powershell' for command environment: Not usable outside of PowerShell
[0.951s] DEBUG:colcon.colcon_core.shell:Skip shell extension 'dsv' for command environment
[1.145s] INFO:colcon.colcon_core.task.python.build:Building Python package in '/home/kmkm/ros2_ws/src/mode_selector'
[1.145s] INFO:colcon.colcon_core.shell:Skip shell extension 'powershell' for command environment: Not usable outside of PowerShell
[1.145s] DEBUG:colcon.colcon_core.shell:Skip shell extension 'dsv' for command environment
[1.409s] DEBUG:colcon.colcon_core.event_handler.log_command:Invoking command in '/home/kmkm/ros2_ws/src/local_planner': PYTHONPATH=/home/kmkm/ros2_ws/build/local_planner/prefix_override:/usr/lib/python3/dist-packages/colcon_core/task/python/colcon_distutils_commands:/home/kmkm/ros2_ws/install/local_planner/lib/python3.10/site-packages:${PYTHONPATH} /usr/bin/python3 -W ignore:setup.py install is deprecated -W ignore:easy_install command is deprecated setup.py egg_info --egg-base ../../build/local_planner build --build-base /home/kmkm/ros2_ws/build/local_planner/build install --record /home/kmkm/ros2_ws/build/local_planner/install.log --single-version-externally-managed install_data
[1.445s] DEBUG:colcon.colcon_core.event_handler.log_command:Invoking command in '/home/kmkm/ros2_ws/src/mode_selector': PYTHONPATH=/home/kmkm/ros2_ws/build/mode_selector/prefix_override:/usr/lib/python3/dist-packages/colcon_core/task/python/colcon_distutils_commands:/home/kmkm/ros2_ws/install/mode_selector/lib/python3.10/site-packages:${PYTHONPATH} /usr/bin/python3 -W ignore:setup.py install is deprecated -W ignore:easy_install command is deprecated setup.py egg_info --egg-base ../../build/mode_selector build --build-base /home/kmkm/ros2_ws/build/mode_selector/build install --record /home/kmkm/ros2_ws/build/mode_selector/install.log --single-version-externally-managed install_data
[1.638s] Level 1:colcon.colcon_core.environment:checking '/home/kmkm/ros2_ws/install/local_planner' for CMake module files
[1.638s] DEBUG:colcon.colcon_core.event_handler.log_command:Invoked command in '/home/kmkm/ros2_ws/src/local_planner' returned '0': PYTHONPATH=/home/kmkm/ros2_ws/build/local_planner/prefix_override:/usr/lib/python3/dist-packages/colcon_core/task/python/colcon_distutils_commands:/home/kmkm/ros2_ws/install/local_planner/lib/python3.10/site-packages:${PYTHONPATH} /usr/bin/python3 -W ignore:setup.py install is deprecated -W ignore:easy_install command is deprecated setup.py egg_info --egg-base ../../build/local_planner build --build-base /home/kmkm/ros2_ws/build/local_planner/build install --record /home/kmkm/ros2_ws/build/local_planner/install.log --single-version-externally-managed install_data
[1.639s] Level 1:colcon.colcon_core.environment:checking '/home/kmkm/ros2_ws/install/local_planner' for CMake config files
[1.639s] Level 1:colcon.colcon_core.environment:checking '/home/kmkm/ros2_ws/install/local_planner/lib'
[1.639s] Level 1:colcon.colcon_core.environment:checking '/home/kmkm/ros2_ws/install/local_planner/bin'
[1.639s] Level 1:colcon.colcon_core.environment:checking '/home/kmkm/ros2_ws/install/local_planner/lib/pkgconfig/local_planner.pc'
[1.639s] Level 1:colcon.colcon_core.environment:checking '/home/kmkm/ros2_ws/install/local_planner/lib/python3.10/site-packages'
[1.639s] Level 1:colcon.colcon_core.shell:create_environment_hook('local_planner', 'pythonpath')
[1.640s] INFO:colcon.colcon_core.shell:Creating environment hook '/home/kmkm/ros2_ws/install/local_planner/share/local_planner/hook/pythonpath.ps1'
[1.640s] INFO:colcon.colcon_core.shell:Creating environment descriptor '/home/kmkm/ros2_ws/install/local_planner/share/local_planner/hook/pythonpath.dsv'
[1.640s] INFO:colcon.colcon_core.shell:Creating environment hook '/home/kmkm/ros2_ws/install/local_planner/share/local_planner/hook/pythonpath.sh'
[1.641s] Level 1:colcon.colcon_core.environment:checking '/home/kmkm/ros2_ws/install/local_planner/bin'
[1.641s] Level 1:colcon.colcon_core.environment:create_environment_scripts_only(local_planner)
[1.641s] INFO:colcon.colcon_core.shell:Creating package script '/home/kmkm/ros2_ws/install/local_planner/share/local_planner/package.ps1'
[1.642s] INFO:colcon.colcon_core.shell:Creating package descriptor '/home/kmkm/ros2_ws/install/local_planner/share/local_planner/package.dsv'
[1.642s] INFO:colcon.colcon_core.shell:Creating package script '/home/kmkm/ros2_ws/install/local_planner/share/local_planner/package.sh'
[1.643s] INFO:colcon.colcon_core.shell:Creating package script '/home/kmkm/ros2_ws/install/local_planner/share/local_planner/package.bash'
[1.643s] INFO:colcon.colcon_core.shell:Creating package script '/home/kmkm/ros2_ws/install/local_planner/share/local_planner/package.zsh'
[1.643s] Level 1:colcon.colcon_core.environment:create_file_with_runtime_dependencies(/home/kmkm/ros2_ws/install/local_planner/share/colcon-core/packages/local_planner)
[1.665s] Level 1:colcon.colcon_core.environment:checking '/home/kmkm/ros2_ws/install/mode_selector' for CMake module files
[1.666s] DEBUG:colcon.colcon_core.event_handler.log_command:Invoked command in '/home/kmkm/ros2_ws/src/mode_selector' returned '0': PYTHONPATH=/home/kmkm/ros2_ws/build/mode_selector/prefix_override:/usr/lib/python3/dist-packages/colcon_core/task/python/colcon_distutils_commands:/home/kmkm/ros2_ws/install/mode_selector/lib/python3.10/site-packages:${PYTHONPATH} /usr/bin/python3 -W ignore:setup.py install is deprecated -W ignore:easy_install command is deprecated setup.py egg_info --egg-base ../../build/mode_selector build --build-base /home/kmkm/ros2_ws/build/mode_selector/build install --record /home/kmkm/ros2_ws/build/mode_selector/install.log --single-version-externally-managed install_data
[1.666s] Level 1:colcon.colcon_core.environment:checking '/home/kmkm/ros2_ws/install/mode_selector' for CMake config files
[1.667s] Level 1:colcon.colcon_core.environment:checking '/home/kmkm/ros2_ws/install/mode_selector/lib'
[1.667s] Level 1:colcon.colcon_core.environment:checking '/home/kmkm/ros2_ws/install/mode_selector/bin'
[1.667s] Level 1:colcon.colcon_core.environment:checking '/home/kmkm/ros2_ws/install/mode_selector/lib/pkgconfig/mode_selector.pc'
[1.667s] Level 1:colcon.colcon_core.environment:checking '/home/kmkm/ros2_ws/install/mode_selector/lib/python3.10/site-packages'
[1.667s] Level 1:colcon.colcon_core.shell:create_environment_hook('mode_selector', 'pythonpath')
[1.667s] INFO:colcon.colcon_core.shell:Creating environment hook '/home/kmkm/ros2_ws/install/mode_selector/share/mode_selector/hook/pythonpath.ps1'
[1.668s] INFO:colcon.colcon_core.shell:Creating environment descriptor '/home/kmkm/ros2_ws/install/mode_selector/share/mode_selector/hook/pythonpath.dsv'
[1.668s] INFO:colcon.colcon_core.shell:Creating environment hook '/home/kmkm/ros2_ws/install/mode_selector/share/mode_selector/hook/pythonpath.sh'
[1.669s] Level 1:colcon.colcon_core.environment:checking '/home/kmkm/ros2_ws/install/mode_selector/bin'
[1.669s] Level 1:colcon.colcon_core.environment:create_environment_scripts_only(mode_selector)
[1.669s] INFO:colcon.colcon_core.shell:Creating package script '/home/kmkm/ros2_ws/install/mode_selector/share/mode_selector/package.ps1'
[1.669s] INFO:colcon.colcon_core.shell:Creating package descriptor '/home/kmkm/ros2_ws/install/mode_selector/share/mode_selector/package.dsv'
[1.670s] INFO:colcon.colcon_core.shell:Creating package script '/home/kmkm/ros2_ws/install/mode_selector/share/mode_selector/package.sh'
[1.670s] INFO:colcon.colcon_core.shell:Creating package script '/home/kmkm/ros2_ws/install/mode_selector/share/mode_selector/package.bash'
[1.670s] INFO:colcon.colcon_core.shell:Creating package script '/home/kmkm/ros2_ws/install/mode_selector/share/mode_selector/package.zsh'
[1.671s] Level 1:colcon.colcon_core.environment:create_file_with_runtime_dependencies(/home/kmkm/ros2_ws/install/mode_selector/share/colcon-core/packages/mode_selector)
[1.671s] DEBUG:colcon.colcon_parallel_executor.executor.parallel:closing loop
[1.672s] DEBUG:colcon.colcon_parallel_executor.executor.parallel:loop closed
[1.672s] DEBUG:colcon.colcon_parallel_executor.executor.parallel:run_until_complete finished with '0'
[1.672s] DEBUG:colcon.colcon_core.event_reactor:joining thread
[1.691s] INFO:colcon.colcon_core.plugin_system:Skipping extension 'colcon_notification.desktop_notification.notify_send': Could not find 'notify-send'
[1.691s] INFO:colcon.colcon_core.plugin_system:Skipping extension 'colcon_notification.desktop_notification.terminal_notifier': Not used on non-Darwin systems
[1.691s] INFO:colcon.colcon_core.plugin_system:Skipping extension 'colcon_notification.desktop_notification.win32': Not used on non-Windows systems
[1.691s] INFO:colcon.colcon_notification.desktop_notification:Sending desktop notification using 'notify2'
[1.692s] DEBUG:colcon.colcon_notification.desktop_notification.notify2:Failed to initialize notify2: org.freedesktop.DBus.Error.FileNotFound: Failed to connect to socket /run/user/1000/bus: No such file or directory
[1.692s] DEBUG:colcon.colcon_core.event_reactor:joined thread
[1.692s] INFO:colcon.colcon_core.shell:Creating prefix script '/home/kmkm/ros2_ws/install/local_setup.ps1'
[1.693s] INFO:colcon.colcon_core.shell:Creating prefix util module '/home/kmkm/ros2_ws/install/_local_setup_util_ps1.py'
[1.694s] INFO:colcon.colcon_core.shell:Creating prefix chain script '/home/kmkm/ros2_ws/install/setup.ps1'
[1.695s] INFO:colcon.colcon_core.shell:Creating prefix script '/home/kmkm/ros2_ws/install/local_setup.sh'
[1.695s] INFO:colcon.colcon_core.shell:Creating prefix util module '/home/kmkm/ros2_ws/install/_local_setup_util_sh.py'
[1.695s] INFO:colcon.colcon_core.shell:Creating prefix chain script '/home/kmkm/ros2_ws/install/setup.sh'
[1.696s] INFO:colcon.colcon_core.shell:Creating prefix script '/home/kmkm/ros2_ws/install/local_setup.bash'
[1.697s] INFO:colcon.colcon_core.shell:Creating prefix chain script '/home/kmkm/ros2_ws/install/setup.bash'
[1.697s] INFO:colcon.colcon_core.shell:Creating prefix script '/home/kmkm/ros2_ws/install/local_setup.zsh'
[1.698s] INFO:colcon.colcon_core.shell:Creating prefix chain script '/home/kmkm/ros2_ws/install/setup.zsh'
