[1.226s] Invoking command in '/home/hmmdyn/autocar-erp/build/rqt_carla_control': PYTHONPATH=/home/hmmdyn/autocar-erp/build/rqt_carla_control/prefix_override:/usr/lib/python3/dist-packages/colcon_core/task/python/colcon_distutils_commands:/home/hmmdyn/autocar-erp/install/rqt_carla_control/lib/python3.10/site-packages:${PYTHONPATH} /usr/bin/python3 -W ignore:setup.py install is deprecated -W ignore:easy_install command is deprecated setup.py develop --editable --build-directory /home/hmmdyn/autocar-erp/build/rqt_carla_control/build --no-deps symlink_data
[1.593s] running develop
[1.753s] running egg_info
[1.765s] writing src/rqt_carla_control.egg-info/PKG-INFO
[1.766s] writing dependency_links to src/rqt_carla_control.egg-info/dependency_links.txt
[1.766s] writing requirements to src/rqt_carla_control.egg-info/requires.txt
[1.766s] writing top-level names to src/rqt_carla_control.egg-info/top_level.txt
[1.842s] reading manifest file 'src/rqt_carla_control.egg-info/SOURCES.txt'
[1.844s] writing manifest file 'src/rqt_carla_control.egg-info/SOURCES.txt'
[1.862s] running build_ext
[1.863s] Creating /home/hmmdyn/autocar-erp/install/rqt_carla_control/lib/python3.10/site-packages/rqt-carla-control.egg-link (link to src)
[1.864s] Installing rqt_carla_control script to /home/hmmdyn/autocar-erp/install/rqt_carla_control/lib/rqt_carla_control
[1.864s] 
[1.864s] Installed /home/hmmdyn/autocar-erp/build/rqt_carla_control/src
[1.864s] running symlink_data
[1.864s] creating /home/hmmdyn/autocar-erp/install/rqt_carla_control/share/ament_index/resource_index/packages
[1.864s] symbolically linking /home/hmmdyn/autocar-erp/build/rqt_carla_control/resource/rqt_carla_control -> /home/hmmdyn/autocar-erp/install/rqt_carla_control/share/ament_index/resource_index/packages
[1.865s] symbolically linking /home/hmmdyn/autocar-erp/build/rqt_carla_control/package.xml -> /home/hmmdyn/autocar-erp/install/rqt_carla_control/share/rqt_carla_control
[1.865s] symbolically linking /home/hmmdyn/autocar-erp/build/rqt_carla_control/plugin.xml -> /home/hmmdyn/autocar-erp/install/rqt_carla_control/share/rqt_carla_control
[1.865s] creating /home/hmmdyn/autocar-erp/install/rqt_carla_control/share/rqt_carla_control/resource
[1.865s] symbolically linking /home/hmmdyn/autocar-erp/build/rqt_carla_control/resource/CarlaControl.ui -> /home/hmmdyn/autocar-erp/install/rqt_carla_control/share/rqt_carla_control/resource
[1.865s] symbolically linking /home/hmmdyn/autocar-erp/build/rqt_carla_control/resource/pause.png -> /home/hmmdyn/autocar-erp/install/rqt_carla_control/share/rqt_carla_control/resource
[1.865s] symbolically linking /home/hmmdyn/autocar-erp/build/rqt_carla_control/resource/play.png -> /home/hmmdyn/autocar-erp/install/rqt_carla_control/share/rqt_carla_control/resource
[1.865s] symbolically linking /home/hmmdyn/autocar-erp/build/rqt_carla_control/resource/step_once.png -> /home/hmmdyn/autocar-erp/install/rqt_carla_control/share/rqt_carla_control/resource
[1.955s] Invoked command in '/home/hmmdyn/autocar-erp/build/rqt_carla_control' returned '0': PYTHONPATH=/home/hmmdyn/autocar-erp/build/rqt_carla_control/prefix_override:/usr/lib/python3/dist-packages/colcon_core/task/python/colcon_distutils_commands:/home/hmmdyn/autocar-erp/install/rqt_carla_control/lib/python3.10/site-packages:${PYTHONPATH} /usr/bin/python3 -W ignore:setup.py install is deprecated -W ignore:easy_install command is deprecated setup.py develop --editable --build-directory /home/hmmdyn/autocar-erp/build/rqt_carla_control/build --no-deps symlink_data
