[1.564s] Invoking command in '/home/hmmdyn/autocar-erp/ros-bridge/build/rqt_carla_control': PYTHONPATH=/home/hmmdyn/autocar-erp/ros-bridge/build/rqt_carla_control/prefix_override:/usr/lib/python3/dist-packages/colcon_core/task/python/colcon_distutils_commands:/home/hmmdyn/autocar-erp/ros-bridge/install/rqt_carla_control/lib/python3.10/site-packages:${PYTHONPATH} /usr/bin/python3 -W ignore:setup.py install is deprecated -W ignore:easy_install command is deprecated setup.py develop --editable --build-directory /home/hmmdyn/autocar-erp/ros-bridge/build/rqt_carla_control/build --no-deps symlink_data
[2.125s] running develop
[2.355s] running egg_info
[2.365s] creating src/rqt_carla_control.egg-info
[2.366s] writing src/rqt_carla_control.egg-info/PKG-INFO
[2.366s] writing dependency_links to src/rqt_carla_control.egg-info/dependency_links.txt
[2.366s] writing requirements to src/rqt_carla_control.egg-info/requires.txt
[2.366s] writing top-level names to src/rqt_carla_control.egg-info/top_level.txt
[2.366s] writing manifest file 'src/rqt_carla_control.egg-info/SOURCES.txt'
[2.439s] reading manifest file 'src/rqt_carla_control.egg-info/SOURCES.txt'
[2.440s] writing manifest file 'src/rqt_carla_control.egg-info/SOURCES.txt'
[2.453s] running build_ext
[2.453s] Creating /home/hmmdyn/autocar-erp/ros-bridge/install/rqt_carla_control/lib/python3.10/site-packages/rqt-carla-control.egg-link (link to src)
[2.454s] Installing rqt_carla_control script to /home/hmmdyn/autocar-erp/ros-bridge/install/rqt_carla_control/lib/rqt_carla_control
[2.454s] 
[2.455s] Installed /home/hmmdyn/autocar-erp/ros-bridge/build/rqt_carla_control/src
[2.455s] running symlink_data
[2.455s] creating /home/hmmdyn/autocar-erp/ros-bridge/install/rqt_carla_control/share/ament_index/resource_index/packages
[2.455s] symbolically linking /home/hmmdyn/autocar-erp/ros-bridge/build/rqt_carla_control/resource/rqt_carla_control -> /home/hmmdyn/autocar-erp/ros-bridge/install/rqt_carla_control/share/ament_index/resource_index/packages
[2.455s] symbolically linking /home/hmmdyn/autocar-erp/ros-bridge/build/rqt_carla_control/package.xml -> /home/hmmdyn/autocar-erp/ros-bridge/install/rqt_carla_control/share/rqt_carla_control
[2.455s] symbolically linking /home/hmmdyn/autocar-erp/ros-bridge/build/rqt_carla_control/plugin.xml -> /home/hmmdyn/autocar-erp/ros-bridge/install/rqt_carla_control/share/rqt_carla_control
[2.456s] creating /home/hmmdyn/autocar-erp/ros-bridge/install/rqt_carla_control/share/rqt_carla_control/resource
[2.456s] symbolically linking /home/hmmdyn/autocar-erp/ros-bridge/build/rqt_carla_control/resource/CarlaControl.ui -> /home/hmmdyn/autocar-erp/ros-bridge/install/rqt_carla_control/share/rqt_carla_control/resource
[2.456s] symbolically linking /home/hmmdyn/autocar-erp/ros-bridge/build/rqt_carla_control/resource/pause.png -> /home/hmmdyn/autocar-erp/ros-bridge/install/rqt_carla_control/share/rqt_carla_control/resource
[2.459s] symbolically linking /home/hmmdyn/autocar-erp/ros-bridge/build/rqt_carla_control/resource/play.png -> /home/hmmdyn/autocar-erp/ros-bridge/install/rqt_carla_control/share/rqt_carla_control/resource
[2.459s] symbolically linking /home/hmmdyn/autocar-erp/ros-bridge/build/rqt_carla_control/resource/step_once.png -> /home/hmmdyn/autocar-erp/ros-bridge/install/rqt_carla_control/share/rqt_carla_control/resource
[2.505s] Invoked command in '/home/hmmdyn/autocar-erp/ros-bridge/build/rqt_carla_control' returned '0': PYTHONPATH=/home/hmmdyn/autocar-erp/ros-bridge/build/rqt_carla_control/prefix_override:/usr/lib/python3/dist-packages/colcon_core/task/python/colcon_distutils_commands:/home/hmmdyn/autocar-erp/ros-bridge/install/rqt_carla_control/lib/python3.10/site-packages:${PYTHONPATH} /usr/bin/python3 -W ignore:setup.py install is deprecated -W ignore:easy_install command is deprecated setup.py develop --editable --build-directory /home/hmmdyn/autocar-erp/ros-bridge/build/rqt_carla_control/build --no-deps symlink_data
