[0.527s] Invoking command in '/home/hmmdyn/autocar-erp/build/carla_ros_scenario_runner_types': CMAKE_PREFIX_PATH=${CMAKE_PREFIX_PATH}:/home/hmmdyn/autocar-erp/install/rqt_carla_control:/home/hmmdyn/autocar-erp/install/carla_waypoint_publisher:/home/hmmdyn/autocar-erp/install/carla_ackermann_control:/home/hmmdyn/autocar-erp/install/carla_ros_bridge:/home/hmmdyn/autocar-erp/install/carla_spawn_objects:/home/hmmdyn/autocar-erp/install/carla_manual_control:/home/hmmdyn/autocar-erp/install/carla_ad_agent:/home/hmmdyn/autocar-erp/install/ros_compatibility:/home/hmmdyn/autocar-erp/install/erp_control:/home/hmmdyn/autocar-erp/install/carla_walker_agent:/home/hmmdyn/autocar-erp/install/carla_twist_to_control:/home/hmmdyn/autocar-erp/install/carla_ros_scenario_runner:/home/hmmdyn/autocar-erp/install/carla_common:/opt/ros/humble /usr/bin/cmake --build /home/hmmdyn/autocar-erp/build/carla_ros_scenario_runner_types -- -j12 -l12
[1.167s] [35m[1mConsolidate compiler generated dependencies of target carla_ros_scenario_runner_types__rosidl_generator_c[0m
[1.167s] [ 10%] Built target carla_ros_scenario_runner_types__rosidl_generator_c
[1.167s] [ 12%] Built target carla_ros_scenario_runner_types__cpp
[1.167s] [ 12%] Built target ament_cmake_python_symlink_carla_ros_scenario_runner_types
[1.167s] [35m[1mConsolidate compiler generated dependencies of target carla_ros_scenario_runner_types__rosidl_typesupport_c[0m
[1.167s] [35m[1mConsolidate compiler generated dependencies of target carla_ros_scenario_runner_types__rosidl_typesupport_introspection_c[0m
[1.167s] [35m[1mConsolidate compiler generated dependencies of target carla_ros_scenario_runner_types__rosidl_typesupport_fastrtps_c[0m
[1.167s] [35m[1mConsolidate compiler generated dependencies of target carla_ros_scenario_runner_types__rosidl_typesupport_cpp[0m
[1.167s] [35m[1mConsolidate compiler generated dependencies of target carla_ros_scenario_runner_types__rosidl_typesupport_introspection_cpp[0m
[1.167s] [35m[1mConsolidate compiler generated dependencies of target carla_ros_scenario_runner_types__rosidl_typesupport_fastrtps_cpp[0m
[1.167s] [ 23%] Built target carla_ros_scenario_runner_types__rosidl_typesupport_c
[1.167s] [ 34%] Built target carla_ros_scenario_runner_types__rosidl_typesupport_introspection_c
[1.167s] [ 45%] Built target carla_ros_scenario_runner_types__rosidl_typesupport_cpp
[1.167s] [ 56%] Built target carla_ros_scenario_runner_types__rosidl_typesupport_fastrtps_c
[1.167s] [ 67%] Built target carla_ros_scenario_runner_types__rosidl_typesupport_introspection_cpp
[1.167s] [ 78%] Built target carla_ros_scenario_runner_types__rosidl_typesupport_fastrtps_cpp
[1.167s] [ 78%] Built target carla_ros_scenario_runner_types
[1.167s] [ 80%] Built target carla_ros_scenario_runner_types__py
[1.168s] [35m[1mConsolidate compiler generated dependencies of target carla_ros_scenario_runner_types__rosidl_generator_py[0m
[1.168s] [ 89%] Built target carla_ros_scenario_runner_types__rosidl_generator_py
[1.168s] [35m[1mConsolidate compiler generated dependencies of target carla_ros_scenario_runner_types__rosidl_typesupport_c__pyext[0m
[1.168s] [35m[1mConsolidate compiler generated dependencies of target carla_ros_scenario_runner_types__rosidl_typesupport_introspection_c__pyext[0m
[1.168s] [35m[1mConsolidate compiler generated dependencies of target carla_ros_scenario_runner_types__rosidl_typesupport_fastrtps_c__pyext[0m
[1.168s] [ 92%] Built target carla_ros_scenario_runner_types__rosidl_typesupport_c__pyext
[1.168s] [ 96%] Built target carla_ros_scenario_runner_types__rosidl_typesupport_introspection_c__pyext
[1.168s] [100%] Built target carla_ros_scenario_runner_types__rosidl_typesupport_fastrtps_c__pyext
[1.168s] running egg_info
[1.168s] writing carla_ros_scenario_runner_types.egg-info/PKG-INFO
[1.168s] writing dependency_links to carla_ros_scenario_runner_types.egg-info/dependency_links.txt
[1.168s] writing top-level names to carla_ros_scenario_runner_types.egg-info/top_level.txt
[1.168s] reading manifest file 'carla_ros_scenario_runner_types.egg-info/SOURCES.txt'
[1.168s] writing manifest file 'carla_ros_scenario_runner_types.egg-info/SOURCES.txt'
[1.168s] [100%] Built target ament_cmake_python_build_carla_ros_scenario_runner_types_egg
[1.199s] Invoked command in '/home/hmmdyn/autocar-erp/build/carla_ros_scenario_runner_types' returned '0': CMAKE_PREFIX_PATH=${CMAKE_PREFIX_PATH}:/home/hmmdyn/autocar-erp/install/rqt_carla_control:/home/hmmdyn/autocar-erp/install/carla_waypoint_publisher:/home/hmmdyn/autocar-erp/install/carla_ackermann_control:/home/hmmdyn/autocar-erp/install/carla_ros_bridge:/home/hmmdyn/autocar-erp/install/carla_spawn_objects:/home/hmmdyn/autocar-erp/install/carla_manual_control:/home/hmmdyn/autocar-erp/install/carla_ad_agent:/home/hmmdyn/autocar-erp/install/ros_compatibility:/home/hmmdyn/autocar-erp/install/erp_control:/home/hmmdyn/autocar-erp/install/carla_walker_agent:/home/hmmdyn/autocar-erp/install/carla_twist_to_control:/home/hmmdyn/autocar-erp/install/carla_ros_scenario_runner:/home/hmmdyn/autocar-erp/install/carla_common:/opt/ros/humble /usr/bin/cmake --build /home/hmmdyn/autocar-erp/build/carla_ros_scenario_runner_types -- -j12 -l12
[1.200s] Invoking command in '/home/hmmdyn/autocar-erp/build/carla_ros_scenario_runner_types': CMAKE_PREFIX_PATH=${CMAKE_PREFIX_PATH}:/home/hmmdyn/autocar-erp/install/rqt_carla_control:/home/hmmdyn/autocar-erp/install/carla_waypoint_publisher:/home/hmmdyn/autocar-erp/install/carla_ackermann_control:/home/hmmdyn/autocar-erp/install/carla_ros_bridge:/home/hmmdyn/autocar-erp/install/carla_spawn_objects:/home/hmmdyn/autocar-erp/install/carla_manual_control:/home/hmmdyn/autocar-erp/install/carla_ad_agent:/home/hmmdyn/autocar-erp/install/ros_compatibility:/home/hmmdyn/autocar-erp/install/erp_control:/home/hmmdyn/autocar-erp/install/carla_walker_agent:/home/hmmdyn/autocar-erp/install/carla_twist_to_control:/home/hmmdyn/autocar-erp/install/carla_ros_scenario_runner:/home/hmmdyn/autocar-erp/install/carla_common:/opt/ros/humble /usr/bin/cmake --install /home/hmmdyn/autocar-erp/build/carla_ros_scenario_runner_types
[1.220s] -- Install configuration: ""
[1.220s] -- Execute custom install script
[1.220s] -- Symlinking: /home/hmmdyn/autocar-erp/install/carla_ros_scenario_runner_types/share/ament_index/resource_index/rosidl_interfaces/carla_ros_scenario_runner_types
[1.227s] -- Symlinking: /home/hmmdyn/autocar-erp/install/carla_ros_scenario_runner_types/include/carla_ros_scenario_runner_types/carla_ros_scenario_runner_types/msg/carla_scenario.h
[1.241s] -- Symlinking: /home/hmmdyn/autocar-erp/install/carla_ros_scenario_runner_types/include/carla_ros_scenario_runner_types/carla_ros_scenario_runner_types/msg/carla_scenario_list.h
[1.255s] -- Symlinking: /home/hmmdyn/autocar-erp/install/carla_ros_scenario_runner_types/include/carla_ros_scenario_runner_types/carla_ros_scenario_runner_types/msg/carla_scenario_runner_status.h
[1.271s] -- Symlinking: /home/hmmdyn/autocar-erp/install/carla_ros_scenario_runner_types/include/carla_ros_scenario_runner_types/carla_ros_scenario_runner_types/msg/detail/carla_scenario__functions.h
[1.284s] -- Symlinking: /home/hmmdyn/autocar-erp/install/carla_ros_scenario_runner_types/include/carla_ros_scenario_runner_types/carla_ros_scenario_runner_types/msg/detail/carla_scenario__struct.h
[1.302s] -- Symlinking: /home/hmmdyn/autocar-erp/install/carla_ros_scenario_runner_types/include/carla_ros_scenario_runner_types/carla_ros_scenario_runner_types/msg/detail/carla_scenario__type_support.h
[1.318s] -- Symlinking: /home/hmmdyn/autocar-erp/install/carla_ros_scenario_runner_types/include/carla_ros_scenario_runner_types/carla_ros_scenario_runner_types/msg/detail/carla_scenario_list__functions.h
[1.334s] -- Symlinking: /home/hmmdyn/autocar-erp/install/carla_ros_scenario_runner_types/include/carla_ros_scenario_runner_types/carla_ros_scenario_runner_types/msg/detail/carla_scenario_list__struct.h
[1.357s] -- Symlinking: /home/hmmdyn/autocar-erp/install/carla_ros_scenario_runner_types/include/carla_ros_scenario_runner_types/carla_ros_scenario_runner_types/msg/detail/carla_scenario_list__type_support.h
[1.365s] -- Symlinking: /home/hmmdyn/autocar-erp/install/carla_ros_scenario_runner_types/include/carla_ros_scenario_runner_types/carla_ros_scenario_runner_types/msg/detail/carla_scenario_runner_status__functions.h
[1.389s] -- Symlinking: /home/hmmdyn/autocar-erp/install/carla_ros_scenario_runner_types/include/carla_ros_scenario_runner_types/carla_ros_scenario_runner_types/msg/detail/carla_scenario_runner_status__struct.h
[1.413s] -- Symlinking: /home/hmmdyn/autocar-erp/install/carla_ros_scenario_runner_types/include/carla_ros_scenario_runner_types/carla_ros_scenario_runner_types/msg/detail/carla_scenario_runner_status__type_support.h
[1.428s] -- Symlinking: /home/hmmdyn/autocar-erp/install/carla_ros_scenario_runner_types/include/carla_ros_scenario_runner_types/carla_ros_scenario_runner_types/msg/rosidl_generator_c__visibility_control.h
[1.448s] -- Symlinking: /home/hmmdyn/autocar-erp/install/carla_ros_scenario_runner_types/include/carla_ros_scenario_runner_types/carla_ros_scenario_runner_types/srv/detail/execute_scenario__functions.h
[1.472s] -- Symlinking: /home/hmmdyn/autocar-erp/install/carla_ros_scenario_runner_types/include/carla_ros_scenario_runner_types/carla_ros_scenario_runner_types/srv/detail/execute_scenario__struct.h
[1.488s] -- Symlinking: /home/hmmdyn/autocar-erp/install/carla_ros_scenario_runner_types/include/carla_ros_scenario_runner_types/carla_ros_scenario_runner_types/srv/detail/execute_scenario__type_support.h
[1.505s] -- Symlinking: /home/hmmdyn/autocar-erp/install/carla_ros_scenario_runner_types/include/carla_ros_scenario_runner_types/carla_ros_scenario_runner_types/srv/execute_scenario.h
[1.523s] -- Symlinking: /home/hmmdyn/autocar-erp/install/carla_ros_scenario_runner_types/share/carla_ros_scenario_runner_types/environment/library_path.sh
[1.540s] -- Symlinking: /home/hmmdyn/autocar-erp/install/carla_ros_scenario_runner_types/share/carla_ros_scenario_runner_types/environment/library_path.dsv
[1.550s] -- Symlinking: /home/hmmdyn/autocar-erp/install/carla_ros_scenario_runner_types/include/carla_ros_scenario_runner_types/carla_ros_scenario_runner_types/msg/detail/carla_scenario__rosidl_typesupport_fastrtps_c.h
[1.562s] -- Symlinking: /home/hmmdyn/autocar-erp/install/carla_ros_scenario_runner_types/include/carla_ros_scenario_runner_types/carla_ros_scenario_runner_types/msg/detail/carla_scenario_list__rosidl_typesupport_fastrtps_c.h
[1.574s] -- Symlinking: /home/hmmdyn/autocar-erp/install/carla_ros_scenario_runner_types/include/carla_ros_scenario_runner_types/carla_ros_scenario_runner_types/msg/detail/carla_scenario_runner_status__rosidl_typesupport_fastrtps_c.h
[1.596s] -- Symlinking: /home/hmmdyn/autocar-erp/install/carla_ros_scenario_runner_types/include/carla_ros_scenario_runner_types/carla_ros_scenario_runner_types/msg/rosidl_typesupport_fastrtps_c__visibility_control.h
[1.626s] -- Symlinking: /home/hmmdyn/autocar-erp/install/carla_ros_scenario_runner_types/include/carla_ros_scenario_runner_types/carla_ros_scenario_runner_types/srv/detail/execute_scenario__rosidl_typesupport_fastrtps_c.h
[1.633s] -- Symlinking: /home/hmmdyn/autocar-erp/install/carla_ros_scenario_runner_types/include/carla_ros_scenario_runner_types/carla_ros_scenario_runner_types/msg/carla_scenario.hpp
[1.647s] -- Symlinking: /home/hmmdyn/autocar-erp/install/carla_ros_scenario_runner_types/include/carla_ros_scenario_runner_types/carla_ros_scenario_runner_types/msg/carla_scenario_list.hpp
[1.664s] -- Symlinking: /home/hmmdyn/autocar-erp/install/carla_ros_scenario_runner_types/include/carla_ros_scenario_runner_types/carla_ros_scenario_runner_types/msg/carla_scenario_runner_status.hpp
[1.673s] -- Symlinking: /home/hmmdyn/autocar-erp/install/carla_ros_scenario_runner_types/include/carla_ros_scenario_runner_types/carla_ros_scenario_runner_types/msg/detail/carla_scenario__builder.hpp
[1.689s] -- Symlinking: /home/hmmdyn/autocar-erp/install/carla_ros_scenario_runner_types/include/carla_ros_scenario_runner_types/carla_ros_scenario_runner_types/msg/detail/carla_scenario__struct.hpp
[1.702s] -- Symlinking: /home/hmmdyn/autocar-erp/install/carla_ros_scenario_runner_types/include/carla_ros_scenario_runner_types/carla_ros_scenario_runner_types/msg/detail/carla_scenario__traits.hpp
[1.714s] -- Symlinking: /home/hmmdyn/autocar-erp/install/carla_ros_scenario_runner_types/include/carla_ros_scenario_runner_types/carla_ros_scenario_runner_types/msg/detail/carla_scenario__type_support.hpp
[1.725s] -- Symlinking: /home/hmmdyn/autocar-erp/install/carla_ros_scenario_runner_types/include/carla_ros_scenario_runner_types/carla_ros_scenario_runner_types/msg/detail/carla_scenario_list__builder.hpp
[1.734s] -- Symlinking: /home/hmmdyn/autocar-erp/install/carla_ros_scenario_runner_types/include/carla_ros_scenario_runner_types/carla_ros_scenario_runner_types/msg/detail/carla_scenario_list__struct.hpp
[1.742s] -- Symlinking: /home/hmmdyn/autocar-erp/install/carla_ros_scenario_runner_types/include/carla_ros_scenario_runner_types/carla_ros_scenario_runner_types/msg/detail/carla_scenario_list__traits.hpp
[1.751s] -- Symlinking: /home/hmmdyn/autocar-erp/install/carla_ros_scenario_runner_types/include/carla_ros_scenario_runner_types/carla_ros_scenario_runner_types/msg/detail/carla_scenario_list__type_support.hpp
[1.764s] -- Symlinking: /home/hmmdyn/autocar-erp/install/carla_ros_scenario_runner_types/include/carla_ros_scenario_runner_types/carla_ros_scenario_runner_types/msg/detail/carla_scenario_runner_status__builder.hpp
[1.782s] -- Symlinking: /home/hmmdyn/autocar-erp/install/carla_ros_scenario_runner_types/include/carla_ros_scenario_runner_types/carla_ros_scenario_runner_types/msg/detail/carla_scenario_runner_status__struct.hpp
[1.795s] -- Symlinking: /home/hmmdyn/autocar-erp/install/carla_ros_scenario_runner_types/include/carla_ros_scenario_runner_types/carla_ros_scenario_runner_types/msg/detail/carla_scenario_runner_status__traits.hpp
[1.802s] -- Symlinking: /home/hmmdyn/autocar-erp/install/carla_ros_scenario_runner_types/include/carla_ros_scenario_runner_types/carla_ros_scenario_runner_types/msg/detail/carla_scenario_runner_status__type_support.hpp
[1.815s] -- Symlinking: /home/hmmdyn/autocar-erp/install/carla_ros_scenario_runner_types/include/carla_ros_scenario_runner_types/carla_ros_scenario_runner_types/msg/rosidl_generator_cpp__visibility_control.hpp
[1.823s] -- Symlinking: /home/hmmdyn/autocar-erp/install/carla_ros_scenario_runner_types/include/carla_ros_scenario_runner_types/carla_ros_scenario_runner_types/srv/detail/execute_scenario__builder.hpp
[1.834s] -- Symlinking: /home/hmmdyn/autocar-erp/install/carla_ros_scenario_runner_types/include/carla_ros_scenario_runner_types/carla_ros_scenario_runner_types/srv/detail/execute_scenario__struct.hpp
[1.845s] -- Symlinking: /home/hmmdyn/autocar-erp/install/carla_ros_scenario_runner_types/include/carla_ros_scenario_runner_types/carla_ros_scenario_runner_types/srv/detail/execute_scenario__traits.hpp
[1.855s] -- Symlinking: /home/hmmdyn/autocar-erp/install/carla_ros_scenario_runner_types/include/carla_ros_scenario_runner_types/carla_ros_scenario_runner_types/srv/detail/execute_scenario__type_support.hpp
[1.867s] -- Symlinking: /home/hmmdyn/autocar-erp/install/carla_ros_scenario_runner_types/include/carla_ros_scenario_runner_types/carla_ros_scenario_runner_types/srv/execute_scenario.hpp
[1.880s] -- Symlinking: /home/hmmdyn/autocar-erp/install/carla_ros_scenario_runner_types/include/carla_ros_scenario_runner_types/carla_ros_scenario_runner_types/msg/detail/carla_scenario__rosidl_typesupport_fastrtps_cpp.hpp
[1.889s] -- Symlinking: /home/hmmdyn/autocar-erp/install/carla_ros_scenario_runner_types/include/carla_ros_scenario_runner_types/carla_ros_scenario_runner_types/msg/detail/carla_scenario_list__rosidl_typesupport_fastrtps_cpp.hpp
[1.897s] -- Symlinking: /home/hmmdyn/autocar-erp/install/carla_ros_scenario_runner_types/include/carla_ros_scenario_runner_types/carla_ros_scenario_runner_types/msg/detail/carla_scenario_runner_status__rosidl_typesupport_fastrtps_cpp.hpp
[1.918s] -- Symlinking: /home/hmmdyn/autocar-erp/install/carla_ros_scenario_runner_types/include/carla_ros_scenario_runner_types/carla_ros_scenario_runner_types/msg/rosidl_typesupport_fastrtps_cpp__visibility_control.h
[1.934s] -- Symlinking: /home/hmmdyn/autocar-erp/install/carla_ros_scenario_runner_types/include/carla_ros_scenario_runner_types/carla_ros_scenario_runner_types/srv/detail/execute_scenario__rosidl_typesupport_fastrtps_cpp.hpp
[1.944s] -- Symlinking: /home/hmmdyn/autocar-erp/install/carla_ros_scenario_runner_types/include/carla_ros_scenario_runner_types/carla_ros_scenario_runner_types/msg/detail/carla_scenario__rosidl_typesupport_introspection_c.h
[1.969s] -- Symlinking: /home/hmmdyn/autocar-erp/install/carla_ros_scenario_runner_types/include/carla_ros_scenario_runner_types/carla_ros_scenario_runner_types/msg/detail/carla_scenario_list__rosidl_typesupport_introspection_c.h
[1.981s] -- Symlinking: /home/hmmdyn/autocar-erp/install/carla_ros_scenario_runner_types/include/carla_ros_scenario_runner_types/carla_ros_scenario_runner_types/msg/detail/carla_scenario_runner_status__rosidl_typesupport_introspection_c.h
[1.992s] -- Symlinking: /home/hmmdyn/autocar-erp/install/carla_ros_scenario_runner_types/include/carla_ros_scenario_runner_types/carla_ros_scenario_runner_types/msg/rosidl_typesupport_introspection_c__visibility_control.h
[2.006s] -- Symlinking: /home/hmmdyn/autocar-erp/install/carla_ros_scenario_runner_types/include/carla_ros_scenario_runner_types/carla_ros_scenario_runner_types/srv/detail/execute_scenario__rosidl_typesupport_introspection_c.h
[2.019s] -- Symlinking: /home/hmmdyn/autocar-erp/install/carla_ros_scenario_runner_types/include/carla_ros_scenario_runner_types/carla_ros_scenario_runner_types/msg/detail/carla_scenario__rosidl_typesupport_introspection_cpp.hpp
[2.035s] -- Symlinking: /home/hmmdyn/autocar-erp/install/carla_ros_scenario_runner_types/include/carla_ros_scenario_runner_types/carla_ros_scenario_runner_types/msg/detail/carla_scenario_list__rosidl_typesupport_introspection_cpp.hpp
[2.045s] -- Symlinking: /home/hmmdyn/autocar-erp/install/carla_ros_scenario_runner_types/include/carla_ros_scenario_runner_types/carla_ros_scenario_runner_types/msg/detail/carla_scenario_runner_status__rosidl_typesupport_introspection_cpp.hpp
[2.052s] -- Symlinking: /home/hmmdyn/autocar-erp/install/carla_ros_scenario_runner_types/include/carla_ros_scenario_runner_types/carla_ros_scenario_runner_types/srv/detail/execute_scenario__rosidl_typesupport_introspection_cpp.hpp
[2.070s] -- Symlinking: /home/hmmdyn/autocar-erp/install/carla_ros_scenario_runner_types/share/carla_ros_scenario_runner_types/environment/pythonpath.sh
[2.078s] -- Symlinking: /home/hmmdyn/autocar-erp/install/carla_ros_scenario_runner_types/share/carla_ros_scenario_runner_types/environment/pythonpath.dsv
[2.088s] -- Symlinking: /home/hmmdyn/autocar-erp/install/carla_ros_scenario_runner_types/local/lib/python3.10/dist-packages/carla_ros_scenario_runner_types-0.1.0-py3.10.egg-info/PKG-INFO
[2.099s] -- Symlinking: /home/hmmdyn/autocar-erp/install/carla_ros_scenario_runner_types/local/lib/python3.10/dist-packages/carla_ros_scenario_runner_types-0.1.0-py3.10.egg-info/SOURCES.txt
[2.109s] -- Symlinking: /home/hmmdyn/autocar-erp/install/carla_ros_scenario_runner_types/local/lib/python3.10/dist-packages/carla_ros_scenario_runner_types-0.1.0-py3.10.egg-info/dependency_links.txt
[2.124s] -- Symlinking: /home/hmmdyn/autocar-erp/install/carla_ros_scenario_runner_types/local/lib/python3.10/dist-packages/carla_ros_scenario_runner_types-0.1.0-py3.10.egg-info/top_level.txt
[2.136s] -- Symlinking: /home/hmmdyn/autocar-erp/install/carla_ros_scenario_runner_types/local/lib/python3.10/dist-packages/carla_ros_scenario_runner_types/__init__.py
[2.143s] -- Symlinking: /home/hmmdyn/autocar-erp/install/carla_ros_scenario_runner_types/local/lib/python3.10/dist-packages/carla_ros_scenario_runner_types/_carla_ros_scenario_runner_types_s.ep.rosidl_typesupport_c.c
[2.152s] -- Symlinking: /home/hmmdyn/autocar-erp/install/carla_ros_scenario_runner_types/local/lib/python3.10/dist-packages/carla_ros_scenario_runner_types/_carla_ros_scenario_runner_types_s.ep.rosidl_typesupport_fastrtps_c.c
[2.173s] -- Symlinking: /home/hmmdyn/autocar-erp/install/carla_ros_scenario_runner_types/local/lib/python3.10/dist-packages/carla_ros_scenario_runner_types/_carla_ros_scenario_runner_types_s.ep.rosidl_typesupport_introspection_c.c
[2.183s] -- Symlinking: /home/hmmdyn/autocar-erp/install/carla_ros_scenario_runner_types/local/lib/python3.10/dist-packages/carla_ros_scenario_runner_types/carla_ros_scenario_runner_types_s__rosidl_typesupport_c.cpython-310-x86_64-linux-gnu.so
[2.201s] -- Symlinking: /home/hmmdyn/autocar-erp/install/carla_ros_scenario_runner_types/local/lib/python3.10/dist-packages/carla_ros_scenario_runner_types/carla_ros_scenario_runner_types_s__rosidl_typesupport_fastrtps_c.cpython-310-x86_64-linux-gnu.so
[2.210s] -- Symlinking: /home/hmmdyn/autocar-erp/install/carla_ros_scenario_runner_types/local/lib/python3.10/dist-packages/carla_ros_scenario_runner_types/carla_ros_scenario_runner_types_s__rosidl_typesupport_introspection_c.cpython-310-x86_64-linux-gnu.so
[2.223s] -- Symlinking: /home/hmmdyn/autocar-erp/install/carla_ros_scenario_runner_types/local/lib/python3.10/dist-packages/carla_ros_scenario_runner_types/libcarla_ros_scenario_runner_types__rosidl_generator_py.so
[2.236s] -- Symlinking: /home/hmmdyn/autocar-erp/install/carla_ros_scenario_runner_types/local/lib/python3.10/dist-packages/carla_ros_scenario_runner_types/msg/__init__.py
[2.246s] -- Symlinking: /home/hmmdyn/autocar-erp/install/carla_ros_scenario_runner_types/local/lib/python3.10/dist-packages/carla_ros_scenario_runner_types/msg/_carla_scenario.py
[2.260s] -- Symlinking: /home/hmmdyn/autocar-erp/install/carla_ros_scenario_runner_types/local/lib/python3.10/dist-packages/carla_ros_scenario_runner_types/msg/_carla_scenario_list.py
[2.276s] -- Symlinking: /home/hmmdyn/autocar-erp/install/carla_ros_scenario_runner_types/local/lib/python3.10/dist-packages/carla_ros_scenario_runner_types/msg/_carla_scenario_list_s.c
[2.297s] -- Symlinking: /home/hmmdyn/autocar-erp/install/carla_ros_scenario_runner_types/local/lib/python3.10/dist-packages/carla_ros_scenario_runner_types/msg/_carla_scenario_runner_status.py
[2.307s] -- Symlinking: /home/hmmdyn/autocar-erp/install/carla_ros_scenario_runner_types/local/lib/python3.10/dist-packages/carla_ros_scenario_runner_types/msg/_carla_scenario_runner_status_s.c
[2.329s] -- Symlinking: /home/hmmdyn/autocar-erp/install/carla_ros_scenario_runner_types/local/lib/python3.10/dist-packages/carla_ros_scenario_runner_types/msg/_carla_scenario_s.c
[2.338s] -- Symlinking: /home/hmmdyn/autocar-erp/install/carla_ros_scenario_runner_types/local/lib/python3.10/dist-packages/carla_ros_scenario_runner_types/srv/__init__.py
[2.354s] -- Symlinking: /home/hmmdyn/autocar-erp/install/carla_ros_scenario_runner_types/local/lib/python3.10/dist-packages/carla_ros_scenario_runner_types/srv/_execute_scenario.py
[2.362s] -- Symlinking: /home/hmmdyn/autocar-erp/install/carla_ros_scenario_runner_types/local/lib/python3.10/dist-packages/carla_ros_scenario_runner_types/srv/_execute_scenario_s.c
[2.377s] -- Up-to-date symlink: /home/hmmdyn/autocar-erp/install/carla_ros_scenario_runner_types/local/lib/python3.10/dist-packages/carla_ros_scenario_runner_types/carla_ros_scenario_runner_types_s__rosidl_typesupport_fastrtps_c.cpython-310-x86_64-linux-gnu.so
[2.377s] -- Up-to-date symlink: /home/hmmdyn/autocar-erp/install/carla_ros_scenario_runner_types/local/lib/python3.10/dist-packages/carla_ros_scenario_runner_types/carla_ros_scenario_runner_types_s__rosidl_typesupport_introspection_c.cpython-310-x86_64-linux-gnu.so
[2.379s] -- Up-to-date symlink: /home/hmmdyn/autocar-erp/install/carla_ros_scenario_runner_types/local/lib/python3.10/dist-packages/carla_ros_scenario_runner_types/carla_ros_scenario_runner_types_s__rosidl_typesupport_c.cpython-310-x86_64-linux-gnu.so
[2.379s] -- Symlinking: /home/hmmdyn/autocar-erp/install/carla_ros_scenario_runner_types/share/carla_ros_scenario_runner_types/msg/CarlaScenario.idl
[2.389s] -- Symlinking: /home/hmmdyn/autocar-erp/install/carla_ros_scenario_runner_types/share/carla_ros_scenario_runner_types/msg/CarlaScenarioList.idl
[2.399s] -- Symlinking: /home/hmmdyn/autocar-erp/install/carla_ros_scenario_runner_types/share/carla_ros_scenario_runner_types/msg/CarlaScenarioRunnerStatus.idl
[2.409s] -- Symlinking: /home/hmmdyn/autocar-erp/install/carla_ros_scenario_runner_types/share/carla_ros_scenario_runner_types/srv/ExecuteScenario.idl
[2.423s] -- Symlinking: /home/hmmdyn/autocar-erp/install/carla_ros_scenario_runner_types/share/carla_ros_scenario_runner_types/msg/CarlaScenario.msg
[2.435s] -- Symlinking: /home/hmmdyn/autocar-erp/install/carla_ros_scenario_runner_types/share/carla_ros_scenario_runner_types/msg/CarlaScenarioList.msg
[2.445s] -- Symlinking: /home/hmmdyn/autocar-erp/install/carla_ros_scenario_runner_types/share/carla_ros_scenario_runner_types/msg/CarlaScenarioRunnerStatus.msg
[2.455s] -- Symlinking: /home/hmmdyn/autocar-erp/install/carla_ros_scenario_runner_types/share/carla_ros_scenario_runner_types/srv/ExecuteScenario.srv
[2.464s] -- Symlinking: /home/hmmdyn/autocar-erp/install/carla_ros_scenario_runner_types/share/carla_ros_scenario_runner_types/srv/ExecuteScenario_Request.msg
[2.478s] -- Symlinking: /home/hmmdyn/autocar-erp/install/carla_ros_scenario_runner_types/share/carla_ros_scenario_runner_types/srv/ExecuteScenario_Response.msg
[2.491s] -- Symlinking: /home/hmmdyn/autocar-erp/install/carla_ros_scenario_runner_types/share/ament_index/resource_index/package_run_dependencies/carla_ros_scenario_runner_types
[2.505s] -- Symlinking: /home/hmmdyn/autocar-erp/install/carla_ros_scenario_runner_types/share/ament_index/resource_index/parent_prefix_path/carla_ros_scenario_runner_types
[2.520s] -- Symlinking: /home/hmmdyn/autocar-erp/install/carla_ros_scenario_runner_types/share/carla_ros_scenario_runner_types/environment/ament_prefix_path.sh
[2.531s] -- Symlinking: /home/hmmdyn/autocar-erp/install/carla_ros_scenario_runner_types/share/carla_ros_scenario_runner_types/environment/ament_prefix_path.dsv
[2.541s] -- Symlinking: /home/hmmdyn/autocar-erp/install/carla_ros_scenario_runner_types/share/carla_ros_scenario_runner_types/environment/path.sh
[2.551s] -- Symlinking: /home/hmmdyn/autocar-erp/install/carla_ros_scenario_runner_types/share/carla_ros_scenario_runner_types/environment/path.dsv
[2.569s] -- Symlinking: /home/hmmdyn/autocar-erp/install/carla_ros_scenario_runner_types/share/carla_ros_scenario_runner_types/local_setup.bash
[2.578s] -- Symlinking: /home/hmmdyn/autocar-erp/install/carla_ros_scenario_runner_types/share/carla_ros_scenario_runner_types/local_setup.sh
[2.587s] -- Symlinking: /home/hmmdyn/autocar-erp/install/carla_ros_scenario_runner_types/share/carla_ros_scenario_runner_types/local_setup.zsh
[2.600s] -- Symlinking: /home/hmmdyn/autocar-erp/install/carla_ros_scenario_runner_types/share/carla_ros_scenario_runner_types/local_setup.dsv
[2.610s] -- Symlinking: /home/hmmdyn/autocar-erp/install/carla_ros_scenario_runner_types/share/carla_ros_scenario_runner_types/package.dsv
[2.626s] -- Symlinking: /home/hmmdyn/autocar-erp/install/carla_ros_scenario_runner_types/share/ament_index/resource_index/packages/carla_ros_scenario_runner_types
[2.636s] -- Symlinking: /home/hmmdyn/autocar-erp/install/carla_ros_scenario_runner_types/share/carla_ros_scenario_runner_types/cmake/rosidl_cmake-extras.cmake
[2.649s] -- Symlinking: /home/hmmdyn/autocar-erp/install/carla_ros_scenario_runner_types/share/carla_ros_scenario_runner_types/cmake/ament_cmake_export_dependencies-extras.cmake
[2.658s] -- Symlinking: /home/hmmdyn/autocar-erp/install/carla_ros_scenario_runner_types/share/carla_ros_scenario_runner_types/cmake/ament_cmake_export_include_directories-extras.cmake
[2.675s] -- Symlinking: /home/hmmdyn/autocar-erp/install/carla_ros_scenario_runner_types/share/carla_ros_scenario_runner_types/cmake/ament_cmake_export_libraries-extras.cmake
[2.683s] -- Symlinking: /home/hmmdyn/autocar-erp/install/carla_ros_scenario_runner_types/share/carla_ros_scenario_runner_types/cmake/ament_cmake_export_targets-extras.cmake
[2.700s] -- Symlinking: /home/hmmdyn/autocar-erp/install/carla_ros_scenario_runner_types/share/carla_ros_scenario_runner_types/cmake/rosidl_cmake_export_typesupport_targets-extras.cmake
[2.709s] -- Symlinking: /home/hmmdyn/autocar-erp/install/carla_ros_scenario_runner_types/share/carla_ros_scenario_runner_types/cmake/rosidl_cmake_export_typesupport_libraries-extras.cmake
[2.719s] -- Symlinking: /home/hmmdyn/autocar-erp/install/carla_ros_scenario_runner_types/share/carla_ros_scenario_runner_types/cmake/carla_ros_scenario_runner_typesConfig.cmake
[2.733s] -- Symlinking: /home/hmmdyn/autocar-erp/install/carla_ros_scenario_runner_types/share/carla_ros_scenario_runner_types/cmake/carla_ros_scenario_runner_typesConfig-version.cmake
[2.745s] -- Symlinking: /home/hmmdyn/autocar-erp/install/carla_ros_scenario_runner_types/share/carla_ros_scenario_runner_types/package.xml
[2.758s] -- Installing: /home/hmmdyn/autocar-erp/install/carla_ros_scenario_runner_types/lib/libcarla_ros_scenario_runner_types__rosidl_generator_c.so
[2.760s] -- Set runtime path of "/home/hmmdyn/autocar-erp/install/carla_ros_scenario_runner_types/lib/libcarla_ros_scenario_runner_types__rosidl_generator_c.so" to ""
[2.760s] -- Installing: /home/hmmdyn/autocar-erp/install/carla_ros_scenario_runner_types/lib/libcarla_ros_scenario_runner_types__rosidl_typesupport_fastrtps_c.so
[2.766s] -- Set runtime path of "/home/hmmdyn/autocar-erp/install/carla_ros_scenario_runner_types/lib/libcarla_ros_scenario_runner_types__rosidl_typesupport_fastrtps_c.so" to ""
[2.766s] -- Installing: /home/hmmdyn/autocar-erp/install/carla_ros_scenario_runner_types/lib/libcarla_ros_scenario_runner_types__rosidl_typesupport_fastrtps_cpp.so
[2.766s] -- Set runtime path of "/home/hmmdyn/autocar-erp/install/carla_ros_scenario_runner_types/lib/libcarla_ros_scenario_runner_types__rosidl_typesupport_fastrtps_cpp.so" to ""
[2.766s] -- Installing: /home/hmmdyn/autocar-erp/install/carla_ros_scenario_runner_types/lib/libcarla_ros_scenario_runner_types__rosidl_typesupport_introspection_c.so
[2.766s] -- Set runtime path of "/home/hmmdyn/autocar-erp/install/carla_ros_scenario_runner_types/lib/libcarla_ros_scenario_runner_types__rosidl_typesupport_introspection_c.so" to ""
[2.766s] -- Installing: /home/hmmdyn/autocar-erp/install/carla_ros_scenario_runner_types/lib/libcarla_ros_scenario_runner_types__rosidl_typesupport_c.so
[2.766s] -- Set runtime path of "/home/hmmdyn/autocar-erp/install/carla_ros_scenario_runner_types/lib/libcarla_ros_scenario_runner_types__rosidl_typesupport_c.so" to ""
[2.766s] -- Installing: /home/hmmdyn/autocar-erp/install/carla_ros_scenario_runner_types/lib/libcarla_ros_scenario_runner_types__rosidl_typesupport_introspection_cpp.so
[2.766s] -- Set runtime path of "/home/hmmdyn/autocar-erp/install/carla_ros_scenario_runner_types/lib/libcarla_ros_scenario_runner_types__rosidl_typesupport_introspection_cpp.so" to ""
[2.766s] -- Installing: /home/hmmdyn/autocar-erp/install/carla_ros_scenario_runner_types/lib/libcarla_ros_scenario_runner_types__rosidl_typesupport_cpp.so
[2.766s] -- Set runtime path of "/home/hmmdyn/autocar-erp/install/carla_ros_scenario_runner_types/lib/libcarla_ros_scenario_runner_types__rosidl_typesupport_cpp.so" to ""
[2.819s] Listing '/home/hmmdyn/autocar-erp/install/carla_ros_scenario_runner_types/local/lib/python3.10/dist-packages/carla_ros_scenario_runner_types'...
[2.819s] Compiling '/home/hmmdyn/autocar-erp/install/carla_ros_scenario_runner_types/local/lib/python3.10/dist-packages/carla_ros_scenario_runner_types/__init__.py'...
[2.819s] Listing '/home/hmmdyn/autocar-erp/install/carla_ros_scenario_runner_types/local/lib/python3.10/dist-packages/carla_ros_scenario_runner_types/msg'...
[2.819s] Compiling '/home/hmmdyn/autocar-erp/install/carla_ros_scenario_runner_types/local/lib/python3.10/dist-packages/carla_ros_scenario_runner_types/msg/__init__.py'...
[2.819s] Compiling '/home/hmmdyn/autocar-erp/install/carla_ros_scenario_runner_types/local/lib/python3.10/dist-packages/carla_ros_scenario_runner_types/msg/_carla_scenario.py'...
[2.819s] Compiling '/home/hmmdyn/autocar-erp/install/carla_ros_scenario_runner_types/local/lib/python3.10/dist-packages/carla_ros_scenario_runner_types/msg/_carla_scenario_list.py'...
[2.819s] Compiling '/home/hmmdyn/autocar-erp/install/carla_ros_scenario_runner_types/local/lib/python3.10/dist-packages/carla_ros_scenario_runner_types/msg/_carla_scenario_runner_status.py'...
[2.819s] Listing '/home/hmmdyn/autocar-erp/install/carla_ros_scenario_runner_types/local/lib/python3.10/dist-packages/carla_ros_scenario_runner_types/srv'...
[2.819s] Compiling '/home/hmmdyn/autocar-erp/install/carla_ros_scenario_runner_types/local/lib/python3.10/dist-packages/carla_ros_scenario_runner_types/srv/__init__.py'...
[2.819s] Compiling '/home/hmmdyn/autocar-erp/install/carla_ros_scenario_runner_types/local/lib/python3.10/dist-packages/carla_ros_scenario_runner_types/srv/_execute_scenario.py'...
[2.830s] -- Installing: /home/hmmdyn/autocar-erp/install/carla_ros_scenario_runner_types/lib/libcarla_ros_scenario_runner_types__rosidl_generator_py.so
[2.831s] -- Set runtime path of "/home/hmmdyn/autocar-erp/install/carla_ros_scenario_runner_types/lib/libcarla_ros_scenario_runner_types__rosidl_generator_py.so" to ""
[2.831s] -- Installing: /home/hmmdyn/autocar-erp/install/carla_ros_scenario_runner_types/share/carla_ros_scenario_runner_types/cmake/export_carla_ros_scenario_runner_types__rosidl_generator_cExport.cmake
[2.832s] -- Installing: /home/hmmdyn/autocar-erp/install/carla_ros_scenario_runner_types/share/carla_ros_scenario_runner_types/cmake/export_carla_ros_scenario_runner_types__rosidl_generator_cExport-noconfig.cmake
[2.832s] -- Installing: /home/hmmdyn/autocar-erp/install/carla_ros_scenario_runner_types/share/carla_ros_scenario_runner_types/cmake/export_carla_ros_scenario_runner_types__rosidl_typesupport_fastrtps_cExport.cmake
[2.832s] -- Installing: /home/hmmdyn/autocar-erp/install/carla_ros_scenario_runner_types/share/carla_ros_scenario_runner_types/cmake/export_carla_ros_scenario_runner_types__rosidl_typesupport_fastrtps_cExport-noconfig.cmake
[2.833s] -- Installing: /home/hmmdyn/autocar-erp/install/carla_ros_scenario_runner_types/share/carla_ros_scenario_runner_types/cmake/export_carla_ros_scenario_runner_types__rosidl_generator_cppExport.cmake
[2.833s] -- Installing: /home/hmmdyn/autocar-erp/install/carla_ros_scenario_runner_types/share/carla_ros_scenario_runner_types/cmake/export_carla_ros_scenario_runner_types__rosidl_typesupport_fastrtps_cppExport.cmake
[2.833s] -- Installing: /home/hmmdyn/autocar-erp/install/carla_ros_scenario_runner_types/share/carla_ros_scenario_runner_types/cmake/export_carla_ros_scenario_runner_types__rosidl_typesupport_fastrtps_cppExport-noconfig.cmake
[2.834s] -- Installing: /home/hmmdyn/autocar-erp/install/carla_ros_scenario_runner_types/share/carla_ros_scenario_runner_types/cmake/carla_ros_scenario_runner_types__rosidl_typesupport_introspection_cExport.cmake
[2.834s] -- Installing: /home/hmmdyn/autocar-erp/install/carla_ros_scenario_runner_types/share/carla_ros_scenario_runner_types/cmake/carla_ros_scenario_runner_types__rosidl_typesupport_introspection_cExport-noconfig.cmake
[2.834s] -- Installing: /home/hmmdyn/autocar-erp/install/carla_ros_scenario_runner_types/share/carla_ros_scenario_runner_types/cmake/carla_ros_scenario_runner_types__rosidl_typesupport_cExport.cmake
[2.834s] -- Installing: /home/hmmdyn/autocar-erp/install/carla_ros_scenario_runner_types/share/carla_ros_scenario_runner_types/cmake/carla_ros_scenario_runner_types__rosidl_typesupport_cExport-noconfig.cmake
[2.835s] -- Installing: /home/hmmdyn/autocar-erp/install/carla_ros_scenario_runner_types/share/carla_ros_scenario_runner_types/cmake/carla_ros_scenario_runner_types__rosidl_typesupport_introspection_cppExport.cmake
[2.835s] -- Installing: /home/hmmdyn/autocar-erp/install/carla_ros_scenario_runner_types/share/carla_ros_scenario_runner_types/cmake/carla_ros_scenario_runner_types__rosidl_typesupport_introspection_cppExport-noconfig.cmake
[2.835s] -- Installing: /home/hmmdyn/autocar-erp/install/carla_ros_scenario_runner_types/share/carla_ros_scenario_runner_types/cmake/carla_ros_scenario_runner_types__rosidl_typesupport_cppExport.cmake
[2.835s] -- Installing: /home/hmmdyn/autocar-erp/install/carla_ros_scenario_runner_types/share/carla_ros_scenario_runner_types/cmake/carla_ros_scenario_runner_types__rosidl_typesupport_cppExport-noconfig.cmake
[2.836s] -- Installing: /home/hmmdyn/autocar-erp/install/carla_ros_scenario_runner_types/share/carla_ros_scenario_runner_types/cmake/export_carla_ros_scenario_runner_types__rosidl_generator_pyExport.cmake
[2.837s] -- Installing: /home/hmmdyn/autocar-erp/install/carla_ros_scenario_runner_types/share/carla_ros_scenario_runner_types/cmake/export_carla_ros_scenario_runner_types__rosidl_generator_pyExport-noconfig.cmake
[2.842s] Invoked command in '/home/hmmdyn/autocar-erp/build/carla_ros_scenario_runner_types' returned '0': CMAKE_PREFIX_PATH=${CMAKE_PREFIX_PATH}:/home/hmmdyn/autocar-erp/install/rqt_carla_control:/home/hmmdyn/autocar-erp/install/carla_waypoint_publisher:/home/hmmdyn/autocar-erp/install/carla_ackermann_control:/home/hmmdyn/autocar-erp/install/carla_ros_bridge:/home/hmmdyn/autocar-erp/install/carla_spawn_objects:/home/hmmdyn/autocar-erp/install/carla_manual_control:/home/hmmdyn/autocar-erp/install/carla_ad_agent:/home/hmmdyn/autocar-erp/install/ros_compatibility:/home/hmmdyn/autocar-erp/install/erp_control:/home/hmmdyn/autocar-erp/install/carla_walker_agent:/home/hmmdyn/autocar-erp/install/carla_twist_to_control:/home/hmmdyn/autocar-erp/install/carla_ros_scenario_runner:/home/hmmdyn/autocar-erp/install/carla_common:/opt/ros/humble /usr/bin/cmake --install /home/hmmdyn/autocar-erp/build/carla_ros_scenario_runner_types
