[0.214s] DEBUG:colcon:Command line arguments: ['/usr/bin/colcon', 'build']
[0.214s] DEBUG:colcon:Parsed command line arguments: Namespace(log_base=None, log_level=None, verb_name='build', build_base='build', install_base='install', merge_install=False, symlink_install=False, test_result_base=None, continue_on_error=False, executor='parallel', parallel_workers=16, event_handlers=None, ignore_user_meta=False, metas=['./colcon.meta'], base_paths=['.'], packages_ignore=None, packages_ignore_regex=None, paths=None, packages_up_to=None, packages_up_to_regex=None, packages_above=None, packages_above_and_dependencies=None, packages_above_depth=None, packages_select_by_dep=None, packages_skip_by_dep=None, packages_skip_up_to=None, packages_select_build_failed=False, packages_skip_build_finished=False, packages_select_test_failures=False, packages_skip_test_passed=False, packages_select=None, packages_skip=None, packages_select_regex=None, packages_skip_regex=None, packages_start=None, packages_end=None, allow_overriding=[], cmake_args=None, cmake_target=None, cmake_target_skip_unavailable=False, cmake_clean_cache=False, cmake_clean_first=False, cmake_force_configure=False, ament_cmake_args=None, catkin_cmake_args=None, catkin_skip_building_tests=False, mixin_files=None, mixin=None, verb_parser=<colcon_mixin.mixin.mixin_argument.MixinArgumentDecorator object at 0x7fb4f3d75a20>, verb_extension=<colcon_core.verb.build.BuildVerb object at 0x7fb4f3eee9e0>, main=<bound method BuildVerb.main of <colcon_core.verb.build.BuildVerb object at 0x7fb4f3eee9e0>>, mixin_verb=('build',))
[0.480s] Level 1:colcon.colcon_core.package_discovery:discover_packages(colcon_meta) check parameters
[0.480s] Level 1:colcon.colcon_core.package_discovery:discover_packages(recursive) check parameters
[0.480s] Level 1:colcon.colcon_core.package_discovery:discover_packages(ignore) check parameters
[0.480s] Level 1:colcon.colcon_core.package_discovery:discover_packages(path) check parameters
[0.480s] Level 1:colcon.colcon_core.package_discovery:discover_packages(colcon_meta) discover
[0.480s] Level 1:colcon.colcon_core.package_discovery:discover_packages(recursive) discover
[0.480s] INFO:colcon.colcon_core.package_discovery:Crawling recursively for packages in '/home/kmkm/autocar-erp/BAE_clean'
[0.480s] Level 1:colcon.colcon_core.package_identification:_identify(.) by extensions ['ignore', 'ignore_ament_install']
[0.480s] Level 1:colcon.colcon_core.package_identification:_identify(.) by extension 'ignore'
[0.480s] Level 1:colcon.colcon_core.package_identification:_identify(.) by extension 'ignore_ament_install'
[0.480s] Level 1:colcon.colcon_core.package_identification:_identify(.) by extensions ['colcon_pkg']
[0.480s] Level 1:colcon.colcon_core.package_identification:_identify(.) by extension 'colcon_pkg'
[0.480s] Level 1:colcon.colcon_core.package_identification:_identify(.) by extensions ['colcon_meta']
[0.480s] Level 1:colcon.colcon_core.package_identification:_identify(.) by extension 'colcon_meta'
[0.480s] Level 1:colcon.colcon_core.package_identification:_identify(.) by extensions ['ros']
[0.480s] Level 1:colcon.colcon_core.package_identification:_identify(.) by extension 'ros'
[0.496s] DEBUG:colcon.colcon_core.package_identification:Package '.' with type 'ros.ament_python' and name 'bae_planning'
[0.496s] Level 1:colcon.colcon_core.package_discovery:discover_packages(recursive) using defaults
[0.497s] Level 1:colcon.colcon_core.package_discovery:discover_packages(ignore) discover
[0.497s] Level 1:colcon.colcon_core.package_discovery:discover_packages(ignore) using defaults
[0.497s] Level 1:colcon.colcon_core.package_discovery:discover_packages(path) discover
[0.497s] Level 1:colcon.colcon_core.package_discovery:discover_packages(path) using defaults
[0.541s] Level 1:colcon.colcon_core.package_discovery:discover_packages(prefix_path) check parameters
[0.541s] Level 1:colcon.colcon_core.package_discovery:discover_packages(prefix_path) discover
[0.546s] DEBUG:colcon.colcon_installed_package_information.package_discovery:Found 281 installed packages in /opt/ros/humble
[0.547s] Level 1:colcon.colcon_core.package_discovery:discover_packages(prefix_path) using defaults
[0.581s] Level 5:colcon.colcon_core.verb:set package 'bae_planning' build argument 'cmake_args' from command line to 'None'
[0.581s] Level 5:colcon.colcon_core.verb:set package 'bae_planning' build argument 'cmake_target' from command line to 'None'
[0.581s] Level 5:colcon.colcon_core.verb:set package 'bae_planning' build argument 'cmake_target_skip_unavailable' from command line to 'False'
[0.581s] Level 5:colcon.colcon_core.verb:set package 'bae_planning' build argument 'cmake_clean_cache' from command line to 'False'
[0.581s] Level 5:colcon.colcon_core.verb:set package 'bae_planning' build argument 'cmake_clean_first' from command line to 'False'
[0.581s] Level 5:colcon.colcon_core.verb:set package 'bae_planning' build argument 'cmake_force_configure' from command line to 'False'
[0.582s] Level 5:colcon.colcon_core.verb:set package 'bae_planning' build argument 'ament_cmake_args' from command line to 'None'
[0.582s] Level 5:colcon.colcon_core.verb:set package 'bae_planning' build argument 'catkin_cmake_args' from command line to 'None'
[0.582s] Level 5:colcon.colcon_core.verb:set package 'bae_planning' build argument 'catkin_skip_building_tests' from command line to 'False'
[0.582s] DEBUG:colcon.colcon_core.verb:Building package 'bae_planning' with the following arguments: {'ament_cmake_args': None, 'build_base': '/home/kmkm/autocar-erp/BAE_clean/build/bae_planning', 'catkin_cmake_args': None, 'catkin_skip_building_tests': False, 'cmake_args': None, 'cmake_clean_cache': False, 'cmake_clean_first': False, 'cmake_force_configure': False, 'cmake_target': None, 'cmake_target_skip_unavailable': False, 'install_base': '/home/kmkm/autocar-erp/BAE_clean/install/bae_planning', 'merge_install': False, 'path': '/home/kmkm/autocar-erp/BAE_clean', 'symlink_install': False, 'test_result_base': None}
[0.582s] INFO:colcon.colcon_core.executor:Executing jobs using 'parallel' executor
[0.583s] DEBUG:colcon.colcon_parallel_executor.executor.parallel:run_until_complete
[0.583s] INFO:colcon.colcon_ros.task.ament_python.build:Building ROS package in '/home/kmkm/autocar-erp/BAE_clean' with build type 'ament_python'
[0.583s] Level 1:colcon.colcon_core.shell:create_environment_hook('bae_planning', 'ament_prefix_path')
[0.588s] INFO:colcon.colcon_core.plugin_system:Skipping extension 'colcon_core.shell.bat': Not used on non-Windows systems
[0.588s] INFO:colcon.colcon_core.shell:Creating environment hook '/home/kmkm/autocar-erp/BAE_clean/install/bae_planning/share/bae_planning/hook/ament_prefix_path.ps1'
[0.589s] INFO:colcon.colcon_core.shell:Creating environment descriptor '/home/kmkm/autocar-erp/BAE_clean/install/bae_planning/share/bae_planning/hook/ament_prefix_path.dsv'
[0.590s] INFO:colcon.colcon_core.shell:Creating environment hook '/home/kmkm/autocar-erp/BAE_clean/install/bae_planning/share/bae_planning/hook/ament_prefix_path.sh'
[0.592s] INFO:colcon.colcon_core.shell:Skip shell extension 'powershell' for command environment: Not usable outside of PowerShell
[0.592s] DEBUG:colcon.colcon_core.shell:Skip shell extension 'dsv' for command environment
[0.787s] INFO:colcon.colcon_core.task.python.build:Building Python package in '/home/kmkm/autocar-erp/BAE_clean'
[0.787s] INFO:colcon.colcon_core.shell:Skip shell extension 'powershell' for command environment: Not usable outside of PowerShell
[0.788s] DEBUG:colcon.colcon_core.shell:Skip shell extension 'dsv' for command environment
[1.120s] DEBUG:colcon.colcon_core.event_handler.log_command:Invoking command in '/home/kmkm/autocar-erp/BAE_clean': PYTHONPATH=/home/kmkm/autocar-erp/BAE_clean/build/bae_planning/prefix_override:/usr/lib/python3/dist-packages/colcon_core/task/python/colcon_distutils_commands:/home/kmkm/autocar-erp/BAE_clean/install/bae_planning/lib/python3.10/site-packages:${PYTHONPATH} /usr/bin/python3 -W ignore:setup.py install is deprecated -W ignore:easy_install command is deprecated setup.py egg_info --egg-base build/bae_planning build --build-base /home/kmkm/autocar-erp/BAE_clean/build/bae_planning/build install --record /home/kmkm/autocar-erp/BAE_clean/build/bae_planning/install.log --single-version-externally-managed install_data
[1.366s] DEBUG:colcon.colcon_core.event_handler.log_command:Invoked command in '/home/kmkm/autocar-erp/BAE_clean' returned '0': PYTHONPATH=/home/kmkm/autocar-erp/BAE_clean/build/bae_planning/prefix_override:/usr/lib/python3/dist-packages/colcon_core/task/python/colcon_distutils_commands:/home/kmkm/autocar-erp/BAE_clean/install/bae_planning/lib/python3.10/site-packages:${PYTHONPATH} /usr/bin/python3 -W ignore:setup.py install is deprecated -W ignore:easy_install command is deprecated setup.py egg_info --egg-base build/bae_planning build --build-base /home/kmkm/autocar-erp/BAE_clean/build/bae_planning/build install --record /home/kmkm/autocar-erp/BAE_clean/build/bae_planning/install.log --single-version-externally-managed install_data
[1.371s] Level 1:colcon.colcon_core.environment:checking '/home/kmkm/autocar-erp/BAE_clean/install/bae_planning' for CMake module files
[1.372s] Level 1:colcon.colcon_core.environment:checking '/home/kmkm/autocar-erp/BAE_clean/install/bae_planning' for CMake config files
[1.372s] Level 1:colcon.colcon_core.environment:checking '/home/kmkm/autocar-erp/BAE_clean/install/bae_planning/lib'
[1.372s] Level 1:colcon.colcon_core.environment:checking '/home/kmkm/autocar-erp/BAE_clean/install/bae_planning/bin'
[1.372s] Level 1:colcon.colcon_core.shell:create_environment_hook('bae_planning', 'path')
[1.373s] INFO:colcon.colcon_core.shell:Creating environment hook '/home/kmkm/autocar-erp/BAE_clean/install/bae_planning/share/bae_planning/hook/path.ps1'
[1.373s] INFO:colcon.colcon_core.shell:Creating environment descriptor '/home/kmkm/autocar-erp/BAE_clean/install/bae_planning/share/bae_planning/hook/path.dsv'
[1.373s] INFO:colcon.colcon_core.shell:Creating environment hook '/home/kmkm/autocar-erp/BAE_clean/install/bae_planning/share/bae_planning/hook/path.sh'
[1.373s] Level 1:colcon.colcon_core.environment:checking '/home/kmkm/autocar-erp/BAE_clean/install/bae_planning/lib/pkgconfig/bae_planning.pc'
[1.374s] Level 1:colcon.colcon_core.environment:checking '/home/kmkm/autocar-erp/BAE_clean/install/bae_planning/lib/python3.10/site-packages'
[1.374s] Level 1:colcon.colcon_core.shell:create_environment_hook('bae_planning', 'pythonpath')
[1.374s] INFO:colcon.colcon_core.shell:Creating environment hook '/home/kmkm/autocar-erp/BAE_clean/install/bae_planning/share/bae_planning/hook/pythonpath.ps1'
[1.374s] INFO:colcon.colcon_core.shell:Creating environment descriptor '/home/kmkm/autocar-erp/BAE_clean/install/bae_planning/share/bae_planning/hook/pythonpath.dsv'
[1.374s] INFO:colcon.colcon_core.shell:Creating environment hook '/home/kmkm/autocar-erp/BAE_clean/install/bae_planning/share/bae_planning/hook/pythonpath.sh'
[1.375s] Level 1:colcon.colcon_core.environment:checking '/home/kmkm/autocar-erp/BAE_clean/install/bae_planning/bin'
[1.375s] Level 1:colcon.colcon_core.shell:create_environment_hook('bae_planning', 'pythonscriptspath')
[1.375s] INFO:colcon.colcon_core.shell:Creating environment hook '/home/kmkm/autocar-erp/BAE_clean/install/bae_planning/share/bae_planning/hook/pythonscriptspath.ps1'
[1.375s] INFO:colcon.colcon_core.shell:Creating environment descriptor '/home/kmkm/autocar-erp/BAE_clean/install/bae_planning/share/bae_planning/hook/pythonscriptspath.dsv'
[1.375s] INFO:colcon.colcon_core.shell:Creating environment hook '/home/kmkm/autocar-erp/BAE_clean/install/bae_planning/share/bae_planning/hook/pythonscriptspath.sh'
[1.376s] Level 1:colcon.colcon_core.environment:create_environment_scripts_only(bae_planning)
[1.376s] INFO:colcon.colcon_core.shell:Creating package script '/home/kmkm/autocar-erp/BAE_clean/install/bae_planning/share/bae_planning/package.ps1'
[1.377s] INFO:colcon.colcon_core.shell:Creating package descriptor '/home/kmkm/autocar-erp/BAE_clean/install/bae_planning/share/bae_planning/package.dsv'
[1.378s] INFO:colcon.colcon_core.shell:Creating package script '/home/kmkm/autocar-erp/BAE_clean/install/bae_planning/share/bae_planning/package.sh'
[1.379s] INFO:colcon.colcon_core.shell:Creating package script '/home/kmkm/autocar-erp/BAE_clean/install/bae_planning/share/bae_planning/package.bash'
[1.380s] INFO:colcon.colcon_core.shell:Creating package script '/home/kmkm/autocar-erp/BAE_clean/install/bae_planning/share/bae_planning/package.zsh'
[1.381s] Level 1:colcon.colcon_core.environment:create_file_with_runtime_dependencies(/home/kmkm/autocar-erp/BAE_clean/install/bae_planning/share/colcon-core/packages/bae_planning)
[1.382s] DEBUG:colcon.colcon_parallel_executor.executor.parallel:closing loop
[1.382s] DEBUG:colcon.colcon_parallel_executor.executor.parallel:loop closed
[1.382s] DEBUG:colcon.colcon_parallel_executor.executor.parallel:run_until_complete finished with '0'
[1.383s] DEBUG:colcon.colcon_core.event_reactor:joining thread
[1.410s] INFO:colcon.colcon_core.plugin_system:Skipping extension 'colcon_notification.desktop_notification.notify_send': Could not find 'notify-send'
[1.411s] INFO:colcon.colcon_core.plugin_system:Skipping extension 'colcon_notification.desktop_notification.terminal_notifier': Not used on non-Darwin systems
[1.411s] INFO:colcon.colcon_core.plugin_system:Skipping extension 'colcon_notification.desktop_notification.win32': Not used on non-Windows systems
[1.411s] INFO:colcon.colcon_notification.desktop_notification:Sending desktop notification using 'notify2'
[1.411s] DEBUG:colcon.colcon_notification.desktop_notification.notify2:Failed to initialize notify2: org.freedesktop.DBus.Error.FileNotFound: Failed to connect to socket /run/user/1000/bus: No such file or directory
[1.411s] DEBUG:colcon.colcon_core.event_reactor:joined thread
[1.411s] INFO:colcon.colcon_core.shell:Creating prefix script '/home/kmkm/autocar-erp/BAE_clean/install/local_setup.ps1'
[1.413s] INFO:colcon.colcon_core.shell:Creating prefix util module '/home/kmkm/autocar-erp/BAE_clean/install/_local_setup_util_ps1.py'
[1.414s] INFO:colcon.colcon_core.shell:Creating prefix chain script '/home/kmkm/autocar-erp/BAE_clean/install/setup.ps1'
[1.415s] INFO:colcon.colcon_core.shell:Creating prefix script '/home/kmkm/autocar-erp/BAE_clean/install/local_setup.sh'
[1.416s] INFO:colcon.colcon_core.shell:Creating prefix util module '/home/kmkm/autocar-erp/BAE_clean/install/_local_setup_util_sh.py'
[1.416s] INFO:colcon.colcon_core.shell:Creating prefix chain script '/home/kmkm/autocar-erp/BAE_clean/install/setup.sh'
[1.417s] INFO:colcon.colcon_core.shell:Creating prefix script '/home/kmkm/autocar-erp/BAE_clean/install/local_setup.bash'
[1.418s] INFO:colcon.colcon_core.shell:Creating prefix chain script '/home/kmkm/autocar-erp/BAE_clean/install/setup.bash'
[1.419s] INFO:colcon.colcon_core.shell:Creating prefix script '/home/kmkm/autocar-erp/BAE_clean/install/local_setup.zsh'
[1.420s] INFO:colcon.colcon_core.shell:Creating prefix chain script '/home/kmkm/autocar-erp/BAE_clean/install/setup.zsh'
