[  2%] [34m[1mGenerating C code for ROS interfaces[0m
[  4%] [34m[1mGenerating C++ code for ROS interfaces[0m
[  4%] Built target ament_cmake_python_symlink_carla_waypoint_types
running egg_info
creating carla_waypoint_types.egg-info
writing carla_waypoint_types.egg-info/PKG-INFO
writing dependency_links to carla_waypoint_types.egg-info/dependency_links.txt
writing top-level names to carla_waypoint_types.egg-info/top_level.txt
writing manifest file 'carla_waypoint_types.egg-info/SOURCES.txt'
reading manifest file 'carla_waypoint_types.egg-info/SOURCES.txt'
writing manifest file 'carla_waypoint_types.egg-info/SOURCES.txt'
[  4%] Built target ament_cmake_python_build_carla_waypoint_types_egg
[  4%] Built target carla_waypoint_types__cpp
[ 10%] [34m[1mGenerating C++ type support for eProsima Fast-RTPS[0m
[ 10%] [34m[1mGenerating C++ type support dispatch for ROS interfaces[0m
[ 10%] [34m[1mGenerating C++ introspection for ROS interfaces[0m
[ 12%] [32mBuilding C object CMakeFiles/carla_waypoint_types__rosidl_generator_c.dir/rosidl_generator_c/carla_waypoint_types/msg/detail/carla_waypoint__functions.c.o[0m
[ 14%] [32mBuilding C object CMakeFiles/carla_waypoint_types__rosidl_generator_c.dir/rosidl_generator_c/carla_waypoint_types/srv/detail/get_waypoint__functions.c.o[0m
[ 17%] [32mBuilding C object CMakeFiles/carla_waypoint_types__rosidl_generator_c.dir/rosidl_generator_c/carla_waypoint_types/srv/detail/get_actor_waypoint__functions.c.o[0m
[ 19%] [32m[1mLinking C shared library libcarla_waypoint_types__rosidl_generator_c.so[0m
[ 19%] Built target carla_waypoint_types__rosidl_generator_c
[ 21%] [34m[1mGenerating C introspection for ROS interfaces[0m
[ 23%] [34m[1mGenerating C type support for eProsima Fast-RTPS[0m
[ 25%] [34m[1mGenerating C type support dispatch for ROS interfaces[0m
[ 27%] [32mBuilding CXX object CMakeFiles/carla_waypoint_types__rosidl_typesupport_cpp.dir/rosidl_typesupport_cpp/carla_waypoint_types/msg/carla_waypoint__type_support.cpp.o[0m
[ 29%] [32mBuilding CXX object CMakeFiles/carla_waypoint_types__rosidl_typesupport_cpp.dir/rosidl_typesupport_cpp/carla_waypoint_types/srv/get_actor_waypoint__type_support.cpp.o[0m
[ 31%] [32mBuilding CXX object CMakeFiles/carla_waypoint_types__rosidl_typesupport_cpp.dir/rosidl_typesupport_cpp/carla_waypoint_types/srv/get_waypoint__type_support.cpp.o[0m
[ 34%] [32mBuilding CXX object CMakeFiles/carla_waypoint_types__rosidl_typesupport_introspection_cpp.dir/rosidl_typesupport_introspection_cpp/carla_waypoint_types/msg/detail/carla_waypoint__type_support.cpp.o[0m
[ 36%] [32mBuilding CXX object CMakeFiles/carla_waypoint_types__rosidl_typesupport_introspection_cpp.dir/rosidl_typesupport_introspection_cpp/carla_waypoint_types/srv/detail/get_waypoint__type_support.cpp.o[0m
[ 38%] [32mBuilding CXX object CMakeFiles/carla_waypoint_types__rosidl_typesupport_introspection_cpp.dir/rosidl_typesupport_introspection_cpp/carla_waypoint_types/srv/detail/get_actor_waypoint__type_support.cpp.o[0m
[ 40%] [32mBuilding CXX object CMakeFiles/carla_waypoint_types__rosidl_typesupport_fastrtps_cpp.dir/rosidl_typesupport_fastrtps_cpp/carla_waypoint_types/msg/detail/dds_fastrtps/carla_waypoint__type_support.cpp.o[0m
[ 42%] [32mBuilding CXX object CMakeFiles/carla_waypoint_types__rosidl_typesupport_fastrtps_cpp.dir/rosidl_typesupport_fastrtps_cpp/carla_waypoint_types/srv/detail/dds_fastrtps/get_waypoint__type_support.cpp.o[0m
[ 44%] [32mBuilding CXX object CMakeFiles/carla_waypoint_types__rosidl_typesupport_fastrtps_cpp.dir/rosidl_typesupport_fastrtps_cpp/carla_waypoint_types/srv/detail/dds_fastrtps/get_actor_waypoint__type_support.cpp.o[0m
[ 46%] [32mBuilding CXX object CMakeFiles/carla_waypoint_types__rosidl_typesupport_fastrtps_c.dir/rosidl_typesupport_fastrtps_c/carla_waypoint_types/msg/detail/carla_waypoint__type_support_c.cpp.o[0m
[ 48%] [32mBuilding CXX object CMakeFiles/carla_waypoint_types__rosidl_typesupport_fastrtps_c.dir/rosidl_typesupport_fastrtps_c/carla_waypoint_types/srv/detail/get_waypoint__type_support_c.cpp.o[0m
[ 51%] [32mBuilding CXX object CMakeFiles/carla_waypoint_types__rosidl_typesupport_fastrtps_c.dir/rosidl_typesupport_fastrtps_c/carla_waypoint_types/srv/detail/get_actor_waypoint__type_support_c.cpp.o[0m
[ 53%] [32mBuilding C object CMakeFiles/carla_waypoint_types__rosidl_typesupport_introspection_c.dir/rosidl_typesupport_introspection_c/carla_waypoint_types/msg/detail/carla_waypoint__type_support.c.o[0m
[ 55%] [32mBuilding C object CMakeFiles/carla_waypoint_types__rosidl_typesupport_introspection_c.dir/rosidl_typesupport_introspection_c/carla_waypoint_types/srv/detail/get_waypoint__type_support.c.o[0m
[ 57%] [32m[1mLinking CXX shared library libcarla_waypoint_types__rosidl_typesupport_cpp.so[0m
[ 59%] [32mBuilding C object CMakeFiles/carla_waypoint_types__rosidl_typesupport_introspection_c.dir/rosidl_typesupport_introspection_c/carla_waypoint_types/srv/detail/get_actor_waypoint__type_support.c.o[0m
[ 61%] [32mBuilding CXX object CMakeFiles/carla_waypoint_types__rosidl_typesupport_c.dir/rosidl_typesupport_c/carla_waypoint_types/srv/get_actor_waypoint__type_support.cpp.o[0m
[ 63%] [32mBuilding CXX object CMakeFiles/carla_waypoint_types__rosidl_typesupport_c.dir/rosidl_typesupport_c/carla_waypoint_types/msg/carla_waypoint__type_support.cpp.o[0m
[ 65%] [32mBuilding CXX object CMakeFiles/carla_waypoint_types__rosidl_typesupport_c.dir/rosidl_typesupport_c/carla_waypoint_types/srv/get_waypoint__type_support.cpp.o[0m
[ 68%] [32m[1mLinking C shared library libcarla_waypoint_types__rosidl_typesupport_introspection_c.so[0m
[ 70%] [32m[1mLinking CXX shared library libcarla_waypoint_types__rosidl_typesupport_fastrtps_cpp.so[0m
[ 72%] [32m[1mLinking CXX shared library libcarla_waypoint_types__rosidl_typesupport_introspection_cpp.so[0m
[ 74%] [32m[1mLinking CXX shared library libcarla_waypoint_types__rosidl_typesupport_c.so[0m
[ 74%] Built target carla_waypoint_types__rosidl_typesupport_cpp
[ 74%] Built target carla_waypoint_types__rosidl_typesupport_introspection_c
[ 74%] Built target carla_waypoint_types__rosidl_typesupport_fastrtps_cpp
[ 74%] Built target carla_waypoint_types__rosidl_typesupport_c
[ 74%] Built target carla_waypoint_types__rosidl_typesupport_introspection_cpp
[ 76%] [32m[1mLinking CXX shared library libcarla_waypoint_types__rosidl_typesupport_fastrtps_c.so[0m
[ 76%] Built target carla_waypoint_types__rosidl_typesupport_fastrtps_c
[ 76%] Built target carla_waypoint_types
[ 78%] [34m[1mGenerating Python code for ROS interfaces[0m
[ 78%] Built target carla_waypoint_types__py
[ 85%] [32mBuilding C object CMakeFiles/carla_waypoint_types__rosidl_generator_py.dir/rosidl_generator_py/carla_waypoint_types/msg/_carla_waypoint_s.c.o[0m
[ 85%] [32mBuilding C object CMakeFiles/carla_waypoint_types__rosidl_generator_py.dir/rosidl_generator_py/carla_waypoint_types/srv/_get_waypoint_s.c.o[0m
[ 85%] [32mBuilding C object CMakeFiles/carla_waypoint_types__rosidl_generator_py.dir/rosidl_generator_py/carla_waypoint_types/srv/_get_actor_waypoint_s.c.o[0m
[ 87%] [32m[1mLinking C shared library rosidl_generator_py/carla_waypoint_types/libcarla_waypoint_types__rosidl_generator_py.so[0m
[ 87%] Built target carla_waypoint_types__rosidl_generator_py
[ 89%] [32mBuilding C object CMakeFiles/carla_waypoint_types__rosidl_typesupport_fastrtps_c__pyext.dir/rosidl_generator_py/carla_waypoint_types/_carla_waypoint_types_s.ep.rosidl_typesupport_fastrtps_c.c.o[0m
[ 91%] [32mBuilding C object CMakeFiles/carla_waypoint_types__rosidl_typesupport_c__pyext.dir/rosidl_generator_py/carla_waypoint_types/_carla_waypoint_types_s.ep.rosidl_typesupport_c.c.o[0m
[ 93%] [32mBuilding C object CMakeFiles/carla_waypoint_types__rosidl_typesupport_introspection_c__pyext.dir/rosidl_generator_py/carla_waypoint_types/_carla_waypoint_types_s.ep.rosidl_typesupport_introspection_c.c.o[0m
[ 95%] [32m[1mLinking C shared library rosidl_generator_py/carla_waypoint_types/carla_waypoint_types_s__rosidl_typesupport_fastrtps_c.cpython-310-x86_64-linux-gnu.so[0m
[ 97%] [32m[1mLinking C shared library rosidl_generator_py/carla_waypoint_types/carla_waypoint_types_s__rosidl_typesupport_introspection_c.cpython-310-x86_64-linux-gnu.so[0m
[100%] [32m[1mLinking C shared library rosidl_generator_py/carla_waypoint_types/carla_waypoint_types_s__rosidl_typesupport_c.cpython-310-x86_64-linux-gnu.so[0m
[100%] Built target carla_waypoint_types__rosidl_typesupport_fastrtps_c__pyext
[100%] Built target carla_waypoint_types__rosidl_typesupport_introspection_c__pyext
[100%] Built target carla_waypoint_types__rosidl_typesupport_c__pyext
-- Install configuration: ""
-- Execute custom install script
-- Symlinking: /home/hmmdyn/autocar-erp/ros-bridge/install/carla_waypoint_types/share/ament_index/resource_index/rosidl_interfaces/carla_waypoint_types
-- Symlinking: /home/hmmdyn/autocar-erp/ros-bridge/install/carla_waypoint_types/include/carla_waypoint_types/carla_waypoint_types/msg/carla_waypoint.h
-- Symlinking: /home/hmmdyn/autocar-erp/ros-bridge/install/carla_waypoint_types/include/carla_waypoint_types/carla_waypoint_types/msg/detail/carla_waypoint__functions.h
-- Symlinking: /home/hmmdyn/autocar-erp/ros-bridge/install/carla_waypoint_types/include/carla_waypoint_types/carla_waypoint_types/msg/detail/carla_waypoint__struct.h
-- Symlinking: /home/hmmdyn/autocar-erp/ros-bridge/install/carla_waypoint_types/include/carla_waypoint_types/carla_waypoint_types/msg/detail/carla_waypoint__type_support.h
-- Symlinking: /home/hmmdyn/autocar-erp/ros-bridge/install/carla_waypoint_types/include/carla_waypoint_types/carla_waypoint_types/msg/rosidl_generator_c__visibility_control.h
-- Symlinking: /home/hmmdyn/autocar-erp/ros-bridge/install/carla_waypoint_types/include/carla_waypoint_types/carla_waypoint_types/srv/detail/get_actor_waypoint__functions.h
-- Symlinking: /home/hmmdyn/autocar-erp/ros-bridge/install/carla_waypoint_types/include/carla_waypoint_types/carla_waypoint_types/srv/detail/get_actor_waypoint__struct.h
-- Symlinking: /home/hmmdyn/autocar-erp/ros-bridge/install/carla_waypoint_types/include/carla_waypoint_types/carla_waypoint_types/srv/detail/get_actor_waypoint__type_support.h
-- Symlinking: /home/hmmdyn/autocar-erp/ros-bridge/install/carla_waypoint_types/include/carla_waypoint_types/carla_waypoint_types/srv/detail/get_waypoint__functions.h
-- Symlinking: /home/hmmdyn/autocar-erp/ros-bridge/install/carla_waypoint_types/include/carla_waypoint_types/carla_waypoint_types/srv/detail/get_waypoint__struct.h
-- Symlinking: /home/hmmdyn/autocar-erp/ros-bridge/install/carla_waypoint_types/include/carla_waypoint_types/carla_waypoint_types/srv/detail/get_waypoint__type_support.h
-- Symlinking: /home/hmmdyn/autocar-erp/ros-bridge/install/carla_waypoint_types/include/carla_waypoint_types/carla_waypoint_types/srv/get_actor_waypoint.h
-- Symlinking: /home/hmmdyn/autocar-erp/ros-bridge/install/carla_waypoint_types/include/carla_waypoint_types/carla_waypoint_types/srv/get_waypoint.h
-- Symlinking: /home/hmmdyn/autocar-erp/ros-bridge/install/carla_waypoint_types/share/carla_waypoint_types/environment/library_path.sh
-- Symlinking: /home/hmmdyn/autocar-erp/ros-bridge/install/carla_waypoint_types/share/carla_waypoint_types/environment/library_path.dsv
-- Symlinking: /home/hmmdyn/autocar-erp/ros-bridge/install/carla_waypoint_types/include/carla_waypoint_types/carla_waypoint_types/msg/detail/carla_waypoint__rosidl_typesupport_fastrtps_c.h
-- Symlinking: /home/hmmdyn/autocar-erp/ros-bridge/install/carla_waypoint_types/include/carla_waypoint_types/carla_waypoint_types/msg/rosidl_typesupport_fastrtps_c__visibility_control.h
-- Symlinking: /home/hmmdyn/autocar-erp/ros-bridge/install/carla_waypoint_types/include/carla_waypoint_types/carla_waypoint_types/srv/detail/get_actor_waypoint__rosidl_typesupport_fastrtps_c.h
-- Symlinking: /home/hmmdyn/autocar-erp/ros-bridge/install/carla_waypoint_types/include/carla_waypoint_types/carla_waypoint_types/srv/detail/get_waypoint__rosidl_typesupport_fastrtps_c.h
-- Symlinking: /home/hmmdyn/autocar-erp/ros-bridge/install/carla_waypoint_types/include/carla_waypoint_types/carla_waypoint_types/msg/carla_waypoint.hpp
-- Symlinking: /home/hmmdyn/autocar-erp/ros-bridge/install/carla_waypoint_types/include/carla_waypoint_types/carla_waypoint_types/msg/detail/carla_waypoint__builder.hpp
-- Symlinking: /home/hmmdyn/autocar-erp/ros-bridge/install/carla_waypoint_types/include/carla_waypoint_types/carla_waypoint_types/msg/detail/carla_waypoint__struct.hpp
-- Symlinking: /home/hmmdyn/autocar-erp/ros-bridge/install/carla_waypoint_types/include/carla_waypoint_types/carla_waypoint_types/msg/detail/carla_waypoint__traits.hpp
-- Symlinking: /home/hmmdyn/autocar-erp/ros-bridge/install/carla_waypoint_types/include/carla_waypoint_types/carla_waypoint_types/msg/detail/carla_waypoint__type_support.hpp
-- Symlinking: /home/hmmdyn/autocar-erp/ros-bridge/install/carla_waypoint_types/include/carla_waypoint_types/carla_waypoint_types/msg/rosidl_generator_cpp__visibility_control.hpp
-- Symlinking: /home/hmmdyn/autocar-erp/ros-bridge/install/carla_waypoint_types/include/carla_waypoint_types/carla_waypoint_types/srv/detail/get_actor_waypoint__builder.hpp
-- Symlinking: /home/hmmdyn/autocar-erp/ros-bridge/install/carla_waypoint_types/include/carla_waypoint_types/carla_waypoint_types/srv/detail/get_actor_waypoint__struct.hpp
-- Symlinking: /home/hmmdyn/autocar-erp/ros-bridge/install/carla_waypoint_types/include/carla_waypoint_types/carla_waypoint_types/srv/detail/get_actor_waypoint__traits.hpp
-- Symlinking: /home/hmmdyn/autocar-erp/ros-bridge/install/carla_waypoint_types/include/carla_waypoint_types/carla_waypoint_types/srv/detail/get_actor_waypoint__type_support.hpp
-- Symlinking: /home/hmmdyn/autocar-erp/ros-bridge/install/carla_waypoint_types/include/carla_waypoint_types/carla_waypoint_types/srv/detail/get_waypoint__builder.hpp
-- Symlinking: /home/hmmdyn/autocar-erp/ros-bridge/install/carla_waypoint_types/include/carla_waypoint_types/carla_waypoint_types/srv/detail/get_waypoint__struct.hpp
-- Symlinking: /home/hmmdyn/autocar-erp/ros-bridge/install/carla_waypoint_types/include/carla_waypoint_types/carla_waypoint_types/srv/detail/get_waypoint__traits.hpp
-- Symlinking: /home/hmmdyn/autocar-erp/ros-bridge/install/carla_waypoint_types/include/carla_waypoint_types/carla_waypoint_types/srv/detail/get_waypoint__type_support.hpp
-- Symlinking: /home/hmmdyn/autocar-erp/ros-bridge/install/carla_waypoint_types/include/carla_waypoint_types/carla_waypoint_types/srv/get_actor_waypoint.hpp
-- Symlinking: /home/hmmdyn/autocar-erp/ros-bridge/install/carla_waypoint_types/include/carla_waypoint_types/carla_waypoint_types/srv/get_waypoint.hpp
-- Symlinking: /home/hmmdyn/autocar-erp/ros-bridge/install/carla_waypoint_types/include/carla_waypoint_types/carla_waypoint_types/msg/detail/carla_waypoint__rosidl_typesupport_fastrtps_cpp.hpp
-- Symlinking: /home/hmmdyn/autocar-erp/ros-bridge/install/carla_waypoint_types/include/carla_waypoint_types/carla_waypoint_types/msg/rosidl_typesupport_fastrtps_cpp__visibility_control.h
-- Symlinking: /home/hmmdyn/autocar-erp/ros-bridge/install/carla_waypoint_types/include/carla_waypoint_types/carla_waypoint_types/srv/detail/get_actor_waypoint__rosidl_typesupport_fastrtps_cpp.hpp
-- Symlinking: /home/hmmdyn/autocar-erp/ros-bridge/install/carla_waypoint_types/include/carla_waypoint_types/carla_waypoint_types/srv/detail/get_waypoint__rosidl_typesupport_fastrtps_cpp.hpp
-- Symlinking: /home/hmmdyn/autocar-erp/ros-bridge/install/carla_waypoint_types/include/carla_waypoint_types/carla_waypoint_types/msg/detail/carla_waypoint__rosidl_typesupport_introspection_c.h
-- Symlinking: /home/hmmdyn/autocar-erp/ros-bridge/install/carla_waypoint_types/include/carla_waypoint_types/carla_waypoint_types/msg/rosidl_typesupport_introspection_c__visibility_control.h
-- Symlinking: /home/hmmdyn/autocar-erp/ros-bridge/install/carla_waypoint_types/include/carla_waypoint_types/carla_waypoint_types/srv/detail/get_actor_waypoint__rosidl_typesupport_introspection_c.h
-- Symlinking: /home/hmmdyn/autocar-erp/ros-bridge/install/carla_waypoint_types/include/carla_waypoint_types/carla_waypoint_types/srv/detail/get_waypoint__rosidl_typesupport_introspection_c.h
-- Symlinking: /home/hmmdyn/autocar-erp/ros-bridge/install/carla_waypoint_types/include/carla_waypoint_types/carla_waypoint_types/msg/detail/carla_waypoint__rosidl_typesupport_introspection_cpp.hpp
-- Symlinking: /home/hmmdyn/autocar-erp/ros-bridge/install/carla_waypoint_types/include/carla_waypoint_types/carla_waypoint_types/srv/detail/get_actor_waypoint__rosidl_typesupport_introspection_cpp.hpp
-- Symlinking: /home/hmmdyn/autocar-erp/ros-bridge/install/carla_waypoint_types/include/carla_waypoint_types/carla_waypoint_types/srv/detail/get_waypoint__rosidl_typesupport_introspection_cpp.hpp
-- Symlinking: /home/hmmdyn/autocar-erp/ros-bridge/install/carla_waypoint_types/share/carla_waypoint_types/environment/pythonpath.sh
-- Symlinking: /home/hmmdyn/autocar-erp/ros-bridge/install/carla_waypoint_types/share/carla_waypoint_types/environment/pythonpath.dsv
-- Symlinking: /home/hmmdyn/autocar-erp/ros-bridge/install/carla_waypoint_types/local/lib/python3.10/dist-packages/carla_waypoint_types-0.1.0-py3.10.egg-info/PKG-INFO
-- Symlinking: /home/hmmdyn/autocar-erp/ros-bridge/install/carla_waypoint_types/local/lib/python3.10/dist-packages/carla_waypoint_types-0.1.0-py3.10.egg-info/SOURCES.txt
-- Symlinking: /home/hmmdyn/autocar-erp/ros-bridge/install/carla_waypoint_types/local/lib/python3.10/dist-packages/carla_waypoint_types-0.1.0-py3.10.egg-info/dependency_links.txt
-- Symlinking: /home/hmmdyn/autocar-erp/ros-bridge/install/carla_waypoint_types/local/lib/python3.10/dist-packages/carla_waypoint_types-0.1.0-py3.10.egg-info/top_level.txt
-- Symlinking: /home/hmmdyn/autocar-erp/ros-bridge/install/carla_waypoint_types/local/lib/python3.10/dist-packages/carla_waypoint_types/__init__.py
-- Symlinking: /home/hmmdyn/autocar-erp/ros-bridge/install/carla_waypoint_types/local/lib/python3.10/dist-packages/carla_waypoint_types/_carla_waypoint_types_s.ep.rosidl_typesupport_c.c
-- Symlinking: /home/hmmdyn/autocar-erp/ros-bridge/install/carla_waypoint_types/local/lib/python3.10/dist-packages/carla_waypoint_types/_carla_waypoint_types_s.ep.rosidl_typesupport_fastrtps_c.c
-- Symlinking: /home/hmmdyn/autocar-erp/ros-bridge/install/carla_waypoint_types/local/lib/python3.10/dist-packages/carla_waypoint_types/_carla_waypoint_types_s.ep.rosidl_typesupport_introspection_c.c
-- Symlinking: /home/hmmdyn/autocar-erp/ros-bridge/install/carla_waypoint_types/local/lib/python3.10/dist-packages/carla_waypoint_types/carla_waypoint_types_s__rosidl_typesupport_c.cpython-310-x86_64-linux-gnu.so
-- Symlinking: /home/hmmdyn/autocar-erp/ros-bridge/install/carla_waypoint_types/local/lib/python3.10/dist-packages/carla_waypoint_types/carla_waypoint_types_s__rosidl_typesupport_fastrtps_c.cpython-310-x86_64-linux-gnu.so
-- Symlinking: /home/hmmdyn/autocar-erp/ros-bridge/install/carla_waypoint_types/local/lib/python3.10/dist-packages/carla_waypoint_types/carla_waypoint_types_s__rosidl_typesupport_introspection_c.cpython-310-x86_64-linux-gnu.so
-- Symlinking: /home/hmmdyn/autocar-erp/ros-bridge/install/carla_waypoint_types/local/lib/python3.10/dist-packages/carla_waypoint_types/libcarla_waypoint_types__rosidl_generator_py.so
-- Symlinking: /home/hmmdyn/autocar-erp/ros-bridge/install/carla_waypoint_types/local/lib/python3.10/dist-packages/carla_waypoint_types/msg/__init__.py
-- Symlinking: /home/hmmdyn/autocar-erp/ros-bridge/install/carla_waypoint_types/local/lib/python3.10/dist-packages/carla_waypoint_types/msg/_carla_waypoint.py
-- Symlinking: /home/hmmdyn/autocar-erp/ros-bridge/install/carla_waypoint_types/local/lib/python3.10/dist-packages/carla_waypoint_types/msg/_carla_waypoint_s.c
-- Symlinking: /home/hmmdyn/autocar-erp/ros-bridge/install/carla_waypoint_types/local/lib/python3.10/dist-packages/carla_waypoint_types/srv/__init__.py
-- Symlinking: /home/hmmdyn/autocar-erp/ros-bridge/install/carla_waypoint_types/local/lib/python3.10/dist-packages/carla_waypoint_types/srv/_get_actor_waypoint.py
-- Symlinking: /home/hmmdyn/autocar-erp/ros-bridge/install/carla_waypoint_types/local/lib/python3.10/dist-packages/carla_waypoint_types/srv/_get_actor_waypoint_s.c
-- Symlinking: /home/hmmdyn/autocar-erp/ros-bridge/install/carla_waypoint_types/local/lib/python3.10/dist-packages/carla_waypoint_types/srv/_get_waypoint.py
-- Symlinking: /home/hmmdyn/autocar-erp/ros-bridge/install/carla_waypoint_types/local/lib/python3.10/dist-packages/carla_waypoint_types/srv/_get_waypoint_s.c
-- Up-to-date symlink: /home/hmmdyn/autocar-erp/ros-bridge/install/carla_waypoint_types/local/lib/python3.10/dist-packages/carla_waypoint_types/carla_waypoint_types_s__rosidl_typesupport_fastrtps_c.cpython-310-x86_64-linux-gnu.so
-- Up-to-date symlink: /home/hmmdyn/autocar-erp/ros-bridge/install/carla_waypoint_types/local/lib/python3.10/dist-packages/carla_waypoint_types/carla_waypoint_types_s__rosidl_typesupport_introspection_c.cpython-310-x86_64-linux-gnu.so
-- Up-to-date symlink: /home/hmmdyn/autocar-erp/ros-bridge/install/carla_waypoint_types/local/lib/python3.10/dist-packages/carla_waypoint_types/carla_waypoint_types_s__rosidl_typesupport_c.cpython-310-x86_64-linux-gnu.so
-- Symlinking: /home/hmmdyn/autocar-erp/ros-bridge/install/carla_waypoint_types/share/carla_waypoint_types/msg/CarlaWaypoint.idl
-- Symlinking: /home/hmmdyn/autocar-erp/ros-bridge/install/carla_waypoint_types/share/carla_waypoint_types/srv/GetWaypoint.idl
-- Symlinking: /home/hmmdyn/autocar-erp/ros-bridge/install/carla_waypoint_types/share/carla_waypoint_types/srv/GetActorWaypoint.idl
-- Symlinking: /home/hmmdyn/autocar-erp/ros-bridge/install/carla_waypoint_types/share/carla_waypoint_types/msg/CarlaWaypoint.msg
-- Symlinking: /home/hmmdyn/autocar-erp/ros-bridge/install/carla_waypoint_types/share/carla_waypoint_types/srv/GetWaypoint.srv
-- Symlinking: /home/hmmdyn/autocar-erp/ros-bridge/install/carla_waypoint_types/share/carla_waypoint_types/srv/GetWaypoint_Request.msg
-- Symlinking: /home/hmmdyn/autocar-erp/ros-bridge/install/carla_waypoint_types/share/carla_waypoint_types/srv/GetWaypoint_Response.msg
-- Symlinking: /home/hmmdyn/autocar-erp/ros-bridge/install/carla_waypoint_types/share/carla_waypoint_types/srv/GetActorWaypoint.srv
-- Symlinking: /home/hmmdyn/autocar-erp/ros-bridge/install/carla_waypoint_types/share/carla_waypoint_types/srv/GetActorWaypoint_Request.msg
-- Symlinking: /home/hmmdyn/autocar-erp/ros-bridge/install/carla_waypoint_types/share/carla_waypoint_types/srv/GetActorWaypoint_Response.msg
-- Symlinking: /home/hmmdyn/autocar-erp/ros-bridge/install/carla_waypoint_types/share/ament_index/resource_index/package_run_dependencies/carla_waypoint_types
-- Symlinking: /home/hmmdyn/autocar-erp/ros-bridge/install/carla_waypoint_types/share/ament_index/resource_index/parent_prefix_path/carla_waypoint_types
-- Symlinking: /home/hmmdyn/autocar-erp/ros-bridge/install/carla_waypoint_types/share/carla_waypoint_types/environment/ament_prefix_path.sh
-- Symlinking: /home/hmmdyn/autocar-erp/ros-bridge/install/carla_waypoint_types/share/carla_waypoint_types/environment/ament_prefix_path.dsv
-- Symlinking: /home/hmmdyn/autocar-erp/ros-bridge/install/carla_waypoint_types/share/carla_waypoint_types/environment/path.sh
-- Symlinking: /home/hmmdyn/autocar-erp/ros-bridge/install/carla_waypoint_types/share/carla_waypoint_types/environment/path.dsv
-- Symlinking: /home/hmmdyn/autocar-erp/ros-bridge/install/carla_waypoint_types/share/carla_waypoint_types/local_setup.bash
-- Symlinking: /home/hmmdyn/autocar-erp/ros-bridge/install/carla_waypoint_types/share/carla_waypoint_types/local_setup.sh
-- Symlinking: /home/hmmdyn/autocar-erp/ros-bridge/install/carla_waypoint_types/share/carla_waypoint_types/local_setup.zsh
-- Symlinking: /home/hmmdyn/autocar-erp/ros-bridge/install/carla_waypoint_types/share/carla_waypoint_types/local_setup.dsv
-- Symlinking: /home/hmmdyn/autocar-erp/ros-bridge/install/carla_waypoint_types/share/carla_waypoint_types/package.dsv
-- Symlinking: /home/hmmdyn/autocar-erp/ros-bridge/install/carla_waypoint_types/share/ament_index/resource_index/packages/carla_waypoint_types
-- Symlinking: /home/hmmdyn/autocar-erp/ros-bridge/install/carla_waypoint_types/share/carla_waypoint_types/cmake/rosidl_cmake-extras.cmake
-- Symlinking: /home/hmmdyn/autocar-erp/ros-bridge/install/carla_waypoint_types/share/carla_waypoint_types/cmake/ament_cmake_export_dependencies-extras.cmake
-- Symlinking: /home/hmmdyn/autocar-erp/ros-bridge/install/carla_waypoint_types/share/carla_waypoint_types/cmake/ament_cmake_export_include_directories-extras.cmake
-- Symlinking: /home/hmmdyn/autocar-erp/ros-bridge/install/carla_waypoint_types/share/carla_waypoint_types/cmake/ament_cmake_export_libraries-extras.cmake
-- Symlinking: /home/hmmdyn/autocar-erp/ros-bridge/install/carla_waypoint_types/share/carla_waypoint_types/cmake/ament_cmake_export_targets-extras.cmake
-- Symlinking: /home/hmmdyn/autocar-erp/ros-bridge/install/carla_waypoint_types/share/carla_waypoint_types/cmake/rosidl_cmake_export_typesupport_targets-extras.cmake
-- Symlinking: /home/hmmdyn/autocar-erp/ros-bridge/install/carla_waypoint_types/share/carla_waypoint_types/cmake/rosidl_cmake_export_typesupport_libraries-extras.cmake
-- Symlinking: /home/hmmdyn/autocar-erp/ros-bridge/install/carla_waypoint_types/share/carla_waypoint_types/cmake/carla_waypoint_typesConfig.cmake
-- Symlinking: /home/hmmdyn/autocar-erp/ros-bridge/install/carla_waypoint_types/share/carla_waypoint_types/cmake/carla_waypoint_typesConfig-version.cmake
-- Symlinking: /home/hmmdyn/autocar-erp/ros-bridge/install/carla_waypoint_types/share/carla_waypoint_types/package.xml
-- Installing: /home/hmmdyn/autocar-erp/ros-bridge/install/carla_waypoint_types/lib/libcarla_waypoint_types__rosidl_generator_c.so
-- Set runtime path of "/home/hmmdyn/autocar-erp/ros-bridge/install/carla_waypoint_types/lib/libcarla_waypoint_types__rosidl_generator_c.so" to ""
-- Installing: /home/hmmdyn/autocar-erp/ros-bridge/install/carla_waypoint_types/lib/libcarla_waypoint_types__rosidl_typesupport_fastrtps_c.so
-- Set runtime path of "/home/hmmdyn/autocar-erp/ros-bridge/install/carla_waypoint_types/lib/libcarla_waypoint_types__rosidl_typesupport_fastrtps_c.so" to ""
-- Installing: /home/hmmdyn/autocar-erp/ros-bridge/install/carla_waypoint_types/lib/libcarla_waypoint_types__rosidl_typesupport_fastrtps_cpp.so
-- Set runtime path of "/home/hmmdyn/autocar-erp/ros-bridge/install/carla_waypoint_types/lib/libcarla_waypoint_types__rosidl_typesupport_fastrtps_cpp.so" to ""
-- Installing: /home/hmmdyn/autocar-erp/ros-bridge/install/carla_waypoint_types/lib/libcarla_waypoint_types__rosidl_typesupport_introspection_c.so
-- Set runtime path of "/home/hmmdyn/autocar-erp/ros-bridge/install/carla_waypoint_types/lib/libcarla_waypoint_types__rosidl_typesupport_introspection_c.so" to ""
-- Installing: /home/hmmdyn/autocar-erp/ros-bridge/install/carla_waypoint_types/lib/libcarla_waypoint_types__rosidl_typesupport_c.so
-- Set runtime path of "/home/hmmdyn/autocar-erp/ros-bridge/install/carla_waypoint_types/lib/libcarla_waypoint_types__rosidl_typesupport_c.so" to ""
-- Installing: /home/hmmdyn/autocar-erp/ros-bridge/install/carla_waypoint_types/lib/libcarla_waypoint_types__rosidl_typesupport_introspection_cpp.so
-- Set runtime path of "/home/hmmdyn/autocar-erp/ros-bridge/install/carla_waypoint_types/lib/libcarla_waypoint_types__rosidl_typesupport_introspection_cpp.so" to ""
-- Installing: /home/hmmdyn/autocar-erp/ros-bridge/install/carla_waypoint_types/lib/libcarla_waypoint_types__rosidl_typesupport_cpp.so
-- Set runtime path of "/home/hmmdyn/autocar-erp/ros-bridge/install/carla_waypoint_types/lib/libcarla_waypoint_types__rosidl_typesupport_cpp.so" to ""
Listing '/home/hmmdyn/autocar-erp/ros-bridge/install/carla_waypoint_types/local/lib/python3.10/dist-packages/carla_waypoint_types'...
Compiling '/home/hmmdyn/autocar-erp/ros-bridge/install/carla_waypoint_types/local/lib/python3.10/dist-packages/carla_waypoint_types/__init__.py'...
Listing '/home/hmmdyn/autocar-erp/ros-bridge/install/carla_waypoint_types/local/lib/python3.10/dist-packages/carla_waypoint_types/msg'...
Compiling '/home/hmmdyn/autocar-erp/ros-bridge/install/carla_waypoint_types/local/lib/python3.10/dist-packages/carla_waypoint_types/msg/__init__.py'...
Compiling '/home/hmmdyn/autocar-erp/ros-bridge/install/carla_waypoint_types/local/lib/python3.10/dist-packages/carla_waypoint_types/msg/_carla_waypoint.py'...
Listing '/home/hmmdyn/autocar-erp/ros-bridge/install/carla_waypoint_types/local/lib/python3.10/dist-packages/carla_waypoint_types/srv'...
Compiling '/home/hmmdyn/autocar-erp/ros-bridge/install/carla_waypoint_types/local/lib/python3.10/dist-packages/carla_waypoint_types/srv/__init__.py'...
Compiling '/home/hmmdyn/autocar-erp/ros-bridge/install/carla_waypoint_types/local/lib/python3.10/dist-packages/carla_waypoint_types/srv/_get_actor_waypoint.py'...
Compiling '/home/hmmdyn/autocar-erp/ros-bridge/install/carla_waypoint_types/local/lib/python3.10/dist-packages/carla_waypoint_types/srv/_get_waypoint.py'...
-- Installing: /home/hmmdyn/autocar-erp/ros-bridge/install/carla_waypoint_types/lib/libcarla_waypoint_types__rosidl_generator_py.so
-- Set runtime path of "/home/hmmdyn/autocar-erp/ros-bridge/install/carla_waypoint_types/lib/libcarla_waypoint_types__rosidl_generator_py.so" to ""
-- Installing: /home/hmmdyn/autocar-erp/ros-bridge/install/carla_waypoint_types/share/carla_waypoint_types/cmake/export_carla_waypoint_types__rosidl_generator_cExport.cmake
-- Installing: /home/hmmdyn/autocar-erp/ros-bridge/install/carla_waypoint_types/share/carla_waypoint_types/cmake/export_carla_waypoint_types__rosidl_generator_cExport-noconfig.cmake
-- Installing: /home/hmmdyn/autocar-erp/ros-bridge/install/carla_waypoint_types/share/carla_waypoint_types/cmake/export_carla_waypoint_types__rosidl_typesupport_fastrtps_cExport.cmake
-- Installing: /home/hmmdyn/autocar-erp/ros-bridge/install/carla_waypoint_types/share/carla_waypoint_types/cmake/export_carla_waypoint_types__rosidl_typesupport_fastrtps_cExport-noconfig.cmake
-- Installing: /home/hmmdyn/autocar-erp/ros-bridge/install/carla_waypoint_types/share/carla_waypoint_types/cmake/export_carla_waypoint_types__rosidl_generator_cppExport.cmake
-- Installing: /home/hmmdyn/autocar-erp/ros-bridge/install/carla_waypoint_types/share/carla_waypoint_types/cmake/export_carla_waypoint_types__rosidl_typesupport_fastrtps_cppExport.cmake
-- Installing: /home/hmmdyn/autocar-erp/ros-bridge/install/carla_waypoint_types/share/carla_waypoint_types/cmake/export_carla_waypoint_types__rosidl_typesupport_fastrtps_cppExport-noconfig.cmake
-- Installing: /home/hmmdyn/autocar-erp/ros-bridge/install/carla_waypoint_types/share/carla_waypoint_types/cmake/carla_waypoint_types__rosidl_typesupport_introspection_cExport.cmake
-- Installing: /home/hmmdyn/autocar-erp/ros-bridge/install/carla_waypoint_types/share/carla_waypoint_types/cmake/carla_waypoint_types__rosidl_typesupport_introspection_cExport-noconfig.cmake
-- Installing: /home/hmmdyn/autocar-erp/ros-bridge/install/carla_waypoint_types/share/carla_waypoint_types/cmake/carla_waypoint_types__rosidl_typesupport_cExport.cmake
-- Installing: /home/hmmdyn/autocar-erp/ros-bridge/install/carla_waypoint_types/share/carla_waypoint_types/cmake/carla_waypoint_types__rosidl_typesupport_cExport-noconfig.cmake
-- Installing: /home/hmmdyn/autocar-erp/ros-bridge/install/carla_waypoint_types/share/carla_waypoint_types/cmake/carla_waypoint_types__rosidl_typesupport_introspection_cppExport.cmake
-- Installing: /home/hmmdyn/autocar-erp/ros-bridge/install/carla_waypoint_types/share/carla_waypoint_types/cmake/carla_waypoint_types__rosidl_typesupport_introspection_cppExport-noconfig.cmake
-- Installing: /home/hmmdyn/autocar-erp/ros-bridge/install/carla_waypoint_types/share/carla_waypoint_types/cmake/carla_waypoint_types__rosidl_typesupport_cppExport.cmake
-- Installing: /home/hmmdyn/autocar-erp/ros-bridge/install/carla_waypoint_types/share/carla_waypoint_types/cmake/carla_waypoint_types__rosidl_typesupport_cppExport-noconfig.cmake
-- Installing: /home/hmmdyn/autocar-erp/ros-bridge/install/carla_waypoint_types/share/carla_waypoint_types/cmake/export_carla_waypoint_types__rosidl_generator_pyExport.cmake
-- Installing: /home/hmmdyn/autocar-erp/ros-bridge/install/carla_waypoint_types/share/carla_waypoint_types/cmake/export_carla_waypoint_types__rosidl_generator_pyExport-noconfig.cmake
