[0.806s] Invoking command in '/home/kmkm/ros2_ws/src/local_planner': PYTHONPATH=/home/kmkm/ros2_ws/build/local_planner/prefix_override:/usr/lib/python3/dist-packages/colcon_core/task/python/colcon_distutils_commands:/home/kmkm/ros2_ws/install/local_planner/lib/python3.10/site-packages:${PYTHONPATH} /usr/bin/python3 -W ignore:setup.py install is deprecated -W ignore:easy_install command is deprecated setup.py egg_info --egg-base ../../build/local_planner build --build-base /home/kmkm/ros2_ws/build/local_planner/build install --record /home/kmkm/ros2_ws/build/local_planner/install.log --single-version-externally-managed install_data
[1.000s] running egg_info
[1.001s] writing ../../build/local_planner/local_planner.egg-info/PKG-INFO
[1.001s] writing dependency_links to ../../build/local_planner/local_planner.egg-info/dependency_links.txt
[1.001s] writing entry points to ../../build/local_planner/local_planner.egg-info/entry_points.txt
[1.001s] writing requirements to ../../build/local_planner/local_planner.egg-info/requires.txt
[1.002s] writing top-level names to ../../build/local_planner/local_planner.egg-info/top_level.txt
[1.003s] reading manifest file '../../build/local_planner/local_planner.egg-info/SOURCES.txt'
[1.004s] writing manifest file '../../build/local_planner/local_planner.egg-info/SOURCES.txt'
[1.004s] running build
[1.005s] running build_py
[1.005s] copying local_planner/dummy_input_node.py -> /home/kmkm/ros2_ws/build/local_planner/build/lib/local_planner
[1.005s] running install
[1.006s] running install_lib
[1.008s] copying /home/kmkm/ros2_ws/build/local_planner/build/lib/local_planner/dummy_input_node.py -> /home/kmkm/ros2_ws/install/local_planner/lib/python3.10/site-packages/local_planner
[1.009s] byte-compiling /home/kmkm/ros2_ws/install/local_planner/lib/python3.10/site-packages/local_planner/dummy_input_node.py to dummy_input_node.cpython-310.pyc
[1.012s] running install_data
[1.012s] running install_egg_info
[1.014s] removing '/home/kmkm/ros2_ws/install/local_planner/lib/python3.10/site-packages/local_planner-0.0.0-py3.10.egg-info' (and everything under it)
[1.015s] Copying ../../build/local_planner/local_planner.egg-info to /home/kmkm/ros2_ws/install/local_planner/lib/python3.10/site-packages/local_planner-0.0.0-py3.10.egg-info
[1.016s] running install_scripts
[1.033s] Installing dummy_input_node script to /home/kmkm/ros2_ws/install/local_planner/lib/local_planner
[1.033s] Installing local_planner_node script to /home/kmkm/ros2_ws/install/local_planner/lib/local_planner
[1.034s] Installing mode_selector_node script to /home/kmkm/ros2_ws/install/local_planner/lib/local_planner
[1.034s] Installing plot_node script to /home/kmkm/ros2_ws/install/local_planner/lib/local_planner
[1.034s] writing list of installed files to '/home/kmkm/ros2_ws/build/local_planner/install.log'
[1.056s] Invoked command in '/home/kmkm/ros2_ws/src/local_planner' returned '0': PYTHONPATH=/home/kmkm/ros2_ws/build/local_planner/prefix_override:/usr/lib/python3/dist-packages/colcon_core/task/python/colcon_distutils_commands:/home/kmkm/ros2_ws/install/local_planner/lib/python3.10/site-packages:${PYTHONPATH} /usr/bin/python3 -W ignore:setup.py install is deprecated -W ignore:easy_install command is deprecated setup.py egg_info --egg-base ../../build/local_planner build --build-base /home/kmkm/ros2_ws/build/local_planner/build install --record /home/kmkm/ros2_ws/build/local_planner/install.log --single-version-externally-managed install_data
