[0.023s] Invoking command in '/home/mds/autocar-erp/autocar-erp-main/build/graph_based_slam': CMAKE_PREFIX_PATH=/home/mds/autocar-erp/autocar-erp-main/install/ndt_omp_ros2:/home/mds/autocar-erp/autocar-erp-main/install/lidarslam_msgs:/home/mds/autocar-erp/autocar-erp-main/li_slam_ros2-humble/install/scanmatcher:/home/mds/autocar-erp/autocar-erp-main/li_slam_ros2-humble/install/graph_based_slam:/home/mds/autocar-erp/autocar-erp-main/li_slam_ros2-humble/install/lidarslam_msgs:/home/mds/autocar-erp/autocar-erp-main/install/scanmatcher:/home/mds/autocar-erp/autocar-erp-main/install/lidar_localization_ros2:/home/mds/autocar-erp/autocar-erp-main/install/graph_based_slam:/home/mds/autocar-erp/autocar-erp-main/install/launches:/home/mds/autocar-erp/autocar-erp-main/install/autocar_nav:/home/mds/autocar-erp/install/graph_based_slam:/home/mds/ros2_ws/install/velodyne:/home/mds/ros2_ws/install/velodyne_pointcloud:/home/mds/ros2_ws/install/velodyne_driver:/home/mds/ros2_ws/install/velodyne_msgs:/home/mds/ros2_ws/install/velodyne_laserscan:/home/mds/ros2_ws/install/usb_cam:/home/mds/ros2_ws/install/ublox:/home/mds/ros2_ws/install/ublox_gps:/home/mds/ros2_ws/install/fix2nmea:/home/mds/ros2_ws/install/ublox_msgs:/home/mds/ros2_ws/install/ublox_serialization:/home/mds/ros2_ws/install/rviz_2d_overlay_plugins:/home/mds/ros2_ws/install/rviz_2d_overlay_msgs:/home/mds/ros2_ws/install/rtcm_msgs:/home/mds/ros2_ws/install/bluespace_ai_xsens_mti_driver:/home/mds/autocar-erp/install/lidar_localization_ros2:/home/mds/autocar-erp/install/ndt_omp_ros2:/home/mds/autocar-erp/install/lidarslam_msgs:/home/mds/autocar-erp/install/launches:/home/mds/autocar-erp/install/autocar_nav:/home/mds/autocar-erp/install/autocar_msgs:/home/mds/autocar-erp/install/autocar_map:/home/mds/autocar-erp/install/autocar_gazebo:/home/mds/autocar-erp/install/autocar_description:/home/mds/autocar-erp/autocar-erp-main/install/perception:/home/mds/autocar-erp/autocar-erp-main/install/localization:/home/mds/autocar-erp/autocar-erp-main/install/local_path_planning:/home/mds/autocar-erp/autocar-erp-main/install/erp_control:/home/mds/autocar-erp/autocar-erp-main/install/control:/home/mds/gd_calib_capture/install/gd_calib_capture:/home/mds/ros2_ws/install/ntrip_client:/home/mds/autocar-erp/install/perception:/home/mds/autocar-erp/install/localization:/home/mds/autocar-erp/install/local_path_planning:/home/mds/autocar-erp/install/erp_control:/home/mds/autocar-erp/install/control:/opt/ros/humble LD_LIBRARY_PATH=/home/mds/autocar-erp/autocar-erp-main/install/lidarslam_msgs/lib:/home/mds/autocar-erp/autocar-erp-main/li_slam_ros2-humble/install/scanmatcher/lib:/home/mds/autocar-erp/autocar-erp-main/li_slam_ros2-humble/install/graph_based_slam/lib:/home/mds/autocar-erp/autocar-erp-main/li_slam_ros2-humble/install/lidarslam_msgs/lib:/home/mds/autocar-erp/autocar-erp-main/install/scanmatcher/lib:/home/mds/autocar-erp/autocar-erp-main/install/lidar_localization_ros2/lib:/home/mds/autocar-erp/autocar-erp-main/install/graph_based_slam/lib:/home/mds/autocar-erp/install/graph_based_slam/lib:/tmp/.mount_cursor6kvkfY/usr/lib/:/tmp/.mount_cursor6kvkfY/usr/lib32/:/tmp/.mount_cursor6kvkfY/usr/lib64/:/tmp/.mount_cursor6kvkfY/lib/:/tmp/.mount_cursor6kvkfY/lib/i386-linux-gnu/:/tmp/.mount_cursor6kvkfY/lib/x86_64-linux-gnu/:/tmp/.mount_cursor6kvkfY/lib/aarch64-linux-gnu/:/tmp/.mount_cursor6kvkfY/lib32/:/tmp/.mount_cursor6kvkfY/lib64/:/tmp/.mount_cursorrhfaQ4/usr/lib/:/tmp/.mount_cursorrhfaQ4/usr/lib32/:/tmp/.mount_cursorrhfaQ4/usr/lib64/:/tmp/.mount_cursorrhfaQ4/lib/:/tmp/.mount_cursorrhfaQ4/lib/i386-linux-gnu/:/tmp/.mount_cursorrhfaQ4/lib/x86_64-linux-gnu/:/tmp/.mount_cursorrhfaQ4/lib/aarch64-linux-gnu/:/tmp/.mount_cursorrhfaQ4/lib32/:/tmp/.mount_cursorrhfaQ4/lib64/:/home/mds/ros2_ws/install/velodyne_pointcloud/lib:/home/mds/ros2_ws/install/velodyne_driver/lib:/home/mds/ros2_ws/install/velodyne_msgs/lib:/home/mds/ros2_ws/install/velodyne_laserscan/lib:/home/mds/ros2_ws/install/usb_cam/lib:/home/mds/ros2_ws/install/ublox_gps/lib:/home/mds/ros2_ws/install/ublox_msgs/lib:/home/mds/ros2_ws/install/rviz_2d_overlay_plugins/lib:/home/mds/ros2_ws/install/rviz_2d_overlay_msgs/lib:/home/mds/ros2_ws/install/rtcm_msgs/lib:/home/mds/autocar-erp/install/lidar_localization_ros2/lib:/home/mds/autocar-erp/install/lidarslam_msgs/lib:/home/mds/autocar-erp/install/autocar_msgs/lib:/opt/ros/humble/opt/rviz_ogre_vendor/lib:/opt/ros/humble/lib/x86_64-linux-gnu:/opt/ros/humble/lib:/home/mds/acados/lib:/home/mds/acados/lib:/home/mds/acados/lib /usr/bin/cmake /home/mds/autocar-erp/autocar-erp-main/li_slam_ros2-humble/graph_based_slam -DAMENT_CMAKE_SYMLINK_INSTALL=1 -DCMAKE_INSTALL_PREFIX=/home/mds/autocar-erp/autocar-erp-main/install/graph_based_slam
[0.092s] -- The C compiler identification is GNU 11.4.0
[0.150s] -- The CXX compiler identification is GNU 11.4.0
[0.159s] -- Detecting C compiler ABI info
[0.267s] -- Detecting C compiler ABI info - done
[0.272s] -- Check for working C compiler: /usr/bin/cc - skipped
[0.272s] -- Detecting C compile features
[0.272s] -- Detecting C compile features - done
[0.274s] -- Detecting CXX compiler ABI info
[0.377s] -- Detecting CXX compiler ABI info - done
[0.382s] -- Check for working CXX compiler: /usr/bin/c++ - skipped
[0.382s] -- Detecting CXX compile features
[0.382s] -- Detecting CXX compile features - done
[0.385s] -- Found ament_cmake: 1.3.11 (/opt/ros/humble/share/ament_cmake/cmake)
[0.574s] -- Found Python3: /usr/bin/python3 (found version "3.10.12") found components: Interpreter 
[0.629s] -- Override CMake install command with custom implementation using symlinks instead of copying resources
[0.672s] -- Found rclcpp: 16.0.11 (/opt/ros/humble/share/rclcpp/cmake)
[0.715s] -- Found rosidl_generator_c: 3.1.6 (/opt/ros/humble/share/rosidl_generator_c/cmake)
[0.720s] -- Found rosidl_adapter: 3.1.6 (/opt/ros/humble/share/rosidl_adapter/cmake)
[0.728s] -- Found rosidl_generator_cpp: 3.1.6 (/opt/ros/humble/share/rosidl_generator_cpp/cmake)
[0.739s] -- Using all available rosidl_typesupport_c: rosidl_typesupport_fastrtps_c;rosidl_typesupport_introspection_c
[0.754s] -- Using all available rosidl_typesupport_cpp: rosidl_typesupport_fastrtps_cpp;rosidl_typesupport_introspection_cpp
[0.795s] -- Found rmw_implementation_cmake: 6.1.2 (/opt/ros/humble/share/rmw_implementation_cmake/cmake)
[0.799s] -- Found rmw_fastrtps_cpp: 6.2.7 (/opt/ros/humble/share/rmw_fastrtps_cpp/cmake)
[0.941s] -- Found OpenSSL: /usr/lib/x86_64-linux-gnu/libcrypto.so (found version "3.0.2")  
[0.966s] -- Found FastRTPS: /opt/ros/humble/include  
[1.013s] -- Using RMW implementation 'rmw_fastrtps_cpp' as default
[1.024s] -- Looking for pthread.h
[1.112s] -- Looking for pthread.h - found
[1.112s] -- Performing Test CMAKE_HAVE_LIBC_PTHREAD
[1.221s] -- Performing Test CMAKE_HAVE_LIBC_PTHREAD - Success
[1.222s] -- Found Threads: TRUE  
[1.264s] -- Found rclcpp_components: 16.0.11 (/opt/ros/humble/share/rclcpp_components/cmake)
[1.287s] -- Found geometry_msgs: 4.2.4 (/opt/ros/humble/share/geometry_msgs/cmake)
[1.297s] -- Found sensor_msgs: 4.2.4 (/opt/ros/humble/share/sensor_msgs/cmake)
[1.310s] -- Found nav_msgs: 4.2.4 (/opt/ros/humble/share/nav_msgs/cmake)
[1.322s] -- Found std_srvs: 4.2.4 (/opt/ros/humble/share/std_srvs/cmake)
[1.329s] -- Found tf2_ros: 0.25.12 (/opt/ros/humble/share/tf2_ros/cmake)
[1.382s] -- Found tf2_eigen: 0.25.12 (/opt/ros/humble/share/tf2_eigen/cmake)
[1.392s] -- Found tf2_geometry_msgs: 0.25.12 (/opt/ros/humble/share/tf2_geometry_msgs/cmake)
[1.402s] -- Found eigen3_cmake_module: 0.1.1 (/opt/ros/humble/share/eigen3_cmake_module/cmake)
[1.403s] -- Found Eigen3: TRUE (found version "3.4.0") 
[1.403s] -- Ensuring Eigen3 include directory is part of orocos-kdl CMake target
[1.406s] -- Found tf2_sensor_msgs: 0.25.12 (/opt/ros/humble/share/tf2_sensor_msgs/cmake)
[1.410s] -- Found pcl_conversions: 2.4.5 (/opt/ros/humble/share/pcl_conversions/cmake)
[1.444s] -- Checking for module 'eigen3'
[1.472s] --   Found eigen3, version 3.4.0
[1.546s] -- Found Eigen: /usr/include/eigen3 (Required is at least version "3.1") 
[1.546s] -- Eigen found (include: /usr/include/eigen3, version: 3.4.0)
[1.588s] -- Checking for module 'flann'
[1.616s] --   Found flann, version 1.9.1
[1.696s] -- Found FLANN: /usr/lib/x86_64-linux-gnu/libflann_cpp.so  
[1.696s] -- FLANN found (include: /usr/include, lib: /usr/lib/x86_64-linux-gnu/libflann_cpp.so)
[2.991s] -- Checking for module 'libusb-1.0'
[3.019s] --   Found libusb-1.0, version 1.0.25
[3.087s] -- Found libusb: /usr/lib/x86_64-linux-gnu/libusb-1.0.so  
[3.088s] -- OpenNI found (version: 1.5.4.0, include: /usr/include/ni, lib: /usr/lib/libOpenNI.so;libusb::libusb)
[3.207s] -- OpenNI2 found (version: 2.2.0.33, include: /usr/include/openni2, lib: /usr/lib/x86_64-linux-gnu/libOpenNI2.so;libusb::libusb)
[3.341s] -- Eigen found (include: /usr/include/eigen3, version: 3.4.0)
[3.349s] -- OpenNI found (version: 1.5.4.0, include: /usr/include/ni, lib: /usr/lib/libOpenNI.so;libusb::libusb)
[3.356s] -- OpenNI2 found (version: 2.2.0.33, include: /usr/include/openni2, lib: /usr/lib/x86_64-linux-gnu/libOpenNI2.so;libusb::libusb)
[3.478s] -- Found Qhull version 8.0.2
[3.607s] -- OpenNI found (version: 1.5.4.0, include: /usr/include/ni, lib: /usr/lib/libOpenNI.so;libusb::libusb)
[3.739s] -- Found PCL_COMMON: /usr/lib/x86_64-linux-gnu/libpcl_common.so  
[3.740s] -- Found PCL_KDTREE: /usr/lib/x86_64-linux-gnu/libpcl_kdtree.so  
[3.740s] -- Found PCL_OCTREE: /usr/lib/x86_64-linux-gnu/libpcl_octree.so  
[3.741s] -- Found PCL_SEARCH: /usr/lib/x86_64-linux-gnu/libpcl_search.so  
[3.741s] -- Found PCL_SAMPLE_CONSENSUS: /usr/lib/x86_64-linux-gnu/libpcl_sample_consensus.so  
[3.742s] -- Found PCL_FILTERS: /usr/lib/x86_64-linux-gnu/libpcl_filters.so  
[3.742s] -- Found PCL_2D: /usr/include/pcl-1.12  
[3.742s] -- Found PCL_GEOMETRY: /usr/include/pcl-1.12  
[3.743s] -- Found PCL_IO: /usr/lib/x86_64-linux-gnu/libpcl_io.so  
[3.744s] -- Found PCL_FEATURES: /usr/lib/x86_64-linux-gnu/libpcl_features.so  
[3.744s] -- Found PCL_ML: /usr/lib/x86_64-linux-gnu/libpcl_ml.so  
[3.745s] -- Found PCL_SEGMENTATION: /usr/lib/x86_64-linux-gnu/libpcl_segmentation.so  
[3.745s] -- Found PCL_VISUALIZATION: /usr/lib/x86_64-linux-gnu/libpcl_visualization.so  
[3.746s] -- Found PCL_SURFACE: /usr/lib/x86_64-linux-gnu/libpcl_surface.so  
[3.747s] -- Found PCL_REGISTRATION: /usr/lib/x86_64-linux-gnu/libpcl_registration.so  
[3.747s] -- Found PCL_KEYPOINTS: /usr/lib/x86_64-linux-gnu/libpcl_keypoints.so  
[3.748s] -- Found PCL_TRACKING: /usr/lib/x86_64-linux-gnu/libpcl_tracking.so  
[3.748s] -- Found PCL_RECOGNITION: /usr/lib/x86_64-linux-gnu/libpcl_recognition.so  
[3.749s] -- Found PCL_STEREO: /usr/lib/x86_64-linux-gnu/libpcl_stereo.so  
[3.749s] -- Found PCL_APPS: /usr/lib/x86_64-linux-gnu/libpcl_apps.so  
[3.750s] -- Found PCL_IN_HAND_SCANNER: /usr/include/pcl-1.12  
[3.750s] -- Found PCL_MODELER: /usr/include/pcl-1.12  
[3.750s] -- Found PCL_POINT_CLOUD_EDITOR: /usr/include/pcl-1.12  
[3.751s] -- Found PCL_OUTOFCORE: /usr/lib/x86_64-linux-gnu/libpcl_outofcore.so  
[3.752s] -- Found PCL_PEOPLE: /usr/lib/x86_64-linux-gnu/libpcl_people.so  
[3.753s] -- Found lidarslam_msgs: 0.0.0 (/home/mds/autocar-erp/autocar-erp-main/install/lidarslam_msgs/share/lidarslam_msgs/cmake)
[3.765s] -- Found ndt_omp_ros2: 0.0.0 (/home/mds/autocar-erp/autocar-erp-main/install/ndt_omp_ros2/share/ndt_omp_ros2/cmake)
[3.766s] [33mCMake Warning (dev) at CMakeLists.txt:37 (find_package):
[3.766s]   Policy CMP0074 is not set: find_package uses <PackageName>_ROOT variables.
[3.766s]   Run "cmake --help-policy CMP0074" for policy details.  Use the cmake_policy
[3.766s]   command to set the policy and suppress this warning.
[3.766s] 
[3.766s]   CMake variable PCL_ROOT is set to:
[3.766s] 
[3.766s]     /usr
[3.766s] 
[3.767s]   For compatibility, CMake is ignoring the variable.
[3.767s] This warning is for project developers.  Use -Wno-dev to suppress it.
[3.767s] [0m
[3.778s] -- Found OpenGL: /usr/lib/x86_64-linux-gnu/libOpenGL.so   
[4.095s] -- Found OpenMP_C: -fopenmp (found version "4.5") 
[4.199s] -- Found OpenMP_CXX: -fopenmp (found version "4.5") 
[4.199s] -- Found OpenMP: TRUE (found version "4.5")  
[4.201s] -- Found ament_lint_auto: 0.12.11 (/opt/ros/humble/share/ament_lint_auto/cmake)
[4.304s] -- Added test 'copyright' to check source files copyright and LICENSE
[4.305s] -- Added test 'cppcheck' to perform static code analysis on C / C++ code
[4.306s] -- Configured cppcheck include dirs: /home/mds/autocar-erp/autocar-erp-main/li_slam_ros2-humble/graph_based_slam/include
[4.306s] -- Configured cppcheck exclude dirs and/or files: 
[4.307s] -- Added test 'cpplint' to check C / C++ code against the Google style
[4.307s] -- Configured cpplint exclude dirs and/or files: 
[4.307s] -- Added test 'flake8' to check Python code syntax and style conventions
[4.308s] -- Added test 'lint_cmake' to check CMake code style
[4.308s] -- Added test 'pep257' to check Python code against some of the docstring style conventions in PEP 257
[4.309s] -- Added test 'uncrustify' to check C / C++ code style
[4.309s] -- Configured uncrustify additional arguments: 
[4.310s] -- Added test 'xmllint' to check XML markup files
[4.312s] -- Configuring done
[4.343s] -- Generating done
[4.352s] -- Build files have been written to: /home/mds/autocar-erp/autocar-erp-main/build/graph_based_slam
[4.364s] Invoked command in '/home/mds/autocar-erp/autocar-erp-main/build/graph_based_slam' returned '0': CMAKE_PREFIX_PATH=/home/mds/autocar-erp/autocar-erp-main/install/ndt_omp_ros2:/home/mds/autocar-erp/autocar-erp-main/install/lidarslam_msgs:/home/mds/autocar-erp/autocar-erp-main/li_slam_ros2-humble/install/scanmatcher:/home/mds/autocar-erp/autocar-erp-main/li_slam_ros2-humble/install/graph_based_slam:/home/mds/autocar-erp/autocar-erp-main/li_slam_ros2-humble/install/lidarslam_msgs:/home/mds/autocar-erp/autocar-erp-main/install/scanmatcher:/home/mds/autocar-erp/autocar-erp-main/install/lidar_localization_ros2:/home/mds/autocar-erp/autocar-erp-main/install/graph_based_slam:/home/mds/autocar-erp/autocar-erp-main/install/launches:/home/mds/autocar-erp/autocar-erp-main/install/autocar_nav:/home/mds/autocar-erp/install/graph_based_slam:/home/mds/ros2_ws/install/velodyne:/home/mds/ros2_ws/install/velodyne_pointcloud:/home/mds/ros2_ws/install/velodyne_driver:/home/mds/ros2_ws/install/velodyne_msgs:/home/mds/ros2_ws/install/velodyne_laserscan:/home/mds/ros2_ws/install/usb_cam:/home/mds/ros2_ws/install/ublox:/home/mds/ros2_ws/install/ublox_gps:/home/mds/ros2_ws/install/fix2nmea:/home/mds/ros2_ws/install/ublox_msgs:/home/mds/ros2_ws/install/ublox_serialization:/home/mds/ros2_ws/install/rviz_2d_overlay_plugins:/home/mds/ros2_ws/install/rviz_2d_overlay_msgs:/home/mds/ros2_ws/install/rtcm_msgs:/home/mds/ros2_ws/install/bluespace_ai_xsens_mti_driver:/home/mds/autocar-erp/install/lidar_localization_ros2:/home/mds/autocar-erp/install/ndt_omp_ros2:/home/mds/autocar-erp/install/lidarslam_msgs:/home/mds/autocar-erp/install/launches:/home/mds/autocar-erp/install/autocar_nav:/home/mds/autocar-erp/install/autocar_msgs:/home/mds/autocar-erp/install/autocar_map:/home/mds/autocar-erp/install/autocar_gazebo:/home/mds/autocar-erp/install/autocar_description:/home/mds/autocar-erp/autocar-erp-main/install/perception:/home/mds/autocar-erp/autocar-erp-main/install/localization:/home/mds/autocar-erp/autocar-erp-main/install/local_path_planning:/home/mds/autocar-erp/autocar-erp-main/install/erp_control:/home/mds/autocar-erp/autocar-erp-main/install/control:/home/mds/gd_calib_capture/install/gd_calib_capture:/home/mds/ros2_ws/install/ntrip_client:/home/mds/autocar-erp/install/perception:/home/mds/autocar-erp/install/localization:/home/mds/autocar-erp/install/local_path_planning:/home/mds/autocar-erp/install/erp_control:/home/mds/autocar-erp/install/control:/opt/ros/humble LD_LIBRARY_PATH=/home/mds/autocar-erp/autocar-erp-main/install/lidarslam_msgs/lib:/home/mds/autocar-erp/autocar-erp-main/li_slam_ros2-humble/install/scanmatcher/lib:/home/mds/autocar-erp/autocar-erp-main/li_slam_ros2-humble/install/graph_based_slam/lib:/home/mds/autocar-erp/autocar-erp-main/li_slam_ros2-humble/install/lidarslam_msgs/lib:/home/mds/autocar-erp/autocar-erp-main/install/scanmatcher/lib:/home/mds/autocar-erp/autocar-erp-main/install/lidar_localization_ros2/lib:/home/mds/autocar-erp/autocar-erp-main/install/graph_based_slam/lib:/home/mds/autocar-erp/install/graph_based_slam/lib:/tmp/.mount_cursor6kvkfY/usr/lib/:/tmp/.mount_cursor6kvkfY/usr/lib32/:/tmp/.mount_cursor6kvkfY/usr/lib64/:/tmp/.mount_cursor6kvkfY/lib/:/tmp/.mount_cursor6kvkfY/lib/i386-linux-gnu/:/tmp/.mount_cursor6kvkfY/lib/x86_64-linux-gnu/:/tmp/.mount_cursor6kvkfY/lib/aarch64-linux-gnu/:/tmp/.mount_cursor6kvkfY/lib32/:/tmp/.mount_cursor6kvkfY/lib64/:/tmp/.mount_cursorrhfaQ4/usr/lib/:/tmp/.mount_cursorrhfaQ4/usr/lib32/:/tmp/.mount_cursorrhfaQ4/usr/lib64/:/tmp/.mount_cursorrhfaQ4/lib/:/tmp/.mount_cursorrhfaQ4/lib/i386-linux-gnu/:/tmp/.mount_cursorrhfaQ4/lib/x86_64-linux-gnu/:/tmp/.mount_cursorrhfaQ4/lib/aarch64-linux-gnu/:/tmp/.mount_cursorrhfaQ4/lib32/:/tmp/.mount_cursorrhfaQ4/lib64/:/home/mds/ros2_ws/install/velodyne_pointcloud/lib:/home/mds/ros2_ws/install/velodyne_driver/lib:/home/mds/ros2_ws/install/velodyne_msgs/lib:/home/mds/ros2_ws/install/velodyne_laserscan/lib:/home/mds/ros2_ws/install/usb_cam/lib:/home/mds/ros2_ws/install/ublox_gps/lib:/home/mds/ros2_ws/install/ublox_msgs/lib:/home/mds/ros2_ws/install/rviz_2d_overlay_plugins/lib:/home/mds/ros2_ws/install/rviz_2d_overlay_msgs/lib:/home/mds/ros2_ws/install/rtcm_msgs/lib:/home/mds/autocar-erp/install/lidar_localization_ros2/lib:/home/mds/autocar-erp/install/lidarslam_msgs/lib:/home/mds/autocar-erp/install/autocar_msgs/lib:/opt/ros/humble/opt/rviz_ogre_vendor/lib:/opt/ros/humble/lib/x86_64-linux-gnu:/opt/ros/humble/lib:/home/mds/acados/lib:/home/mds/acados/lib:/home/mds/acados/lib /usr/bin/cmake /home/mds/autocar-erp/autocar-erp-main/li_slam_ros2-humble/graph_based_slam -DAMENT_CMAKE_SYMLINK_INSTALL=1 -DCMAKE_INSTALL_PREFIX=/home/mds/autocar-erp/autocar-erp-main/install/graph_based_slam
[4.366s] Invoking command in '/home/mds/autocar-erp/autocar-erp-main/build/graph_based_slam': CMAKE_PREFIX_PATH=/home/mds/autocar-erp/autocar-erp-main/install/ndt_omp_ros2:/home/mds/autocar-erp/autocar-erp-main/install/lidarslam_msgs:/home/mds/autocar-erp/autocar-erp-main/li_slam_ros2-humble/install/scanmatcher:/home/mds/autocar-erp/autocar-erp-main/li_slam_ros2-humble/install/graph_based_slam:/home/mds/autocar-erp/autocar-erp-main/li_slam_ros2-humble/install/lidarslam_msgs:/home/mds/autocar-erp/autocar-erp-main/install/scanmatcher:/home/mds/autocar-erp/autocar-erp-main/install/lidar_localization_ros2:/home/mds/autocar-erp/autocar-erp-main/install/graph_based_slam:/home/mds/autocar-erp/autocar-erp-main/install/launches:/home/mds/autocar-erp/autocar-erp-main/install/autocar_nav:/home/mds/autocar-erp/install/graph_based_slam:/home/mds/ros2_ws/install/velodyne:/home/mds/ros2_ws/install/velodyne_pointcloud:/home/mds/ros2_ws/install/velodyne_driver:/home/mds/ros2_ws/install/velodyne_msgs:/home/mds/ros2_ws/install/velodyne_laserscan:/home/mds/ros2_ws/install/usb_cam:/home/mds/ros2_ws/install/ublox:/home/mds/ros2_ws/install/ublox_gps:/home/mds/ros2_ws/install/fix2nmea:/home/mds/ros2_ws/install/ublox_msgs:/home/mds/ros2_ws/install/ublox_serialization:/home/mds/ros2_ws/install/rviz_2d_overlay_plugins:/home/mds/ros2_ws/install/rviz_2d_overlay_msgs:/home/mds/ros2_ws/install/rtcm_msgs:/home/mds/ros2_ws/install/bluespace_ai_xsens_mti_driver:/home/mds/autocar-erp/install/lidar_localization_ros2:/home/mds/autocar-erp/install/ndt_omp_ros2:/home/mds/autocar-erp/install/lidarslam_msgs:/home/mds/autocar-erp/install/launches:/home/mds/autocar-erp/install/autocar_nav:/home/mds/autocar-erp/install/autocar_msgs:/home/mds/autocar-erp/install/autocar_map:/home/mds/autocar-erp/install/autocar_gazebo:/home/mds/autocar-erp/install/autocar_description:/home/mds/autocar-erp/autocar-erp-main/install/perception:/home/mds/autocar-erp/autocar-erp-main/install/localization:/home/mds/autocar-erp/autocar-erp-main/install/local_path_planning:/home/mds/autocar-erp/autocar-erp-main/install/erp_control:/home/mds/autocar-erp/autocar-erp-main/install/control:/home/mds/gd_calib_capture/install/gd_calib_capture:/home/mds/ros2_ws/install/ntrip_client:/home/mds/autocar-erp/install/perception:/home/mds/autocar-erp/install/localization:/home/mds/autocar-erp/install/local_path_planning:/home/mds/autocar-erp/install/erp_control:/home/mds/autocar-erp/install/control:/opt/ros/humble LD_LIBRARY_PATH=/home/mds/autocar-erp/autocar-erp-main/install/lidarslam_msgs/lib:/home/mds/autocar-erp/autocar-erp-main/li_slam_ros2-humble/install/scanmatcher/lib:/home/mds/autocar-erp/autocar-erp-main/li_slam_ros2-humble/install/graph_based_slam/lib:/home/mds/autocar-erp/autocar-erp-main/li_slam_ros2-humble/install/lidarslam_msgs/lib:/home/mds/autocar-erp/autocar-erp-main/install/scanmatcher/lib:/home/mds/autocar-erp/autocar-erp-main/install/lidar_localization_ros2/lib:/home/mds/autocar-erp/autocar-erp-main/install/graph_based_slam/lib:/home/mds/autocar-erp/install/graph_based_slam/lib:/tmp/.mount_cursor6kvkfY/usr/lib/:/tmp/.mount_cursor6kvkfY/usr/lib32/:/tmp/.mount_cursor6kvkfY/usr/lib64/:/tmp/.mount_cursor6kvkfY/lib/:/tmp/.mount_cursor6kvkfY/lib/i386-linux-gnu/:/tmp/.mount_cursor6kvkfY/lib/x86_64-linux-gnu/:/tmp/.mount_cursor6kvkfY/lib/aarch64-linux-gnu/:/tmp/.mount_cursor6kvkfY/lib32/:/tmp/.mount_cursor6kvkfY/lib64/:/tmp/.mount_cursorrhfaQ4/usr/lib/:/tmp/.mount_cursorrhfaQ4/usr/lib32/:/tmp/.mount_cursorrhfaQ4/usr/lib64/:/tmp/.mount_cursorrhfaQ4/lib/:/tmp/.mount_cursorrhfaQ4/lib/i386-linux-gnu/:/tmp/.mount_cursorrhfaQ4/lib/x86_64-linux-gnu/:/tmp/.mount_cursorrhfaQ4/lib/aarch64-linux-gnu/:/tmp/.mount_cursorrhfaQ4/lib32/:/tmp/.mount_cursorrhfaQ4/lib64/:/home/mds/ros2_ws/install/velodyne_pointcloud/lib:/home/mds/ros2_ws/install/velodyne_driver/lib:/home/mds/ros2_ws/install/velodyne_msgs/lib:/home/mds/ros2_ws/install/velodyne_laserscan/lib:/home/mds/ros2_ws/install/usb_cam/lib:/home/mds/ros2_ws/install/ublox_gps/lib:/home/mds/ros2_ws/install/ublox_msgs/lib:/home/mds/ros2_ws/install/rviz_2d_overlay_plugins/lib:/home/mds/ros2_ws/install/rviz_2d_overlay_msgs/lib:/home/mds/ros2_ws/install/rtcm_msgs/lib:/home/mds/autocar-erp/install/lidar_localization_ros2/lib:/home/mds/autocar-erp/install/lidarslam_msgs/lib:/home/mds/autocar-erp/install/autocar_msgs/lib:/opt/ros/humble/opt/rviz_ogre_vendor/lib:/opt/ros/humble/lib/x86_64-linux-gnu:/opt/ros/humble/lib:/home/mds/acados/lib:/home/mds/acados/lib:/home/mds/acados/lib /usr/bin/cmake --build /home/mds/autocar-erp/autocar-erp-main/build/graph_based_slam -- -j16 -l16
[4.458s] [ 25%] [32mBuilding CXX object CMakeFiles/graph_based_slam_component.dir/src/graph_based_slam_component.cpp.o[0m
[59.312s] [ 50%] [32m[1mLinking CXX shared library libgraph_based_slam_component.so[0m
[60.384s] [ 50%] Built target graph_based_slam_component
[60.421s] [ 75%] [32mBuilding CXX object CMakeFiles/graph_based_slam_node.dir/src/graph_based_slam_node.cpp.o[0m
[72.740s] [100%] [32m[1mLinking CXX executable graph_based_slam_node[0m
[73.241s] [100%] Built target graph_based_slam_node
[73.252s] Invoked command in '/home/mds/autocar-erp/autocar-erp-main/build/graph_based_slam' returned '0': CMAKE_PREFIX_PATH=/home/mds/autocar-erp/autocar-erp-main/install/ndt_omp_ros2:/home/mds/autocar-erp/autocar-erp-main/install/lidarslam_msgs:/home/mds/autocar-erp/autocar-erp-main/li_slam_ros2-humble/install/scanmatcher:/home/mds/autocar-erp/autocar-erp-main/li_slam_ros2-humble/install/graph_based_slam:/home/mds/autocar-erp/autocar-erp-main/li_slam_ros2-humble/install/lidarslam_msgs:/home/mds/autocar-erp/autocar-erp-main/install/scanmatcher:/home/mds/autocar-erp/autocar-erp-main/install/lidar_localization_ros2:/home/mds/autocar-erp/autocar-erp-main/install/graph_based_slam:/home/mds/autocar-erp/autocar-erp-main/install/launches:/home/mds/autocar-erp/autocar-erp-main/install/autocar_nav:/home/mds/autocar-erp/install/graph_based_slam:/home/mds/ros2_ws/install/velodyne:/home/mds/ros2_ws/install/velodyne_pointcloud:/home/mds/ros2_ws/install/velodyne_driver:/home/mds/ros2_ws/install/velodyne_msgs:/home/mds/ros2_ws/install/velodyne_laserscan:/home/mds/ros2_ws/install/usb_cam:/home/mds/ros2_ws/install/ublox:/home/mds/ros2_ws/install/ublox_gps:/home/mds/ros2_ws/install/fix2nmea:/home/mds/ros2_ws/install/ublox_msgs:/home/mds/ros2_ws/install/ublox_serialization:/home/mds/ros2_ws/install/rviz_2d_overlay_plugins:/home/mds/ros2_ws/install/rviz_2d_overlay_msgs:/home/mds/ros2_ws/install/rtcm_msgs:/home/mds/ros2_ws/install/bluespace_ai_xsens_mti_driver:/home/mds/autocar-erp/install/lidar_localization_ros2:/home/mds/autocar-erp/install/ndt_omp_ros2:/home/mds/autocar-erp/install/lidarslam_msgs:/home/mds/autocar-erp/install/launches:/home/mds/autocar-erp/install/autocar_nav:/home/mds/autocar-erp/install/autocar_msgs:/home/mds/autocar-erp/install/autocar_map:/home/mds/autocar-erp/install/autocar_gazebo:/home/mds/autocar-erp/install/autocar_description:/home/mds/autocar-erp/autocar-erp-main/install/perception:/home/mds/autocar-erp/autocar-erp-main/install/localization:/home/mds/autocar-erp/autocar-erp-main/install/local_path_planning:/home/mds/autocar-erp/autocar-erp-main/install/erp_control:/home/mds/autocar-erp/autocar-erp-main/install/control:/home/mds/gd_calib_capture/install/gd_calib_capture:/home/mds/ros2_ws/install/ntrip_client:/home/mds/autocar-erp/install/perception:/home/mds/autocar-erp/install/localization:/home/mds/autocar-erp/install/local_path_planning:/home/mds/autocar-erp/install/erp_control:/home/mds/autocar-erp/install/control:/opt/ros/humble LD_LIBRARY_PATH=/home/mds/autocar-erp/autocar-erp-main/install/lidarslam_msgs/lib:/home/mds/autocar-erp/autocar-erp-main/li_slam_ros2-humble/install/scanmatcher/lib:/home/mds/autocar-erp/autocar-erp-main/li_slam_ros2-humble/install/graph_based_slam/lib:/home/mds/autocar-erp/autocar-erp-main/li_slam_ros2-humble/install/lidarslam_msgs/lib:/home/mds/autocar-erp/autocar-erp-main/install/scanmatcher/lib:/home/mds/autocar-erp/autocar-erp-main/install/lidar_localization_ros2/lib:/home/mds/autocar-erp/autocar-erp-main/install/graph_based_slam/lib:/home/mds/autocar-erp/install/graph_based_slam/lib:/tmp/.mount_cursor6kvkfY/usr/lib/:/tmp/.mount_cursor6kvkfY/usr/lib32/:/tmp/.mount_cursor6kvkfY/usr/lib64/:/tmp/.mount_cursor6kvkfY/lib/:/tmp/.mount_cursor6kvkfY/lib/i386-linux-gnu/:/tmp/.mount_cursor6kvkfY/lib/x86_64-linux-gnu/:/tmp/.mount_cursor6kvkfY/lib/aarch64-linux-gnu/:/tmp/.mount_cursor6kvkfY/lib32/:/tmp/.mount_cursor6kvkfY/lib64/:/tmp/.mount_cursorrhfaQ4/usr/lib/:/tmp/.mount_cursorrhfaQ4/usr/lib32/:/tmp/.mount_cursorrhfaQ4/usr/lib64/:/tmp/.mount_cursorrhfaQ4/lib/:/tmp/.mount_cursorrhfaQ4/lib/i386-linux-gnu/:/tmp/.mount_cursorrhfaQ4/lib/x86_64-linux-gnu/:/tmp/.mount_cursorrhfaQ4/lib/aarch64-linux-gnu/:/tmp/.mount_cursorrhfaQ4/lib32/:/tmp/.mount_cursorrhfaQ4/lib64/:/home/mds/ros2_ws/install/velodyne_pointcloud/lib:/home/mds/ros2_ws/install/velodyne_driver/lib:/home/mds/ros2_ws/install/velodyne_msgs/lib:/home/mds/ros2_ws/install/velodyne_laserscan/lib:/home/mds/ros2_ws/install/usb_cam/lib:/home/mds/ros2_ws/install/ublox_gps/lib:/home/mds/ros2_ws/install/ublox_msgs/lib:/home/mds/ros2_ws/install/rviz_2d_overlay_plugins/lib:/home/mds/ros2_ws/install/rviz_2d_overlay_msgs/lib:/home/mds/ros2_ws/install/rtcm_msgs/lib:/home/mds/autocar-erp/install/lidar_localization_ros2/lib:/home/mds/autocar-erp/install/lidarslam_msgs/lib:/home/mds/autocar-erp/install/autocar_msgs/lib:/opt/ros/humble/opt/rviz_ogre_vendor/lib:/opt/ros/humble/lib/x86_64-linux-gnu:/opt/ros/humble/lib:/home/mds/acados/lib:/home/mds/acados/lib:/home/mds/acados/lib /usr/bin/cmake --build /home/mds/autocar-erp/autocar-erp-main/build/graph_based_slam -- -j16 -l16
[73.253s] Invoking command in '/home/mds/autocar-erp/autocar-erp-main/build/graph_based_slam': CMAKE_PREFIX_PATH=/home/mds/autocar-erp/autocar-erp-main/install/ndt_omp_ros2:/home/mds/autocar-erp/autocar-erp-main/install/lidarslam_msgs:/home/mds/autocar-erp/autocar-erp-main/li_slam_ros2-humble/install/scanmatcher:/home/mds/autocar-erp/autocar-erp-main/li_slam_ros2-humble/install/graph_based_slam:/home/mds/autocar-erp/autocar-erp-main/li_slam_ros2-humble/install/lidarslam_msgs:/home/mds/autocar-erp/autocar-erp-main/install/scanmatcher:/home/mds/autocar-erp/autocar-erp-main/install/lidar_localization_ros2:/home/mds/autocar-erp/autocar-erp-main/install/graph_based_slam:/home/mds/autocar-erp/autocar-erp-main/install/launches:/home/mds/autocar-erp/autocar-erp-main/install/autocar_nav:/home/mds/autocar-erp/install/graph_based_slam:/home/mds/ros2_ws/install/velodyne:/home/mds/ros2_ws/install/velodyne_pointcloud:/home/mds/ros2_ws/install/velodyne_driver:/home/mds/ros2_ws/install/velodyne_msgs:/home/mds/ros2_ws/install/velodyne_laserscan:/home/mds/ros2_ws/install/usb_cam:/home/mds/ros2_ws/install/ublox:/home/mds/ros2_ws/install/ublox_gps:/home/mds/ros2_ws/install/fix2nmea:/home/mds/ros2_ws/install/ublox_msgs:/home/mds/ros2_ws/install/ublox_serialization:/home/mds/ros2_ws/install/rviz_2d_overlay_plugins:/home/mds/ros2_ws/install/rviz_2d_overlay_msgs:/home/mds/ros2_ws/install/rtcm_msgs:/home/mds/ros2_ws/install/bluespace_ai_xsens_mti_driver:/home/mds/autocar-erp/install/lidar_localization_ros2:/home/mds/autocar-erp/install/ndt_omp_ros2:/home/mds/autocar-erp/install/lidarslam_msgs:/home/mds/autocar-erp/install/launches:/home/mds/autocar-erp/install/autocar_nav:/home/mds/autocar-erp/install/autocar_msgs:/home/mds/autocar-erp/install/autocar_map:/home/mds/autocar-erp/install/autocar_gazebo:/home/mds/autocar-erp/install/autocar_description:/home/mds/autocar-erp/autocar-erp-main/install/perception:/home/mds/autocar-erp/autocar-erp-main/install/localization:/home/mds/autocar-erp/autocar-erp-main/install/local_path_planning:/home/mds/autocar-erp/autocar-erp-main/install/erp_control:/home/mds/autocar-erp/autocar-erp-main/install/control:/home/mds/gd_calib_capture/install/gd_calib_capture:/home/mds/ros2_ws/install/ntrip_client:/home/mds/autocar-erp/install/perception:/home/mds/autocar-erp/install/localization:/home/mds/autocar-erp/install/local_path_planning:/home/mds/autocar-erp/install/erp_control:/home/mds/autocar-erp/install/control:/opt/ros/humble LD_LIBRARY_PATH=/home/mds/autocar-erp/autocar-erp-main/install/lidarslam_msgs/lib:/home/mds/autocar-erp/autocar-erp-main/li_slam_ros2-humble/install/scanmatcher/lib:/home/mds/autocar-erp/autocar-erp-main/li_slam_ros2-humble/install/graph_based_slam/lib:/home/mds/autocar-erp/autocar-erp-main/li_slam_ros2-humble/install/lidarslam_msgs/lib:/home/mds/autocar-erp/autocar-erp-main/install/scanmatcher/lib:/home/mds/autocar-erp/autocar-erp-main/install/lidar_localization_ros2/lib:/home/mds/autocar-erp/autocar-erp-main/install/graph_based_slam/lib:/home/mds/autocar-erp/install/graph_based_slam/lib:/tmp/.mount_cursor6kvkfY/usr/lib/:/tmp/.mount_cursor6kvkfY/usr/lib32/:/tmp/.mount_cursor6kvkfY/usr/lib64/:/tmp/.mount_cursor6kvkfY/lib/:/tmp/.mount_cursor6kvkfY/lib/i386-linux-gnu/:/tmp/.mount_cursor6kvkfY/lib/x86_64-linux-gnu/:/tmp/.mount_cursor6kvkfY/lib/aarch64-linux-gnu/:/tmp/.mount_cursor6kvkfY/lib32/:/tmp/.mount_cursor6kvkfY/lib64/:/tmp/.mount_cursorrhfaQ4/usr/lib/:/tmp/.mount_cursorrhfaQ4/usr/lib32/:/tmp/.mount_cursorrhfaQ4/usr/lib64/:/tmp/.mount_cursorrhfaQ4/lib/:/tmp/.mount_cursorrhfaQ4/lib/i386-linux-gnu/:/tmp/.mount_cursorrhfaQ4/lib/x86_64-linux-gnu/:/tmp/.mount_cursorrhfaQ4/lib/aarch64-linux-gnu/:/tmp/.mount_cursorrhfaQ4/lib32/:/tmp/.mount_cursorrhfaQ4/lib64/:/home/mds/ros2_ws/install/velodyne_pointcloud/lib:/home/mds/ros2_ws/install/velodyne_driver/lib:/home/mds/ros2_ws/install/velodyne_msgs/lib:/home/mds/ros2_ws/install/velodyne_laserscan/lib:/home/mds/ros2_ws/install/usb_cam/lib:/home/mds/ros2_ws/install/ublox_gps/lib:/home/mds/ros2_ws/install/ublox_msgs/lib:/home/mds/ros2_ws/install/rviz_2d_overlay_plugins/lib:/home/mds/ros2_ws/install/rviz_2d_overlay_msgs/lib:/home/mds/ros2_ws/install/rtcm_msgs/lib:/home/mds/autocar-erp/install/lidar_localization_ros2/lib:/home/mds/autocar-erp/install/lidarslam_msgs/lib:/home/mds/autocar-erp/install/autocar_msgs/lib:/opt/ros/humble/opt/rviz_ogre_vendor/lib:/opt/ros/humble/lib/x86_64-linux-gnu:/opt/ros/humble/lib:/home/mds/acados/lib:/home/mds/acados/lib:/home/mds/acados/lib /usr/bin/cmake --install /home/mds/autocar-erp/autocar-erp-main/build/graph_based_slam
[73.263s] -- Install configuration: ""
[73.263s] -- Execute custom install script
[73.264s] -- Symlinking: /home/mds/autocar-erp/autocar-erp-main/install/graph_based_slam/share/graph_based_slam/environment/library_path.sh
[73.273s] -- Symlinking: /home/mds/autocar-erp/autocar-erp-main/install/graph_based_slam/share/graph_based_slam/environment/library_path.dsv
[73.286s] -- Symlinking: /home/mds/autocar-erp/autocar-erp-main/install/graph_based_slam/include/graph_based_slam/graph_based_slam_component.h
[73.296s] -- Symlinking: /home/mds/autocar-erp/autocar-erp-main/install/graph_based_slam/share/graph_based_slam/launch/graphbasedslam.launch.py
[73.306s] -- Symlinking: /home/mds/autocar-erp/autocar-erp-main/install/graph_based_slam/share/graph_based_slam/param/graphbasedslam.yaml
[73.315s] -- Symlinking: /home/mds/autocar-erp/autocar-erp-main/install/graph_based_slam/lib/libgraph_based_slam_component.so
[73.326s] -- Symlinking: /home/mds/autocar-erp/autocar-erp-main/install/graph_based_slam/lib/graph_based_slam/graph_based_slam_node
[73.334s] -- Symlinking: /home/mds/autocar-erp/autocar-erp-main/install/graph_based_slam/share/ament_index/resource_index/package_run_dependencies/graph_based_slam
[73.344s] -- Symlinking: /home/mds/autocar-erp/autocar-erp-main/install/graph_based_slam/share/ament_index/resource_index/parent_prefix_path/graph_based_slam
[73.352s] -- Symlinking: /home/mds/autocar-erp/autocar-erp-main/install/graph_based_slam/share/graph_based_slam/environment/ament_prefix_path.sh
[73.362s] -- Symlinking: /home/mds/autocar-erp/autocar-erp-main/install/graph_based_slam/share/graph_based_slam/environment/ament_prefix_path.dsv
[73.370s] -- Symlinking: /home/mds/autocar-erp/autocar-erp-main/install/graph_based_slam/share/graph_based_slam/environment/path.sh
[73.379s] -- Symlinking: /home/mds/autocar-erp/autocar-erp-main/install/graph_based_slam/share/graph_based_slam/environment/path.dsv
[73.390s] -- Symlinking: /home/mds/autocar-erp/autocar-erp-main/install/graph_based_slam/share/graph_based_slam/local_setup.bash
[73.403s] -- Symlinking: /home/mds/autocar-erp/autocar-erp-main/install/graph_based_slam/share/graph_based_slam/local_setup.sh
[73.414s] -- Symlinking: /home/mds/autocar-erp/autocar-erp-main/install/graph_based_slam/share/graph_based_slam/local_setup.zsh
[73.428s] -- Symlinking: /home/mds/autocar-erp/autocar-erp-main/install/graph_based_slam/share/graph_based_slam/local_setup.dsv
[73.442s] -- Symlinking: /home/mds/autocar-erp/autocar-erp-main/install/graph_based_slam/share/graph_based_slam/package.dsv
[73.452s] -- Symlinking: /home/mds/autocar-erp/autocar-erp-main/install/graph_based_slam/share/ament_index/resource_index/packages/graph_based_slam
[73.465s] -- Symlinking: /home/mds/autocar-erp/autocar-erp-main/install/graph_based_slam/share/ament_index/resource_index/rclcpp_components/graph_based_slam
[73.478s] -- Symlinking: /home/mds/autocar-erp/autocar-erp-main/install/graph_based_slam/share/graph_based_slam/cmake/ament_cmake_export_libraries-extras.cmake
[73.491s] -- Symlinking: /home/mds/autocar-erp/autocar-erp-main/install/graph_based_slam/share/graph_based_slam/cmake/ament_cmake_export_include_directories-extras.cmake
[73.505s] -- Symlinking: /home/mds/autocar-erp/autocar-erp-main/install/graph_based_slam/share/graph_based_slam/cmake/graph_based_slamConfig.cmake
[73.520s] -- Symlinking: /home/mds/autocar-erp/autocar-erp-main/install/graph_based_slam/share/graph_based_slam/cmake/graph_based_slamConfig-version.cmake
[73.530s] -- Symlinking: /home/mds/autocar-erp/autocar-erp-main/install/graph_based_slam/share/graph_based_slam/package.xml
[73.544s] Invoked command in '/home/mds/autocar-erp/autocar-erp-main/build/graph_based_slam' returned '0': CMAKE_PREFIX_PATH=/home/mds/autocar-erp/autocar-erp-main/install/ndt_omp_ros2:/home/mds/autocar-erp/autocar-erp-main/install/lidarslam_msgs:/home/mds/autocar-erp/autocar-erp-main/li_slam_ros2-humble/install/scanmatcher:/home/mds/autocar-erp/autocar-erp-main/li_slam_ros2-humble/install/graph_based_slam:/home/mds/autocar-erp/autocar-erp-main/li_slam_ros2-humble/install/lidarslam_msgs:/home/mds/autocar-erp/autocar-erp-main/install/scanmatcher:/home/mds/autocar-erp/autocar-erp-main/install/lidar_localization_ros2:/home/mds/autocar-erp/autocar-erp-main/install/graph_based_slam:/home/mds/autocar-erp/autocar-erp-main/install/launches:/home/mds/autocar-erp/autocar-erp-main/install/autocar_nav:/home/mds/autocar-erp/install/graph_based_slam:/home/mds/ros2_ws/install/velodyne:/home/mds/ros2_ws/install/velodyne_pointcloud:/home/mds/ros2_ws/install/velodyne_driver:/home/mds/ros2_ws/install/velodyne_msgs:/home/mds/ros2_ws/install/velodyne_laserscan:/home/mds/ros2_ws/install/usb_cam:/home/mds/ros2_ws/install/ublox:/home/mds/ros2_ws/install/ublox_gps:/home/mds/ros2_ws/install/fix2nmea:/home/mds/ros2_ws/install/ublox_msgs:/home/mds/ros2_ws/install/ublox_serialization:/home/mds/ros2_ws/install/rviz_2d_overlay_plugins:/home/mds/ros2_ws/install/rviz_2d_overlay_msgs:/home/mds/ros2_ws/install/rtcm_msgs:/home/mds/ros2_ws/install/bluespace_ai_xsens_mti_driver:/home/mds/autocar-erp/install/lidar_localization_ros2:/home/mds/autocar-erp/install/ndt_omp_ros2:/home/mds/autocar-erp/install/lidarslam_msgs:/home/mds/autocar-erp/install/launches:/home/mds/autocar-erp/install/autocar_nav:/home/mds/autocar-erp/install/autocar_msgs:/home/mds/autocar-erp/install/autocar_map:/home/mds/autocar-erp/install/autocar_gazebo:/home/mds/autocar-erp/install/autocar_description:/home/mds/autocar-erp/autocar-erp-main/install/perception:/home/mds/autocar-erp/autocar-erp-main/install/localization:/home/mds/autocar-erp/autocar-erp-main/install/local_path_planning:/home/mds/autocar-erp/autocar-erp-main/install/erp_control:/home/mds/autocar-erp/autocar-erp-main/install/control:/home/mds/gd_calib_capture/install/gd_calib_capture:/home/mds/ros2_ws/install/ntrip_client:/home/mds/autocar-erp/install/perception:/home/mds/autocar-erp/install/localization:/home/mds/autocar-erp/install/local_path_planning:/home/mds/autocar-erp/install/erp_control:/home/mds/autocar-erp/install/control:/opt/ros/humble LD_LIBRARY_PATH=/home/mds/autocar-erp/autocar-erp-main/install/lidarslam_msgs/lib:/home/mds/autocar-erp/autocar-erp-main/li_slam_ros2-humble/install/scanmatcher/lib:/home/mds/autocar-erp/autocar-erp-main/li_slam_ros2-humble/install/graph_based_slam/lib:/home/mds/autocar-erp/autocar-erp-main/li_slam_ros2-humble/install/lidarslam_msgs/lib:/home/mds/autocar-erp/autocar-erp-main/install/scanmatcher/lib:/home/mds/autocar-erp/autocar-erp-main/install/lidar_localization_ros2/lib:/home/mds/autocar-erp/autocar-erp-main/install/graph_based_slam/lib:/home/mds/autocar-erp/install/graph_based_slam/lib:/tmp/.mount_cursor6kvkfY/usr/lib/:/tmp/.mount_cursor6kvkfY/usr/lib32/:/tmp/.mount_cursor6kvkfY/usr/lib64/:/tmp/.mount_cursor6kvkfY/lib/:/tmp/.mount_cursor6kvkfY/lib/i386-linux-gnu/:/tmp/.mount_cursor6kvkfY/lib/x86_64-linux-gnu/:/tmp/.mount_cursor6kvkfY/lib/aarch64-linux-gnu/:/tmp/.mount_cursor6kvkfY/lib32/:/tmp/.mount_cursor6kvkfY/lib64/:/tmp/.mount_cursorrhfaQ4/usr/lib/:/tmp/.mount_cursorrhfaQ4/usr/lib32/:/tmp/.mount_cursorrhfaQ4/usr/lib64/:/tmp/.mount_cursorrhfaQ4/lib/:/tmp/.mount_cursorrhfaQ4/lib/i386-linux-gnu/:/tmp/.mount_cursorrhfaQ4/lib/x86_64-linux-gnu/:/tmp/.mount_cursorrhfaQ4/lib/aarch64-linux-gnu/:/tmp/.mount_cursorrhfaQ4/lib32/:/tmp/.mount_cursorrhfaQ4/lib64/:/home/mds/ros2_ws/install/velodyne_pointcloud/lib:/home/mds/ros2_ws/install/velodyne_driver/lib:/home/mds/ros2_ws/install/velodyne_msgs/lib:/home/mds/ros2_ws/install/velodyne_laserscan/lib:/home/mds/ros2_ws/install/usb_cam/lib:/home/mds/ros2_ws/install/ublox_gps/lib:/home/mds/ros2_ws/install/ublox_msgs/lib:/home/mds/ros2_ws/install/rviz_2d_overlay_plugins/lib:/home/mds/ros2_ws/install/rviz_2d_overlay_msgs/lib:/home/mds/ros2_ws/install/rtcm_msgs/lib:/home/mds/autocar-erp/install/lidar_localization_ros2/lib:/home/mds/autocar-erp/install/lidarslam_msgs/lib:/home/mds/autocar-erp/install/autocar_msgs/lib:/opt/ros/humble/opt/rviz_ogre_vendor/lib:/opt/ros/humble/lib/x86_64-linux-gnu:/opt/ros/humble/lib:/home/mds/acados/lib:/home/mds/acados/lib:/home/mds/acados/lib /usr/bin/cmake --install /home/mds/autocar-erp/autocar-erp-main/build/graph_based_slam
