[0.567s] Invoking command in '/home/kmkm/ROS2_Planning/build/scenario_planner': PYTHONPATH=/home/kmkm/ROS2_Planning/build/scenario_planner/prefix_override:/usr/lib/python3/dist-packages/colcon_core/task/python/colcon_distutils_commands:/home/kmkm/ROS2_Planning/install/scenario_planner/lib/python3.10/site-packages:${PYTHONPATH} /usr/bin/python3 -W ignore:setup.py install is deprecated -W ignore:easy_install command is deprecated setup.py develop --editable --build-directory /home/kmkm/ROS2_Planning/build/scenario_planner/build --no-deps symlink_data
[0.796s] running develop
[0.963s] running egg_info
[0.963s] writing scenario_planner.egg-info/PKG-INFO
[0.963s] writing dependency_links to scenario_planner.egg-info/dependency_links.txt
[0.963s] writing entry points to scenario_planner.egg-info/entry_points.txt
[0.963s] writing requirements to scenario_planner.egg-info/requires.txt
[0.963s] writing top-level names to scenario_planner.egg-info/top_level.txt
[0.965s] reading manifest file 'scenario_planner.egg-info/SOURCES.txt'
[0.965s] writing manifest file 'scenario_planner.egg-info/SOURCES.txt'
[0.966s] running build_ext
[0.966s] Creating /home/kmkm/ROS2_Planning/install/scenario_planner/lib/python3.10/site-packages/scenario-planner.egg-link (link to .)
[0.967s] Installing dummy_pose_publisher script to /home/kmkm/ROS2_Planning/install/scenario_planner/lib/scenario_planner
[0.967s] Installing hybrid_astar_planner script to /home/kmkm/ROS2_Planning/install/scenario_planner/lib/scenario_planner
[0.967s] Installing path_visualizer script to /home/kmkm/ROS2_Planning/install/scenario_planner/lib/scenario_planner
[0.967s] Installing zone_manager script to /home/kmkm/ROS2_Planning/install/scenario_planner/lib/scenario_planner
[0.968s] 
[0.968s] Installed /home/kmkm/ROS2_Planning/build/scenario_planner
[0.968s] running symlink_data
[1.001s] Invoked command in '/home/kmkm/ROS2_Planning/build/scenario_planner' returned '0': PYTHONPATH=/home/kmkm/ROS2_Planning/build/scenario_planner/prefix_override:/usr/lib/python3/dist-packages/colcon_core/task/python/colcon_distutils_commands:/home/kmkm/ROS2_Planning/install/scenario_planner/lib/python3.10/site-packages:${PYTHONPATH} /usr/bin/python3 -W ignore:setup.py install is deprecated -W ignore:easy_install command is deprecated setup.py develop --editable --build-directory /home/kmkm/ROS2_Planning/build/scenario_planner/build --no-deps symlink_data
