running egg_info
creating build/bae_planning/bae_planning.egg-info
writing build/bae_planning/bae_planning.egg-info/PKG-INFO
writing dependency_links to build/bae_planning/bae_planning.egg-info/dependency_links.txt
writing entry points to build/bae_planning/bae_planning.egg-info/entry_points.txt
writing requirements to build/bae_planning/bae_planning.egg-info/requires.txt
writing top-level names to build/bae_planning/bae_planning.egg-info/top_level.txt
writing manifest file 'build/bae_planning/bae_planning.egg-info/SOURCES.txt'
reading manifest file 'build/bae_planning/bae_planning.egg-info/SOURCES.txt'
writing manifest file 'build/bae_planning/bae_planning.egg-info/SOURCES.txt'
running build
running build_py
creating /home/kmkm/autocar-erp/BAE_clean/build/bae_planning/build
creating /home/kmkm/autocar-erp/BAE_clean/build/bae_planning/build/lib
creating /home/kmkm/autocar-erp/BAE_clean/build/bae_planning/build/lib/mode_selector
copying src/mode_selector/__init__.py -> /home/kmkm/autocar-erp/BAE_clean/build/bae_planning/build/lib/mode_selector
copying src/mode_selector/mode_selector_node.py -> /home/kmkm/autocar-erp/BAE_clean/build/bae_planning/build/lib/mode_selector
creating /home/kmkm/autocar-erp/BAE_clean/build/bae_planning/build/lib/bae_planning
copying src/bae_planning/hybrid_astar_planner.py -> /home/kmkm/autocar-erp/BAE_clean/build/bae_planning/build/lib/bae_planning
copying src/bae_planning/__init__.py -> /home/kmkm/autocar-erp/BAE_clean/build/bae_planning/build/lib/bae_planning
copying src/bae_planning/local_planner_node.py -> /home/kmkm/autocar-erp/BAE_clean/build/bae_planning/build/lib/bae_planning
copying src/bae_planning/plot_node.py -> /home/kmkm/autocar-erp/BAE_clean/build/bae_planning/build/lib/bae_planning
copying src/bae_planning/dummy_input_node.py -> /home/kmkm/autocar-erp/BAE_clean/build/bae_planning/build/lib/bae_planning
creating /home/kmkm/autocar-erp/BAE_clean/build/bae_planning/build/lib/scenario_planner
copying src/scenario_planner/zone_manager.py -> /home/kmkm/autocar-erp/BAE_clean/build/bae_planning/build/lib/scenario_planner
copying src/scenario_planner/hybrid_astar_planner.py -> /home/kmkm/autocar-erp/BAE_clean/build/bae_planning/build/lib/scenario_planner
copying src/scenario_planner/__init__.py -> /home/kmkm/autocar-erp/BAE_clean/build/bae_planning/build/lib/scenario_planner
copying src/scenario_planner/path_visualizer.py -> /home/kmkm/autocar-erp/BAE_clean/build/bae_planning/build/lib/scenario_planner
copying src/scenario_planner/dummy_pose_publisher.py -> /home/kmkm/autocar-erp/BAE_clean/build/bae_planning/build/lib/scenario_planner
creating /home/kmkm/autocar-erp/BAE_clean/build/bae_planning/build/lib/bae_planning/hybrid_astar
copying src/bae_planning/hybrid_astar/hybrid_a_star.py -> /home/kmkm/autocar-erp/BAE_clean/build/bae_planning/build/lib/bae_planning/hybrid_astar
copying src/bae_planning/hybrid_astar/car.py -> /home/kmkm/autocar-erp/BAE_clean/build/bae_planning/build/lib/bae_planning/hybrid_astar
copying src/bae_planning/hybrid_astar/__init__.py -> /home/kmkm/autocar-erp/BAE_clean/build/bae_planning/build/lib/bae_planning/hybrid_astar
copying src/bae_planning/hybrid_astar/dynamic_programming_heuristic.py -> /home/kmkm/autocar-erp/BAE_clean/build/bae_planning/build/lib/bae_planning/hybrid_astar
creating /home/kmkm/autocar-erp/BAE_clean/build/bae_planning/build/lib/bae_planning/SHA
copying src/bae_planning/SHA/__init__.py -> /home/kmkm/autocar-erp/BAE_clean/build/bae_planning/build/lib/bae_planning/SHA
copying src/bae_planning/SHA/test_hybrid_astar.py -> /home/kmkm/autocar-erp/BAE_clean/build/bae_planning/build/lib/bae_planning/SHA
copying src/bae_planning/SHA/dubins_path_planner.py -> /home/kmkm/autocar-erp/BAE_clean/build/bae_planning/build/lib/bae_planning/SHA
copying src/bae_planning/SHA/hybrid_astar_sha.py -> /home/kmkm/autocar-erp/BAE_clean/build/bae_planning/build/lib/bae_planning/SHA
creating /home/kmkm/autocar-erp/BAE_clean/build/bae_planning/build/lib/bae_planning/frenet_planner
copying src/bae_planning/frenet_planner/frenet_optimal_trajectory.py -> /home/kmkm/autocar-erp/BAE_clean/build/bae_planning/build/lib/bae_planning/frenet_planner
copying src/bae_planning/frenet_planner/quintic_polynomials_planner.py -> /home/kmkm/autocar-erp/BAE_clean/build/bae_planning/build/lib/bae_planning/frenet_planner
copying src/bae_planning/frenet_planner/__init__.py -> /home/kmkm/autocar-erp/BAE_clean/build/bae_planning/build/lib/bae_planning/frenet_planner
copying src/bae_planning/frenet_planner/cubic_spline_planner.py -> /home/kmkm/autocar-erp/BAE_clean/build/bae_planning/build/lib/bae_planning/frenet_planner
copying src/bae_planning/frenet_planner/cartesian_frenet_converter.py -> /home/kmkm/autocar-erp/BAE_clean/build/bae_planning/build/lib/bae_planning/frenet_planner
creating /home/kmkm/autocar-erp/BAE_clean/build/bae_planning/build/lib/bae_planning/hybrid_astar/ReedsSheppPath
copying src/bae_planning/hybrid_astar/ReedsSheppPath/reeds_shepp_path_planning.py -> /home/kmkm/autocar-erp/BAE_clean/build/bae_planning/build/lib/bae_planning/hybrid_astar/ReedsSheppPath
copying src/bae_planning/hybrid_astar/ReedsSheppPath/__init__.py -> /home/kmkm/autocar-erp/BAE_clean/build/bae_planning/build/lib/bae_planning/hybrid_astar/ReedsSheppPath
running install
running install_lib
creating /home/kmkm/autocar-erp/BAE_clean/install/bae_planning/lib/python3.10/site-packages/mode_selector
copying /home/kmkm/autocar-erp/BAE_clean/build/bae_planning/build/lib/mode_selector/__init__.py -> /home/kmkm/autocar-erp/BAE_clean/install/bae_planning/lib/python3.10/site-packages/mode_selector
copying /home/kmkm/autocar-erp/BAE_clean/build/bae_planning/build/lib/mode_selector/mode_selector_node.py -> /home/kmkm/autocar-erp/BAE_clean/install/bae_planning/lib/python3.10/site-packages/mode_selector
creating /home/kmkm/autocar-erp/BAE_clean/install/bae_planning/lib/python3.10/site-packages/bae_planning
creating /home/kmkm/autocar-erp/BAE_clean/install/bae_planning/lib/python3.10/site-packages/bae_planning/hybrid_astar
copying /home/kmkm/autocar-erp/BAE_clean/build/bae_planning/build/lib/bae_planning/hybrid_astar/hybrid_a_star.py -> /home/kmkm/autocar-erp/BAE_clean/install/bae_planning/lib/python3.10/site-packages/bae_planning/hybrid_astar
copying /home/kmkm/autocar-erp/BAE_clean/build/bae_planning/build/lib/bae_planning/hybrid_astar/car.py -> /home/kmkm/autocar-erp/BAE_clean/install/bae_planning/lib/python3.10/site-packages/bae_planning/hybrid_astar
copying /home/kmkm/autocar-erp/BAE_clean/build/bae_planning/build/lib/bae_planning/hybrid_astar/__init__.py -> /home/kmkm/autocar-erp/BAE_clean/install/bae_planning/lib/python3.10/site-packages/bae_planning/hybrid_astar
copying /home/kmkm/autocar-erp/BAE_clean/build/bae_planning/build/lib/bae_planning/hybrid_astar/dynamic_programming_heuristic.py -> /home/kmkm/autocar-erp/BAE_clean/install/bae_planning/lib/python3.10/site-packages/bae_planning/hybrid_astar
creating /home/kmkm/autocar-erp/BAE_clean/install/bae_planning/lib/python3.10/site-packages/bae_planning/hybrid_astar/ReedsSheppPath
copying /home/kmkm/autocar-erp/BAE_clean/build/bae_planning/build/lib/bae_planning/hybrid_astar/ReedsSheppPath/reeds_shepp_path_planning.py -> /home/kmkm/autocar-erp/BAE_clean/install/bae_planning/lib/python3.10/site-packages/bae_planning/hybrid_astar/ReedsSheppPath
copying /home/kmkm/autocar-erp/BAE_clean/build/bae_planning/build/lib/bae_planning/hybrid_astar/ReedsSheppPath/__init__.py -> /home/kmkm/autocar-erp/BAE_clean/install/bae_planning/lib/python3.10/site-packages/bae_planning/hybrid_astar/ReedsSheppPath
creating /home/kmkm/autocar-erp/BAE_clean/install/bae_planning/lib/python3.10/site-packages/bae_planning/SHA
copying /home/kmkm/autocar-erp/BAE_clean/build/bae_planning/build/lib/bae_planning/SHA/__init__.py -> /home/kmkm/autocar-erp/BAE_clean/install/bae_planning/lib/python3.10/site-packages/bae_planning/SHA
copying /home/kmkm/autocar-erp/BAE_clean/build/bae_planning/build/lib/bae_planning/SHA/test_hybrid_astar.py -> /home/kmkm/autocar-erp/BAE_clean/install/bae_planning/lib/python3.10/site-packages/bae_planning/SHA
copying /home/kmkm/autocar-erp/BAE_clean/build/bae_planning/build/lib/bae_planning/SHA/dubins_path_planner.py -> /home/kmkm/autocar-erp/BAE_clean/install/bae_planning/lib/python3.10/site-packages/bae_planning/SHA
copying /home/kmkm/autocar-erp/BAE_clean/build/bae_planning/build/lib/bae_planning/SHA/hybrid_astar_sha.py -> /home/kmkm/autocar-erp/BAE_clean/install/bae_planning/lib/python3.10/site-packages/bae_planning/SHA
copying /home/kmkm/autocar-erp/BAE_clean/build/bae_planning/build/lib/bae_planning/hybrid_astar_planner.py -> /home/kmkm/autocar-erp/BAE_clean/install/bae_planning/lib/python3.10/site-packages/bae_planning
copying /home/kmkm/autocar-erp/BAE_clean/build/bae_planning/build/lib/bae_planning/__init__.py -> /home/kmkm/autocar-erp/BAE_clean/install/bae_planning/lib/python3.10/site-packages/bae_planning
creating /home/kmkm/autocar-erp/BAE_clean/install/bae_planning/lib/python3.10/site-packages/bae_planning/frenet_planner
copying /home/kmkm/autocar-erp/BAE_clean/build/bae_planning/build/lib/bae_planning/frenet_planner/frenet_optimal_trajectory.py -> /home/kmkm/autocar-erp/BAE_clean/install/bae_planning/lib/python3.10/site-packages/bae_planning/frenet_planner
copying /home/kmkm/autocar-erp/BAE_clean/build/bae_planning/build/lib/bae_planning/frenet_planner/quintic_polynomials_planner.py -> /home/kmkm/autocar-erp/BAE_clean/install/bae_planning/lib/python3.10/site-packages/bae_planning/frenet_planner
copying /home/kmkm/autocar-erp/BAE_clean/build/bae_planning/build/lib/bae_planning/frenet_planner/__init__.py -> /home/kmkm/autocar-erp/BAE_clean/install/bae_planning/lib/python3.10/site-packages/bae_planning/frenet_planner
copying /home/kmkm/autocar-erp/BAE_clean/build/bae_planning/build/lib/bae_planning/frenet_planner/cubic_spline_planner.py -> /home/kmkm/autocar-erp/BAE_clean/install/bae_planning/lib/python3.10/site-packages/bae_planning/frenet_planner
copying /home/kmkm/autocar-erp/BAE_clean/build/bae_planning/build/lib/bae_planning/frenet_planner/cartesian_frenet_converter.py -> /home/kmkm/autocar-erp/BAE_clean/install/bae_planning/lib/python3.10/site-packages/bae_planning/frenet_planner
copying /home/kmkm/autocar-erp/BAE_clean/build/bae_planning/build/lib/bae_planning/local_planner_node.py -> /home/kmkm/autocar-erp/BAE_clean/install/bae_planning/lib/python3.10/site-packages/bae_planning
copying /home/kmkm/autocar-erp/BAE_clean/build/bae_planning/build/lib/bae_planning/plot_node.py -> /home/kmkm/autocar-erp/BAE_clean/install/bae_planning/lib/python3.10/site-packages/bae_planning
copying /home/kmkm/autocar-erp/BAE_clean/build/bae_planning/build/lib/bae_planning/dummy_input_node.py -> /home/kmkm/autocar-erp/BAE_clean/install/bae_planning/lib/python3.10/site-packages/bae_planning
creating /home/kmkm/autocar-erp/BAE_clean/install/bae_planning/lib/python3.10/site-packages/scenario_planner
copying /home/kmkm/autocar-erp/BAE_clean/build/bae_planning/build/lib/scenario_planner/zone_manager.py -> /home/kmkm/autocar-erp/BAE_clean/install/bae_planning/lib/python3.10/site-packages/scenario_planner
copying /home/kmkm/autocar-erp/BAE_clean/build/bae_planning/build/lib/scenario_planner/hybrid_astar_planner.py -> /home/kmkm/autocar-erp/BAE_clean/install/bae_planning/lib/python3.10/site-packages/scenario_planner
copying /home/kmkm/autocar-erp/BAE_clean/build/bae_planning/build/lib/scenario_planner/__init__.py -> /home/kmkm/autocar-erp/BAE_clean/install/bae_planning/lib/python3.10/site-packages/scenario_planner
copying /home/kmkm/autocar-erp/BAE_clean/build/bae_planning/build/lib/scenario_planner/path_visualizer.py -> /home/kmkm/autocar-erp/BAE_clean/install/bae_planning/lib/python3.10/site-packages/scenario_planner
copying /home/kmkm/autocar-erp/BAE_clean/build/bae_planning/build/lib/scenario_planner/dummy_pose_publisher.py -> /home/kmkm/autocar-erp/BAE_clean/install/bae_planning/lib/python3.10/site-packages/scenario_planner
byte-compiling /home/kmkm/autocar-erp/BAE_clean/install/bae_planning/lib/python3.10/site-packages/mode_selector/__init__.py to __init__.cpython-310.pyc
byte-compiling /home/kmkm/autocar-erp/BAE_clean/install/bae_planning/lib/python3.10/site-packages/mode_selector/mode_selector_node.py to mode_selector_node.cpython-310.pyc
byte-compiling /home/kmkm/autocar-erp/BAE_clean/install/bae_planning/lib/python3.10/site-packages/bae_planning/hybrid_astar/hybrid_a_star.py to hybrid_a_star.cpython-310.pyc
byte-compiling /home/kmkm/autocar-erp/BAE_clean/install/bae_planning/lib/python3.10/site-packages/bae_planning/hybrid_astar/car.py to car.cpython-310.pyc
byte-compiling /home/kmkm/autocar-erp/BAE_clean/install/bae_planning/lib/python3.10/site-packages/bae_planning/hybrid_astar/__init__.py to __init__.cpython-310.pyc
byte-compiling /home/kmkm/autocar-erp/BAE_clean/install/bae_planning/lib/python3.10/site-packages/bae_planning/hybrid_astar/dynamic_programming_heuristic.py to dynamic_programming_heuristic.cpython-310.pyc
byte-compiling /home/kmkm/autocar-erp/BAE_clean/install/bae_planning/lib/python3.10/site-packages/bae_planning/hybrid_astar/ReedsSheppPath/reeds_shepp_path_planning.py to reeds_shepp_path_planning.cpython-310.pyc
byte-compiling /home/kmkm/autocar-erp/BAE_clean/install/bae_planning/lib/python3.10/site-packages/bae_planning/hybrid_astar/ReedsSheppPath/__init__.py to __init__.cpython-310.pyc
byte-compiling /home/kmkm/autocar-erp/BAE_clean/install/bae_planning/lib/python3.10/site-packages/bae_planning/SHA/__init__.py to __init__.cpython-310.pyc
byte-compiling /home/kmkm/autocar-erp/BAE_clean/install/bae_planning/lib/python3.10/site-packages/bae_planning/SHA/test_hybrid_astar.py to test_hybrid_astar.cpython-310.pyc
byte-compiling /home/kmkm/autocar-erp/BAE_clean/install/bae_planning/lib/python3.10/site-packages/bae_planning/SHA/dubins_path_planner.py to dubins_path_planner.cpython-310.pyc
byte-compiling /home/kmkm/autocar-erp/BAE_clean/install/bae_planning/lib/python3.10/site-packages/bae_planning/SHA/hybrid_astar_sha.py to hybrid_astar_sha.cpython-310.pyc
byte-compiling /home/kmkm/autocar-erp/BAE_clean/install/bae_planning/lib/python3.10/site-packages/bae_planning/hybrid_astar_planner.py to hybrid_astar_planner.cpython-310.pyc
byte-compiling /home/kmkm/autocar-erp/BAE_clean/install/bae_planning/lib/python3.10/site-packages/bae_planning/__init__.py to __init__.cpython-310.pyc
byte-compiling /home/kmkm/autocar-erp/BAE_clean/install/bae_planning/lib/python3.10/site-packages/bae_planning/frenet_planner/frenet_optimal_trajectory.py to frenet_optimal_trajectory.cpython-310.pyc
byte-compiling /home/kmkm/autocar-erp/BAE_clean/install/bae_planning/lib/python3.10/site-packages/bae_planning/frenet_planner/quintic_polynomials_planner.py to quintic_polynomials_planner.cpython-310.pyc
byte-compiling /home/kmkm/autocar-erp/BAE_clean/install/bae_planning/lib/python3.10/site-packages/bae_planning/frenet_planner/__init__.py to __init__.cpython-310.pyc
byte-compiling /home/kmkm/autocar-erp/BAE_clean/install/bae_planning/lib/python3.10/site-packages/bae_planning/frenet_planner/cubic_spline_planner.py to cubic_spline_planner.cpython-310.pyc
byte-compiling /home/kmkm/autocar-erp/BAE_clean/install/bae_planning/lib/python3.10/site-packages/bae_planning/frenet_planner/cartesian_frenet_converter.py to cartesian_frenet_converter.cpython-310.pyc
byte-compiling /home/kmkm/autocar-erp/BAE_clean/install/bae_planning/lib/python3.10/site-packages/bae_planning/local_planner_node.py to local_planner_node.cpython-310.pyc
byte-compiling /home/kmkm/autocar-erp/BAE_clean/install/bae_planning/lib/python3.10/site-packages/bae_planning/plot_node.py to plot_node.cpython-310.pyc
byte-compiling /home/kmkm/autocar-erp/BAE_clean/install/bae_planning/lib/python3.10/site-packages/bae_planning/dummy_input_node.py to dummy_input_node.cpython-310.pyc
byte-compiling /home/kmkm/autocar-erp/BAE_clean/install/bae_planning/lib/python3.10/site-packages/scenario_planner/zone_manager.py to zone_manager.cpython-310.pyc
byte-compiling /home/kmkm/autocar-erp/BAE_clean/install/bae_planning/lib/python3.10/site-packages/scenario_planner/hybrid_astar_planner.py to hybrid_astar_planner.cpython-310.pyc
byte-compiling /home/kmkm/autocar-erp/BAE_clean/install/bae_planning/lib/python3.10/site-packages/scenario_planner/__init__.py to __init__.cpython-310.pyc
byte-compiling /home/kmkm/autocar-erp/BAE_clean/install/bae_planning/lib/python3.10/site-packages/scenario_planner/path_visualizer.py to path_visualizer.cpython-310.pyc
byte-compiling /home/kmkm/autocar-erp/BAE_clean/install/bae_planning/lib/python3.10/site-packages/scenario_planner/dummy_pose_publisher.py to dummy_pose_publisher.cpython-310.pyc
running install_data
creating /home/kmkm/autocar-erp/BAE_clean/install/bae_planning/share/ament_index
creating /home/kmkm/autocar-erp/BAE_clean/install/bae_planning/share/ament_index/resource_index
creating /home/kmkm/autocar-erp/BAE_clean/install/bae_planning/share/ament_index/resource_index/packages
copying resource/bae_planning -> /home/kmkm/autocar-erp/BAE_clean/install/bae_planning/share/ament_index/resource_index/packages
copying package.xml -> /home/kmkm/autocar-erp/BAE_clean/install/bae_planning/share/bae_planning
running install_egg_info
Copying build/bae_planning/bae_planning.egg-info to /home/kmkm/autocar-erp/BAE_clean/install/bae_planning/lib/python3.10/site-packages/bae_planning-0.0.1-py3.10.egg-info
running install_scripts
Installing hybrid_astar_planner script to /home/kmkm/autocar-erp/BAE_clean/install/bae_planning/bin
Installing local_planner script to /home/kmkm/autocar-erp/BAE_clean/install/bae_planning/bin
Installing mode_selector script to /home/kmkm/autocar-erp/BAE_clean/install/bae_planning/bin
Installing plot_node script to /home/kmkm/autocar-erp/BAE_clean/install/bae_planning/bin
Installing zone_manager script to /home/kmkm/autocar-erp/BAE_clean/install/bae_planning/bin
writing list of installed files to '/home/kmkm/autocar-erp/BAE_clean/build/bae_planning/install.log'
