[0.534s] Invoking command in '/home/kmkm/autocar-erp/BAE_clean': PYTHONPATH=/home/kmkm/autocar-erp/BAE_clean/build/bae_planning/prefix_override:/usr/lib/python3/dist-packages/colcon_core/task/python/colcon_distutils_commands:/home/kmkm/autocar-erp/BAE_clean/install/bae_planning/lib/python3.10/site-packages:${PYTHONPATH} /usr/bin/python3 -W ignore:setup.py install is deprecated -W ignore:easy_install command is deprecated setup.py egg_info --egg-base build/bae_planning build --build-base /home/kmkm/autocar-erp/BAE_clean/build/bae_planning/build install --record /home/kmkm/autocar-erp/BAE_clean/build/bae_planning/install.log --single-version-externally-managed install_data
[0.704s] running egg_info
[0.704s] creating build/bae_planning/bae_planning.egg-info
[0.704s] writing build/bae_planning/bae_planning.egg-info/PKG-INFO
[0.705s] writing dependency_links to build/bae_planning/bae_planning.egg-info/dependency_links.txt
[0.705s] writing entry points to build/bae_planning/bae_planning.egg-info/entry_points.txt
[0.705s] writing requirements to build/bae_planning/bae_planning.egg-info/requires.txt
[0.705s] writing top-level names to build/bae_planning/bae_planning.egg-info/top_level.txt
[0.705s] writing manifest file 'build/bae_planning/bae_planning.egg-info/SOURCES.txt'
[0.707s] reading manifest file 'build/bae_planning/bae_planning.egg-info/SOURCES.txt'
[0.708s] writing manifest file 'build/bae_planning/bae_planning.egg-info/SOURCES.txt'
[0.708s] running build
[0.708s] running build_py
[0.708s] creating /home/kmkm/autocar-erp/BAE_clean/build/bae_planning/build
[0.708s] creating /home/kmkm/autocar-erp/BAE_clean/build/bae_planning/build/lib
[0.708s] creating /home/kmkm/autocar-erp/BAE_clean/build/bae_planning/build/lib/mode_selector
[0.709s] copying src/mode_selector/__init__.py -> /home/kmkm/autocar-erp/BAE_clean/build/bae_planning/build/lib/mode_selector
[0.709s] copying src/mode_selector/mode_selector_node.py -> /home/kmkm/autocar-erp/BAE_clean/build/bae_planning/build/lib/mode_selector
[0.709s] creating /home/kmkm/autocar-erp/BAE_clean/build/bae_planning/build/lib/bae_planning
[0.709s] copying src/bae_planning/hybrid_astar_planner.py -> /home/kmkm/autocar-erp/BAE_clean/build/bae_planning/build/lib/bae_planning
[0.709s] copying src/bae_planning/__init__.py -> /home/kmkm/autocar-erp/BAE_clean/build/bae_planning/build/lib/bae_planning
[0.710s] copying src/bae_planning/local_planner_node.py -> /home/kmkm/autocar-erp/BAE_clean/build/bae_planning/build/lib/bae_planning
[0.710s] copying src/bae_planning/plot_node.py -> /home/kmkm/autocar-erp/BAE_clean/build/bae_planning/build/lib/bae_planning
[0.710s] copying src/bae_planning/dummy_input_node.py -> /home/kmkm/autocar-erp/BAE_clean/build/bae_planning/build/lib/bae_planning
[0.710s] creating /home/kmkm/autocar-erp/BAE_clean/build/bae_planning/build/lib/scenario_planner
[0.710s] copying src/scenario_planner/zone_manager.py -> /home/kmkm/autocar-erp/BAE_clean/build/bae_planning/build/lib/scenario_planner
[0.710s] copying src/scenario_planner/hybrid_astar_planner.py -> /home/kmkm/autocar-erp/BAE_clean/build/bae_planning/build/lib/scenario_planner
[0.711s] copying src/scenario_planner/__init__.py -> /home/kmkm/autocar-erp/BAE_clean/build/bae_planning/build/lib/scenario_planner
[0.711s] copying src/scenario_planner/path_visualizer.py -> /home/kmkm/autocar-erp/BAE_clean/build/bae_planning/build/lib/scenario_planner
[0.711s] copying src/scenario_planner/dummy_pose_publisher.py -> /home/kmkm/autocar-erp/BAE_clean/build/bae_planning/build/lib/scenario_planner
[0.711s] creating /home/kmkm/autocar-erp/BAE_clean/build/bae_planning/build/lib/bae_planning/hybrid_astar
[0.711s] copying src/bae_planning/hybrid_astar/hybrid_a_star.py -> /home/kmkm/autocar-erp/BAE_clean/build/bae_planning/build/lib/bae_planning/hybrid_astar
[0.712s] copying src/bae_planning/hybrid_astar/car.py -> /home/kmkm/autocar-erp/BAE_clean/build/bae_planning/build/lib/bae_planning/hybrid_astar
[0.712s] copying src/bae_planning/hybrid_astar/__init__.py -> /home/kmkm/autocar-erp/BAE_clean/build/bae_planning/build/lib/bae_planning/hybrid_astar
[0.712s] copying src/bae_planning/hybrid_astar/dynamic_programming_heuristic.py -> /home/kmkm/autocar-erp/BAE_clean/build/bae_planning/build/lib/bae_planning/hybrid_astar
[0.712s] creating /home/kmkm/autocar-erp/BAE_clean/build/bae_planning/build/lib/bae_planning/SHA
[0.712s] copying src/bae_planning/SHA/__init__.py -> /home/kmkm/autocar-erp/BAE_clean/build/bae_planning/build/lib/bae_planning/SHA
[0.712s] copying src/bae_planning/SHA/test_hybrid_astar.py -> /home/kmkm/autocar-erp/BAE_clean/build/bae_planning/build/lib/bae_planning/SHA
[0.713s] copying src/bae_planning/SHA/dubins_path_planner.py -> /home/kmkm/autocar-erp/BAE_clean/build/bae_planning/build/lib/bae_planning/SHA
[0.713s] copying src/bae_planning/SHA/hybrid_astar_sha.py -> /home/kmkm/autocar-erp/BAE_clean/build/bae_planning/build/lib/bae_planning/SHA
[0.713s] creating /home/kmkm/autocar-erp/BAE_clean/build/bae_planning/build/lib/bae_planning/frenet_planner
[0.713s] copying src/bae_planning/frenet_planner/frenet_optimal_trajectory.py -> /home/kmkm/autocar-erp/BAE_clean/build/bae_planning/build/lib/bae_planning/frenet_planner
[0.713s] copying src/bae_planning/frenet_planner/quintic_polynomials_planner.py -> /home/kmkm/autocar-erp/BAE_clean/build/bae_planning/build/lib/bae_planning/frenet_planner
[0.713s] copying src/bae_planning/frenet_planner/__init__.py -> /home/kmkm/autocar-erp/BAE_clean/build/bae_planning/build/lib/bae_planning/frenet_planner
[0.713s] copying src/bae_planning/frenet_planner/cubic_spline_planner.py -> /home/kmkm/autocar-erp/BAE_clean/build/bae_planning/build/lib/bae_planning/frenet_planner
[0.714s] copying src/bae_planning/frenet_planner/cartesian_frenet_converter.py -> /home/kmkm/autocar-erp/BAE_clean/build/bae_planning/build/lib/bae_planning/frenet_planner
[0.714s] creating /home/kmkm/autocar-erp/BAE_clean/build/bae_planning/build/lib/bae_planning/hybrid_astar/ReedsSheppPath
[0.714s] copying src/bae_planning/hybrid_astar/ReedsSheppPath/reeds_shepp_path_planning.py -> /home/kmkm/autocar-erp/BAE_clean/build/bae_planning/build/lib/bae_planning/hybrid_astar/ReedsSheppPath
[0.714s] copying src/bae_planning/hybrid_astar/ReedsSheppPath/__init__.py -> /home/kmkm/autocar-erp/BAE_clean/build/bae_planning/build/lib/bae_planning/hybrid_astar/ReedsSheppPath
[0.714s] running install
[0.714s] running install_lib
[0.716s] creating /home/kmkm/autocar-erp/BAE_clean/install/bae_planning/lib/python3.10/site-packages/mode_selector
[0.716s] copying /home/kmkm/autocar-erp/BAE_clean/build/bae_planning/build/lib/mode_selector/__init__.py -> /home/kmkm/autocar-erp/BAE_clean/install/bae_planning/lib/python3.10/site-packages/mode_selector
[0.717s] copying /home/kmkm/autocar-erp/BAE_clean/build/bae_planning/build/lib/mode_selector/mode_selector_node.py -> /home/kmkm/autocar-erp/BAE_clean/install/bae_planning/lib/python3.10/site-packages/mode_selector
[0.717s] creating /home/kmkm/autocar-erp/BAE_clean/install/bae_planning/lib/python3.10/site-packages/bae_planning
[0.717s] creating /home/kmkm/autocar-erp/BAE_clean/install/bae_planning/lib/python3.10/site-packages/bae_planning/hybrid_astar
[0.717s] copying /home/kmkm/autocar-erp/BAE_clean/build/bae_planning/build/lib/bae_planning/hybrid_astar/hybrid_a_star.py -> /home/kmkm/autocar-erp/BAE_clean/install/bae_planning/lib/python3.10/site-packages/bae_planning/hybrid_astar
[0.717s] copying /home/kmkm/autocar-erp/BAE_clean/build/bae_planning/build/lib/bae_planning/hybrid_astar/car.py -> /home/kmkm/autocar-erp/BAE_clean/install/bae_planning/lib/python3.10/site-packages/bae_planning/hybrid_astar
[0.717s] copying /home/kmkm/autocar-erp/BAE_clean/build/bae_planning/build/lib/bae_planning/hybrid_astar/__init__.py -> /home/kmkm/autocar-erp/BAE_clean/install/bae_planning/lib/python3.10/site-packages/bae_planning/hybrid_astar
[0.718s] copying /home/kmkm/autocar-erp/BAE_clean/build/bae_planning/build/lib/bae_planning/hybrid_astar/dynamic_programming_heuristic.py -> /home/kmkm/autocar-erp/BAE_clean/install/bae_planning/lib/python3.10/site-packages/bae_planning/hybrid_astar
[0.718s] creating /home/kmkm/autocar-erp/BAE_clean/install/bae_planning/lib/python3.10/site-packages/bae_planning/hybrid_astar/ReedsSheppPath
[0.718s] copying /home/kmkm/autocar-erp/BAE_clean/build/bae_planning/build/lib/bae_planning/hybrid_astar/ReedsSheppPath/reeds_shepp_path_planning.py -> /home/kmkm/autocar-erp/BAE_clean/install/bae_planning/lib/python3.10/site-packages/bae_planning/hybrid_astar/ReedsSheppPath
[0.718s] copying /home/kmkm/autocar-erp/BAE_clean/build/bae_planning/build/lib/bae_planning/hybrid_astar/ReedsSheppPath/__init__.py -> /home/kmkm/autocar-erp/BAE_clean/install/bae_planning/lib/python3.10/site-packages/bae_planning/hybrid_astar/ReedsSheppPath
[0.718s] creating /home/kmkm/autocar-erp/BAE_clean/install/bae_planning/lib/python3.10/site-packages/bae_planning/SHA
[0.719s] copying /home/kmkm/autocar-erp/BAE_clean/build/bae_planning/build/lib/bae_planning/SHA/__init__.py -> /home/kmkm/autocar-erp/BAE_clean/install/bae_planning/lib/python3.10/site-packages/bae_planning/SHA
[0.719s] copying /home/kmkm/autocar-erp/BAE_clean/build/bae_planning/build/lib/bae_planning/SHA/test_hybrid_astar.py -> /home/kmkm/autocar-erp/BAE_clean/install/bae_planning/lib/python3.10/site-packages/bae_planning/SHA
[0.719s] copying /home/kmkm/autocar-erp/BAE_clean/build/bae_planning/build/lib/bae_planning/SHA/dubins_path_planner.py -> /home/kmkm/autocar-erp/BAE_clean/install/bae_planning/lib/python3.10/site-packages/bae_planning/SHA
[0.719s] copying /home/kmkm/autocar-erp/BAE_clean/build/bae_planning/build/lib/bae_planning/SHA/hybrid_astar_sha.py -> /home/kmkm/autocar-erp/BAE_clean/install/bae_planning/lib/python3.10/site-packages/bae_planning/SHA
[0.720s] copying /home/kmkm/autocar-erp/BAE_clean/build/bae_planning/build/lib/bae_planning/hybrid_astar_planner.py -> /home/kmkm/autocar-erp/BAE_clean/install/bae_planning/lib/python3.10/site-packages/bae_planning
[0.720s] copying /home/kmkm/autocar-erp/BAE_clean/build/bae_planning/build/lib/bae_planning/__init__.py -> /home/kmkm/autocar-erp/BAE_clean/install/bae_planning/lib/python3.10/site-packages/bae_planning
[0.720s] creating /home/kmkm/autocar-erp/BAE_clean/install/bae_planning/lib/python3.10/site-packages/bae_planning/frenet_planner
[0.720s] copying /home/kmkm/autocar-erp/BAE_clean/build/bae_planning/build/lib/bae_planning/frenet_planner/frenet_optimal_trajectory.py -> /home/kmkm/autocar-erp/BAE_clean/install/bae_planning/lib/python3.10/site-packages/bae_planning/frenet_planner
[0.720s] copying /home/kmkm/autocar-erp/BAE_clean/build/bae_planning/build/lib/bae_planning/frenet_planner/quintic_polynomials_planner.py -> /home/kmkm/autocar-erp/BAE_clean/install/bae_planning/lib/python3.10/site-packages/bae_planning/frenet_planner
[0.720s] copying /home/kmkm/autocar-erp/BAE_clean/build/bae_planning/build/lib/bae_planning/frenet_planner/__init__.py -> /home/kmkm/autocar-erp/BAE_clean/install/bae_planning/lib/python3.10/site-packages/bae_planning/frenet_planner
[0.720s] copying /home/kmkm/autocar-erp/BAE_clean/build/bae_planning/build/lib/bae_planning/frenet_planner/cubic_spline_planner.py -> /home/kmkm/autocar-erp/BAE_clean/install/bae_planning/lib/python3.10/site-packages/bae_planning/frenet_planner
[0.721s] copying /home/kmkm/autocar-erp/BAE_clean/build/bae_planning/build/lib/bae_planning/frenet_planner/cartesian_frenet_converter.py -> /home/kmkm/autocar-erp/BAE_clean/install/bae_planning/lib/python3.10/site-packages/bae_planning/frenet_planner
[0.721s] copying /home/kmkm/autocar-erp/BAE_clean/build/bae_planning/build/lib/bae_planning/local_planner_node.py -> /home/kmkm/autocar-erp/BAE_clean/install/bae_planning/lib/python3.10/site-packages/bae_planning
[0.721s] copying /home/kmkm/autocar-erp/BAE_clean/build/bae_planning/build/lib/bae_planning/plot_node.py -> /home/kmkm/autocar-erp/BAE_clean/install/bae_planning/lib/python3.10/site-packages/bae_planning
[0.721s] copying /home/kmkm/autocar-erp/BAE_clean/build/bae_planning/build/lib/bae_planning/dummy_input_node.py -> /home/kmkm/autocar-erp/BAE_clean/install/bae_planning/lib/python3.10/site-packages/bae_planning
[0.721s] creating /home/kmkm/autocar-erp/BAE_clean/install/bae_planning/lib/python3.10/site-packages/scenario_planner
[0.721s] copying /home/kmkm/autocar-erp/BAE_clean/build/bae_planning/build/lib/scenario_planner/zone_manager.py -> /home/kmkm/autocar-erp/BAE_clean/install/bae_planning/lib/python3.10/site-packages/scenario_planner
[0.721s] copying /home/kmkm/autocar-erp/BAE_clean/build/bae_planning/build/lib/scenario_planner/hybrid_astar_planner.py -> /home/kmkm/autocar-erp/BAE_clean/install/bae_planning/lib/python3.10/site-packages/scenario_planner
[0.721s] copying /home/kmkm/autocar-erp/BAE_clean/build/bae_planning/build/lib/scenario_planner/__init__.py -> /home/kmkm/autocar-erp/BAE_clean/install/bae_planning/lib/python3.10/site-packages/scenario_planner
[0.721s] copying /home/kmkm/autocar-erp/BAE_clean/build/bae_planning/build/lib/scenario_planner/path_visualizer.py -> /home/kmkm/autocar-erp/BAE_clean/install/bae_planning/lib/python3.10/site-packages/scenario_planner
[0.721s] copying /home/kmkm/autocar-erp/BAE_clean/build/bae_planning/build/lib/scenario_planner/dummy_pose_publisher.py -> /home/kmkm/autocar-erp/BAE_clean/install/bae_planning/lib/python3.10/site-packages/scenario_planner
[0.721s] byte-compiling /home/kmkm/autocar-erp/BAE_clean/install/bae_planning/lib/python3.10/site-packages/mode_selector/__init__.py to __init__.cpython-310.pyc
[0.721s] byte-compiling /home/kmkm/autocar-erp/BAE_clean/install/bae_planning/lib/python3.10/site-packages/mode_selector/mode_selector_node.py to mode_selector_node.cpython-310.pyc
[0.722s] byte-compiling /home/kmkm/autocar-erp/BAE_clean/install/bae_planning/lib/python3.10/site-packages/bae_planning/hybrid_astar/hybrid_a_star.py to hybrid_a_star.cpython-310.pyc
[0.724s] byte-compiling /home/kmkm/autocar-erp/BAE_clean/install/bae_planning/lib/python3.10/site-packages/bae_planning/hybrid_astar/car.py to car.cpython-310.pyc
[0.725s] byte-compiling /home/kmkm/autocar-erp/BAE_clean/install/bae_planning/lib/python3.10/site-packages/bae_planning/hybrid_astar/__init__.py to __init__.cpython-310.pyc
[0.725s] byte-compiling /home/kmkm/autocar-erp/BAE_clean/install/bae_planning/lib/python3.10/site-packages/bae_planning/hybrid_astar/dynamic_programming_heuristic.py to dynamic_programming_heuristic.cpython-310.pyc
[0.726s] byte-compiling /home/kmkm/autocar-erp/BAE_clean/install/bae_planning/lib/python3.10/site-packages/bae_planning/hybrid_astar/ReedsSheppPath/reeds_shepp_path_planning.py to reeds_shepp_path_planning.cpython-310.pyc
[0.729s] byte-compiling /home/kmkm/autocar-erp/BAE_clean/install/bae_planning/lib/python3.10/site-packages/bae_planning/hybrid_astar/ReedsSheppPath/__init__.py to __init__.cpython-310.pyc
[0.729s] byte-compiling /home/kmkm/autocar-erp/BAE_clean/install/bae_planning/lib/python3.10/site-packages/bae_planning/SHA/__init__.py to __init__.cpython-310.pyc
[0.729s] byte-compiling /home/kmkm/autocar-erp/BAE_clean/install/bae_planning/lib/python3.10/site-packages/bae_planning/SHA/test_hybrid_astar.py to test_hybrid_astar.cpython-310.pyc
[0.730s] byte-compiling /home/kmkm/autocar-erp/BAE_clean/install/bae_planning/lib/python3.10/site-packages/bae_planning/SHA/dubins_path_planner.py to dubins_path_planner.cpython-310.pyc
[0.731s] byte-compiling /home/kmkm/autocar-erp/BAE_clean/install/bae_planning/lib/python3.10/site-packages/bae_planning/SHA/hybrid_astar_sha.py to hybrid_astar_sha.cpython-310.pyc
[0.731s] byte-compiling /home/kmkm/autocar-erp/BAE_clean/install/bae_planning/lib/python3.10/site-packages/bae_planning/hybrid_astar_planner.py to hybrid_astar_planner.cpython-310.pyc
[0.732s] byte-compiling /home/kmkm/autocar-erp/BAE_clean/install/bae_planning/lib/python3.10/site-packages/bae_planning/__init__.py to __init__.cpython-310.pyc
[0.732s] byte-compiling /home/kmkm/autocar-erp/BAE_clean/install/bae_planning/lib/python3.10/site-packages/bae_planning/frenet_planner/frenet_optimal_trajectory.py to frenet_optimal_trajectory.cpython-310.pyc
[0.734s] byte-compiling /home/kmkm/autocar-erp/BAE_clean/install/bae_planning/lib/python3.10/site-packages/bae_planning/frenet_planner/quintic_polynomials_planner.py to quintic_polynomials_planner.cpython-310.pyc
[0.735s] byte-compiling /home/kmkm/autocar-erp/BAE_clean/install/bae_planning/lib/python3.10/site-packages/bae_planning/frenet_planner/__init__.py to __init__.cpython-310.pyc
[0.735s] byte-compiling /home/kmkm/autocar-erp/BAE_clean/install/bae_planning/lib/python3.10/site-packages/bae_planning/frenet_planner/cubic_spline_planner.py to cubic_spline_planner.cpython-310.pyc
[0.737s] byte-compiling /home/kmkm/autocar-erp/BAE_clean/install/bae_planning/lib/python3.10/site-packages/bae_planning/frenet_planner/cartesian_frenet_converter.py to cartesian_frenet_converter.cpython-310.pyc
[0.737s] byte-compiling /home/kmkm/autocar-erp/BAE_clean/install/bae_planning/lib/python3.10/site-packages/bae_planning/local_planner_node.py to local_planner_node.cpython-310.pyc
[0.743s] byte-compiling /home/kmkm/autocar-erp/BAE_clean/install/bae_planning/lib/python3.10/site-packages/bae_planning/plot_node.py to plot_node.cpython-310.pyc
[0.744s] byte-compiling /home/kmkm/autocar-erp/BAE_clean/install/bae_planning/lib/python3.10/site-packages/bae_planning/dummy_input_node.py to dummy_input_node.cpython-310.pyc
[0.746s] byte-compiling /home/kmkm/autocar-erp/BAE_clean/install/bae_planning/lib/python3.10/site-packages/scenario_planner/zone_manager.py to zone_manager.cpython-310.pyc
[0.746s] byte-compiling /home/kmkm/autocar-erp/BAE_clean/install/bae_planning/lib/python3.10/site-packages/scenario_planner/hybrid_astar_planner.py to hybrid_astar_planner.cpython-310.pyc
[0.747s] byte-compiling /home/kmkm/autocar-erp/BAE_clean/install/bae_planning/lib/python3.10/site-packages/scenario_planner/__init__.py to __init__.cpython-310.pyc
[0.747s] byte-compiling /home/kmkm/autocar-erp/BAE_clean/install/bae_planning/lib/python3.10/site-packages/scenario_planner/path_visualizer.py to path_visualizer.cpython-310.pyc
[0.748s] byte-compiling /home/kmkm/autocar-erp/BAE_clean/install/bae_planning/lib/python3.10/site-packages/scenario_planner/dummy_pose_publisher.py to dummy_pose_publisher.cpython-310.pyc
[0.748s] running install_data
[0.748s] creating /home/kmkm/autocar-erp/BAE_clean/install/bae_planning/share/ament_index
[0.748s] creating /home/kmkm/autocar-erp/BAE_clean/install/bae_planning/share/ament_index/resource_index
[0.749s] creating /home/kmkm/autocar-erp/BAE_clean/install/bae_planning/share/ament_index/resource_index/packages
[0.749s] copying resource/bae_planning -> /home/kmkm/autocar-erp/BAE_clean/install/bae_planning/share/ament_index/resource_index/packages
[0.749s] copying package.xml -> /home/kmkm/autocar-erp/BAE_clean/install/bae_planning/share/bae_planning
[0.749s] running install_egg_info
[0.750s] Copying build/bae_planning/bae_planning.egg-info to /home/kmkm/autocar-erp/BAE_clean/install/bae_planning/lib/python3.10/site-packages/bae_planning-0.0.1-py3.10.egg-info
[0.750s] running install_scripts
[0.765s] Installing hybrid_astar_planner script to /home/kmkm/autocar-erp/BAE_clean/install/bae_planning/bin
[0.765s] Installing local_planner script to /home/kmkm/autocar-erp/BAE_clean/install/bae_planning/bin
[0.765s] Installing mode_selector script to /home/kmkm/autocar-erp/BAE_clean/install/bae_planning/bin
[0.766s] Installing plot_node script to /home/kmkm/autocar-erp/BAE_clean/install/bae_planning/bin
[0.766s] Installing zone_manager script to /home/kmkm/autocar-erp/BAE_clean/install/bae_planning/bin
[0.766s] writing list of installed files to '/home/kmkm/autocar-erp/BAE_clean/build/bae_planning/install.log'
[0.783s] Invoked command in '/home/kmkm/autocar-erp/BAE_clean' returned '0': PYTHONPATH=/home/kmkm/autocar-erp/BAE_clean/build/bae_planning/prefix_override:/usr/lib/python3/dist-packages/colcon_core/task/python/colcon_distutils_commands:/home/kmkm/autocar-erp/BAE_clean/install/bae_planning/lib/python3.10/site-packages:${PYTHONPATH} /usr/bin/python3 -W ignore:setup.py install is deprecated -W ignore:easy_install command is deprecated setup.py egg_info --egg-base build/bae_planning build --build-base /home/kmkm/autocar-erp/BAE_clean/build/bae_planning/build install --record /home/kmkm/autocar-erp/BAE_clean/build/bae_planning/install.log --single-version-externally-managed install_data
