[0.226s] DEBUG:colcon:Command line arguments: ['/usr/bin/colcon', 'build', '--symlink-install']
[0.226s] DEBUG:colcon:Parsed command line arguments: Namespace(log_base=None, log_level=None, verb_name='build', build_base='build', install_base='install', merge_install=False, symlink_install=True, test_result_base=None, continue_on_error=False, executor='parallel', parallel_workers=16, event_handlers=None, ignore_user_meta=False, metas=['./colcon.meta'], base_paths=['.'], packages_ignore=None, packages_ignore_regex=None, paths=None, packages_up_to=None, packages_up_to_regex=None, packages_above=None, packages_above_and_dependencies=None, packages_above_depth=None, packages_select_by_dep=None, packages_skip_by_dep=None, packages_skip_up_to=None, packages_select_build_failed=False, packages_skip_build_finished=False, packages_select_test_failures=False, packages_skip_test_passed=False, packages_select=None, packages_skip=None, packages_select_regex=None, packages_skip_regex=None, packages_start=None, packages_end=None, allow_overriding=[], cmake_args=None, cmake_target=None, cmake_target_skip_unavailable=False, cmake_clean_cache=False, cmake_clean_first=False, cmake_force_configure=False, ament_cmake_args=None, catkin_cmake_args=None, catkin_skip_building_tests=False, mixin_files=None, mixin=None, verb_parser=<colcon_mixin.mixin.mixin_argument.MixinArgumentDecorator object at 0x7aaf78c1c0d0>, verb_extension=<colcon_core.verb.build.BuildVerb object at 0x7aaf78bdf6d0>, main=<bound method BuildVerb.main of <colcon_core.verb.build.BuildVerb object at 0x7aaf78bdf6d0>>, mixin_verb=('build',))
[0.393s] Level 1:colcon.colcon_core.package_discovery:discover_packages(colcon_meta) check parameters
[0.393s] Level 1:colcon.colcon_core.package_discovery:discover_packages(recursive) check parameters
[0.393s] Level 1:colcon.colcon_core.package_discovery:discover_packages(ignore) check parameters
[0.393s] Level 1:colcon.colcon_core.package_discovery:discover_packages(path) check parameters
[0.393s] Level 1:colcon.colcon_core.package_discovery:discover_packages(colcon_meta) discover
[0.394s] Level 1:colcon.colcon_core.package_discovery:discover_packages(recursive) discover
[0.394s] INFO:colcon.colcon_core.package_discovery:Crawling recursively for packages in '/home/mds/autocar-erp/autocar-erp-main'
[0.394s] Level 1:colcon.colcon_core.package_identification:_identify(.) by extensions ['ignore', 'ignore_ament_install']
[0.394s] Level 1:colcon.colcon_core.package_identification:_identify(.) by extension 'ignore'
[0.394s] Level 1:colcon.colcon_core.package_identification:_identify(.) by extension 'ignore_ament_install'
[0.394s] Level 1:colcon.colcon_core.package_identification:_identify(.) by extensions ['colcon_pkg']
[0.394s] Level 1:colcon.colcon_core.package_identification:_identify(.) by extension 'colcon_pkg'
[0.394s] Level 1:colcon.colcon_core.package_identification:_identify(.) by extensions ['colcon_meta']
[0.394s] Level 1:colcon.colcon_core.package_identification:_identify(.) by extension 'colcon_meta'
[0.394s] Level 1:colcon.colcon_core.package_identification:_identify(.) by extensions ['ros']
[0.394s] Level 1:colcon.colcon_core.package_identification:_identify(.) by extension 'ros'
[0.401s] Level 1:colcon.colcon_core.package_identification:_identify(.) by extensions ['cmake', 'python']
[0.401s] Level 1:colcon.colcon_core.package_identification:_identify(.) by extension 'cmake'
[0.401s] Level 1:colcon.colcon_core.package_identification:_identify(.) by extension 'python'
[0.401s] Level 1:colcon.colcon_core.package_identification:_identify(.) by extensions ['python_setup_py']
[0.401s] Level 1:colcon.colcon_core.package_identification:_identify(.) by extension 'python_setup_py'
[0.401s] Level 1:colcon.colcon_core.package_identification:_identify(autocar_nav) by extensions ['ignore', 'ignore_ament_install']
[0.401s] Level 1:colcon.colcon_core.package_identification:_identify(autocar_nav) by extension 'ignore'
[0.401s] Level 1:colcon.colcon_core.package_identification:_identify(autocar_nav) by extension 'ignore_ament_install'
[0.401s] Level 1:colcon.colcon_core.package_identification:_identify(autocar_nav) by extensions ['colcon_pkg']
[0.401s] Level 1:colcon.colcon_core.package_identification:_identify(autocar_nav) by extension 'colcon_pkg'
[0.401s] Level 1:colcon.colcon_core.package_identification:_identify(autocar_nav) by extensions ['colcon_meta']
[0.401s] Level 1:colcon.colcon_core.package_identification:_identify(autocar_nav) by extension 'colcon_meta'
[0.401s] Level 1:colcon.colcon_core.package_identification:_identify(autocar_nav) by extensions ['ros']
[0.401s] Level 1:colcon.colcon_core.package_identification:_identify(autocar_nav) by extension 'ros'
[0.403s] DEBUG:colcon.colcon_core.package_identification:Package 'autocar_nav' with type 'ros.ament_cmake' and name 'autocar_nav'
[0.403s] Level 1:colcon.colcon_core.package_identification:_identify(build) by extensions ['ignore', 'ignore_ament_install']
[0.403s] Level 1:colcon.colcon_core.package_identification:_identify(build) by extension 'ignore'
[0.403s] Level 1:colcon.colcon_core.package_identification:_identify(build) ignored
[0.403s] Level 1:colcon.colcon_core.package_identification:_identify(carla_scripts) by extensions ['ignore', 'ignore_ament_install']
[0.404s] Level 1:colcon.colcon_core.package_identification:_identify(carla_scripts) by extension 'ignore'
[0.404s] Level 1:colcon.colcon_core.package_identification:_identify(carla_scripts) by extension 'ignore_ament_install'
[0.404s] Level 1:colcon.colcon_core.package_identification:_identify(carla_scripts) by extensions ['colcon_pkg']
[0.404s] Level 1:colcon.colcon_core.package_identification:_identify(carla_scripts) by extension 'colcon_pkg'
[0.404s] Level 1:colcon.colcon_core.package_identification:_identify(carla_scripts) by extensions ['colcon_meta']
[0.404s] Level 1:colcon.colcon_core.package_identification:_identify(carla_scripts) by extension 'colcon_meta'
[0.404s] Level 1:colcon.colcon_core.package_identification:_identify(carla_scripts) by extensions ['ros']
[0.404s] Level 1:colcon.colcon_core.package_identification:_identify(carla_scripts) by extension 'ros'
[0.404s] Level 1:colcon.colcon_core.package_identification:_identify(carla_scripts) by extensions ['cmake', 'python']
[0.404s] Level 1:colcon.colcon_core.package_identification:_identify(carla_scripts) by extension 'cmake'
[0.404s] Level 1:colcon.colcon_core.package_identification:_identify(carla_scripts) by extension 'python'
[0.404s] Level 1:colcon.colcon_core.package_identification:_identify(carla_scripts) by extensions ['python_setup_py']
[0.404s] Level 1:colcon.colcon_core.package_identification:_identify(carla_scripts) by extension 'python_setup_py'
[0.404s] Level 1:colcon.colcon_core.package_identification:_identify(erp_control) by extensions ['ignore', 'ignore_ament_install']
[0.404s] Level 1:colcon.colcon_core.package_identification:_identify(erp_control) by extension 'ignore'
[0.404s] Level 1:colcon.colcon_core.package_identification:_identify(erp_control) by extension 'ignore_ament_install'
[0.404s] Level 1:colcon.colcon_core.package_identification:_identify(erp_control) by extensions ['colcon_pkg']
[0.404s] Level 1:colcon.colcon_core.package_identification:_identify(erp_control) by extension 'colcon_pkg'
[0.404s] Level 1:colcon.colcon_core.package_identification:_identify(erp_control) by extensions ['colcon_meta']
[0.404s] Level 1:colcon.colcon_core.package_identification:_identify(erp_control) by extension 'colcon_meta'
[0.404s] Level 1:colcon.colcon_core.package_identification:_identify(erp_control) by extensions ['ros']
[0.404s] Level 1:colcon.colcon_core.package_identification:_identify(erp_control) by extension 'ros'
[0.405s] DEBUG:colcon.colcon_core.package_identification:Package 'erp_control' with type 'ros.ament_python' and name 'erp_control'
[0.405s] Level 1:colcon.colcon_core.package_identification:_identify(install) by extensions ['ignore', 'ignore_ament_install']
[0.405s] Level 1:colcon.colcon_core.package_identification:_identify(install) by extension 'ignore'
[0.405s] Level 1:colcon.colcon_core.package_identification:_identify(install) ignored
[0.405s] Level 1:colcon.colcon_core.package_identification:_identify(launches) by extensions ['ignore', 'ignore_ament_install']
[0.405s] Level 1:colcon.colcon_core.package_identification:_identify(launches) by extension 'ignore'
[0.405s] Level 1:colcon.colcon_core.package_identification:_identify(launches) by extension 'ignore_ament_install'
[0.405s] Level 1:colcon.colcon_core.package_identification:_identify(launches) by extensions ['colcon_pkg']
[0.405s] Level 1:colcon.colcon_core.package_identification:_identify(launches) by extension 'colcon_pkg'
[0.405s] Level 1:colcon.colcon_core.package_identification:_identify(launches) by extensions ['colcon_meta']
[0.405s] Level 1:colcon.colcon_core.package_identification:_identify(launches) by extension 'colcon_meta'
[0.405s] Level 1:colcon.colcon_core.package_identification:_identify(launches) by extensions ['ros']
[0.405s] Level 1:colcon.colcon_core.package_identification:_identify(launches) by extension 'ros'
[0.405s] DEBUG:colcon.colcon_core.package_identification:Package 'launches' with type 'ros.ament_cmake' and name 'launches'
[0.405s] Level 1:colcon.colcon_core.package_identification:_identify(local_path_planning) by extensions ['ignore', 'ignore_ament_install']
[0.405s] Level 1:colcon.colcon_core.package_identification:_identify(local_path_planning) by extension 'ignore'
[0.405s] Level 1:colcon.colcon_core.package_identification:_identify(local_path_planning) by extension 'ignore_ament_install'
[0.405s] Level 1:colcon.colcon_core.package_identification:_identify(local_path_planning) by extensions ['colcon_pkg']
[0.405s] Level 1:colcon.colcon_core.package_identification:_identify(local_path_planning) by extension 'colcon_pkg'
[0.405s] Level 1:colcon.colcon_core.package_identification:_identify(local_path_planning) by extensions ['colcon_meta']
[0.405s] Level 1:colcon.colcon_core.package_identification:_identify(local_path_planning) by extension 'colcon_meta'
[0.406s] Level 1:colcon.colcon_core.package_identification:_identify(local_path_planning) by extensions ['ros']
[0.406s] Level 1:colcon.colcon_core.package_identification:_identify(local_path_planning) by extension 'ros'
[0.406s] DEBUG:colcon.colcon_core.package_identification:Package 'local_path_planning' with type 'ros.ament_python' and name 'local_path_planning'
[0.406s] Level 1:colcon.colcon_core.package_identification:_identify(localization) by extensions ['ignore', 'ignore_ament_install']
[0.406s] Level 1:colcon.colcon_core.package_identification:_identify(localization) by extension 'ignore'
[0.406s] Level 1:colcon.colcon_core.package_identification:_identify(localization) by extension 'ignore_ament_install'
[0.406s] Level 1:colcon.colcon_core.package_identification:_identify(localization) by extensions ['colcon_pkg']
[0.406s] Level 1:colcon.colcon_core.package_identification:_identify(localization) by extension 'colcon_pkg'
[0.406s] Level 1:colcon.colcon_core.package_identification:_identify(localization) by extensions ['colcon_meta']
[0.406s] Level 1:colcon.colcon_core.package_identification:_identify(localization) by extension 'colcon_meta'
[0.406s] Level 1:colcon.colcon_core.package_identification:_identify(localization) by extensions ['ros']
[0.406s] Level 1:colcon.colcon_core.package_identification:_identify(localization) by extension 'ros'
[0.407s] DEBUG:colcon.colcon_core.package_identification:Package 'localization' with type 'ros.ament_python' and name 'localization'
[0.407s] Level 1:colcon.colcon_core.package_identification:_identify(log) by extensions ['ignore', 'ignore_ament_install']
[0.407s] Level 1:colcon.colcon_core.package_identification:_identify(log) by extension 'ignore'
[0.407s] Level 1:colcon.colcon_core.package_identification:_identify(log) ignored
[0.407s] Level 1:colcon.colcon_core.package_identification:_identify(perception) by extensions ['ignore', 'ignore_ament_install']
[0.407s] Level 1:colcon.colcon_core.package_identification:_identify(perception) by extension 'ignore'
[0.407s] Level 1:colcon.colcon_core.package_identification:_identify(perception) by extension 'ignore_ament_install'
[0.407s] Level 1:colcon.colcon_core.package_identification:_identify(perception) by extensions ['colcon_pkg']
[0.407s] Level 1:colcon.colcon_core.package_identification:_identify(perception) by extension 'colcon_pkg'
[0.407s] Level 1:colcon.colcon_core.package_identification:_identify(perception) by extensions ['colcon_meta']
[0.407s] Level 1:colcon.colcon_core.package_identification:_identify(perception) by extension 'colcon_meta'
[0.407s] Level 1:colcon.colcon_core.package_identification:_identify(perception) by extensions ['ros']
[0.407s] Level 1:colcon.colcon_core.package_identification:_identify(perception) by extension 'ros'
[0.407s] DEBUG:colcon.colcon_core.package_identification:Package 'perception' with type 'ros.ament_python' and name 'perception'
[0.408s] Level 1:colcon.colcon_core.package_identification:_identify(resources) by extensions ['ignore', 'ignore_ament_install']
[0.408s] Level 1:colcon.colcon_core.package_identification:_identify(resources) by extension 'ignore'
[0.408s] Level 1:colcon.colcon_core.package_identification:_identify(resources) by extension 'ignore_ament_install'
[0.408s] Level 1:colcon.colcon_core.package_identification:_identify(resources) by extensions ['colcon_pkg']
[0.408s] Level 1:colcon.colcon_core.package_identification:_identify(resources) by extension 'colcon_pkg'
[0.408s] Level 1:colcon.colcon_core.package_identification:_identify(resources) by extensions ['colcon_meta']
[0.408s] Level 1:colcon.colcon_core.package_identification:_identify(resources) by extension 'colcon_meta'
[0.408s] Level 1:colcon.colcon_core.package_identification:_identify(resources) by extensions ['ros']
[0.408s] Level 1:colcon.colcon_core.package_identification:_identify(resources) by extension 'ros'
[0.408s] Level 1:colcon.colcon_core.package_identification:_identify(resources) by extensions ['cmake', 'python']
[0.408s] Level 1:colcon.colcon_core.package_identification:_identify(resources) by extension 'cmake'
[0.408s] Level 1:colcon.colcon_core.package_identification:_identify(resources) by extension 'python'
[0.408s] Level 1:colcon.colcon_core.package_identification:_identify(resources) by extensions ['python_setup_py']
[0.408s] Level 1:colcon.colcon_core.package_identification:_identify(resources) by extension 'python_setup_py'
[0.408s] Level 1:colcon.colcon_core.package_identification:_identify(ros-bridge) by extensions ['ignore', 'ignore_ament_install']
[0.408s] Level 1:colcon.colcon_core.package_identification:_identify(ros-bridge) by extension 'ignore'
[0.408s] Level 1:colcon.colcon_core.package_identification:_identify(ros-bridge) by extension 'ignore_ament_install'
[0.408s] Level 1:colcon.colcon_core.package_identification:_identify(ros-bridge) by extensions ['colcon_pkg']
[0.408s] Level 1:colcon.colcon_core.package_identification:_identify(ros-bridge) by extension 'colcon_pkg'
[0.408s] Level 1:colcon.colcon_core.package_identification:_identify(ros-bridge) by extensions ['colcon_meta']
[0.408s] Level 1:colcon.colcon_core.package_identification:_identify(ros-bridge) by extension 'colcon_meta'
[0.408s] Level 1:colcon.colcon_core.package_identification:_identify(ros-bridge) by extensions ['ros']
[0.408s] Level 1:colcon.colcon_core.package_identification:_identify(ros-bridge) by extension 'ros'
[0.408s] Level 1:colcon.colcon_core.package_identification:_identify(ros-bridge) by extensions ['cmake', 'python']
[0.408s] Level 1:colcon.colcon_core.package_identification:_identify(ros-bridge) by extension 'cmake'
[0.408s] Level 1:colcon.colcon_core.package_identification:_identify(ros-bridge) by extension 'python'
[0.408s] Level 1:colcon.colcon_core.package_identification:_identify(ros-bridge) by extensions ['python_setup_py']
[0.408s] Level 1:colcon.colcon_core.package_identification:_identify(ros-bridge) by extension 'python_setup_py'
[0.408s] Level 1:colcon.colcon_core.package_identification:_identify(ros-bridge/src) by extensions ['ignore', 'ignore_ament_install']
[0.408s] Level 1:colcon.colcon_core.package_identification:_identify(ros-bridge/src) by extension 'ignore'
[0.408s] Level 1:colcon.colcon_core.package_identification:_identify(ros-bridge/src) by extension 'ignore_ament_install'
[0.408s] Level 1:colcon.colcon_core.package_identification:_identify(ros-bridge/src) by extensions ['colcon_pkg']
[0.408s] Level 1:colcon.colcon_core.package_identification:_identify(ros-bridge/src) by extension 'colcon_pkg'
[0.408s] Level 1:colcon.colcon_core.package_identification:_identify(ros-bridge/src) by extensions ['colcon_meta']
[0.408s] Level 1:colcon.colcon_core.package_identification:_identify(ros-bridge/src) by extension 'colcon_meta'
[0.408s] Level 1:colcon.colcon_core.package_identification:_identify(ros-bridge/src) by extensions ['ros']
[0.408s] Level 1:colcon.colcon_core.package_identification:_identify(ros-bridge/src) by extension 'ros'
[0.408s] Level 1:colcon.colcon_core.package_identification:_identify(ros-bridge/src) by extensions ['cmake', 'python']
[0.408s] Level 1:colcon.colcon_core.package_identification:_identify(ros-bridge/src) by extension 'cmake'
[0.408s] Level 1:colcon.colcon_core.package_identification:_identify(ros-bridge/src) by extension 'python'
[0.408s] Level 1:colcon.colcon_core.package_identification:_identify(ros-bridge/src) by extensions ['python_setup_py']
[0.408s] Level 1:colcon.colcon_core.package_identification:_identify(ros-bridge/src) by extension 'python_setup_py'
[0.409s] Level 1:colcon.colcon_core.package_identification:_identify(rviz_satellite) by extensions ['ignore', 'ignore_ament_install']
[0.409s] Level 1:colcon.colcon_core.package_identification:_identify(rviz_satellite) by extension 'ignore'
[0.409s] Level 1:colcon.colcon_core.package_identification:_identify(rviz_satellite) by extension 'ignore_ament_install'
[0.409s] Level 1:colcon.colcon_core.package_identification:_identify(rviz_satellite) by extensions ['colcon_pkg']
[0.409s] Level 1:colcon.colcon_core.package_identification:_identify(rviz_satellite) by extension 'colcon_pkg'
[0.409s] Level 1:colcon.colcon_core.package_identification:_identify(rviz_satellite) by extensions ['colcon_meta']
[0.409s] Level 1:colcon.colcon_core.package_identification:_identify(rviz_satellite) by extension 'colcon_meta'
[0.409s] Level 1:colcon.colcon_core.package_identification:_identify(rviz_satellite) by extensions ['ros']
[0.409s] Level 1:colcon.colcon_core.package_identification:_identify(rviz_satellite) by extension 'ros'
[0.409s] Level 1:colcon.colcon_core.package_identification:_identify(rviz_satellite) by extensions ['cmake', 'python']
[0.409s] Level 1:colcon.colcon_core.package_identification:_identify(rviz_satellite) by extension 'cmake'
[0.409s] Level 1:colcon.colcon_core.package_identification:_identify(rviz_satellite) by extension 'python'
[0.409s] Level 1:colcon.colcon_core.package_identification:_identify(rviz_satellite) by extensions ['python_setup_py']
[0.409s] Level 1:colcon.colcon_core.package_identification:_identify(rviz_satellite) by extension 'python_setup_py'
[0.409s] Level 1:colcon.colcon_core.package_discovery:discover_packages(recursive) using defaults
[0.409s] Level 1:colcon.colcon_core.package_discovery:discover_packages(ignore) discover
[0.409s] Level 1:colcon.colcon_core.package_discovery:discover_packages(ignore) using defaults
[0.409s] Level 1:colcon.colcon_core.package_discovery:discover_packages(path) discover
[0.409s] Level 1:colcon.colcon_core.package_discovery:discover_packages(path) using defaults
[0.436s] Level 1:colcon.colcon_core.package_discovery:discover_packages(prefix_path) check parameters
[0.436s] Level 1:colcon.colcon_core.package_discovery:discover_packages(prefix_path) discover
[0.439s] DEBUG:colcon.colcon_installed_package_information.package_discovery:Found 10 installed packages in /home/mds/autocar-erp/install
[0.439s] DEBUG:colcon.colcon_installed_package_information.package_discovery:Found 16 installed packages in /home/mds/ros2_ws/install
[0.440s] DEBUG:colcon.colcon_installed_package_information.package_discovery:Found 286 installed packages in /opt/ros/humble
[0.441s] Level 1:colcon.colcon_core.package_discovery:discover_packages(prefix_path) using defaults
[0.495s] Level 5:colcon.colcon_core.verb:set package 'autocar_nav' build argument 'cmake_args' from command line to 'None'
[0.495s] Level 5:colcon.colcon_core.verb:set package 'autocar_nav' build argument 'cmake_target' from command line to 'None'
[0.495s] Level 5:colcon.colcon_core.verb:set package 'autocar_nav' build argument 'cmake_target_skip_unavailable' from command line to 'False'
[0.495s] Level 5:colcon.colcon_core.verb:set package 'autocar_nav' build argument 'cmake_clean_cache' from command line to 'False'
[0.495s] Level 5:colcon.colcon_core.verb:set package 'autocar_nav' build argument 'cmake_clean_first' from command line to 'False'
[0.495s] Level 5:colcon.colcon_core.verb:set package 'autocar_nav' build argument 'cmake_force_configure' from command line to 'False'
[0.495s] Level 5:colcon.colcon_core.verb:set package 'autocar_nav' build argument 'ament_cmake_args' from command line to 'None'
[0.495s] Level 5:colcon.colcon_core.verb:set package 'autocar_nav' build argument 'catkin_cmake_args' from command line to 'None'
[0.495s] Level 5:colcon.colcon_core.verb:set package 'autocar_nav' build argument 'catkin_skip_building_tests' from command line to 'False'
[0.495s] DEBUG:colcon.colcon_core.verb:Building package 'autocar_nav' with the following arguments: {'ament_cmake_args': None, 'build_base': '/home/mds/autocar-erp/autocar-erp-main/build/autocar_nav', 'catkin_cmake_args': None, 'catkin_skip_building_tests': False, 'cmake_args': None, 'cmake_clean_cache': False, 'cmake_clean_first': False, 'cmake_force_configure': False, 'cmake_target': None, 'cmake_target_skip_unavailable': False, 'install_base': '/home/mds/autocar-erp/autocar-erp-main/install/autocar_nav', 'merge_install': False, 'path': '/home/mds/autocar-erp/autocar-erp-main/autocar_nav', 'symlink_install': True, 'test_result_base': None}
[0.495s] Level 5:colcon.colcon_core.verb:set package 'erp_control' build argument 'cmake_args' from command line to 'None'
[0.495s] Level 5:colcon.colcon_core.verb:set package 'erp_control' build argument 'cmake_target' from command line to 'None'
[0.495s] Level 5:colcon.colcon_core.verb:set package 'erp_control' build argument 'cmake_target_skip_unavailable' from command line to 'False'
[0.495s] Level 5:colcon.colcon_core.verb:set package 'erp_control' build argument 'cmake_clean_cache' from command line to 'False'
[0.495s] Level 5:colcon.colcon_core.verb:set package 'erp_control' build argument 'cmake_clean_first' from command line to 'False'
[0.495s] Level 5:colcon.colcon_core.verb:set package 'erp_control' build argument 'cmake_force_configure' from command line to 'False'
[0.495s] Level 5:colcon.colcon_core.verb:set package 'erp_control' build argument 'ament_cmake_args' from command line to 'None'
[0.495s] Level 5:colcon.colcon_core.verb:set package 'erp_control' build argument 'catkin_cmake_args' from command line to 'None'
[0.495s] Level 5:colcon.colcon_core.verb:set package 'erp_control' build argument 'catkin_skip_building_tests' from command line to 'False'
[0.495s] DEBUG:colcon.colcon_core.verb:Building package 'erp_control' with the following arguments: {'ament_cmake_args': None, 'build_base': '/home/mds/autocar-erp/autocar-erp-main/build/erp_control', 'catkin_cmake_args': None, 'catkin_skip_building_tests': False, 'cmake_args': None, 'cmake_clean_cache': False, 'cmake_clean_first': False, 'cmake_force_configure': False, 'cmake_target': None, 'cmake_target_skip_unavailable': False, 'install_base': '/home/mds/autocar-erp/autocar-erp-main/install/erp_control', 'merge_install': False, 'path': '/home/mds/autocar-erp/autocar-erp-main/erp_control', 'symlink_install': True, 'test_result_base': None}
[0.495s] Level 5:colcon.colcon_core.verb:set package 'launches' build argument 'cmake_args' from command line to 'None'
[0.495s] Level 5:colcon.colcon_core.verb:set package 'launches' build argument 'cmake_target' from command line to 'None'
[0.495s] Level 5:colcon.colcon_core.verb:set package 'launches' build argument 'cmake_target_skip_unavailable' from command line to 'False'
[0.495s] Level 5:colcon.colcon_core.verb:set package 'launches' build argument 'cmake_clean_cache' from command line to 'False'
[0.495s] Level 5:colcon.colcon_core.verb:set package 'launches' build argument 'cmake_clean_first' from command line to 'False'
[0.495s] Level 5:colcon.colcon_core.verb:set package 'launches' build argument 'cmake_force_configure' from command line to 'False'
[0.495s] Level 5:colcon.colcon_core.verb:set package 'launches' build argument 'ament_cmake_args' from command line to 'None'
[0.495s] Level 5:colcon.colcon_core.verb:set package 'launches' build argument 'catkin_cmake_args' from command line to 'None'
[0.495s] Level 5:colcon.colcon_core.verb:set package 'launches' build argument 'catkin_skip_building_tests' from command line to 'False'
[0.495s] DEBUG:colcon.colcon_core.verb:Building package 'launches' with the following arguments: {'ament_cmake_args': None, 'build_base': '/home/mds/autocar-erp/autocar-erp-main/build/launches', 'catkin_cmake_args': None, 'catkin_skip_building_tests': False, 'cmake_args': None, 'cmake_clean_cache': False, 'cmake_clean_first': False, 'cmake_force_configure': False, 'cmake_target': None, 'cmake_target_skip_unavailable': False, 'install_base': '/home/mds/autocar-erp/autocar-erp-main/install/launches', 'merge_install': False, 'path': '/home/mds/autocar-erp/autocar-erp-main/launches', 'symlink_install': True, 'test_result_base': None}
[0.496s] Level 5:colcon.colcon_core.verb:set package 'local_path_planning' build argument 'cmake_args' from command line to 'None'
[0.496s] Level 5:colcon.colcon_core.verb:set package 'local_path_planning' build argument 'cmake_target' from command line to 'None'
[0.496s] Level 5:colcon.colcon_core.verb:set package 'local_path_planning' build argument 'cmake_target_skip_unavailable' from command line to 'False'
[0.496s] Level 5:colcon.colcon_core.verb:set package 'local_path_planning' build argument 'cmake_clean_cache' from command line to 'False'
[0.496s] Level 5:colcon.colcon_core.verb:set package 'local_path_planning' build argument 'cmake_clean_first' from command line to 'False'
[0.496s] Level 5:colcon.colcon_core.verb:set package 'local_path_planning' build argument 'cmake_force_configure' from command line to 'False'
[0.496s] Level 5:colcon.colcon_core.verb:set package 'local_path_planning' build argument 'ament_cmake_args' from command line to 'None'
[0.496s] Level 5:colcon.colcon_core.verb:set package 'local_path_planning' build argument 'catkin_cmake_args' from command line to 'None'
[0.496s] Level 5:colcon.colcon_core.verb:set package 'local_path_planning' build argument 'catkin_skip_building_tests' from command line to 'False'
[0.496s] DEBUG:colcon.colcon_core.verb:Building package 'local_path_planning' with the following arguments: {'ament_cmake_args': None, 'build_base': '/home/mds/autocar-erp/autocar-erp-main/build/local_path_planning', 'catkin_cmake_args': None, 'catkin_skip_building_tests': False, 'cmake_args': None, 'cmake_clean_cache': False, 'cmake_clean_first': False, 'cmake_force_configure': False, 'cmake_target': None, 'cmake_target_skip_unavailable': False, 'install_base': '/home/mds/autocar-erp/autocar-erp-main/install/local_path_planning', 'merge_install': False, 'path': '/home/mds/autocar-erp/autocar-erp-main/local_path_planning', 'symlink_install': True, 'test_result_base': None}
[0.496s] Level 5:colcon.colcon_core.verb:set package 'localization' build argument 'cmake_args' from command line to 'None'
[0.496s] Level 5:colcon.colcon_core.verb:set package 'localization' build argument 'cmake_target' from command line to 'None'
[0.496s] Level 5:colcon.colcon_core.verb:set package 'localization' build argument 'cmake_target_skip_unavailable' from command line to 'False'
[0.496s] Level 5:colcon.colcon_core.verb:set package 'localization' build argument 'cmake_clean_cache' from command line to 'False'
[0.496s] Level 5:colcon.colcon_core.verb:set package 'localization' build argument 'cmake_clean_first' from command line to 'False'
[0.496s] Level 5:colcon.colcon_core.verb:set package 'localization' build argument 'cmake_force_configure' from command line to 'False'
[0.496s] Level 5:colcon.colcon_core.verb:set package 'localization' build argument 'ament_cmake_args' from command line to 'None'
[0.496s] Level 5:colcon.colcon_core.verb:set package 'localization' build argument 'catkin_cmake_args' from command line to 'None'
[0.496s] Level 5:colcon.colcon_core.verb:set package 'localization' build argument 'catkin_skip_building_tests' from command line to 'False'
[0.496s] DEBUG:colcon.colcon_core.verb:Building package 'localization' with the following arguments: {'ament_cmake_args': None, 'build_base': '/home/mds/autocar-erp/autocar-erp-main/build/localization', 'catkin_cmake_args': None, 'catkin_skip_building_tests': False, 'cmake_args': None, 'cmake_clean_cache': False, 'cmake_clean_first': False, 'cmake_force_configure': False, 'cmake_target': None, 'cmake_target_skip_unavailable': False, 'install_base': '/home/mds/autocar-erp/autocar-erp-main/install/localization', 'merge_install': False, 'path': '/home/mds/autocar-erp/autocar-erp-main/localization', 'symlink_install': True, 'test_result_base': None}
[0.496s] Level 5:colcon.colcon_core.verb:set package 'perception' build argument 'cmake_args' from command line to 'None'
[0.496s] Level 5:colcon.colcon_core.verb:set package 'perception' build argument 'cmake_target' from command line to 'None'
[0.496s] Level 5:colcon.colcon_core.verb:set package 'perception' build argument 'cmake_target_skip_unavailable' from command line to 'False'
[0.496s] Level 5:colcon.colcon_core.verb:set package 'perception' build argument 'cmake_clean_cache' from command line to 'False'
[0.496s] Level 5:colcon.colcon_core.verb:set package 'perception' build argument 'cmake_clean_first' from command line to 'False'
[0.496s] Level 5:colcon.colcon_core.verb:set package 'perception' build argument 'cmake_force_configure' from command line to 'False'
[0.496s] Level 5:colcon.colcon_core.verb:set package 'perception' build argument 'ament_cmake_args' from command line to 'None'
[0.496s] Level 5:colcon.colcon_core.verb:set package 'perception' build argument 'catkin_cmake_args' from command line to 'None'
[0.496s] Level 5:colcon.colcon_core.verb:set package 'perception' build argument 'catkin_skip_building_tests' from command line to 'False'
[0.496s] DEBUG:colcon.colcon_core.verb:Building package 'perception' with the following arguments: {'ament_cmake_args': None, 'build_base': '/home/mds/autocar-erp/autocar-erp-main/build/perception', 'catkin_cmake_args': None, 'catkin_skip_building_tests': False, 'cmake_args': None, 'cmake_clean_cache': False, 'cmake_clean_first': False, 'cmake_force_configure': False, 'cmake_target': None, 'cmake_target_skip_unavailable': False, 'install_base': '/home/mds/autocar-erp/autocar-erp-main/install/perception', 'merge_install': False, 'path': '/home/mds/autocar-erp/autocar-erp-main/perception', 'symlink_install': True, 'test_result_base': None}
[0.496s] INFO:colcon.colcon_core.executor:Executing jobs using 'parallel' executor
[0.497s] DEBUG:colcon.colcon_parallel_executor.executor.parallel:run_until_complete
[0.497s] INFO:colcon.colcon_ros.task.ament_cmake.build:Building ROS package in '/home/mds/autocar-erp/autocar-erp-main/autocar_nav' with build type 'ament_cmake'
[0.498s] INFO:colcon.colcon_cmake.task.cmake.build:Building CMake package in '/home/mds/autocar-erp/autocar-erp-main/autocar_nav'
[0.501s] INFO:colcon.colcon_core.plugin_system:Skipping extension 'colcon_core.shell.bat': Not used on non-Windows systems
[0.501s] INFO:colcon.colcon_core.shell:Skip shell extension 'powershell' for command environment: Not usable outside of PowerShell
[0.501s] DEBUG:colcon.colcon_core.shell:Skip shell extension 'dsv' for command environment
[0.504s] INFO:colcon.colcon_ros.task.ament_python.build:Building ROS package in '/home/mds/autocar-erp/autocar-erp-main/erp_control' with build type 'ament_python'
[0.504s] Level 1:colcon.colcon_core.shell:create_environment_hook('erp_control', 'ament_prefix_path')
[0.504s] INFO:colcon.colcon_core.shell:Creating environment hook '/home/mds/autocar-erp/autocar-erp-main/install/erp_control/share/erp_control/hook/ament_prefix_path.ps1'
[0.505s] INFO:colcon.colcon_core.shell:Creating environment descriptor '/home/mds/autocar-erp/autocar-erp-main/install/erp_control/share/erp_control/hook/ament_prefix_path.dsv'
[0.505s] INFO:colcon.colcon_core.shell:Creating environment hook '/home/mds/autocar-erp/autocar-erp-main/install/erp_control/share/erp_control/hook/ament_prefix_path.sh'
[0.506s] INFO:colcon.colcon_core.shell:Skip shell extension 'powershell' for command environment: Not usable outside of PowerShell
[0.506s] DEBUG:colcon.colcon_core.shell:Skip shell extension 'dsv' for command environment
[0.508s] INFO:colcon.colcon_ros.task.ament_cmake.build:Building ROS package in '/home/mds/autocar-erp/autocar-erp-main/launches' with build type 'ament_cmake'
[0.508s] INFO:colcon.colcon_cmake.task.cmake.build:Building CMake package in '/home/mds/autocar-erp/autocar-erp-main/launches'
[0.508s] INFO:colcon.colcon_core.shell:Skip shell extension 'powershell' for command environment: Not usable outside of PowerShell
[0.508s] DEBUG:colcon.colcon_core.shell:Skip shell extension 'dsv' for command environment
[0.511s] INFO:colcon.colcon_ros.task.ament_python.build:Building ROS package in '/home/mds/autocar-erp/autocar-erp-main/local_path_planning' with build type 'ament_python'
[0.511s] Level 1:colcon.colcon_core.shell:create_environment_hook('local_path_planning', 'ament_prefix_path')
[0.511s] INFO:colcon.colcon_core.shell:Creating environment hook '/home/mds/autocar-erp/autocar-erp-main/install/local_path_planning/share/local_path_planning/hook/ament_prefix_path.ps1'
[0.511s] INFO:colcon.colcon_core.shell:Creating environment descriptor '/home/mds/autocar-erp/autocar-erp-main/install/local_path_planning/share/local_path_planning/hook/ament_prefix_path.dsv'
[0.512s] INFO:colcon.colcon_core.shell:Creating environment hook '/home/mds/autocar-erp/autocar-erp-main/install/local_path_planning/share/local_path_planning/hook/ament_prefix_path.sh'
[0.512s] INFO:colcon.colcon_core.shell:Skip shell extension 'powershell' for command environment: Not usable outside of PowerShell
[0.512s] DEBUG:colcon.colcon_core.shell:Skip shell extension 'dsv' for command environment
[0.514s] INFO:colcon.colcon_ros.task.ament_python.build:Building ROS package in '/home/mds/autocar-erp/autocar-erp-main/localization' with build type 'ament_python'
[0.514s] Level 1:colcon.colcon_core.shell:create_environment_hook('localization', 'ament_prefix_path')
[0.515s] INFO:colcon.colcon_core.shell:Creating environment hook '/home/mds/autocar-erp/autocar-erp-main/install/localization/share/localization/hook/ament_prefix_path.ps1'
[0.515s] INFO:colcon.colcon_core.shell:Creating environment descriptor '/home/mds/autocar-erp/autocar-erp-main/install/localization/share/localization/hook/ament_prefix_path.dsv'
[0.515s] INFO:colcon.colcon_core.shell:Creating environment hook '/home/mds/autocar-erp/autocar-erp-main/install/localization/share/localization/hook/ament_prefix_path.sh'
[0.516s] INFO:colcon.colcon_core.shell:Skip shell extension 'powershell' for command environment: Not usable outside of PowerShell
[0.516s] DEBUG:colcon.colcon_core.shell:Skip shell extension 'dsv' for command environment
[0.518s] INFO:colcon.colcon_ros.task.ament_python.build:Building ROS package in '/home/mds/autocar-erp/autocar-erp-main/perception' with build type 'ament_python'
[0.518s] Level 1:colcon.colcon_core.shell:create_environment_hook('perception', 'ament_prefix_path')
[0.519s] INFO:colcon.colcon_core.shell:Creating environment hook '/home/mds/autocar-erp/autocar-erp-main/install/perception/share/perception/hook/ament_prefix_path.ps1'
[0.519s] INFO:colcon.colcon_core.shell:Creating environment descriptor '/home/mds/autocar-erp/autocar-erp-main/install/perception/share/perception/hook/ament_prefix_path.dsv'
[0.519s] INFO:colcon.colcon_core.shell:Creating environment hook '/home/mds/autocar-erp/autocar-erp-main/install/perception/share/perception/hook/ament_prefix_path.sh'
[0.519s] INFO:colcon.colcon_core.shell:Skip shell extension 'powershell' for command environment: Not usable outside of PowerShell
[0.519s] DEBUG:colcon.colcon_core.shell:Skip shell extension 'dsv' for command environment
[0.525s] DEBUG:colcon.colcon_core.event_handler.log_command:Invoking command in '/home/mds/autocar-erp/autocar-erp-main/build/autocar_nav': CMAKE_PREFIX_PATH=${CMAKE_PREFIX_PATH}:/home/mds/ros2_ws/install/ntrip_client:/home/mds/autocar-erp/install/perception:/home/mds/autocar-erp/install/localization:/home/mds/autocar-erp/install/local_path_planning:/home/mds/autocar-erp/install/erp_control:/opt/ros/humble /usr/bin/cmake /home/mds/autocar-erp/autocar-erp-main/autocar_nav -DAMENT_CMAKE_SYMLINK_INSTALL=1 -DCMAKE_INSTALL_PREFIX=/home/mds/autocar-erp/autocar-erp-main/install/autocar_nav
[0.679s] INFO:colcon.colcon_core.task.python.build:Building Python package in '/home/mds/autocar-erp/autocar-erp-main/erp_control'
[0.679s] INFO:colcon.colcon_core.shell:Skip shell extension 'powershell' for command environment: Not usable outside of PowerShell
[0.680s] DEBUG:colcon.colcon_core.shell:Skip shell extension 'dsv' for command environment
[0.684s] DEBUG:colcon.colcon_core.event_handler.log_command:Invoking command in '/home/mds/autocar-erp/autocar-erp-main/build/launches': CMAKE_PREFIX_PATH=${CMAKE_PREFIX_PATH}:/home/mds/ros2_ws/install/ntrip_client:/home/mds/autocar-erp/install/perception:/home/mds/autocar-erp/install/localization:/home/mds/autocar-erp/install/local_path_planning:/home/mds/autocar-erp/install/erp_control:/opt/ros/humble /usr/bin/cmake /home/mds/autocar-erp/autocar-erp-main/launches -DAMENT_CMAKE_SYMLINK_INSTALL=1 -DCMAKE_INSTALL_PREFIX=/home/mds/autocar-erp/autocar-erp-main/install/launches
[0.842s] INFO:colcon.colcon_core.task.python.build:Building Python package in '/home/mds/autocar-erp/autocar-erp-main/local_path_planning'
[0.842s] INFO:colcon.colcon_core.shell:Skip shell extension 'powershell' for command environment: Not usable outside of PowerShell
[0.842s] DEBUG:colcon.colcon_core.shell:Skip shell extension 'dsv' for command environment
[0.993s] INFO:colcon.colcon_core.task.python.build:Building Python package in '/home/mds/autocar-erp/autocar-erp-main/localization'
[0.993s] INFO:colcon.colcon_core.shell:Skip shell extension 'powershell' for command environment: Not usable outside of PowerShell
[0.993s] DEBUG:colcon.colcon_core.shell:Skip shell extension 'dsv' for command environment
[1.146s] INFO:colcon.colcon_core.task.python.build:Building Python package in '/home/mds/autocar-erp/autocar-erp-main/perception'
[1.147s] INFO:colcon.colcon_core.shell:Skip shell extension 'powershell' for command environment: Not usable outside of PowerShell
[1.147s] DEBUG:colcon.colcon_core.shell:Skip shell extension 'dsv' for command environment
[1.240s] DEBUG:colcon.colcon_core.event_handler.log_command:Invoked command in '/home/mds/autocar-erp/autocar-erp-main/build/launches' returned '0': CMAKE_PREFIX_PATH=${CMAKE_PREFIX_PATH}:/home/mds/ros2_ws/install/ntrip_client:/home/mds/autocar-erp/install/perception:/home/mds/autocar-erp/install/localization:/home/mds/autocar-erp/install/local_path_planning:/home/mds/autocar-erp/install/erp_control:/opt/ros/humble /usr/bin/cmake /home/mds/autocar-erp/autocar-erp-main/launches -DAMENT_CMAKE_SYMLINK_INSTALL=1 -DCMAKE_INSTALL_PREFIX=/home/mds/autocar-erp/autocar-erp-main/install/launches
[1.241s] DEBUG:colcon.colcon_core.event_handler.log_command:Invoking command in '/home/mds/autocar-erp/autocar-erp-main/build/launches': CMAKE_PREFIX_PATH=${CMAKE_PREFIX_PATH}:/home/mds/ros2_ws/install/ntrip_client:/home/mds/autocar-erp/install/perception:/home/mds/autocar-erp/install/localization:/home/mds/autocar-erp/install/local_path_planning:/home/mds/autocar-erp/install/erp_control:/opt/ros/humble /usr/bin/cmake --build /home/mds/autocar-erp/autocar-erp-main/build/launches -- -j16 -l16
[1.267s] DEBUG:colcon.colcon_core.event_handler.log_command:Invoked command in '/home/mds/autocar-erp/autocar-erp-main/build/launches' returned '0': CMAKE_PREFIX_PATH=${CMAKE_PREFIX_PATH}:/home/mds/ros2_ws/install/ntrip_client:/home/mds/autocar-erp/install/perception:/home/mds/autocar-erp/install/localization:/home/mds/autocar-erp/install/local_path_planning:/home/mds/autocar-erp/install/erp_control:/opt/ros/humble /usr/bin/cmake --build /home/mds/autocar-erp/autocar-erp-main/build/launches -- -j16 -l16
[1.276s] DEBUG:colcon.colcon_core.event_handler.log_command:Invoking command in '/home/mds/autocar-erp/autocar-erp-main/build/launches': CMAKE_PREFIX_PATH=${CMAKE_PREFIX_PATH}:/home/mds/ros2_ws/install/ntrip_client:/home/mds/autocar-erp/install/perception:/home/mds/autocar-erp/install/localization:/home/mds/autocar-erp/install/local_path_planning:/home/mds/autocar-erp/install/erp_control:/opt/ros/humble /usr/bin/cmake --install /home/mds/autocar-erp/autocar-erp-main/build/launches
[1.385s] DEBUG:colcon.colcon_core.event_handler.log_command:Invoking command in '/home/mds/autocar-erp/autocar-erp-main/build/localization': PYTHONPATH=/home/mds/autocar-erp/autocar-erp-main/build/localization/prefix_override:/usr/lib/python3/dist-packages/colcon_core/task/python/colcon_distutils_commands:/home/mds/autocar-erp/autocar-erp-main/install/localization/lib/python3.10/site-packages:${PYTHONPATH} /usr/bin/python3 -W ignore:setup.py install is deprecated -W ignore:easy_install command is deprecated setup.py develop --editable --build-directory /home/mds/autocar-erp/autocar-erp-main/build/localization/build --no-deps symlink_data
[1.386s] DEBUG:colcon.colcon_core.event_handler.log_command:Invoking command in '/home/mds/autocar-erp/autocar-erp-main/build/local_path_planning': PYTHONPATH=/home/mds/autocar-erp/autocar-erp-main/build/local_path_planning/prefix_override:/usr/lib/python3/dist-packages/colcon_core/task/python/colcon_distutils_commands:/home/mds/autocar-erp/autocar-erp-main/install/local_path_planning/lib/python3.10/site-packages:${PYTHONPATH} /usr/bin/python3 -W ignore:setup.py install is deprecated -W ignore:easy_install command is deprecated setup.py develop --editable --build-directory /home/mds/autocar-erp/autocar-erp-main/build/local_path_planning/build --no-deps symlink_data
[1.387s] DEBUG:colcon.colcon_core.event_handler.log_command:Invoking command in '/home/mds/autocar-erp/autocar-erp-main/build/perception': PYTHONPATH=/home/mds/autocar-erp/autocar-erp-main/build/perception/prefix_override:/usr/lib/python3/dist-packages/colcon_core/task/python/colcon_distutils_commands:/home/mds/autocar-erp/autocar-erp-main/install/perception/lib/python3.10/site-packages:${PYTHONPATH} /usr/bin/python3 -W ignore:setup.py install is deprecated -W ignore:easy_install command is deprecated setup.py develop --editable --build-directory /home/mds/autocar-erp/autocar-erp-main/build/perception/build --no-deps symlink_data
[1.389s] DEBUG:colcon.colcon_core.event_handler.log_command:Invoking command in '/home/mds/autocar-erp/autocar-erp-main/build/erp_control': PYTHONPATH=/home/mds/autocar-erp/autocar-erp-main/build/erp_control/prefix_override:/usr/lib/python3/dist-packages/colcon_core/task/python/colcon_distutils_commands:/home/mds/autocar-erp/autocar-erp-main/install/erp_control/lib/python3.10/site-packages:${PYTHONPATH} /usr/bin/python3 -W ignore:setup.py install is deprecated -W ignore:easy_install command is deprecated setup.py develop --editable --build-directory /home/mds/autocar-erp/autocar-erp-main/build/erp_control/build --no-deps symlink_data
[1.397s] Level 1:colcon.colcon_core.environment:create_environment_scripts_only(launches)
[1.398s] DEBUG:colcon.colcon_core.event_handler.log_command:Invoked command in '/home/mds/autocar-erp/autocar-erp-main/build/launches' returned '0': CMAKE_PREFIX_PATH=${CMAKE_PREFIX_PATH}:/home/mds/ros2_ws/install/ntrip_client:/home/mds/autocar-erp/install/perception:/home/mds/autocar-erp/install/localization:/home/mds/autocar-erp/install/local_path_planning:/home/mds/autocar-erp/install/erp_control:/opt/ros/humble /usr/bin/cmake --install /home/mds/autocar-erp/autocar-erp-main/build/launches
[1.402s] Level 1:colcon.colcon_core.environment:checking '/home/mds/autocar-erp/autocar-erp-main/install/launches' for CMake module files
[1.402s] Level 1:colcon.colcon_core.environment:checking '/home/mds/autocar-erp/autocar-erp-main/install/launches' for CMake config files
[1.403s] Level 1:colcon.colcon_core.shell:create_environment_hook('launches', 'cmake_prefix_path')
[1.403s] INFO:colcon.colcon_core.shell:Creating environment hook '/home/mds/autocar-erp/autocar-erp-main/install/launches/share/launches/hook/cmake_prefix_path.ps1'
[1.403s] INFO:colcon.colcon_core.shell:Creating environment descriptor '/home/mds/autocar-erp/autocar-erp-main/install/launches/share/launches/hook/cmake_prefix_path.dsv'
[1.403s] INFO:colcon.colcon_core.shell:Creating environment hook '/home/mds/autocar-erp/autocar-erp-main/install/launches/share/launches/hook/cmake_prefix_path.sh'
[1.403s] Level 1:colcon.colcon_core.environment:checking '/home/mds/autocar-erp/autocar-erp-main/install/launches/bin'
[1.404s] Level 1:colcon.colcon_core.environment:checking '/home/mds/autocar-erp/autocar-erp-main/install/launches/lib/pkgconfig/launches.pc'
[1.404s] Level 1:colcon.colcon_core.environment:checking '/home/mds/autocar-erp/autocar-erp-main/install/launches/lib/python3.10/site-packages'
[1.404s] Level 1:colcon.colcon_core.environment:checking '/home/mds/autocar-erp/autocar-erp-main/install/launches/bin'
[1.404s] INFO:colcon.colcon_core.shell:Creating package script '/home/mds/autocar-erp/autocar-erp-main/install/launches/share/launches/package.ps1'
[1.405s] INFO:colcon.colcon_core.shell:Creating package descriptor '/home/mds/autocar-erp/autocar-erp-main/install/launches/share/launches/package.dsv'
[1.405s] INFO:colcon.colcon_core.shell:Creating package script '/home/mds/autocar-erp/autocar-erp-main/install/launches/share/launches/package.sh'
[1.406s] INFO:colcon.colcon_core.shell:Creating package script '/home/mds/autocar-erp/autocar-erp-main/install/launches/share/launches/package.bash'
[1.407s] INFO:colcon.colcon_core.shell:Creating package script '/home/mds/autocar-erp/autocar-erp-main/install/launches/share/launches/package.zsh'
[1.408s] Level 1:colcon.colcon_core.environment:create_file_with_runtime_dependencies(/home/mds/autocar-erp/autocar-erp-main/install/launches/share/colcon-core/packages/launches)
[1.408s] Level 1:colcon.colcon_core.environment:create_environment_scripts_only(launches)
[1.408s] Level 1:colcon.colcon_core.environment:checking '/home/mds/autocar-erp/autocar-erp-main/install/launches' for CMake module files
[1.409s] Level 1:colcon.colcon_core.environment:checking '/home/mds/autocar-erp/autocar-erp-main/install/launches' for CMake config files
[1.409s] Level 1:colcon.colcon_core.shell:create_environment_hook('launches', 'cmake_prefix_path')
[1.409s] INFO:colcon.colcon_core.shell:Creating environment hook '/home/mds/autocar-erp/autocar-erp-main/install/launches/share/launches/hook/cmake_prefix_path.ps1'
[1.409s] INFO:colcon.colcon_core.shell:Creating environment descriptor '/home/mds/autocar-erp/autocar-erp-main/install/launches/share/launches/hook/cmake_prefix_path.dsv'
[1.409s] INFO:colcon.colcon_core.shell:Creating environment hook '/home/mds/autocar-erp/autocar-erp-main/install/launches/share/launches/hook/cmake_prefix_path.sh'
[1.410s] Level 1:colcon.colcon_core.environment:checking '/home/mds/autocar-erp/autocar-erp-main/install/launches/bin'
[1.410s] Level 1:colcon.colcon_core.environment:checking '/home/mds/autocar-erp/autocar-erp-main/install/launches/lib/pkgconfig/launches.pc'
[1.410s] Level 1:colcon.colcon_core.environment:checking '/home/mds/autocar-erp/autocar-erp-main/install/launches/lib/python3.10/site-packages'
[1.410s] Level 1:colcon.colcon_core.environment:checking '/home/mds/autocar-erp/autocar-erp-main/install/launches/bin'
[1.410s] INFO:colcon.colcon_core.shell:Creating package script '/home/mds/autocar-erp/autocar-erp-main/install/launches/share/launches/package.ps1'
[1.410s] INFO:colcon.colcon_core.shell:Creating package descriptor '/home/mds/autocar-erp/autocar-erp-main/install/launches/share/launches/package.dsv'
[1.411s] INFO:colcon.colcon_core.shell:Creating package script '/home/mds/autocar-erp/autocar-erp-main/install/launches/share/launches/package.sh'
[1.411s] INFO:colcon.colcon_core.shell:Creating package script '/home/mds/autocar-erp/autocar-erp-main/install/launches/share/launches/package.bash'
[1.411s] INFO:colcon.colcon_core.shell:Creating package script '/home/mds/autocar-erp/autocar-erp-main/install/launches/share/launches/package.zsh'
[1.411s] Level 1:colcon.colcon_core.environment:create_file_with_runtime_dependencies(/home/mds/autocar-erp/autocar-erp-main/install/launches/share/colcon-core/packages/launches)
[1.652s] Level 1:colcon.colcon_core.shell:create_environment_hook('localization', 'pythonpath_develop')
[1.653s] INFO:colcon.colcon_core.shell:Creating environment hook '/home/mds/autocar-erp/autocar-erp-main/build/localization/share/localization/hook/pythonpath_develop.ps1'
[1.653s] DEBUG:colcon.colcon_core.event_handler.log_command:Invoked command in '/home/mds/autocar-erp/autocar-erp-main/build/localization' returned '0': PYTHONPATH=/home/mds/autocar-erp/autocar-erp-main/build/localization/prefix_override:/usr/lib/python3/dist-packages/colcon_core/task/python/colcon_distutils_commands:/home/mds/autocar-erp/autocar-erp-main/install/localization/lib/python3.10/site-packages:${PYTHONPATH} /usr/bin/python3 -W ignore:setup.py install is deprecated -W ignore:easy_install command is deprecated setup.py develop --editable --build-directory /home/mds/autocar-erp/autocar-erp-main/build/localization/build --no-deps symlink_data
[1.653s] INFO:colcon.colcon_core.shell:Creating environment descriptor '/home/mds/autocar-erp/autocar-erp-main/build/localization/share/localization/hook/pythonpath_develop.dsv'
[1.654s] INFO:colcon.colcon_core.shell:Creating environment hook '/home/mds/autocar-erp/autocar-erp-main/build/localization/share/localization/hook/pythonpath_develop.sh'
[1.654s] Level 1:colcon.colcon_core.environment:checking '/home/mds/autocar-erp/autocar-erp-main/install/localization' for CMake module files
[1.654s] Level 1:colcon.colcon_core.environment:checking '/home/mds/autocar-erp/autocar-erp-main/install/localization' for CMake config files
[1.654s] Level 1:colcon.colcon_core.environment:checking '/home/mds/autocar-erp/autocar-erp-main/install/localization/lib'
[1.655s] Level 1:colcon.colcon_core.environment:checking '/home/mds/autocar-erp/autocar-erp-main/install/localization/bin'
[1.655s] Level 1:colcon.colcon_core.environment:checking '/home/mds/autocar-erp/autocar-erp-main/install/localization/lib/pkgconfig/localization.pc'
[1.655s] Level 1:colcon.colcon_core.environment:checking '/home/mds/autocar-erp/autocar-erp-main/install/localization/lib/python3.10/site-packages'
[1.655s] Level 1:colcon.colcon_core.shell:create_environment_hook('localization', 'pythonpath')
[1.655s] INFO:colcon.colcon_core.shell:Creating environment hook '/home/mds/autocar-erp/autocar-erp-main/install/localization/share/localization/hook/pythonpath.ps1'
[1.655s] INFO:colcon.colcon_core.shell:Creating environment descriptor '/home/mds/autocar-erp/autocar-erp-main/install/localization/share/localization/hook/pythonpath.dsv'
[1.655s] INFO:colcon.colcon_core.shell:Creating environment hook '/home/mds/autocar-erp/autocar-erp-main/install/localization/share/localization/hook/pythonpath.sh'
[1.656s] Level 1:colcon.colcon_core.environment:checking '/home/mds/autocar-erp/autocar-erp-main/install/localization/bin'
[1.656s] Level 1:colcon.colcon_core.environment:create_environment_scripts_only(localization)
[1.656s] INFO:colcon.colcon_core.shell:Creating package script '/home/mds/autocar-erp/autocar-erp-main/install/localization/share/localization/package.ps1'
[1.656s] INFO:colcon.colcon_core.shell:Creating package descriptor '/home/mds/autocar-erp/autocar-erp-main/install/localization/share/localization/package.dsv'
[1.656s] INFO:colcon.colcon_core.shell:Creating package script '/home/mds/autocar-erp/autocar-erp-main/install/localization/share/localization/package.sh'
[1.656s] INFO:colcon.colcon_core.shell:Creating package script '/home/mds/autocar-erp/autocar-erp-main/install/localization/share/localization/package.bash'
[1.657s] INFO:colcon.colcon_core.shell:Creating package script '/home/mds/autocar-erp/autocar-erp-main/install/localization/share/localization/package.zsh'
[1.657s] Level 1:colcon.colcon_core.environment:create_file_with_runtime_dependencies(/home/mds/autocar-erp/autocar-erp-main/install/localization/share/colcon-core/packages/localization)
[1.658s] Level 1:colcon.colcon_core.shell:create_environment_hook('erp_control', 'pythonpath_develop')
[1.658s] INFO:colcon.colcon_core.shell:Creating environment hook '/home/mds/autocar-erp/autocar-erp-main/build/erp_control/share/erp_control/hook/pythonpath_develop.ps1'
[1.658s] DEBUG:colcon.colcon_core.event_handler.log_command:Invoked command in '/home/mds/autocar-erp/autocar-erp-main/build/erp_control' returned '0': PYTHONPATH=/home/mds/autocar-erp/autocar-erp-main/build/erp_control/prefix_override:/usr/lib/python3/dist-packages/colcon_core/task/python/colcon_distutils_commands:/home/mds/autocar-erp/autocar-erp-main/install/erp_control/lib/python3.10/site-packages:${PYTHONPATH} /usr/bin/python3 -W ignore:setup.py install is deprecated -W ignore:easy_install command is deprecated setup.py develop --editable --build-directory /home/mds/autocar-erp/autocar-erp-main/build/erp_control/build --no-deps symlink_data
[1.658s] INFO:colcon.colcon_core.shell:Creating environment descriptor '/home/mds/autocar-erp/autocar-erp-main/build/erp_control/share/erp_control/hook/pythonpath_develop.dsv'
[1.658s] INFO:colcon.colcon_core.shell:Creating environment hook '/home/mds/autocar-erp/autocar-erp-main/build/erp_control/share/erp_control/hook/pythonpath_develop.sh'
[1.659s] Level 1:colcon.colcon_core.environment:checking '/home/mds/autocar-erp/autocar-erp-main/install/erp_control' for CMake module files
[1.659s] Level 1:colcon.colcon_core.environment:checking '/home/mds/autocar-erp/autocar-erp-main/install/erp_control' for CMake config files
[1.659s] Level 1:colcon.colcon_core.environment:checking '/home/mds/autocar-erp/autocar-erp-main/install/erp_control/lib'
[1.659s] Level 1:colcon.colcon_core.environment:checking '/home/mds/autocar-erp/autocar-erp-main/install/erp_control/bin'
[1.659s] Level 1:colcon.colcon_core.environment:checking '/home/mds/autocar-erp/autocar-erp-main/install/erp_control/lib/pkgconfig/erp_control.pc'
[1.659s] Level 1:colcon.colcon_core.environment:checking '/home/mds/autocar-erp/autocar-erp-main/install/erp_control/lib/python3.10/site-packages'
[1.659s] Level 1:colcon.colcon_core.shell:create_environment_hook('erp_control', 'pythonpath')
[1.659s] INFO:colcon.colcon_core.shell:Creating environment hook '/home/mds/autocar-erp/autocar-erp-main/install/erp_control/share/erp_control/hook/pythonpath.ps1'
[1.660s] INFO:colcon.colcon_core.shell:Creating environment descriptor '/home/mds/autocar-erp/autocar-erp-main/install/erp_control/share/erp_control/hook/pythonpath.dsv'
[1.660s] INFO:colcon.colcon_core.shell:Creating environment hook '/home/mds/autocar-erp/autocar-erp-main/install/erp_control/share/erp_control/hook/pythonpath.sh'
[1.660s] Level 1:colcon.colcon_core.environment:checking '/home/mds/autocar-erp/autocar-erp-main/install/erp_control/bin'
[1.660s] Level 1:colcon.colcon_core.environment:create_environment_scripts_only(erp_control)
[1.660s] INFO:colcon.colcon_core.shell:Creating package script '/home/mds/autocar-erp/autocar-erp-main/install/erp_control/share/erp_control/package.ps1'
[1.661s] INFO:colcon.colcon_core.shell:Creating package descriptor '/home/mds/autocar-erp/autocar-erp-main/install/erp_control/share/erp_control/package.dsv'
[1.661s] INFO:colcon.colcon_core.shell:Creating package script '/home/mds/autocar-erp/autocar-erp-main/install/erp_control/share/erp_control/package.sh'
[1.661s] INFO:colcon.colcon_core.shell:Creating package script '/home/mds/autocar-erp/autocar-erp-main/install/erp_control/share/erp_control/package.bash'
[1.661s] INFO:colcon.colcon_core.shell:Creating package script '/home/mds/autocar-erp/autocar-erp-main/install/erp_control/share/erp_control/package.zsh'
[1.661s] Level 1:colcon.colcon_core.environment:create_file_with_runtime_dependencies(/home/mds/autocar-erp/autocar-erp-main/install/erp_control/share/colcon-core/packages/erp_control)
[1.661s] Level 1:colcon.colcon_core.shell:create_environment_hook('perception', 'pythonpath_develop')
[1.662s] INFO:colcon.colcon_core.shell:Creating environment hook '/home/mds/autocar-erp/autocar-erp-main/build/perception/share/perception/hook/pythonpath_develop.ps1'
[1.662s] DEBUG:colcon.colcon_core.event_handler.log_command:Invoked command in '/home/mds/autocar-erp/autocar-erp-main/build/perception' returned '0': PYTHONPATH=/home/mds/autocar-erp/autocar-erp-main/build/perception/prefix_override:/usr/lib/python3/dist-packages/colcon_core/task/python/colcon_distutils_commands:/home/mds/autocar-erp/autocar-erp-main/install/perception/lib/python3.10/site-packages:${PYTHONPATH} /usr/bin/python3 -W ignore:setup.py install is deprecated -W ignore:easy_install command is deprecated setup.py develop --editable --build-directory /home/mds/autocar-erp/autocar-erp-main/build/perception/build --no-deps symlink_data
[1.662s] INFO:colcon.colcon_core.shell:Creating environment descriptor '/home/mds/autocar-erp/autocar-erp-main/build/perception/share/perception/hook/pythonpath_develop.dsv'
[1.662s] INFO:colcon.colcon_core.shell:Creating environment hook '/home/mds/autocar-erp/autocar-erp-main/build/perception/share/perception/hook/pythonpath_develop.sh'
[1.663s] Level 1:colcon.colcon_core.environment:checking '/home/mds/autocar-erp/autocar-erp-main/install/perception' for CMake module files
[1.663s] Level 1:colcon.colcon_core.environment:checking '/home/mds/autocar-erp/autocar-erp-main/install/perception' for CMake config files
[1.663s] Level 1:colcon.colcon_core.environment:checking '/home/mds/autocar-erp/autocar-erp-main/install/perception/lib'
[1.663s] Level 1:colcon.colcon_core.environment:checking '/home/mds/autocar-erp/autocar-erp-main/install/perception/bin'
[1.663s] Level 1:colcon.colcon_core.environment:checking '/home/mds/autocar-erp/autocar-erp-main/install/perception/lib/pkgconfig/perception.pc'
[1.663s] Level 1:colcon.colcon_core.environment:checking '/home/mds/autocar-erp/autocar-erp-main/install/perception/lib/python3.10/site-packages'
[1.663s] Level 1:colcon.colcon_core.shell:create_environment_hook('perception', 'pythonpath')
[1.663s] INFO:colcon.colcon_core.shell:Creating environment hook '/home/mds/autocar-erp/autocar-erp-main/install/perception/share/perception/hook/pythonpath.ps1'
[1.664s] INFO:colcon.colcon_core.shell:Creating environment descriptor '/home/mds/autocar-erp/autocar-erp-main/install/perception/share/perception/hook/pythonpath.dsv'
[1.664s] INFO:colcon.colcon_core.shell:Creating environment hook '/home/mds/autocar-erp/autocar-erp-main/install/perception/share/perception/hook/pythonpath.sh'
[1.664s] Level 1:colcon.colcon_core.environment:checking '/home/mds/autocar-erp/autocar-erp-main/install/perception/bin'
[1.664s] Level 1:colcon.colcon_core.environment:create_environment_scripts_only(perception)
[1.664s] INFO:colcon.colcon_core.shell:Creating package script '/home/mds/autocar-erp/autocar-erp-main/install/perception/share/perception/package.ps1'
[1.664s] INFO:colcon.colcon_core.shell:Creating package descriptor '/home/mds/autocar-erp/autocar-erp-main/install/perception/share/perception/package.dsv'
[1.665s] INFO:colcon.colcon_core.shell:Creating package script '/home/mds/autocar-erp/autocar-erp-main/install/perception/share/perception/package.sh'
[1.665s] INFO:colcon.colcon_core.shell:Creating package script '/home/mds/autocar-erp/autocar-erp-main/install/perception/share/perception/package.bash'
[1.665s] INFO:colcon.colcon_core.shell:Creating package script '/home/mds/autocar-erp/autocar-erp-main/install/perception/share/perception/package.zsh'
[1.665s] Level 1:colcon.colcon_core.environment:create_file_with_runtime_dependencies(/home/mds/autocar-erp/autocar-erp-main/install/perception/share/colcon-core/packages/perception)
[1.666s] Level 1:colcon.colcon_core.shell:create_environment_hook('local_path_planning', 'pythonpath_develop')
[1.666s] INFO:colcon.colcon_core.shell:Creating environment hook '/home/mds/autocar-erp/autocar-erp-main/build/local_path_planning/share/local_path_planning/hook/pythonpath_develop.ps1'
[1.666s] DEBUG:colcon.colcon_core.event_handler.log_command:Invoked command in '/home/mds/autocar-erp/autocar-erp-main/build/local_path_planning' returned '0': PYTHONPATH=/home/mds/autocar-erp/autocar-erp-main/build/local_path_planning/prefix_override:/usr/lib/python3/dist-packages/colcon_core/task/python/colcon_distutils_commands:/home/mds/autocar-erp/autocar-erp-main/install/local_path_planning/lib/python3.10/site-packages:${PYTHONPATH} /usr/bin/python3 -W ignore:setup.py install is deprecated -W ignore:easy_install command is deprecated setup.py develop --editable --build-directory /home/mds/autocar-erp/autocar-erp-main/build/local_path_planning/build --no-deps symlink_data
[1.666s] INFO:colcon.colcon_core.shell:Creating environment descriptor '/home/mds/autocar-erp/autocar-erp-main/build/local_path_planning/share/local_path_planning/hook/pythonpath_develop.dsv'
[1.666s] INFO:colcon.colcon_core.shell:Creating environment hook '/home/mds/autocar-erp/autocar-erp-main/build/local_path_planning/share/local_path_planning/hook/pythonpath_develop.sh'
[1.667s] Level 1:colcon.colcon_core.environment:checking '/home/mds/autocar-erp/autocar-erp-main/install/local_path_planning' for CMake module files
[1.667s] Level 1:colcon.colcon_core.environment:checking '/home/mds/autocar-erp/autocar-erp-main/install/local_path_planning' for CMake config files
[1.667s] Level 1:colcon.colcon_core.environment:checking '/home/mds/autocar-erp/autocar-erp-main/install/local_path_planning/lib'
[1.667s] Level 1:colcon.colcon_core.environment:checking '/home/mds/autocar-erp/autocar-erp-main/install/local_path_planning/bin'
[1.667s] Level 1:colcon.colcon_core.environment:checking '/home/mds/autocar-erp/autocar-erp-main/install/local_path_planning/lib/pkgconfig/local_path_planning.pc'
[1.667s] Level 1:colcon.colcon_core.environment:checking '/home/mds/autocar-erp/autocar-erp-main/install/local_path_planning/lib/python3.10/site-packages'
[1.667s] Level 1:colcon.colcon_core.shell:create_environment_hook('local_path_planning', 'pythonpath')
[1.667s] INFO:colcon.colcon_core.shell:Creating environment hook '/home/mds/autocar-erp/autocar-erp-main/install/local_path_planning/share/local_path_planning/hook/pythonpath.ps1'
[1.668s] INFO:colcon.colcon_core.shell:Creating environment descriptor '/home/mds/autocar-erp/autocar-erp-main/install/local_path_planning/share/local_path_planning/hook/pythonpath.dsv'
[1.668s] INFO:colcon.colcon_core.shell:Creating environment hook '/home/mds/autocar-erp/autocar-erp-main/install/local_path_planning/share/local_path_planning/hook/pythonpath.sh'
[1.668s] Level 1:colcon.colcon_core.environment:checking '/home/mds/autocar-erp/autocar-erp-main/install/local_path_planning/bin'
[1.668s] Level 1:colcon.colcon_core.environment:create_environment_scripts_only(local_path_planning)
[1.668s] INFO:colcon.colcon_core.shell:Creating package script '/home/mds/autocar-erp/autocar-erp-main/install/local_path_planning/share/local_path_planning/package.ps1'
[1.669s] INFO:colcon.colcon_core.shell:Creating package descriptor '/home/mds/autocar-erp/autocar-erp-main/install/local_path_planning/share/local_path_planning/package.dsv'
[1.669s] INFO:colcon.colcon_core.shell:Creating package script '/home/mds/autocar-erp/autocar-erp-main/install/local_path_planning/share/local_path_planning/package.sh'
[1.669s] INFO:colcon.colcon_core.shell:Creating package script '/home/mds/autocar-erp/autocar-erp-main/install/local_path_planning/share/local_path_planning/package.bash'
[1.669s] INFO:colcon.colcon_core.shell:Creating package script '/home/mds/autocar-erp/autocar-erp-main/install/local_path_planning/share/local_path_planning/package.zsh'
[1.670s] Level 1:colcon.colcon_core.environment:create_file_with_runtime_dependencies(/home/mds/autocar-erp/autocar-erp-main/install/local_path_planning/share/colcon-core/packages/local_path_planning)
[1.944s] DEBUG:colcon.colcon_core.event_handler.log_command:Invoked command in '/home/mds/autocar-erp/autocar-erp-main/build/autocar_nav' returned '0': CMAKE_PREFIX_PATH=${CMAKE_PREFIX_PATH}:/home/mds/ros2_ws/install/ntrip_client:/home/mds/autocar-erp/install/perception:/home/mds/autocar-erp/install/localization:/home/mds/autocar-erp/install/local_path_planning:/home/mds/autocar-erp/install/erp_control:/opt/ros/humble /usr/bin/cmake /home/mds/autocar-erp/autocar-erp-main/autocar_nav -DAMENT_CMAKE_SYMLINK_INSTALL=1 -DCMAKE_INSTALL_PREFIX=/home/mds/autocar-erp/autocar-erp-main/install/autocar_nav
[1.945s] DEBUG:colcon.colcon_core.event_handler.log_command:Invoking command in '/home/mds/autocar-erp/autocar-erp-main/build/autocar_nav': CMAKE_PREFIX_PATH=${CMAKE_PREFIX_PATH}:/home/mds/ros2_ws/install/ntrip_client:/home/mds/autocar-erp/install/perception:/home/mds/autocar-erp/install/localization:/home/mds/autocar-erp/install/local_path_planning:/home/mds/autocar-erp/install/erp_control:/opt/ros/humble /usr/bin/cmake --build /home/mds/autocar-erp/autocar-erp-main/build/autocar_nav -- -j16 -l16
[2.186s] DEBUG:colcon.colcon_core.event_handler.log_command:Invoked command in '/home/mds/autocar-erp/autocar-erp-main/build/autocar_nav' returned '0': CMAKE_PREFIX_PATH=${CMAKE_PREFIX_PATH}:/home/mds/ros2_ws/install/ntrip_client:/home/mds/autocar-erp/install/perception:/home/mds/autocar-erp/install/localization:/home/mds/autocar-erp/install/local_path_planning:/home/mds/autocar-erp/install/erp_control:/opt/ros/humble /usr/bin/cmake --build /home/mds/autocar-erp/autocar-erp-main/build/autocar_nav -- -j16 -l16
[2.187s] DEBUG:colcon.colcon_core.event_handler.log_command:Invoking command in '/home/mds/autocar-erp/autocar-erp-main/build/autocar_nav': CMAKE_PREFIX_PATH=${CMAKE_PREFIX_PATH}:/home/mds/ros2_ws/install/ntrip_client:/home/mds/autocar-erp/install/perception:/home/mds/autocar-erp/install/localization:/home/mds/autocar-erp/install/local_path_planning:/home/mds/autocar-erp/install/erp_control:/opt/ros/humble /usr/bin/cmake --install /home/mds/autocar-erp/autocar-erp-main/build/autocar_nav
[2.440s] DEBUG:colcon.colcon_core.event_handler.log_command:Invoked command in '/home/mds/autocar-erp/autocar-erp-main/build/autocar_nav' returned '1': CMAKE_PREFIX_PATH=${CMAKE_PREFIX_PATH}:/home/mds/ros2_ws/install/ntrip_client:/home/mds/autocar-erp/install/perception:/home/mds/autocar-erp/install/localization:/home/mds/autocar-erp/install/local_path_planning:/home/mds/autocar-erp/install/erp_control:/opt/ros/humble /usr/bin/cmake --install /home/mds/autocar-erp/autocar-erp-main/build/autocar_nav
[2.441s] Level 1:colcon.colcon_core.environment:create_environment_scripts_only(autocar_nav)
[2.441s] Level 1:colcon.colcon_core.environment:checking '/home/mds/autocar-erp/autocar-erp-main/install/autocar_nav' for CMake module files
[2.442s] Level 1:colcon.colcon_core.environment:checking '/home/mds/autocar-erp/autocar-erp-main/install/autocar_nav' for CMake config files
[2.443s] Level 1:colcon.colcon_core.environment:checking '/home/mds/autocar-erp/autocar-erp-main/install/autocar_nav/lib'
[2.443s] Level 1:colcon.colcon_core.environment:checking '/home/mds/autocar-erp/autocar-erp-main/install/autocar_nav/bin'
[2.443s] Level 1:colcon.colcon_core.environment:checking '/home/mds/autocar-erp/autocar-erp-main/install/autocar_nav/lib/pkgconfig/autocar_nav.pc'
[2.444s] Level 1:colcon.colcon_core.environment:checking '/home/mds/autocar-erp/autocar-erp-main/install/autocar_nav/lib/python3.10/site-packages'
[2.444s] Level 1:colcon.colcon_core.environment:checking '/home/mds/autocar-erp/autocar-erp-main/install/autocar_nav/bin'
[2.445s] INFO:colcon.colcon_core.shell:Creating package script '/home/mds/autocar-erp/autocar-erp-main/install/autocar_nav/share/autocar_nav/package.ps1'
[2.446s] INFO:colcon.colcon_core.shell:Creating package descriptor '/home/mds/autocar-erp/autocar-erp-main/install/autocar_nav/share/autocar_nav/package.dsv'
[2.447s] INFO:colcon.colcon_core.shell:Creating package script '/home/mds/autocar-erp/autocar-erp-main/install/autocar_nav/share/autocar_nav/package.sh'
[2.448s] INFO:colcon.colcon_core.shell:Creating package script '/home/mds/autocar-erp/autocar-erp-main/install/autocar_nav/share/autocar_nav/package.bash'
[2.448s] INFO:colcon.colcon_core.shell:Creating package script '/home/mds/autocar-erp/autocar-erp-main/install/autocar_nav/share/autocar_nav/package.zsh'
[2.449s] Level 1:colcon.colcon_core.environment:create_file_with_runtime_dependencies(/home/mds/autocar-erp/autocar-erp-main/install/autocar_nav/share/colcon-core/packages/autocar_nav)
[2.460s] DEBUG:colcon.colcon_parallel_executor.executor.parallel:closing loop
[2.460s] DEBUG:colcon.colcon_parallel_executor.executor.parallel:loop closed
[2.460s] DEBUG:colcon.colcon_parallel_executor.executor.parallel:run_until_complete finished with '1'
[2.460s] DEBUG:colcon.colcon_core.event_reactor:joining thread
[2.481s] INFO:colcon.colcon_core.plugin_system:Skipping extension 'colcon_notification.desktop_notification.terminal_notifier': Not used on non-Darwin systems
[2.481s] INFO:colcon.colcon_core.plugin_system:Skipping extension 'colcon_notification.desktop_notification.win32': Not used on non-Windows systems
[2.481s] INFO:colcon.colcon_notification.desktop_notification:Sending desktop notification using 'notify2'
[2.514s] DEBUG:colcon.colcon_core.event_reactor:joined thread
[2.514s] INFO:colcon.colcon_core.shell:Creating prefix script '/home/mds/autocar-erp/autocar-erp-main/install/local_setup.ps1'
[2.516s] INFO:colcon.colcon_core.shell:Creating prefix util module '/home/mds/autocar-erp/autocar-erp-main/install/_local_setup_util_ps1.py'
[2.521s] INFO:colcon.colcon_core.shell:Creating prefix chain script '/home/mds/autocar-erp/autocar-erp-main/install/setup.ps1'
[2.525s] INFO:colcon.colcon_core.shell:Creating prefix script '/home/mds/autocar-erp/autocar-erp-main/install/local_setup.sh'
[2.526s] INFO:colcon.colcon_core.shell:Creating prefix util module '/home/mds/autocar-erp/autocar-erp-main/install/_local_setup_util_sh.py'
[2.527s] INFO:colcon.colcon_core.shell:Creating prefix chain script '/home/mds/autocar-erp/autocar-erp-main/install/setup.sh'
[2.529s] INFO:colcon.colcon_core.shell:Creating prefix script '/home/mds/autocar-erp/autocar-erp-main/install/local_setup.bash'
[2.530s] INFO:colcon.colcon_core.shell:Creating prefix chain script '/home/mds/autocar-erp/autocar-erp-main/install/setup.bash'
[2.531s] INFO:colcon.colcon_core.shell:Creating prefix script '/home/mds/autocar-erp/autocar-erp-main/install/local_setup.zsh'
[2.532s] INFO:colcon.colcon_core.shell:Creating prefix chain script '/home/mds/autocar-erp/autocar-erp-main/install/setup.zsh'
