[0.378s] Invoking command in '/home/hmmdyn/autocar-erp/ros-bridge/build/carla_ros_scenario_runner_types': CMAKE_PREFIX_PATH=/opt/ros/humble /usr/bin/cmake /home/hmmdyn/autocar-erp/ros-bridge/src/carla_ros_scenario_runner_types -DAMENT_CMAKE_SYMLINK_INSTALL=1 -DCMAKE_INSTALL_PREFIX=/home/hmmdyn/autocar-erp/ros-bridge/install/carla_ros_scenario_runner_types
[0.583s] -- The C compiler identification is Clang 10.0.0
[0.583s] -- The CXX compiler identification is Clang 10.0.0
[0.583s] -- Detecting C compiler ABI info
[0.583s] -- Detecting C compiler ABI info - done
[0.583s] -- Check for working C compiler: /usr/bin/cc - skipped
[0.584s] -- Detecting C compile features
[0.584s] -- Detecting C compile features - done
[0.584s] -- Detecting CXX compiler ABI info
[0.636s] -- Detecting CXX compiler ABI info - done
[0.640s] -- Check for working CXX compiler: /usr/bin/c++ - skipped
[0.640s] -- Detecting CXX compile features
[0.641s] -- Detecting CXX compile features - done
[0.642s] -- Found ros_environment: 3.2.2 (/opt/ros/humble/share/ros_environment/cmake)
[0.643s] -- Found ament_cmake: 1.3.11 (/opt/ros/humble/share/ament_cmake/cmake)
[0.721s] -- Found Python3: /usr/bin/python3 (found version "3.10.12") found components: Interpreter 
[0.754s] -- Override CMake install command with custom implementation using symlinks instead of copying resources
[0.768s] -- Found builtin_interfaces: 1.2.1 (/opt/ros/humble/share/builtin_interfaces/cmake)
[0.784s] -- Found rosidl_generator_c: 3.1.6 (/opt/ros/humble/share/rosidl_generator_c/cmake)
[0.787s] -- Found rosidl_adapter: 3.1.6 (/opt/ros/humble/share/rosidl_adapter/cmake)
[0.791s] -- Found rosidl_generator_cpp: 3.1.6 (/opt/ros/humble/share/rosidl_generator_cpp/cmake)
[0.798s] -- Using all available rosidl_typesupport_c: rosidl_typesupport_fastrtps_c;rosidl_typesupport_introspection_c
[0.806s] -- Using all available rosidl_typesupport_cpp: rosidl_typesupport_fastrtps_cpp;rosidl_typesupport_introspection_cpp
[0.813s] -- Found geometry_msgs: 4.2.4 (/opt/ros/humble/share/geometry_msgs/cmake)
[0.829s] -- Found rosidl_default_generators: 1.2.0 (/opt/ros/humble/share/rosidl_default_generators/cmake)
[0.998s] -- Found ament_cmake_cppcheck: 0.12.11 (/opt/ros/humble/share/ament_cmake_cppcheck/cmake)
[0.998s] -- Found ament_cmake_cpplint: 0.12.11 (/opt/ros/humble/share/ament_cmake_cpplint/cmake)
[0.999s] -- Found ament_cmake_uncrustify: 0.12.11 (/opt/ros/humble/share/ament_cmake_uncrustify/cmake)
[1.001s] -- Found ament_cmake_ros: 0.10.0 (/opt/ros/humble/share/ament_cmake_ros/cmake)
[1.237s] -- Using all available rosidl_typesupport_c: rosidl_typesupport_fastrtps_c;rosidl_typesupport_introspection_c
[1.325s] -- Using all available rosidl_typesupport_cpp: rosidl_typesupport_fastrtps_cpp;rosidl_typesupport_introspection_cpp
[1.338s] -- Found PythonInterp: /usr/bin/python3 (found suitable version "3.10.12", minimum required is "3.6") 
[1.339s] -- Found python_cmake_module: 0.10.0 (/opt/ros/humble/share/python_cmake_module/cmake)
[1.353s] -- Found PythonLibs: /usr/lib/x86_64-linux-gnu/libpython3.10.so (found suitable version "3.10.12", minimum required is "3.5") 
[1.353s] -- Using PYTHON_EXECUTABLE: /usr/bin/python3
[1.353s] -- Using PYTHON_INCLUDE_DIRS: /usr/include/python3.10
[1.353s] -- Using PYTHON_LIBRARIES: /usr/lib/x86_64-linux-gnu/libpython3.10.so
[1.365s] -- Found PythonExtra: .so  
[1.397s] -- Found ament_cmake_flake8: 0.12.11 (/opt/ros/humble/share/ament_cmake_flake8/cmake)
[1.398s] -- Found ament_cmake_pep257: 0.12.11 (/opt/ros/humble/share/ament_cmake_pep257/cmake)
[1.400s] -- Found ament_lint_auto: 0.12.11 (/opt/ros/humble/share/ament_lint_auto/cmake)
[1.408s] -- Added test 'copyright' to check source files copyright and LICENSE
[1.409s] -- Added test 'lint_cmake' to check CMake code style
[1.409s] -- Added test 'xmllint' to check XML markup files
[1.411s] -- Configuring done
[1.434s] -- Generating done
[1.440s] -- Build files have been written to: /home/hmmdyn/autocar-erp/ros-bridge/build/carla_ros_scenario_runner_types
