running develop
Removing /home/kmkm/ros2_ws/install/local_planner/lib/python3.10/site-packages/local-planner.egg-link (link to .)
running egg_info
writing ../../build/local_planner/local_planner.egg-info/PKG-INFO
writing dependency_links to ../../build/local_planner/local_planner.egg-info/dependency_links.txt
writing entry points to ../../build/local_planner/local_planner.egg-info/entry_points.txt
writing requirements to ../../build/local_planner/local_planner.egg-info/requires.txt
writing top-level names to ../../build/local_planner/local_planner.egg-info/top_level.txt
reading manifest file '../../build/local_planner/local_planner.egg-info/SOURCES.txt'
writing manifest file '../../build/local_planner/local_planner.egg-info/SOURCES.txt'
running build
running build_py
creating /home/kmkm/ros2_ws/build/local_planner/build
creating /home/kmkm/ros2_ws/build/local_planner/build/lib
creating /home/kmkm/ros2_ws/build/local_planner/build/lib/local_planner
copying local_planner/__init__.py -> /home/kmkm/ros2_ws/build/local_planner/build/lib/local_planner
copying local_planner/local_planner_node.py -> /home/kmkm/ros2_ws/build/local_planner/build/lib/local_planner
copying local_planner/plot_node.py -> /home/kmkm/ros2_ws/build/local_planner/build/lib/local_planner
copying local_planner/dummy_input_node.py -> /home/kmkm/ros2_ws/build/local_planner/build/lib/local_planner
creating /home/kmkm/ros2_ws/build/local_planner/build/lib/local_planner/hybrid_astar
copying local_planner/hybrid_astar/hybrid_a_star.py -> /home/kmkm/ros2_ws/build/local_planner/build/lib/local_planner/hybrid_astar
copying local_planner/hybrid_astar/car.py -> /home/kmkm/ros2_ws/build/local_planner/build/lib/local_planner/hybrid_astar
copying local_planner/hybrid_astar/__init__.py -> /home/kmkm/ros2_ws/build/local_planner/build/lib/local_planner/hybrid_astar
copying local_planner/hybrid_astar/dynamic_programming_heuristic.py -> /home/kmkm/ros2_ws/build/local_planner/build/lib/local_planner/hybrid_astar
creating /home/kmkm/ros2_ws/build/local_planner/build/lib/local_planner/frenet_planner
copying local_planner/frenet_planner/frenet_optimal_trajectory.py -> /home/kmkm/ros2_ws/build/local_planner/build/lib/local_planner/frenet_planner
copying local_planner/frenet_planner/quintic_polynomials_planner.py -> /home/kmkm/ros2_ws/build/local_planner/build/lib/local_planner/frenet_planner
copying local_planner/frenet_planner/__init__.py -> /home/kmkm/ros2_ws/build/local_planner/build/lib/local_planner/frenet_planner
copying local_planner/frenet_planner/cubic_spline_planner.py -> /home/kmkm/ros2_ws/build/local_planner/build/lib/local_planner/frenet_planner
copying local_planner/frenet_planner/cartesian_frenet_converter.py -> /home/kmkm/ros2_ws/build/local_planner/build/lib/local_planner/frenet_planner
creating /home/kmkm/ros2_ws/build/local_planner/build/lib/local_planner/hybrid_astar/ReedsSheppPath
copying local_planner/hybrid_astar/ReedsSheppPath/reeds_shepp_path_planning.py -> /home/kmkm/ros2_ws/build/local_planner/build/lib/local_planner/hybrid_astar/ReedsSheppPath
copying local_planner/hybrid_astar/ReedsSheppPath/__init__.py -> /home/kmkm/ros2_ws/build/local_planner/build/lib/local_planner/hybrid_astar/ReedsSheppPath
running install
running install_lib
creating /home/kmkm/ros2_ws/install/local_planner/lib/python3.10/site-packages/local_planner
creating /home/kmkm/ros2_ws/install/local_planner/lib/python3.10/site-packages/local_planner/hybrid_astar
copying /home/kmkm/ros2_ws/build/local_planner/build/lib/local_planner/hybrid_astar/hybrid_a_star.py -> /home/kmkm/ros2_ws/install/local_planner/lib/python3.10/site-packages/local_planner/hybrid_astar
copying /home/kmkm/ros2_ws/build/local_planner/build/lib/local_planner/hybrid_astar/car.py -> /home/kmkm/ros2_ws/install/local_planner/lib/python3.10/site-packages/local_planner/hybrid_astar
copying /home/kmkm/ros2_ws/build/local_planner/build/lib/local_planner/hybrid_astar/__init__.py -> /home/kmkm/ros2_ws/install/local_planner/lib/python3.10/site-packages/local_planner/hybrid_astar
copying /home/kmkm/ros2_ws/build/local_planner/build/lib/local_planner/hybrid_astar/dynamic_programming_heuristic.py -> /home/kmkm/ros2_ws/install/local_planner/lib/python3.10/site-packages/local_planner/hybrid_astar
creating /home/kmkm/ros2_ws/install/local_planner/lib/python3.10/site-packages/local_planner/hybrid_astar/ReedsSheppPath
copying /home/kmkm/ros2_ws/build/local_planner/build/lib/local_planner/hybrid_astar/ReedsSheppPath/reeds_shepp_path_planning.py -> /home/kmkm/ros2_ws/install/local_planner/lib/python3.10/site-packages/local_planner/hybrid_astar/ReedsSheppPath
copying /home/kmkm/ros2_ws/build/local_planner/build/lib/local_planner/hybrid_astar/ReedsSheppPath/__init__.py -> /home/kmkm/ros2_ws/install/local_planner/lib/python3.10/site-packages/local_planner/hybrid_astar/ReedsSheppPath
copying /home/kmkm/ros2_ws/build/local_planner/build/lib/local_planner/__init__.py -> /home/kmkm/ros2_ws/install/local_planner/lib/python3.10/site-packages/local_planner
creating /home/kmkm/ros2_ws/install/local_planner/lib/python3.10/site-packages/local_planner/frenet_planner
copying /home/kmkm/ros2_ws/build/local_planner/build/lib/local_planner/frenet_planner/frenet_optimal_trajectory.py -> /home/kmkm/ros2_ws/install/local_planner/lib/python3.10/site-packages/local_planner/frenet_planner
copying /home/kmkm/ros2_ws/build/local_planner/build/lib/local_planner/frenet_planner/quintic_polynomials_planner.py -> /home/kmkm/ros2_ws/install/local_planner/lib/python3.10/site-packages/local_planner/frenet_planner
copying /home/kmkm/ros2_ws/build/local_planner/build/lib/local_planner/frenet_planner/__init__.py -> /home/kmkm/ros2_ws/install/local_planner/lib/python3.10/site-packages/local_planner/frenet_planner
copying /home/kmkm/ros2_ws/build/local_planner/build/lib/local_planner/frenet_planner/cubic_spline_planner.py -> /home/kmkm/ros2_ws/install/local_planner/lib/python3.10/site-packages/local_planner/frenet_planner
copying /home/kmkm/ros2_ws/build/local_planner/build/lib/local_planner/frenet_planner/cartesian_frenet_converter.py -> /home/kmkm/ros2_ws/install/local_planner/lib/python3.10/site-packages/local_planner/frenet_planner
copying /home/kmkm/ros2_ws/build/local_planner/build/lib/local_planner/local_planner_node.py -> /home/kmkm/ros2_ws/install/local_planner/lib/python3.10/site-packages/local_planner
copying /home/kmkm/ros2_ws/build/local_planner/build/lib/local_planner/plot_node.py -> /home/kmkm/ros2_ws/install/local_planner/lib/python3.10/site-packages/local_planner
copying /home/kmkm/ros2_ws/build/local_planner/build/lib/local_planner/dummy_input_node.py -> /home/kmkm/ros2_ws/install/local_planner/lib/python3.10/site-packages/local_planner
byte-compiling /home/kmkm/ros2_ws/install/local_planner/lib/python3.10/site-packages/local_planner/hybrid_astar/hybrid_a_star.py to hybrid_a_star.cpython-310.pyc
byte-compiling /home/kmkm/ros2_ws/install/local_planner/lib/python3.10/site-packages/local_planner/hybrid_astar/car.py to car.cpython-310.pyc
byte-compiling /home/kmkm/ros2_ws/install/local_planner/lib/python3.10/site-packages/local_planner/hybrid_astar/__init__.py to __init__.cpython-310.pyc
byte-compiling /home/kmkm/ros2_ws/install/local_planner/lib/python3.10/site-packages/local_planner/hybrid_astar/dynamic_programming_heuristic.py to dynamic_programming_heuristic.cpython-310.pyc
byte-compiling /home/kmkm/ros2_ws/install/local_planner/lib/python3.10/site-packages/local_planner/hybrid_astar/ReedsSheppPath/reeds_shepp_path_planning.py to reeds_shepp_path_planning.cpython-310.pyc
byte-compiling /home/kmkm/ros2_ws/install/local_planner/lib/python3.10/site-packages/local_planner/hybrid_astar/ReedsSheppPath/__init__.py to __init__.cpython-310.pyc
byte-compiling /home/kmkm/ros2_ws/install/local_planner/lib/python3.10/site-packages/local_planner/__init__.py to __init__.cpython-310.pyc
byte-compiling /home/kmkm/ros2_ws/install/local_planner/lib/python3.10/site-packages/local_planner/frenet_planner/frenet_optimal_trajectory.py to frenet_optimal_trajectory.cpython-310.pyc
byte-compiling /home/kmkm/ros2_ws/install/local_planner/lib/python3.10/site-packages/local_planner/frenet_planner/quintic_polynomials_planner.py to quintic_polynomials_planner.cpython-310.pyc
byte-compiling /home/kmkm/ros2_ws/install/local_planner/lib/python3.10/site-packages/local_planner/frenet_planner/__init__.py to __init__.cpython-310.pyc
byte-compiling /home/kmkm/ros2_ws/install/local_planner/lib/python3.10/site-packages/local_planner/frenet_planner/cubic_spline_planner.py to cubic_spline_planner.cpython-310.pyc
byte-compiling /home/kmkm/ros2_ws/install/local_planner/lib/python3.10/site-packages/local_planner/frenet_planner/cartesian_frenet_converter.py to cartesian_frenet_converter.cpython-310.pyc
byte-compiling /home/kmkm/ros2_ws/install/local_planner/lib/python3.10/site-packages/local_planner/local_planner_node.py to local_planner_node.cpython-310.pyc
byte-compiling /home/kmkm/ros2_ws/install/local_planner/lib/python3.10/site-packages/local_planner/plot_node.py to plot_node.cpython-310.pyc
byte-compiling /home/kmkm/ros2_ws/install/local_planner/lib/python3.10/site-packages/local_planner/dummy_input_node.py to dummy_input_node.cpython-310.pyc
running install_data
copying resource/local_planner -> /home/kmkm/ros2_ws/install/local_planner/share/ament_index/resource_index/packages
copying package.xml -> /home/kmkm/ros2_ws/install/local_planner/share/local_planner
copying global_paths/example_global_path.csv -> /home/kmkm/ros2_ws/install/local_planner/share/local_planner/global_paths
copying launch/dual_node_launch.py -> /home/kmkm/ros2_ws/install/local_planner/share/local_planner/launch
running install_egg_info
Copying ../../build/local_planner/local_planner.egg-info to /home/kmkm/ros2_ws/install/local_planner/lib/python3.10/site-packages/local_planner-0.0.0-py3.10.egg-info
running install_scripts
Installing dummy_input_node script to /home/kmkm/ros2_ws/install/local_planner/lib/local_planner
Installing local_planner_node script to /home/kmkm/ros2_ws/install/local_planner/lib/local_planner
Installing mode_selector_node script to /home/kmkm/ros2_ws/install/local_planner/lib/local_planner
Installing plot_node script to /home/kmkm/ros2_ws/install/local_planner/lib/local_planner
writing list of installed files to '/home/kmkm/ros2_ws/build/local_planner/install.log'
