[0.391s] Invoking command in '/home/kmkm/ros2_ws/build/local_planner': PYTHONPATH=/home/kmkm/ros2_ws/build/local_planner/prefix_override:/usr/lib/python3/dist-packages/colcon_core/task/python/colcon_distutils_commands:/home/kmkm/ros2_ws/install/local_planner/lib/python3.10/site-packages:${PYTHONPATH} /usr/bin/python3 -W ignore:setup.py install is deprecated -W ignore:easy_install command is deprecated setup.py develop --uninstall --editable --build-directory /home/kmkm/ros2_ws/build/local_planner/build
[0.570s] running develop
[0.683s] Removing /home/kmkm/ros2_ws/install/local_planner/lib/python3.10/site-packages/local-planner.egg-link (link to .)
[0.700s] Invoked command in '/home/kmkm/ros2_ws/build/local_planner' returned '0': PYTHONPATH=/home/kmkm/ros2_ws/build/local_planner/prefix_override:/usr/lib/python3/dist-packages/colcon_core/task/python/colcon_distutils_commands:/home/kmkm/ros2_ws/install/local_planner/lib/python3.10/site-packages:${PYTHONPATH} /usr/bin/python3 -W ignore:setup.py install is deprecated -W ignore:easy_install command is deprecated setup.py develop --uninstall --editable --build-directory /home/kmkm/ros2_ws/build/local_planner/build
[0.702s] Invoking command in '/home/kmkm/ros2_ws/src/local_planner': PYTHONPATH=/home/kmkm/ros2_ws/build/local_planner/prefix_override:/usr/lib/python3/dist-packages/colcon_core/task/python/colcon_distutils_commands:/home/kmkm/ros2_ws/install/local_planner/lib/python3.10/site-packages:${PYTHONPATH} /usr/bin/python3 -W ignore:setup.py install is deprecated -W ignore:easy_install command is deprecated setup.py egg_info --egg-base ../../build/local_planner build --build-base /home/kmkm/ros2_ws/build/local_planner/build install --record /home/kmkm/ros2_ws/build/local_planner/install.log --single-version-externally-managed install_data --force
[0.856s] running egg_info
[0.856s] writing ../../build/local_planner/local_planner.egg-info/PKG-INFO
[0.856s] writing dependency_links to ../../build/local_planner/local_planner.egg-info/dependency_links.txt
[0.857s] writing entry points to ../../build/local_planner/local_planner.egg-info/entry_points.txt
[0.857s] writing requirements to ../../build/local_planner/local_planner.egg-info/requires.txt
[0.857s] writing top-level names to ../../build/local_planner/local_planner.egg-info/top_level.txt
[0.858s] reading manifest file '../../build/local_planner/local_planner.egg-info/SOURCES.txt'
[0.859s] writing manifest file '../../build/local_planner/local_planner.egg-info/SOURCES.txt'
[0.859s] running build
[0.859s] running build_py
[0.860s] creating /home/kmkm/ros2_ws/build/local_planner/build
[0.860s] creating /home/kmkm/ros2_ws/build/local_planner/build/lib
[0.860s] creating /home/kmkm/ros2_ws/build/local_planner/build/lib/local_planner
[0.860s] copying local_planner/__init__.py -> /home/kmkm/ros2_ws/build/local_planner/build/lib/local_planner
[0.860s] copying local_planner/local_planner_node.py -> /home/kmkm/ros2_ws/build/local_planner/build/lib/local_planner
[0.860s] copying local_planner/plot_node.py -> /home/kmkm/ros2_ws/build/local_planner/build/lib/local_planner
[0.860s] copying local_planner/dummy_input_node.py -> /home/kmkm/ros2_ws/build/local_planner/build/lib/local_planner
[0.860s] creating /home/kmkm/ros2_ws/build/local_planner/build/lib/local_planner/hybrid_astar
[0.861s] copying local_planner/hybrid_astar/hybrid_a_star.py -> /home/kmkm/ros2_ws/build/local_planner/build/lib/local_planner/hybrid_astar
[0.861s] copying local_planner/hybrid_astar/car.py -> /home/kmkm/ros2_ws/build/local_planner/build/lib/local_planner/hybrid_astar
[0.861s] copying local_planner/hybrid_astar/__init__.py -> /home/kmkm/ros2_ws/build/local_planner/build/lib/local_planner/hybrid_astar
[0.861s] copying local_planner/hybrid_astar/dynamic_programming_heuristic.py -> /home/kmkm/ros2_ws/build/local_planner/build/lib/local_planner/hybrid_astar
[0.861s] creating /home/kmkm/ros2_ws/build/local_planner/build/lib/local_planner/frenet_planner
[0.861s] copying local_planner/frenet_planner/frenet_optimal_trajectory.py -> /home/kmkm/ros2_ws/build/local_planner/build/lib/local_planner/frenet_planner
[0.862s] copying local_planner/frenet_planner/quintic_polynomials_planner.py -> /home/kmkm/ros2_ws/build/local_planner/build/lib/local_planner/frenet_planner
[0.862s] copying local_planner/frenet_planner/__init__.py -> /home/kmkm/ros2_ws/build/local_planner/build/lib/local_planner/frenet_planner
[0.862s] copying local_planner/frenet_planner/cubic_spline_planner.py -> /home/kmkm/ros2_ws/build/local_planner/build/lib/local_planner/frenet_planner
[0.862s] copying local_planner/frenet_planner/cartesian_frenet_converter.py -> /home/kmkm/ros2_ws/build/local_planner/build/lib/local_planner/frenet_planner
[0.862s] creating /home/kmkm/ros2_ws/build/local_planner/build/lib/local_planner/hybrid_astar/ReedsSheppPath
[0.862s] copying local_planner/hybrid_astar/ReedsSheppPath/reeds_shepp_path_planning.py -> /home/kmkm/ros2_ws/build/local_planner/build/lib/local_planner/hybrid_astar/ReedsSheppPath
[0.862s] copying local_planner/hybrid_astar/ReedsSheppPath/__init__.py -> /home/kmkm/ros2_ws/build/local_planner/build/lib/local_planner/hybrid_astar/ReedsSheppPath
[0.862s] running install
[0.862s] running install_lib
[0.863s] creating /home/kmkm/ros2_ws/install/local_planner/lib/python3.10/site-packages/local_planner
[0.864s] creating /home/kmkm/ros2_ws/install/local_planner/lib/python3.10/site-packages/local_planner/hybrid_astar
[0.864s] copying /home/kmkm/ros2_ws/build/local_planner/build/lib/local_planner/hybrid_astar/hybrid_a_star.py -> /home/kmkm/ros2_ws/install/local_planner/lib/python3.10/site-packages/local_planner/hybrid_astar
[0.864s] copying /home/kmkm/ros2_ws/build/local_planner/build/lib/local_planner/hybrid_astar/car.py -> /home/kmkm/ros2_ws/install/local_planner/lib/python3.10/site-packages/local_planner/hybrid_astar
[0.864s] copying /home/kmkm/ros2_ws/build/local_planner/build/lib/local_planner/hybrid_astar/__init__.py -> /home/kmkm/ros2_ws/install/local_planner/lib/python3.10/site-packages/local_planner/hybrid_astar
[0.864s] copying /home/kmkm/ros2_ws/build/local_planner/build/lib/local_planner/hybrid_astar/dynamic_programming_heuristic.py -> /home/kmkm/ros2_ws/install/local_planner/lib/python3.10/site-packages/local_planner/hybrid_astar
[0.864s] creating /home/kmkm/ros2_ws/install/local_planner/lib/python3.10/site-packages/local_planner/hybrid_astar/ReedsSheppPath
[0.865s] copying /home/kmkm/ros2_ws/build/local_planner/build/lib/local_planner/hybrid_astar/ReedsSheppPath/reeds_shepp_path_planning.py -> /home/kmkm/ros2_ws/install/local_planner/lib/python3.10/site-packages/local_planner/hybrid_astar/ReedsSheppPath
[0.865s] copying /home/kmkm/ros2_ws/build/local_planner/build/lib/local_planner/hybrid_astar/ReedsSheppPath/__init__.py -> /home/kmkm/ros2_ws/install/local_planner/lib/python3.10/site-packages/local_planner/hybrid_astar/ReedsSheppPath
[0.865s] copying /home/kmkm/ros2_ws/build/local_planner/build/lib/local_planner/__init__.py -> /home/kmkm/ros2_ws/install/local_planner/lib/python3.10/site-packages/local_planner
[0.865s] creating /home/kmkm/ros2_ws/install/local_planner/lib/python3.10/site-packages/local_planner/frenet_planner
[0.865s] copying /home/kmkm/ros2_ws/build/local_planner/build/lib/local_planner/frenet_planner/frenet_optimal_trajectory.py -> /home/kmkm/ros2_ws/install/local_planner/lib/python3.10/site-packages/local_planner/frenet_planner
[0.866s] copying /home/kmkm/ros2_ws/build/local_planner/build/lib/local_planner/frenet_planner/quintic_polynomials_planner.py -> /home/kmkm/ros2_ws/install/local_planner/lib/python3.10/site-packages/local_planner/frenet_planner
[0.866s] copying /home/kmkm/ros2_ws/build/local_planner/build/lib/local_planner/frenet_planner/__init__.py -> /home/kmkm/ros2_ws/install/local_planner/lib/python3.10/site-packages/local_planner/frenet_planner
[0.866s] copying /home/kmkm/ros2_ws/build/local_planner/build/lib/local_planner/frenet_planner/cubic_spline_planner.py -> /home/kmkm/ros2_ws/install/local_planner/lib/python3.10/site-packages/local_planner/frenet_planner
[0.866s] copying /home/kmkm/ros2_ws/build/local_planner/build/lib/local_planner/frenet_planner/cartesian_frenet_converter.py -> /home/kmkm/ros2_ws/install/local_planner/lib/python3.10/site-packages/local_planner/frenet_planner
[0.866s] copying /home/kmkm/ros2_ws/build/local_planner/build/lib/local_planner/local_planner_node.py -> /home/kmkm/ros2_ws/install/local_planner/lib/python3.10/site-packages/local_planner
[0.866s] copying /home/kmkm/ros2_ws/build/local_planner/build/lib/local_planner/plot_node.py -> /home/kmkm/ros2_ws/install/local_planner/lib/python3.10/site-packages/local_planner
[0.866s] copying /home/kmkm/ros2_ws/build/local_planner/build/lib/local_planner/dummy_input_node.py -> /home/kmkm/ros2_ws/install/local_planner/lib/python3.10/site-packages/local_planner
[0.866s] byte-compiling /home/kmkm/ros2_ws/install/local_planner/lib/python3.10/site-packages/local_planner/hybrid_astar/hybrid_a_star.py to hybrid_a_star.cpython-310.pyc
[0.868s] byte-compiling /home/kmkm/ros2_ws/install/local_planner/lib/python3.10/site-packages/local_planner/hybrid_astar/car.py to car.cpython-310.pyc
[0.869s] byte-compiling /home/kmkm/ros2_ws/install/local_planner/lib/python3.10/site-packages/local_planner/hybrid_astar/__init__.py to __init__.cpython-310.pyc
[0.869s] byte-compiling /home/kmkm/ros2_ws/install/local_planner/lib/python3.10/site-packages/local_planner/hybrid_astar/dynamic_programming_heuristic.py to dynamic_programming_heuristic.cpython-310.pyc
[0.870s] byte-compiling /home/kmkm/ros2_ws/install/local_planner/lib/python3.10/site-packages/local_planner/hybrid_astar/ReedsSheppPath/reeds_shepp_path_planning.py to reeds_shepp_path_planning.cpython-310.pyc
[0.872s] byte-compiling /home/kmkm/ros2_ws/install/local_planner/lib/python3.10/site-packages/local_planner/hybrid_astar/ReedsSheppPath/__init__.py to __init__.cpython-310.pyc
[0.872s] byte-compiling /home/kmkm/ros2_ws/install/local_planner/lib/python3.10/site-packages/local_planner/__init__.py to __init__.cpython-310.pyc
[0.872s] byte-compiling /home/kmkm/ros2_ws/install/local_planner/lib/python3.10/site-packages/local_planner/frenet_planner/frenet_optimal_trajectory.py to frenet_optimal_trajectory.cpython-310.pyc
[0.874s] byte-compiling /home/kmkm/ros2_ws/install/local_planner/lib/python3.10/site-packages/local_planner/frenet_planner/quintic_polynomials_planner.py to quintic_polynomials_planner.cpython-310.pyc
[0.875s] byte-compiling /home/kmkm/ros2_ws/install/local_planner/lib/python3.10/site-packages/local_planner/frenet_planner/__init__.py to __init__.cpython-310.pyc
[0.875s] byte-compiling /home/kmkm/ros2_ws/install/local_planner/lib/python3.10/site-packages/local_planner/frenet_planner/cubic_spline_planner.py to cubic_spline_planner.cpython-310.pyc
[0.876s] byte-compiling /home/kmkm/ros2_ws/install/local_planner/lib/python3.10/site-packages/local_planner/frenet_planner/cartesian_frenet_converter.py to cartesian_frenet_converter.cpython-310.pyc
[0.877s] byte-compiling /home/kmkm/ros2_ws/install/local_planner/lib/python3.10/site-packages/local_planner/local_planner_node.py to local_planner_node.cpython-310.pyc
[0.879s] byte-compiling /home/kmkm/ros2_ws/install/local_planner/lib/python3.10/site-packages/local_planner/plot_node.py to plot_node.cpython-310.pyc
[0.879s] byte-compiling /home/kmkm/ros2_ws/install/local_planner/lib/python3.10/site-packages/local_planner/dummy_input_node.py to dummy_input_node.cpython-310.pyc
[0.880s] running install_data
[0.880s] copying resource/local_planner -> /home/kmkm/ros2_ws/install/local_planner/share/ament_index/resource_index/packages
[0.880s] copying package.xml -> /home/kmkm/ros2_ws/install/local_planner/share/local_planner
[0.880s] copying global_paths/example_global_path.csv -> /home/kmkm/ros2_ws/install/local_planner/share/local_planner/global_paths
[0.880s] copying launch/dual_node_launch.py -> /home/kmkm/ros2_ws/install/local_planner/share/local_planner/launch
[0.880s] running install_egg_info
[0.882s] Copying ../../build/local_planner/local_planner.egg-info to /home/kmkm/ros2_ws/install/local_planner/lib/python3.10/site-packages/local_planner-0.0.0-py3.10.egg-info
[0.882s] running install_scripts
[0.895s] Installing dummy_input_node script to /home/kmkm/ros2_ws/install/local_planner/lib/local_planner
[0.895s] Installing local_planner_node script to /home/kmkm/ros2_ws/install/local_planner/lib/local_planner
[0.895s] Installing mode_selector_node script to /home/kmkm/ros2_ws/install/local_planner/lib/local_planner
[0.895s] Installing plot_node script to /home/kmkm/ros2_ws/install/local_planner/lib/local_planner
[0.896s] writing list of installed files to '/home/kmkm/ros2_ws/build/local_planner/install.log'
[0.912s] Invoked command in '/home/kmkm/ros2_ws/src/local_planner' returned '0': PYTHONPATH=/home/kmkm/ros2_ws/build/local_planner/prefix_override:/usr/lib/python3/dist-packages/colcon_core/task/python/colcon_distutils_commands:/home/kmkm/ros2_ws/install/local_planner/lib/python3.10/site-packages:${PYTHONPATH} /usr/bin/python3 -W ignore:setup.py install is deprecated -W ignore:easy_install command is deprecated setup.py egg_info --egg-base ../../build/local_planner build --build-base /home/kmkm/ros2_ws/build/local_planner/build install --record /home/kmkm/ros2_ws/build/local_planner/install.log --single-version-externally-managed install_data --force
