running develop
running egg_info
creating scenario_planner.egg-info
writing scenario_planner.egg-info/PKG-INFO
writing dependency_links to scenario_planner.egg-info/dependency_links.txt
writing entry points to scenario_planner.egg-info/entry_points.txt
writing requirements to scenario_planner.egg-info/requires.txt
writing top-level names to scenario_planner.egg-info/top_level.txt
writing manifest file 'scenario_planner.egg-info/SOURCES.txt'
reading manifest file 'scenario_planner.egg-info/SOURCES.txt'
writing manifest file 'scenario_planner.egg-info/SOURCES.txt'
running build_ext
Creating /home/kmkm/ROS2_Planning/install/scenario_planner/lib/python3.10/site-packages/scenario-planner.egg-link (link to .)
Installing dummy_mode_publisher script to /home/kmkm/ROS2_Planning/install/scenario_planner/lib/scenario_planner
Installing hybrid_astar_planner script to /home/kmkm/ROS2_Planning/install/scenario_planner/lib/scenario_planner
Installing path_visualizer script to /home/kmkm/ROS2_Planning/install/scenario_planner/lib/scenario_planner
Installing zone_manager script to /home/kmkm/ROS2_Planning/install/scenario_planner/lib/scenario_planner

Installed /home/kmkm/ROS2_Planning/build/scenario_planner
running symlink_data
symbolically linking /home/kmkm/ROS2_Planning/build/scenario_planner/package.xml -> /home/kmkm/ROS2_Planning/install/scenario_planner/share/scenario_planner
