[0.464s] Invoking command in '/home/kmkm/ROS2_Planning/build/scenario_planner': PYTHONPATH=/home/kmkm/ROS2_Planning/build/scenario_planner/prefix_override:/usr/lib/python3/dist-packages/colcon_core/task/python/colcon_distutils_commands:/home/kmkm/ROS2_Planning/install/scenario_planner/lib/python3.10/site-packages:${PYTHONPATH} /usr/bin/python3 -W ignore:setup.py install is deprecated -W ignore:easy_install command is deprecated setup.py develop --editable --build-directory /home/kmkm/ROS2_Planning/build/scenario_planner/build --no-deps symlink_data
[0.642s] running develop
[0.754s] running egg_info
[0.754s] creating scenario_planner.egg-info
[0.754s] writing scenario_planner.egg-info/PKG-INFO
[0.755s] writing dependency_links to scenario_planner.egg-info/dependency_links.txt
[0.755s] writing entry points to scenario_planner.egg-info/entry_points.txt
[0.755s] writing requirements to scenario_planner.egg-info/requires.txt
[0.755s] writing top-level names to scenario_planner.egg-info/top_level.txt
[0.755s] writing manifest file 'scenario_planner.egg-info/SOURCES.txt'
[0.756s] reading manifest file 'scenario_planner.egg-info/SOURCES.txt'
[0.757s] writing manifest file 'scenario_planner.egg-info/SOURCES.txt'
[0.758s] running build_ext
[0.758s] Creating /home/kmkm/ROS2_Planning/install/scenario_planner/lib/python3.10/site-packages/scenario-planner.egg-link (link to .)
[0.759s] Installing dummy_mode_publisher script to /home/kmkm/ROS2_Planning/install/scenario_planner/lib/scenario_planner
[0.759s] Installing hybrid_astar_planner script to /home/kmkm/ROS2_Planning/install/scenario_planner/lib/scenario_planner
[0.760s] Installing path_visualizer script to /home/kmkm/ROS2_Planning/install/scenario_planner/lib/scenario_planner
[0.760s] Installing zone_manager script to /home/kmkm/ROS2_Planning/install/scenario_planner/lib/scenario_planner
[0.760s] 
[0.760s] Installed /home/kmkm/ROS2_Planning/build/scenario_planner
[0.760s] running symlink_data
[0.760s] symbolically linking /home/kmkm/ROS2_Planning/build/scenario_planner/package.xml -> /home/kmkm/ROS2_Planning/install/scenario_planner/share/scenario_planner
[0.779s] Invoked command in '/home/kmkm/ROS2_Planning/build/scenario_planner' returned '0': PYTHONPATH=/home/kmkm/ROS2_Planning/build/scenario_planner/prefix_override:/usr/lib/python3/dist-packages/colcon_core/task/python/colcon_distutils_commands:/home/kmkm/ROS2_Planning/install/scenario_planner/lib/python3.10/site-packages:${PYTHONPATH} /usr/bin/python3 -W ignore:setup.py install is deprecated -W ignore:easy_install command is deprecated setup.py develop --editable --build-directory /home/kmkm/ROS2_Planning/build/scenario_planner/build --no-deps symlink_data
