[0.834s] Invoking command in '/home/kmkm/ros2_ws/src/mode_selector': PYTHONPATH=/home/kmkm/ros2_ws/build/mode_selector/prefix_override:/usr/lib/python3/dist-packages/colcon_core/task/python/colcon_distutils_commands:/home/kmkm/ros2_ws/install/mode_selector/lib/python3.10/site-packages:${PYTHONPATH} /usr/bin/python3 -W ignore:setup.py install is deprecated -W ignore:easy_install command is deprecated setup.py egg_info --egg-base ../../build/mode_selector build --build-base /home/kmkm/ros2_ws/build/mode_selector/build install --record /home/kmkm/ros2_ws/build/mode_selector/install.log --single-version-externally-managed install_data
[1.007s] running egg_info
[1.007s] writing ../../build/mode_selector/mode_selector.egg-info/PKG-INFO
[1.007s] writing dependency_links to ../../build/mode_selector/mode_selector.egg-info/dependency_links.txt
[1.008s] writing entry points to ../../build/mode_selector/mode_selector.egg-info/entry_points.txt
[1.008s] writing requirements to ../../build/mode_selector/mode_selector.egg-info/requires.txt
[1.008s] writing top-level names to ../../build/mode_selector/mode_selector.egg-info/top_level.txt
[1.009s] reading manifest file '../../build/mode_selector/mode_selector.egg-info/SOURCES.txt'
[1.010s] writing manifest file '../../build/mode_selector/mode_selector.egg-info/SOURCES.txt'
[1.010s] running build
[1.010s] running build_py
[1.010s] running install
[1.011s] running install_lib
[1.013s] running install_data
[1.014s] running install_egg_info
[1.016s] removing '/home/kmkm/ros2_ws/install/mode_selector/lib/python3.10/site-packages/mode_selector-0.0.0-py3.10.egg-info' (and everything under it)
[1.016s] Copying ../../build/mode_selector/mode_selector.egg-info to /home/kmkm/ros2_ws/install/mode_selector/lib/python3.10/site-packages/mode_selector-0.0.0-py3.10.egg-info
[1.017s] running install_scripts
[1.034s] Installing mode_selector_node script to /home/kmkm/ros2_ws/install/mode_selector/lib/mode_selector
[1.035s] writing list of installed files to '/home/kmkm/ros2_ws/build/mode_selector/install.log'
[1.056s] Invoked command in '/home/kmkm/ros2_ws/src/mode_selector' returned '0': PYTHONPATH=/home/kmkm/ros2_ws/build/mode_selector/prefix_override:/usr/lib/python3/dist-packages/colcon_core/task/python/colcon_distutils_commands:/home/kmkm/ros2_ws/install/mode_selector/lib/python3.10/site-packages:${PYTHONPATH} /usr/bin/python3 -W ignore:setup.py install is deprecated -W ignore:easy_install command is deprecated setup.py egg_info --egg-base ../../build/mode_selector build --build-base /home/kmkm/ros2_ws/build/mode_selector/build install --record /home/kmkm/ros2_ws/build/mode_selector/install.log --single-version-externally-managed install_data
