[  3%] Built target planning_msgs__cpp
[ 12%] Built target planning_msgs__rosidl_generator_c
[ 12%] Built target ament_cmake_python_copy_planning_msgs
[ 32%] Built target planning_msgs__rosidl_typesupport_fastrtps_cpp
[ 32%] Built target planning_msgs__rosidl_typesupport_introspection_cpp
[ 41%] Built target planning_msgs__rosidl_typesupport_cpp
[ 70%] Built target planning_msgs__rosidl_typesupport_fastrtps_c
[ 70%] Built target planning_msgs__rosidl_typesupport_introspection_c
[ 70%] Built target planning_msgs__rosidl_typesupport_c
[ 70%] Built target planning_msgs
[ 74%] Built target planning_msgs__py
[ 80%] Built target planning_msgs__rosidl_generator_py
[100%] Built target planning_msgs__rosidl_typesupport_c__pyext
[100%] Built target planning_msgs__rosidl_typesupport_fastrtps_c__pyext
[100%] Built target planning_msgs__rosidl_typesupport_introspection_c__pyext
running egg_info
writing planning_msgs.egg-info/PKG-INFO
writing dependency_links to planning_msgs.egg-info/dependency_links.txt
writing top-level names to planning_msgs.egg-info/top_level.txt
reading manifest file 'planning_msgs.egg-info/SOURCES.txt'
writing manifest file 'planning_msgs.egg-info/SOURCES.txt'
[100%] Built target ament_cmake_python_build_planning_msgs_egg
-- Install configuration: ""
-- Up-to-date: /home/kmkm/ros2_ws/install/planning_msgs/share/ament_index/resource_index/rosidl_interfaces/planning_msgs
-- Up-to-date: /home/kmkm/ros2_ws/install/planning_msgs/include/planning_msgs/planning_msgs
-- Up-to-date: /home/kmkm/ros2_ws/install/planning_msgs/include/planning_msgs/planning_msgs/msg
-- Up-to-date: /home/kmkm/ros2_ws/install/planning_msgs/include/planning_msgs/planning_msgs/msg/rosidl_generator_c__visibility_control.h
-- Up-to-date: /home/kmkm/ros2_ws/install/planning_msgs/include/planning_msgs/planning_msgs/msg/mode_state.h
-- Up-to-date: /home/kmkm/ros2_ws/install/planning_msgs/include/planning_msgs/planning_msgs/msg/detail
-- Up-to-date: /home/kmkm/ros2_ws/install/planning_msgs/include/planning_msgs/planning_msgs/msg/detail/mode_state__struct.h
-- Up-to-date: /home/kmkm/ros2_ws/install/planning_msgs/include/planning_msgs/planning_msgs/msg/detail/mode_state__functions.c
-- Up-to-date: /home/kmkm/ros2_ws/install/planning_msgs/include/planning_msgs/planning_msgs/msg/detail/mode_state__functions.h
-- Up-to-date: /home/kmkm/ros2_ws/install/planning_msgs/include/planning_msgs/planning_msgs/msg/detail/mode_state__type_support.h
-- Up-to-date: /home/kmkm/ros2_ws/install/planning_msgs/share/planning_msgs/environment/library_path.sh
-- Up-to-date: /home/kmkm/ros2_ws/install/planning_msgs/share/planning_msgs/environment/library_path.dsv
-- Up-to-date: /home/kmkm/ros2_ws/install/planning_msgs/lib/libplanning_msgs__rosidl_generator_c.so
-- Up-to-date: /home/kmkm/ros2_ws/install/planning_msgs/include/planning_msgs/planning_msgs
-- Up-to-date: /home/kmkm/ros2_ws/install/planning_msgs/include/planning_msgs/planning_msgs/msg
-- Up-to-date: /home/kmkm/ros2_ws/install/planning_msgs/include/planning_msgs/planning_msgs/msg/rosidl_typesupport_fastrtps_c__visibility_control.h
-- Up-to-date: /home/kmkm/ros2_ws/install/planning_msgs/include/planning_msgs/planning_msgs/msg/detail
-- Up-to-date: /home/kmkm/ros2_ws/install/planning_msgs/include/planning_msgs/planning_msgs/msg/detail/mode_state__rosidl_typesupport_fastrtps_c.h
-- Up-to-date: /home/kmkm/ros2_ws/install/planning_msgs/lib/libplanning_msgs__rosidl_typesupport_fastrtps_c.so
-- Up-to-date: /home/kmkm/ros2_ws/install/planning_msgs/include/planning_msgs/planning_msgs
-- Up-to-date: /home/kmkm/ros2_ws/install/planning_msgs/include/planning_msgs/planning_msgs/msg
-- Up-to-date: /home/kmkm/ros2_ws/install/planning_msgs/include/planning_msgs/planning_msgs/msg/detail
-- Up-to-date: /home/kmkm/ros2_ws/install/planning_msgs/include/planning_msgs/planning_msgs/msg/detail/mode_state__type_support.c
-- Up-to-date: /home/kmkm/ros2_ws/install/planning_msgs/include/planning_msgs/planning_msgs/msg/detail/mode_state__rosidl_typesupport_introspection_c.h
-- Up-to-date: /home/kmkm/ros2_ws/install/planning_msgs/include/planning_msgs/planning_msgs/msg/rosidl_typesupport_introspection_c__visibility_control.h
-- Up-to-date: /home/kmkm/ros2_ws/install/planning_msgs/lib/libplanning_msgs__rosidl_typesupport_introspection_c.so
-- Up-to-date: /home/kmkm/ros2_ws/install/planning_msgs/lib/libplanning_msgs__rosidl_typesupport_c.so
-- Up-to-date: /home/kmkm/ros2_ws/install/planning_msgs/include/planning_msgs/planning_msgs
-- Up-to-date: /home/kmkm/ros2_ws/install/planning_msgs/include/planning_msgs/planning_msgs/msg
-- Up-to-date: /home/kmkm/ros2_ws/install/planning_msgs/include/planning_msgs/planning_msgs/msg/rosidl_generator_cpp__visibility_control.hpp
-- Up-to-date: /home/kmkm/ros2_ws/install/planning_msgs/include/planning_msgs/planning_msgs/msg/detail
-- Up-to-date: /home/kmkm/ros2_ws/install/planning_msgs/include/planning_msgs/planning_msgs/msg/detail/mode_state__type_support.hpp
-- Up-to-date: /home/kmkm/ros2_ws/install/planning_msgs/include/planning_msgs/planning_msgs/msg/detail/mode_state__traits.hpp
-- Up-to-date: /home/kmkm/ros2_ws/install/planning_msgs/include/planning_msgs/planning_msgs/msg/detail/mode_state__struct.hpp
-- Up-to-date: /home/kmkm/ros2_ws/install/planning_msgs/include/planning_msgs/planning_msgs/msg/detail/mode_state__builder.hpp
-- Up-to-date: /home/kmkm/ros2_ws/install/planning_msgs/include/planning_msgs/planning_msgs/msg/mode_state.hpp
-- Up-to-date: /home/kmkm/ros2_ws/install/planning_msgs/include/planning_msgs/planning_msgs
-- Up-to-date: /home/kmkm/ros2_ws/install/planning_msgs/include/planning_msgs/planning_msgs/msg
-- Up-to-date: /home/kmkm/ros2_ws/install/planning_msgs/include/planning_msgs/planning_msgs/msg/rosidl_typesupport_fastrtps_cpp__visibility_control.h
-- Up-to-date: /home/kmkm/ros2_ws/install/planning_msgs/include/planning_msgs/planning_msgs/msg/detail
-- Up-to-date: /home/kmkm/ros2_ws/install/planning_msgs/include/planning_msgs/planning_msgs/msg/detail/mode_state__rosidl_typesupport_fastrtps_cpp.hpp
-- Up-to-date: /home/kmkm/ros2_ws/install/planning_msgs/include/planning_msgs/planning_msgs/msg/detail/dds_fastrtps
-- Up-to-date: /home/kmkm/ros2_ws/install/planning_msgs/lib/libplanning_msgs__rosidl_typesupport_fastrtps_cpp.so
-- Up-to-date: /home/kmkm/ros2_ws/install/planning_msgs/include/planning_msgs/planning_msgs
-- Up-to-date: /home/kmkm/ros2_ws/install/planning_msgs/include/planning_msgs/planning_msgs/msg
-- Up-to-date: /home/kmkm/ros2_ws/install/planning_msgs/include/planning_msgs/planning_msgs/msg/detail
-- Up-to-date: /home/kmkm/ros2_ws/install/planning_msgs/include/planning_msgs/planning_msgs/msg/detail/mode_state__rosidl_typesupport_introspection_cpp.hpp
-- Up-to-date: /home/kmkm/ros2_ws/install/planning_msgs/include/planning_msgs/planning_msgs/msg/detail/mode_state__type_support.cpp
-- Up-to-date: /home/kmkm/ros2_ws/install/planning_msgs/lib/libplanning_msgs__rosidl_typesupport_introspection_cpp.so
-- Up-to-date: /home/kmkm/ros2_ws/install/planning_msgs/lib/libplanning_msgs__rosidl_typesupport_cpp.so
-- Up-to-date: /home/kmkm/ros2_ws/install/planning_msgs/share/planning_msgs/environment/pythonpath.sh
-- Up-to-date: /home/kmkm/ros2_ws/install/planning_msgs/share/planning_msgs/environment/pythonpath.dsv
-- Up-to-date: /home/kmkm/ros2_ws/install/planning_msgs/local/lib/python3.10/dist-packages/planning_msgs-0.0.0-py3.10.egg-info
-- Installing: /home/kmkm/ros2_ws/install/planning_msgs/local/lib/python3.10/dist-packages/planning_msgs-0.0.0-py3.10.egg-info/top_level.txt
-- Installing: /home/kmkm/ros2_ws/install/planning_msgs/local/lib/python3.10/dist-packages/planning_msgs-0.0.0-py3.10.egg-info/SOURCES.txt
-- Installing: /home/kmkm/ros2_ws/install/planning_msgs/local/lib/python3.10/dist-packages/planning_msgs-0.0.0-py3.10.egg-info/dependency_links.txt
-- Installing: /home/kmkm/ros2_ws/install/planning_msgs/local/lib/python3.10/dist-packages/planning_msgs-0.0.0-py3.10.egg-info/PKG-INFO
-- Up-to-date: /home/kmkm/ros2_ws/install/planning_msgs/local/lib/python3.10/dist-packages/planning_msgs
-- Up-to-date: /home/kmkm/ros2_ws/install/planning_msgs/local/lib/python3.10/dist-packages/planning_msgs/_planning_msgs_s.ep.rosidl_typesupport_fastrtps_c.c
-- Up-to-date: /home/kmkm/ros2_ws/install/planning_msgs/local/lib/python3.10/dist-packages/planning_msgs/planning_msgs_s__rosidl_typesupport_c.cpython-310-x86_64-linux-gnu.so
-- Up-to-date: /home/kmkm/ros2_ws/install/planning_msgs/local/lib/python3.10/dist-packages/planning_msgs/_planning_msgs_s.ep.rosidl_typesupport_introspection_c.c
-- Up-to-date: /home/kmkm/ros2_ws/install/planning_msgs/local/lib/python3.10/dist-packages/planning_msgs/__init__.py
-- Up-to-date: /home/kmkm/ros2_ws/install/planning_msgs/local/lib/python3.10/dist-packages/planning_msgs/planning_msgs_s__rosidl_typesupport_fastrtps_c.cpython-310-x86_64-linux-gnu.so
-- Up-to-date: /home/kmkm/ros2_ws/install/planning_msgs/local/lib/python3.10/dist-packages/planning_msgs/msg
-- Up-to-date: /home/kmkm/ros2_ws/install/planning_msgs/local/lib/python3.10/dist-packages/planning_msgs/msg/__init__.py
-- Up-to-date: /home/kmkm/ros2_ws/install/planning_msgs/local/lib/python3.10/dist-packages/planning_msgs/msg/_mode_state.py
-- Up-to-date: /home/kmkm/ros2_ws/install/planning_msgs/local/lib/python3.10/dist-packages/planning_msgs/msg/_mode_state_s.c
-- Up-to-date: /home/kmkm/ros2_ws/install/planning_msgs/local/lib/python3.10/dist-packages/planning_msgs/_planning_msgs_s.ep.rosidl_typesupport_c.c
-- Up-to-date: /home/kmkm/ros2_ws/install/planning_msgs/local/lib/python3.10/dist-packages/planning_msgs/libplanning_msgs__rosidl_generator_py.so
-- Up-to-date: /home/kmkm/ros2_ws/install/planning_msgs/local/lib/python3.10/dist-packages/planning_msgs/planning_msgs_s__rosidl_typesupport_introspection_c.cpython-310-x86_64-linux-gnu.so
Listing '/home/kmkm/ros2_ws/install/planning_msgs/local/lib/python3.10/dist-packages/planning_msgs'...
Listing '/home/kmkm/ros2_ws/install/planning_msgs/local/lib/python3.10/dist-packages/planning_msgs/msg'...
-- Up-to-date: /home/kmkm/ros2_ws/install/planning_msgs/local/lib/python3.10/dist-packages/planning_msgs/planning_msgs_s__rosidl_typesupport_fastrtps_c.cpython-310-x86_64-linux-gnu.so
-- Up-to-date: /home/kmkm/ros2_ws/install/planning_msgs/local/lib/python3.10/dist-packages/planning_msgs/planning_msgs_s__rosidl_typesupport_introspection_c.cpython-310-x86_64-linux-gnu.so
-- Up-to-date: /home/kmkm/ros2_ws/install/planning_msgs/local/lib/python3.10/dist-packages/planning_msgs/planning_msgs_s__rosidl_typesupport_c.cpython-310-x86_64-linux-gnu.so
-- Up-to-date: /home/kmkm/ros2_ws/install/planning_msgs/lib/libplanning_msgs__rosidl_generator_py.so
-- Up-to-date: /home/kmkm/ros2_ws/install/planning_msgs/share/planning_msgs/msg/ModeState.idl
-- Up-to-date: /home/kmkm/ros2_ws/install/planning_msgs/share/planning_msgs/msg/ModeState.msg
-- Up-to-date: /home/kmkm/ros2_ws/install/planning_msgs/share/ament_index/resource_index/package_run_dependencies/planning_msgs
-- Up-to-date: /home/kmkm/ros2_ws/install/planning_msgs/share/ament_index/resource_index/parent_prefix_path/planning_msgs
-- Up-to-date: /home/kmkm/ros2_ws/install/planning_msgs/share/planning_msgs/environment/ament_prefix_path.sh
-- Up-to-date: /home/kmkm/ros2_ws/install/planning_msgs/share/planning_msgs/environment/ament_prefix_path.dsv
-- Up-to-date: /home/kmkm/ros2_ws/install/planning_msgs/share/planning_msgs/environment/path.sh
-- Up-to-date: /home/kmkm/ros2_ws/install/planning_msgs/share/planning_msgs/environment/path.dsv
-- Up-to-date: /home/kmkm/ros2_ws/install/planning_msgs/share/planning_msgs/local_setup.bash
-- Up-to-date: /home/kmkm/ros2_ws/install/planning_msgs/share/planning_msgs/local_setup.sh
-- Up-to-date: /home/kmkm/ros2_ws/install/planning_msgs/share/planning_msgs/local_setup.zsh
-- Up-to-date: /home/kmkm/ros2_ws/install/planning_msgs/share/planning_msgs/local_setup.dsv
-- Installing: /home/kmkm/ros2_ws/install/planning_msgs/share/planning_msgs/package.dsv
-- Up-to-date: /home/kmkm/ros2_ws/install/planning_msgs/share/ament_index/resource_index/packages/planning_msgs
-- Up-to-date: /home/kmkm/ros2_ws/install/planning_msgs/share/planning_msgs/cmake/export_planning_msgs__rosidl_generator_cExport.cmake
-- Up-to-date: /home/kmkm/ros2_ws/install/planning_msgs/share/planning_msgs/cmake/export_planning_msgs__rosidl_generator_cExport-noconfig.cmake
-- Up-to-date: /home/kmkm/ros2_ws/install/planning_msgs/share/planning_msgs/cmake/export_planning_msgs__rosidl_typesupport_fastrtps_cExport.cmake
-- Up-to-date: /home/kmkm/ros2_ws/install/planning_msgs/share/planning_msgs/cmake/export_planning_msgs__rosidl_typesupport_fastrtps_cExport-noconfig.cmake
-- Up-to-date: /home/kmkm/ros2_ws/install/planning_msgs/share/planning_msgs/cmake/planning_msgs__rosidl_typesupport_introspection_cExport.cmake
-- Up-to-date: /home/kmkm/ros2_ws/install/planning_msgs/share/planning_msgs/cmake/planning_msgs__rosidl_typesupport_introspection_cExport-noconfig.cmake
-- Up-to-date: /home/kmkm/ros2_ws/install/planning_msgs/share/planning_msgs/cmake/planning_msgs__rosidl_typesupport_cExport.cmake
-- Up-to-date: /home/kmkm/ros2_ws/install/planning_msgs/share/planning_msgs/cmake/planning_msgs__rosidl_typesupport_cExport-noconfig.cmake
-- Up-to-date: /home/kmkm/ros2_ws/install/planning_msgs/share/planning_msgs/cmake/export_planning_msgs__rosidl_generator_cppExport.cmake
-- Up-to-date: /home/kmkm/ros2_ws/install/planning_msgs/share/planning_msgs/cmake/export_planning_msgs__rosidl_typesupport_fastrtps_cppExport.cmake
-- Up-to-date: /home/kmkm/ros2_ws/install/planning_msgs/share/planning_msgs/cmake/export_planning_msgs__rosidl_typesupport_fastrtps_cppExport-noconfig.cmake
-- Up-to-date: /home/kmkm/ros2_ws/install/planning_msgs/share/planning_msgs/cmake/planning_msgs__rosidl_typesupport_introspection_cppExport.cmake
-- Up-to-date: /home/kmkm/ros2_ws/install/planning_msgs/share/planning_msgs/cmake/planning_msgs__rosidl_typesupport_introspection_cppExport-noconfig.cmake
-- Up-to-date: /home/kmkm/ros2_ws/install/planning_msgs/share/planning_msgs/cmake/planning_msgs__rosidl_typesupport_cppExport.cmake
-- Up-to-date: /home/kmkm/ros2_ws/install/planning_msgs/share/planning_msgs/cmake/planning_msgs__rosidl_typesupport_cppExport-noconfig.cmake
-- Up-to-date: /home/kmkm/ros2_ws/install/planning_msgs/share/planning_msgs/cmake/export_planning_msgs__rosidl_generator_pyExport.cmake
-- Up-to-date: /home/kmkm/ros2_ws/install/planning_msgs/share/planning_msgs/cmake/export_planning_msgs__rosidl_generator_pyExport-noconfig.cmake
-- Up-to-date: /home/kmkm/ros2_ws/install/planning_msgs/share/planning_msgs/cmake/rosidl_cmake-extras.cmake
-- Up-to-date: /home/kmkm/ros2_ws/install/planning_msgs/share/planning_msgs/cmake/ament_cmake_export_include_directories-extras.cmake
-- Up-to-date: /home/kmkm/ros2_ws/install/planning_msgs/share/planning_msgs/cmake/ament_cmake_export_libraries-extras.cmake
-- Up-to-date: /home/kmkm/ros2_ws/install/planning_msgs/share/planning_msgs/cmake/ament_cmake_export_targets-extras.cmake
-- Up-to-date: /home/kmkm/ros2_ws/install/planning_msgs/share/planning_msgs/cmake/rosidl_cmake_export_typesupport_targets-extras.cmake
-- Up-to-date: /home/kmkm/ros2_ws/install/planning_msgs/share/planning_msgs/cmake/ament_cmake_export_dependencies-extras.cmake
-- Up-to-date: /home/kmkm/ros2_ws/install/planning_msgs/share/planning_msgs/cmake/rosidl_cmake_export_typesupport_libraries-extras.cmake
-- Up-to-date: /home/kmkm/ros2_ws/install/planning_msgs/share/planning_msgs/cmake/planning_msgsConfig.cmake
-- Up-to-date: /home/kmkm/ros2_ws/install/planning_msgs/share/planning_msgs/cmake/planning_msgsConfig-version.cmake
-- Up-to-date: /home/kmkm/ros2_ws/install/planning_msgs/share/planning_msgs/package.xml
