[0.612s] Invoking command in '/home/kmkm/ros2_ws/src/local_planner': PYTHONPATH=/home/kmkm/ros2_ws/build/local_planner/prefix_override:/usr/lib/python3/dist-packages/colcon_core/task/python/colcon_distutils_commands:/home/kmkm/ros2_ws/install/local_planner/lib/python3.10/site-packages:${PYTHONPATH} /usr/bin/python3 -W ignore:setup.py install is deprecated -W ignore:easy_install command is deprecated setup.py egg_info --egg-base ../../build/local_planner build --build-base /home/kmkm/ros2_ws/build/local_planner/build install --record /home/kmkm/ros2_ws/build/local_planner/install.log --single-version-externally-managed install_data
[0.774s] running egg_info
[0.774s] writing ../../build/local_planner/local_planner.egg-info/PKG-INFO
[0.775s] writing dependency_links to ../../build/local_planner/local_planner.egg-info/dependency_links.txt
[0.775s] writing entry points to ../../build/local_planner/local_planner.egg-info/entry_points.txt
[0.775s] writing requirements to ../../build/local_planner/local_planner.egg-info/requires.txt
[0.775s] writing top-level names to ../../build/local_planner/local_planner.egg-info/top_level.txt
[0.777s] reading manifest file '../../build/local_planner/local_planner.egg-info/SOURCES.txt'
[0.777s] writing manifest file '../../build/local_planner/local_planner.egg-info/SOURCES.txt'
[0.778s] running build
[0.778s] running build_py
[0.778s] running install
[0.779s] running install_lib
[0.780s] running install_data
[0.781s] running install_egg_info
[0.782s] removing '/home/kmkm/ros2_ws/install/local_planner/lib/python3.10/site-packages/local_planner-0.0.0-py3.10.egg-info' (and everything under it)
[0.782s] Copying ../../build/local_planner/local_planner.egg-info to /home/kmkm/ros2_ws/install/local_planner/lib/python3.10/site-packages/local_planner-0.0.0-py3.10.egg-info
[0.783s] running install_scripts
[0.796s] Installing dummy_input_node script to /home/kmkm/ros2_ws/install/local_planner/lib/local_planner
[0.796s] Installing local_planner_node script to /home/kmkm/ros2_ws/install/local_planner/lib/local_planner
[0.796s] Installing mode_selector_node script to /home/kmkm/ros2_ws/install/local_planner/lib/local_planner
[0.796s] Installing plot_node script to /home/kmkm/ros2_ws/install/local_planner/lib/local_planner
[0.797s] writing list of installed files to '/home/kmkm/ros2_ws/build/local_planner/install.log'
[0.825s] Invoked command in '/home/kmkm/ros2_ws/src/local_planner' returned '0': PYTHONPATH=/home/kmkm/ros2_ws/build/local_planner/prefix_override:/usr/lib/python3/dist-packages/colcon_core/task/python/colcon_distutils_commands:/home/kmkm/ros2_ws/install/local_planner/lib/python3.10/site-packages:${PYTHONPATH} /usr/bin/python3 -W ignore:setup.py install is deprecated -W ignore:easy_install command is deprecated setup.py egg_info --egg-base ../../build/local_planner build --build-base /home/kmkm/ros2_ws/build/local_planner/build install --record /home/kmkm/ros2_ws/build/local_planner/install.log --single-version-externally-managed install_data
