[0.599s] Invoking command in '/home/kmkm/ros2_ws/src/local_planner': AMENT_PREFIX_PATH=/home/kmkm/ros2_ws/install/planning_msgs:${AMENT_PREFIX_PATH} CMAKE_PREFIX_PATH=/home/kmkm/ros2_ws/install/planning_msgs:${CMAKE_PREFIX_PATH} LD_LIBRARY_PATH=/home/kmkm/ros2_ws/install/planning_msgs/lib:${LD_LIBRARY_PATH} PYTHONPATH=/home/kmkm/ros2_ws/build/local_planner/prefix_override:/usr/lib/python3/dist-packages/colcon_core/task/python/colcon_distutils_commands:/home/kmkm/ros2_ws/install/local_planner/lib/python3.10/site-packages:/home/kmkm/ros2_ws/install/planning_msgs/local/lib/python3.10/dist-packages:${PYTHONPATH} /usr/bin/python3 -W ignore:setup.py install is deprecated -W ignore:easy_install command is deprecated setup.py egg_info --egg-base ../../build/local_planner build --build-base /home/kmkm/ros2_ws/build/local_planner/build install --record /home/kmkm/ros2_ws/build/local_planner/install.log --single-version-externally-managed install_data
[0.763s] running egg_info
[0.764s] writing ../../build/local_planner/local_planner.egg-info/PKG-INFO
[0.764s] writing dependency_links to ../../build/local_planner/local_planner.egg-info/dependency_links.txt
[0.764s] writing entry points to ../../build/local_planner/local_planner.egg-info/entry_points.txt
[0.765s] writing requirements to ../../build/local_planner/local_planner.egg-info/requires.txt
[0.765s] writing top-level names to ../../build/local_planner/local_planner.egg-info/top_level.txt
[0.766s] reading manifest file '../../build/local_planner/local_planner.egg-info/SOURCES.txt'
[0.767s] writing manifest file '../../build/local_planner/local_planner.egg-info/SOURCES.txt'
[0.767s] running build
[0.767s] running build_py
[0.768s] running install
[0.768s] running install_lib
[0.770s] running install_data
[0.770s] running install_egg_info
[0.772s] removing '/home/kmkm/ros2_ws/install/local_planner/lib/python3.10/site-packages/local_planner-0.0.0-py3.10.egg-info' (and everything under it)
[0.772s] Copying ../../build/local_planner/local_planner.egg-info to /home/kmkm/ros2_ws/install/local_planner/lib/python3.10/site-packages/local_planner-0.0.0-py3.10.egg-info
[0.772s] running install_scripts
[0.788s] Installing dummy_input_node script to /home/kmkm/ros2_ws/install/local_planner/lib/local_planner
[0.788s] Installing local_planner_node script to /home/kmkm/ros2_ws/install/local_planner/lib/local_planner
[0.788s] Installing mode_selector_node script to /home/kmkm/ros2_ws/install/local_planner/lib/local_planner
[0.788s] Installing plot_node script to /home/kmkm/ros2_ws/install/local_planner/lib/local_planner
[0.788s] writing list of installed files to '/home/kmkm/ros2_ws/build/local_planner/install.log'
[0.812s] Invoked command in '/home/kmkm/ros2_ws/src/local_planner' returned '0': AMENT_PREFIX_PATH=/home/kmkm/ros2_ws/install/planning_msgs:${AMENT_PREFIX_PATH} CMAKE_PREFIX_PATH=/home/kmkm/ros2_ws/install/planning_msgs:${CMAKE_PREFIX_PATH} LD_LIBRARY_PATH=/home/kmkm/ros2_ws/install/planning_msgs/lib:${LD_LIBRARY_PATH} PYTHONPATH=/home/kmkm/ros2_ws/build/local_planner/prefix_override:/usr/lib/python3/dist-packages/colcon_core/task/python/colcon_distutils_commands:/home/kmkm/ros2_ws/install/local_planner/lib/python3.10/site-packages:/home/kmkm/ros2_ws/install/planning_msgs/local/lib/python3.10/dist-packages:${PYTHONPATH} /usr/bin/python3 -W ignore:setup.py install is deprecated -W ignore:easy_install command is deprecated setup.py egg_info --egg-base ../../build/local_planner build --build-base /home/kmkm/ros2_ws/build/local_planner/build install --record /home/kmkm/ros2_ws/build/local_planner/install.log --single-version-externally-managed install_data
