running develop
running egg_info
creating localization.egg-info
writing localization.egg-info/PKG-INFO
writing dependency_links to localization.egg-info/dependency_links.txt
writing entry points to localization.egg-info/entry_points.txt
writing requirements to localization.egg-info/requires.txt
writing top-level names to localization.egg-info/top_level.txt
writing manifest file 'localization.egg-info/SOURCES.txt'
reading manifest file 'localization.egg-info/SOURCES.txt'
writing manifest file 'localization.egg-info/SOURCES.txt'
running build_ext
Creating /home/mds/autocar-erp/autocar-erp-main/install/localization/lib/python3.10/site-packages/localization.egg-link (link to .)
Installing encoder script to /home/mds/autocar-erp/autocar-erp-main/install/localization/lib/localization
Installing localization script to /home/mds/autocar-erp/autocar-erp-main/install/localization/lib/localization
Installing odometry script to /home/mds/autocar-erp/autocar-erp-main/install/localization/lib/localization
Installing odometry_ekf script to /home/mds/autocar-erp/autocar-erp-main/install/localization/lib/localization

Installed /home/mds/autocar-erp/autocar-erp-main/build/localization
running symlink_data
creating /home/mds/autocar-erp/autocar-erp-main/install/localization/share/ament_index
creating /home/mds/autocar-erp/autocar-erp-main/install/localization/share/ament_index/resource_index
creating /home/mds/autocar-erp/autocar-erp-main/install/localization/share/ament_index/resource_index/packages
symbolically linking /home/mds/autocar-erp/autocar-erp-main/build/localization/resource/localization -> /home/mds/autocar-erp/autocar-erp-main/install/localization/share/ament_index/resource_index/packages
symbolically linking /home/mds/autocar-erp/autocar-erp-main/build/localization/package.xml -> /home/mds/autocar-erp/autocar-erp-main/install/localization/share/localization
