[1.290s] Invoking command in '/home/mds/autocar-erp/autocar-erp-main/build/localization': PYTHONPATH=/home/mds/autocar-erp/autocar-erp-main/build/localization/prefix_override:/usr/lib/python3/dist-packages/colcon_core/task/python/colcon_distutils_commands:/home/mds/autocar-erp/autocar-erp-main/install/localization/lib/python3.10/site-packages:${PYTHONPATH} /usr/bin/python3 -W ignore:setup.py install is deprecated -W ignore:easy_install command is deprecated setup.py develop --editable --build-directory /home/mds/autocar-erp/autocar-erp-main/build/localization/build --no-deps symlink_data
[1.537s] running develop
[1.662s] running egg_info
[1.663s] creating localization.egg-info
[1.663s] writing localization.egg-info/PKG-INFO
[1.663s] writing dependency_links to localization.egg-info/dependency_links.txt
[1.663s] writing entry points to localization.egg-info/entry_points.txt
[1.663s] writing requirements to localization.egg-info/requires.txt
[1.663s] writing top-level names to localization.egg-info/top_level.txt
[1.663s] writing manifest file 'localization.egg-info/SOURCES.txt'
[1.664s] reading manifest file 'localization.egg-info/SOURCES.txt'
[1.664s] writing manifest file 'localization.egg-info/SOURCES.txt'
[1.692s] running build_ext
[1.693s] Creating /home/mds/autocar-erp/autocar-erp-main/install/localization/lib/python3.10/site-packages/localization.egg-link (link to .)
[1.693s] Installing encoder script to /home/mds/autocar-erp/autocar-erp-main/install/localization/lib/localization
[1.693s] Installing localization script to /home/mds/autocar-erp/autocar-erp-main/install/localization/lib/localization
[1.693s] Installing odometry script to /home/mds/autocar-erp/autocar-erp-main/install/localization/lib/localization
[1.693s] Installing odometry_ekf script to /home/mds/autocar-erp/autocar-erp-main/install/localization/lib/localization
[1.693s] 
[1.694s] Installed /home/mds/autocar-erp/autocar-erp-main/build/localization
[1.694s] running symlink_data
[1.694s] creating /home/mds/autocar-erp/autocar-erp-main/install/localization/share/ament_index
[1.694s] creating /home/mds/autocar-erp/autocar-erp-main/install/localization/share/ament_index/resource_index
[1.694s] creating /home/mds/autocar-erp/autocar-erp-main/install/localization/share/ament_index/resource_index/packages
[1.694s] symbolically linking /home/mds/autocar-erp/autocar-erp-main/build/localization/resource/localization -> /home/mds/autocar-erp/autocar-erp-main/install/localization/share/ament_index/resource_index/packages
[1.694s] symbolically linking /home/mds/autocar-erp/autocar-erp-main/build/localization/package.xml -> /home/mds/autocar-erp/autocar-erp-main/install/localization/share/localization
[1.721s] Invoked command in '/home/mds/autocar-erp/autocar-erp-main/build/localization' returned '0': PYTHONPATH=/home/mds/autocar-erp/autocar-erp-main/build/localization/prefix_override:/usr/lib/python3/dist-packages/colcon_core/task/python/colcon_distutils_commands:/home/mds/autocar-erp/autocar-erp-main/install/localization/lib/python3.10/site-packages:${PYTHONPATH} /usr/bin/python3 -W ignore:setup.py install is deprecated -W ignore:easy_install command is deprecated setup.py develop --editable --build-directory /home/mds/autocar-erp/autocar-erp-main/build/localization/build --no-deps symlink_data
