[35m[1mConsolidate compiler generated dependencies of target carla_ackermann_msgs__rosidl_generator_c[0m
[  1%] Built target carla_ackermann_msgs__cpp
[ 12%] Built target carla_ackermann_msgs__rosidl_generator_c
[ 12%] Built target ament_cmake_python_symlink_carla_ackermann_msgs
[35m[1mConsolidate compiler generated dependencies of target carla_ackermann_msgs__rosidl_typesupport_c[0m
[35m[1mConsolidate compiler generated dependencies of target carla_ackermann_msgs__rosidl_typesupport_introspection_c[0m
[35m[1mConsolidate compiler generated dependencies of target carla_ackermann_msgs__rosidl_typesupport_fastrtps_c[0m
[35m[1mConsolidate compiler generated dependencies of target carla_ackermann_msgs__rosidl_typesupport_fastrtps_cpp[0m
[35m[1mConsolidate compiler generated dependencies of target carla_ackermann_msgs__rosidl_typesupport_cpp[0m
[35m[1mConsolidate compiler generated dependencies of target carla_ackermann_msgs__rosidl_typesupport_introspection_cpp[0m
[ 36%] Built target carla_ackermann_msgs__rosidl_typesupport_introspection_c
[ 36%] Built target carla_ackermann_msgs__rosidl_typesupport_cpp
[ 46%] Built target carla_ackermann_msgs__rosidl_typesupport_fastrtps_cpp
[ 68%] Built target carla_ackermann_msgs__rosidl_typesupport_introspection_cpp
[ 68%] Built target carla_ackermann_msgs__rosidl_typesupport_c
[ 79%] Built target carla_ackermann_msgs__rosidl_typesupport_fastrtps_c
[ 79%] Built target carla_ackermann_msgs
[ 80%] Built target carla_ackermann_msgs__py
[35m[1mConsolidate compiler generated dependencies of target carla_ackermann_msgs__rosidl_generator_py[0m
[ 90%] Built target carla_ackermann_msgs__rosidl_generator_py
[35m[1mConsolidate compiler generated dependencies of target carla_ackermann_msgs__rosidl_typesupport_fastrtps_c__pyext[0m
[35m[1mConsolidate compiler generated dependencies of target carla_ackermann_msgs__rosidl_typesupport_introspection_c__pyext[0m
[35m[1mConsolidate compiler generated dependencies of target carla_ackermann_msgs__rosidl_typesupport_c__pyext[0m
[ 96%] Built target carla_ackermann_msgs__rosidl_typesupport_fastrtps_c__pyext
[ 96%] Built target carla_ackermann_msgs__rosidl_typesupport_introspection_c__pyext
[100%] Built target carla_ackermann_msgs__rosidl_typesupport_c__pyext
running egg_info
writing carla_ackermann_msgs.egg-info/PKG-INFO
writing dependency_links to carla_ackermann_msgs.egg-info/dependency_links.txt
writing top-level names to carla_ackermann_msgs.egg-info/top_level.txt
reading manifest file 'carla_ackermann_msgs.egg-info/SOURCES.txt'
writing manifest file 'carla_ackermann_msgs.egg-info/SOURCES.txt'
[100%] Built target ament_cmake_python_build_carla_ackermann_msgs_egg
-- Install configuration: ""
-- Execute custom install script
-- Symlinking: /home/hmmdyn/autocar-erp/install/carla_ackermann_msgs/share/ament_index/resource_index/rosidl_interfaces/carla_ackermann_msgs
-- Symlinking: /home/hmmdyn/autocar-erp/install/carla_ackermann_msgs/include/carla_ackermann_msgs/carla_ackermann_msgs/msg/detail/ego_vehicle_control_current__functions.h
-- Symlinking: /home/hmmdyn/autocar-erp/install/carla_ackermann_msgs/include/carla_ackermann_msgs/carla_ackermann_msgs/msg/detail/ego_vehicle_control_current__struct.h
-- Symlinking: /home/hmmdyn/autocar-erp/install/carla_ackermann_msgs/include/carla_ackermann_msgs/carla_ackermann_msgs/msg/detail/ego_vehicle_control_current__type_support.h
-- Symlinking: /home/hmmdyn/autocar-erp/install/carla_ackermann_msgs/include/carla_ackermann_msgs/carla_ackermann_msgs/msg/detail/ego_vehicle_control_info__functions.h
-- Symlinking: /home/hmmdyn/autocar-erp/install/carla_ackermann_msgs/include/carla_ackermann_msgs/carla_ackermann_msgs/msg/detail/ego_vehicle_control_info__struct.h
-- Symlinking: /home/hmmdyn/autocar-erp/install/carla_ackermann_msgs/include/carla_ackermann_msgs/carla_ackermann_msgs/msg/detail/ego_vehicle_control_info__type_support.h
-- Symlinking: /home/hmmdyn/autocar-erp/install/carla_ackermann_msgs/include/carla_ackermann_msgs/carla_ackermann_msgs/msg/detail/ego_vehicle_control_maxima__functions.h
-- Symlinking: /home/hmmdyn/autocar-erp/install/carla_ackermann_msgs/include/carla_ackermann_msgs/carla_ackermann_msgs/msg/detail/ego_vehicle_control_maxima__struct.h
-- Symlinking: /home/hmmdyn/autocar-erp/install/carla_ackermann_msgs/include/carla_ackermann_msgs/carla_ackermann_msgs/msg/detail/ego_vehicle_control_maxima__type_support.h
-- Symlinking: /home/hmmdyn/autocar-erp/install/carla_ackermann_msgs/include/carla_ackermann_msgs/carla_ackermann_msgs/msg/detail/ego_vehicle_control_status__functions.h
-- Symlinking: /home/hmmdyn/autocar-erp/install/carla_ackermann_msgs/include/carla_ackermann_msgs/carla_ackermann_msgs/msg/detail/ego_vehicle_control_status__struct.h
-- Symlinking: /home/hmmdyn/autocar-erp/install/carla_ackermann_msgs/include/carla_ackermann_msgs/carla_ackermann_msgs/msg/detail/ego_vehicle_control_status__type_support.h
-- Symlinking: /home/hmmdyn/autocar-erp/install/carla_ackermann_msgs/include/carla_ackermann_msgs/carla_ackermann_msgs/msg/detail/ego_vehicle_control_target__functions.h
-- Symlinking: /home/hmmdyn/autocar-erp/install/carla_ackermann_msgs/include/carla_ackermann_msgs/carla_ackermann_msgs/msg/detail/ego_vehicle_control_target__struct.h
-- Symlinking: /home/hmmdyn/autocar-erp/install/carla_ackermann_msgs/include/carla_ackermann_msgs/carla_ackermann_msgs/msg/detail/ego_vehicle_control_target__type_support.h
-- Symlinking: /home/hmmdyn/autocar-erp/install/carla_ackermann_msgs/include/carla_ackermann_msgs/carla_ackermann_msgs/msg/ego_vehicle_control_current.h
-- Symlinking: /home/hmmdyn/autocar-erp/install/carla_ackermann_msgs/include/carla_ackermann_msgs/carla_ackermann_msgs/msg/ego_vehicle_control_info.h
-- Symlinking: /home/hmmdyn/autocar-erp/install/carla_ackermann_msgs/include/carla_ackermann_msgs/carla_ackermann_msgs/msg/ego_vehicle_control_maxima.h
-- Symlinking: /home/hmmdyn/autocar-erp/install/carla_ackermann_msgs/include/carla_ackermann_msgs/carla_ackermann_msgs/msg/ego_vehicle_control_status.h
-- Symlinking: /home/hmmdyn/autocar-erp/install/carla_ackermann_msgs/include/carla_ackermann_msgs/carla_ackermann_msgs/msg/ego_vehicle_control_target.h
-- Symlinking: /home/hmmdyn/autocar-erp/install/carla_ackermann_msgs/include/carla_ackermann_msgs/carla_ackermann_msgs/msg/rosidl_generator_c__visibility_control.h
-- Symlinking: /home/hmmdyn/autocar-erp/install/carla_ackermann_msgs/share/carla_ackermann_msgs/environment/library_path.sh
-- Symlinking: /home/hmmdyn/autocar-erp/install/carla_ackermann_msgs/share/carla_ackermann_msgs/environment/library_path.dsv
-- Symlinking: /home/hmmdyn/autocar-erp/install/carla_ackermann_msgs/include/carla_ackermann_msgs/carla_ackermann_msgs/msg/detail/ego_vehicle_control_current__rosidl_typesupport_fastrtps_c.h
-- Symlinking: /home/hmmdyn/autocar-erp/install/carla_ackermann_msgs/include/carla_ackermann_msgs/carla_ackermann_msgs/msg/detail/ego_vehicle_control_info__rosidl_typesupport_fastrtps_c.h
-- Symlinking: /home/hmmdyn/autocar-erp/install/carla_ackermann_msgs/include/carla_ackermann_msgs/carla_ackermann_msgs/msg/detail/ego_vehicle_control_maxima__rosidl_typesupport_fastrtps_c.h
-- Symlinking: /home/hmmdyn/autocar-erp/install/carla_ackermann_msgs/include/carla_ackermann_msgs/carla_ackermann_msgs/msg/detail/ego_vehicle_control_status__rosidl_typesupport_fastrtps_c.h
-- Symlinking: /home/hmmdyn/autocar-erp/install/carla_ackermann_msgs/include/carla_ackermann_msgs/carla_ackermann_msgs/msg/detail/ego_vehicle_control_target__rosidl_typesupport_fastrtps_c.h
-- Symlinking: /home/hmmdyn/autocar-erp/install/carla_ackermann_msgs/include/carla_ackermann_msgs/carla_ackermann_msgs/msg/rosidl_typesupport_fastrtps_c__visibility_control.h
-- Symlinking: /home/hmmdyn/autocar-erp/install/carla_ackermann_msgs/include/carla_ackermann_msgs/carla_ackermann_msgs/msg/detail/ego_vehicle_control_current__builder.hpp
-- Symlinking: /home/hmmdyn/autocar-erp/install/carla_ackermann_msgs/include/carla_ackermann_msgs/carla_ackermann_msgs/msg/detail/ego_vehicle_control_current__struct.hpp
-- Symlinking: /home/hmmdyn/autocar-erp/install/carla_ackermann_msgs/include/carla_ackermann_msgs/carla_ackermann_msgs/msg/detail/ego_vehicle_control_current__traits.hpp
-- Symlinking: /home/hmmdyn/autocar-erp/install/carla_ackermann_msgs/include/carla_ackermann_msgs/carla_ackermann_msgs/msg/detail/ego_vehicle_control_current__type_support.hpp
-- Symlinking: /home/hmmdyn/autocar-erp/install/carla_ackermann_msgs/include/carla_ackermann_msgs/carla_ackermann_msgs/msg/detail/ego_vehicle_control_info__builder.hpp
-- Symlinking: /home/hmmdyn/autocar-erp/install/carla_ackermann_msgs/include/carla_ackermann_msgs/carla_ackermann_msgs/msg/detail/ego_vehicle_control_info__struct.hpp
-- Symlinking: /home/hmmdyn/autocar-erp/install/carla_ackermann_msgs/include/carla_ackermann_msgs/carla_ackermann_msgs/msg/detail/ego_vehicle_control_info__traits.hpp
-- Symlinking: /home/hmmdyn/autocar-erp/install/carla_ackermann_msgs/include/carla_ackermann_msgs/carla_ackermann_msgs/msg/detail/ego_vehicle_control_info__type_support.hpp
-- Symlinking: /home/hmmdyn/autocar-erp/install/carla_ackermann_msgs/include/carla_ackermann_msgs/carla_ackermann_msgs/msg/detail/ego_vehicle_control_maxima__builder.hpp
-- Symlinking: /home/hmmdyn/autocar-erp/install/carla_ackermann_msgs/include/carla_ackermann_msgs/carla_ackermann_msgs/msg/detail/ego_vehicle_control_maxima__struct.hpp
-- Symlinking: /home/hmmdyn/autocar-erp/install/carla_ackermann_msgs/include/carla_ackermann_msgs/carla_ackermann_msgs/msg/detail/ego_vehicle_control_maxima__traits.hpp
-- Symlinking: /home/hmmdyn/autocar-erp/install/carla_ackermann_msgs/include/carla_ackermann_msgs/carla_ackermann_msgs/msg/detail/ego_vehicle_control_maxima__type_support.hpp
-- Symlinking: /home/hmmdyn/autocar-erp/install/carla_ackermann_msgs/include/carla_ackermann_msgs/carla_ackermann_msgs/msg/detail/ego_vehicle_control_status__builder.hpp
-- Symlinking: /home/hmmdyn/autocar-erp/install/carla_ackermann_msgs/include/carla_ackermann_msgs/carla_ackermann_msgs/msg/detail/ego_vehicle_control_status__struct.hpp
-- Symlinking: /home/hmmdyn/autocar-erp/install/carla_ackermann_msgs/include/carla_ackermann_msgs/carla_ackermann_msgs/msg/detail/ego_vehicle_control_status__traits.hpp
-- Symlinking: /home/hmmdyn/autocar-erp/install/carla_ackermann_msgs/include/carla_ackermann_msgs/carla_ackermann_msgs/msg/detail/ego_vehicle_control_status__type_support.hpp
-- Symlinking: /home/hmmdyn/autocar-erp/install/carla_ackermann_msgs/include/carla_ackermann_msgs/carla_ackermann_msgs/msg/detail/ego_vehicle_control_target__builder.hpp
-- Symlinking: /home/hmmdyn/autocar-erp/install/carla_ackermann_msgs/include/carla_ackermann_msgs/carla_ackermann_msgs/msg/detail/ego_vehicle_control_target__struct.hpp
-- Symlinking: /home/hmmdyn/autocar-erp/install/carla_ackermann_msgs/include/carla_ackermann_msgs/carla_ackermann_msgs/msg/detail/ego_vehicle_control_target__traits.hpp
-- Symlinking: /home/hmmdyn/autocar-erp/install/carla_ackermann_msgs/include/carla_ackermann_msgs/carla_ackermann_msgs/msg/detail/ego_vehicle_control_target__type_support.hpp
-- Symlinking: /home/hmmdyn/autocar-erp/install/carla_ackermann_msgs/include/carla_ackermann_msgs/carla_ackermann_msgs/msg/ego_vehicle_control_current.hpp
-- Symlinking: /home/hmmdyn/autocar-erp/install/carla_ackermann_msgs/include/carla_ackermann_msgs/carla_ackermann_msgs/msg/ego_vehicle_control_info.hpp
-- Symlinking: /home/hmmdyn/autocar-erp/install/carla_ackermann_msgs/include/carla_ackermann_msgs/carla_ackermann_msgs/msg/ego_vehicle_control_maxima.hpp
-- Symlinking: /home/hmmdyn/autocar-erp/install/carla_ackermann_msgs/include/carla_ackermann_msgs/carla_ackermann_msgs/msg/ego_vehicle_control_status.hpp
-- Symlinking: /home/hmmdyn/autocar-erp/install/carla_ackermann_msgs/include/carla_ackermann_msgs/carla_ackermann_msgs/msg/ego_vehicle_control_target.hpp
-- Symlinking: /home/hmmdyn/autocar-erp/install/carla_ackermann_msgs/include/carla_ackermann_msgs/carla_ackermann_msgs/msg/rosidl_generator_cpp__visibility_control.hpp
-- Symlinking: /home/hmmdyn/autocar-erp/install/carla_ackermann_msgs/include/carla_ackermann_msgs/carla_ackermann_msgs/msg/detail/ego_vehicle_control_current__rosidl_typesupport_fastrtps_cpp.hpp
-- Symlinking: /home/hmmdyn/autocar-erp/install/carla_ackermann_msgs/include/carla_ackermann_msgs/carla_ackermann_msgs/msg/detail/ego_vehicle_control_info__rosidl_typesupport_fastrtps_cpp.hpp
-- Symlinking: /home/hmmdyn/autocar-erp/install/carla_ackermann_msgs/include/carla_ackermann_msgs/carla_ackermann_msgs/msg/detail/ego_vehicle_control_maxima__rosidl_typesupport_fastrtps_cpp.hpp
-- Symlinking: /home/hmmdyn/autocar-erp/install/carla_ackermann_msgs/include/carla_ackermann_msgs/carla_ackermann_msgs/msg/detail/ego_vehicle_control_status__rosidl_typesupport_fastrtps_cpp.hpp
-- Symlinking: /home/hmmdyn/autocar-erp/install/carla_ackermann_msgs/include/carla_ackermann_msgs/carla_ackermann_msgs/msg/detail/ego_vehicle_control_target__rosidl_typesupport_fastrtps_cpp.hpp
-- Symlinking: /home/hmmdyn/autocar-erp/install/carla_ackermann_msgs/include/carla_ackermann_msgs/carla_ackermann_msgs/msg/rosidl_typesupport_fastrtps_cpp__visibility_control.h
-- Symlinking: /home/hmmdyn/autocar-erp/install/carla_ackermann_msgs/include/carla_ackermann_msgs/carla_ackermann_msgs/msg/detail/ego_vehicle_control_current__rosidl_typesupport_introspection_c.h
-- Symlinking: /home/hmmdyn/autocar-erp/install/carla_ackermann_msgs/include/carla_ackermann_msgs/carla_ackermann_msgs/msg/detail/ego_vehicle_control_info__rosidl_typesupport_introspection_c.h
-- Symlinking: /home/hmmdyn/autocar-erp/install/carla_ackermann_msgs/include/carla_ackermann_msgs/carla_ackermann_msgs/msg/detail/ego_vehicle_control_maxima__rosidl_typesupport_introspection_c.h
-- Symlinking: /home/hmmdyn/autocar-erp/install/carla_ackermann_msgs/include/carla_ackermann_msgs/carla_ackermann_msgs/msg/detail/ego_vehicle_control_status__rosidl_typesupport_introspection_c.h
-- Symlinking: /home/hmmdyn/autocar-erp/install/carla_ackermann_msgs/include/carla_ackermann_msgs/carla_ackermann_msgs/msg/detail/ego_vehicle_control_target__rosidl_typesupport_introspection_c.h
-- Symlinking: /home/hmmdyn/autocar-erp/install/carla_ackermann_msgs/include/carla_ackermann_msgs/carla_ackermann_msgs/msg/rosidl_typesupport_introspection_c__visibility_control.h
-- Symlinking: /home/hmmdyn/autocar-erp/install/carla_ackermann_msgs/include/carla_ackermann_msgs/carla_ackermann_msgs/msg/detail/ego_vehicle_control_current__rosidl_typesupport_introspection_cpp.hpp
-- Symlinking: /home/hmmdyn/autocar-erp/install/carla_ackermann_msgs/include/carla_ackermann_msgs/carla_ackermann_msgs/msg/detail/ego_vehicle_control_info__rosidl_typesupport_introspection_cpp.hpp
-- Symlinking: /home/hmmdyn/autocar-erp/install/carla_ackermann_msgs/include/carla_ackermann_msgs/carla_ackermann_msgs/msg/detail/ego_vehicle_control_maxima__rosidl_typesupport_introspection_cpp.hpp
-- Symlinking: /home/hmmdyn/autocar-erp/install/carla_ackermann_msgs/include/carla_ackermann_msgs/carla_ackermann_msgs/msg/detail/ego_vehicle_control_status__rosidl_typesupport_introspection_cpp.hpp
-- Symlinking: /home/hmmdyn/autocar-erp/install/carla_ackermann_msgs/include/carla_ackermann_msgs/carla_ackermann_msgs/msg/detail/ego_vehicle_control_target__rosidl_typesupport_introspection_cpp.hpp
-- Symlinking: /home/hmmdyn/autocar-erp/install/carla_ackermann_msgs/share/carla_ackermann_msgs/environment/pythonpath.sh
-- Symlinking: /home/hmmdyn/autocar-erp/install/carla_ackermann_msgs/share/carla_ackermann_msgs/environment/pythonpath.dsv
-- Symlinking: /home/hmmdyn/autocar-erp/install/carla_ackermann_msgs/local/lib/python3.10/dist-packages/carla_ackermann_msgs-1.0.0-py3.10.egg-info/PKG-INFO
-- Symlinking: /home/hmmdyn/autocar-erp/install/carla_ackermann_msgs/local/lib/python3.10/dist-packages/carla_ackermann_msgs-1.0.0-py3.10.egg-info/SOURCES.txt
-- Symlinking: /home/hmmdyn/autocar-erp/install/carla_ackermann_msgs/local/lib/python3.10/dist-packages/carla_ackermann_msgs-1.0.0-py3.10.egg-info/dependency_links.txt
-- Symlinking: /home/hmmdyn/autocar-erp/install/carla_ackermann_msgs/local/lib/python3.10/dist-packages/carla_ackermann_msgs-1.0.0-py3.10.egg-info/top_level.txt
-- Symlinking: /home/hmmdyn/autocar-erp/install/carla_ackermann_msgs/local/lib/python3.10/dist-packages/carla_ackermann_msgs/__init__.py
-- Symlinking: /home/hmmdyn/autocar-erp/install/carla_ackermann_msgs/local/lib/python3.10/dist-packages/carla_ackermann_msgs/_carla_ackermann_msgs_s.ep.rosidl_typesupport_c.c
-- Symlinking: /home/hmmdyn/autocar-erp/install/carla_ackermann_msgs/local/lib/python3.10/dist-packages/carla_ackermann_msgs/_carla_ackermann_msgs_s.ep.rosidl_typesupport_fastrtps_c.c
-- Symlinking: /home/hmmdyn/autocar-erp/install/carla_ackermann_msgs/local/lib/python3.10/dist-packages/carla_ackermann_msgs/_carla_ackermann_msgs_s.ep.rosidl_typesupport_introspection_c.c
-- Symlinking: /home/hmmdyn/autocar-erp/install/carla_ackermann_msgs/local/lib/python3.10/dist-packages/carla_ackermann_msgs/carla_ackermann_msgs_s__rosidl_typesupport_c.cpython-310-x86_64-linux-gnu.so
-- Symlinking: /home/hmmdyn/autocar-erp/install/carla_ackermann_msgs/local/lib/python3.10/dist-packages/carla_ackermann_msgs/carla_ackermann_msgs_s__rosidl_typesupport_fastrtps_c.cpython-310-x86_64-linux-gnu.so
-- Symlinking: /home/hmmdyn/autocar-erp/install/carla_ackermann_msgs/local/lib/python3.10/dist-packages/carla_ackermann_msgs/carla_ackermann_msgs_s__rosidl_typesupport_introspection_c.cpython-310-x86_64-linux-gnu.so
-- Symlinking: /home/hmmdyn/autocar-erp/install/carla_ackermann_msgs/local/lib/python3.10/dist-packages/carla_ackermann_msgs/libcarla_ackermann_msgs__rosidl_generator_py.so
-- Symlinking: /home/hmmdyn/autocar-erp/install/carla_ackermann_msgs/local/lib/python3.10/dist-packages/carla_ackermann_msgs/msg/__init__.py
-- Symlinking: /home/hmmdyn/autocar-erp/install/carla_ackermann_msgs/local/lib/python3.10/dist-packages/carla_ackermann_msgs/msg/_ego_vehicle_control_current.py
-- Symlinking: /home/hmmdyn/autocar-erp/install/carla_ackermann_msgs/local/lib/python3.10/dist-packages/carla_ackermann_msgs/msg/_ego_vehicle_control_current_s.c
-- Symlinking: /home/hmmdyn/autocar-erp/install/carla_ackermann_msgs/local/lib/python3.10/dist-packages/carla_ackermann_msgs/msg/_ego_vehicle_control_info.py
-- Symlinking: /home/hmmdyn/autocar-erp/install/carla_ackermann_msgs/local/lib/python3.10/dist-packages/carla_ackermann_msgs/msg/_ego_vehicle_control_info_s.c
-- Symlinking: /home/hmmdyn/autocar-erp/install/carla_ackermann_msgs/local/lib/python3.10/dist-packages/carla_ackermann_msgs/msg/_ego_vehicle_control_maxima.py
-- Symlinking: /home/hmmdyn/autocar-erp/install/carla_ackermann_msgs/local/lib/python3.10/dist-packages/carla_ackermann_msgs/msg/_ego_vehicle_control_maxima_s.c
-- Symlinking: /home/hmmdyn/autocar-erp/install/carla_ackermann_msgs/local/lib/python3.10/dist-packages/carla_ackermann_msgs/msg/_ego_vehicle_control_status.py
-- Symlinking: /home/hmmdyn/autocar-erp/install/carla_ackermann_msgs/local/lib/python3.10/dist-packages/carla_ackermann_msgs/msg/_ego_vehicle_control_status_s.c
-- Symlinking: /home/hmmdyn/autocar-erp/install/carla_ackermann_msgs/local/lib/python3.10/dist-packages/carla_ackermann_msgs/msg/_ego_vehicle_control_target.py
-- Symlinking: /home/hmmdyn/autocar-erp/install/carla_ackermann_msgs/local/lib/python3.10/dist-packages/carla_ackermann_msgs/msg/_ego_vehicle_control_target_s.c
-- Up-to-date symlink: /home/hmmdyn/autocar-erp/install/carla_ackermann_msgs/local/lib/python3.10/dist-packages/carla_ackermann_msgs/carla_ackermann_msgs_s__rosidl_typesupport_fastrtps_c.cpython-310-x86_64-linux-gnu.so
-- Up-to-date symlink: /home/hmmdyn/autocar-erp/install/carla_ackermann_msgs/local/lib/python3.10/dist-packages/carla_ackermann_msgs/carla_ackermann_msgs_s__rosidl_typesupport_introspection_c.cpython-310-x86_64-linux-gnu.so
-- Up-to-date symlink: /home/hmmdyn/autocar-erp/install/carla_ackermann_msgs/local/lib/python3.10/dist-packages/carla_ackermann_msgs/carla_ackermann_msgs_s__rosidl_typesupport_c.cpython-310-x86_64-linux-gnu.so
-- Symlinking: /home/hmmdyn/autocar-erp/install/carla_ackermann_msgs/share/carla_ackermann_msgs/msg/EgoVehicleControlInfo.idl
-- Symlinking: /home/hmmdyn/autocar-erp/install/carla_ackermann_msgs/share/carla_ackermann_msgs/msg/EgoVehicleControlCurrent.idl
-- Symlinking: /home/hmmdyn/autocar-erp/install/carla_ackermann_msgs/share/carla_ackermann_msgs/msg/EgoVehicleControlMaxima.idl
-- Symlinking: /home/hmmdyn/autocar-erp/install/carla_ackermann_msgs/share/carla_ackermann_msgs/msg/EgoVehicleControlStatus.idl
-- Symlinking: /home/hmmdyn/autocar-erp/install/carla_ackermann_msgs/share/carla_ackermann_msgs/msg/EgoVehicleControlTarget.idl
-- Symlinking: /home/hmmdyn/autocar-erp/install/carla_ackermann_msgs/share/carla_ackermann_msgs/msg/EgoVehicleControlInfo.msg
-- Symlinking: /home/hmmdyn/autocar-erp/install/carla_ackermann_msgs/share/carla_ackermann_msgs/msg/EgoVehicleControlCurrent.msg
-- Symlinking: /home/hmmdyn/autocar-erp/install/carla_ackermann_msgs/share/carla_ackermann_msgs/msg/EgoVehicleControlMaxima.msg
-- Symlinking: /home/hmmdyn/autocar-erp/install/carla_ackermann_msgs/share/carla_ackermann_msgs/msg/EgoVehicleControlStatus.msg
-- Symlinking: /home/hmmdyn/autocar-erp/install/carla_ackermann_msgs/share/carla_ackermann_msgs/msg/EgoVehicleControlTarget.msg
-- Symlinking: /home/hmmdyn/autocar-erp/install/carla_ackermann_msgs/share/ament_index/resource_index/package_run_dependencies/carla_ackermann_msgs
-- Symlinking: /home/hmmdyn/autocar-erp/install/carla_ackermann_msgs/share/ament_index/resource_index/parent_prefix_path/carla_ackermann_msgs
-- Symlinking: /home/hmmdyn/autocar-erp/install/carla_ackermann_msgs/share/carla_ackermann_msgs/environment/ament_prefix_path.sh
-- Symlinking: /home/hmmdyn/autocar-erp/install/carla_ackermann_msgs/share/carla_ackermann_msgs/environment/ament_prefix_path.dsv
-- Symlinking: /home/hmmdyn/autocar-erp/install/carla_ackermann_msgs/share/carla_ackermann_msgs/environment/path.sh
-- Symlinking: /home/hmmdyn/autocar-erp/install/carla_ackermann_msgs/share/carla_ackermann_msgs/environment/path.dsv
-- Symlinking: /home/hmmdyn/autocar-erp/install/carla_ackermann_msgs/share/carla_ackermann_msgs/local_setup.bash
-- Symlinking: /home/hmmdyn/autocar-erp/install/carla_ackermann_msgs/share/carla_ackermann_msgs/local_setup.sh
-- Symlinking: /home/hmmdyn/autocar-erp/install/carla_ackermann_msgs/share/carla_ackermann_msgs/local_setup.zsh
-- Symlinking: /home/hmmdyn/autocar-erp/install/carla_ackermann_msgs/share/carla_ackermann_msgs/local_setup.dsv
-- Symlinking: /home/hmmdyn/autocar-erp/install/carla_ackermann_msgs/share/carla_ackermann_msgs/package.dsv
-- Symlinking: /home/hmmdyn/autocar-erp/install/carla_ackermann_msgs/share/ament_index/resource_index/packages/carla_ackermann_msgs
-- Symlinking: /home/hmmdyn/autocar-erp/install/carla_ackermann_msgs/share/carla_ackermann_msgs/cmake/rosidl_cmake-extras.cmake
-- Symlinking: /home/hmmdyn/autocar-erp/install/carla_ackermann_msgs/share/carla_ackermann_msgs/cmake/ament_cmake_export_dependencies-extras.cmake
-- Symlinking: /home/hmmdyn/autocar-erp/install/carla_ackermann_msgs/share/carla_ackermann_msgs/cmake/ament_cmake_export_include_directories-extras.cmake
-- Symlinking: /home/hmmdyn/autocar-erp/install/carla_ackermann_msgs/share/carla_ackermann_msgs/cmake/ament_cmake_export_libraries-extras.cmake
-- Symlinking: /home/hmmdyn/autocar-erp/install/carla_ackermann_msgs/share/carla_ackermann_msgs/cmake/ament_cmake_export_targets-extras.cmake
-- Symlinking: /home/hmmdyn/autocar-erp/install/carla_ackermann_msgs/share/carla_ackermann_msgs/cmake/rosidl_cmake_export_typesupport_targets-extras.cmake
-- Symlinking: /home/hmmdyn/autocar-erp/install/carla_ackermann_msgs/share/carla_ackermann_msgs/cmake/rosidl_cmake_export_typesupport_libraries-extras.cmake
-- Symlinking: /home/hmmdyn/autocar-erp/install/carla_ackermann_msgs/share/carla_ackermann_msgs/cmake/carla_ackermann_msgsConfig.cmake
-- Symlinking: /home/hmmdyn/autocar-erp/install/carla_ackermann_msgs/share/carla_ackermann_msgs/cmake/carla_ackermann_msgsConfig-version.cmake
-- Symlinking: /home/hmmdyn/autocar-erp/install/carla_ackermann_msgs/share/carla_ackermann_msgs/package.xml
-- Installing: /home/hmmdyn/autocar-erp/install/carla_ackermann_msgs/lib/libcarla_ackermann_msgs__rosidl_generator_c.so
-- Set runtime path of "/home/hmmdyn/autocar-erp/install/carla_ackermann_msgs/lib/libcarla_ackermann_msgs__rosidl_generator_c.so" to ""
-- Installing: /home/hmmdyn/autocar-erp/install/carla_ackermann_msgs/lib/libcarla_ackermann_msgs__rosidl_typesupport_fastrtps_c.so
-- Set runtime path of "/home/hmmdyn/autocar-erp/install/carla_ackermann_msgs/lib/libcarla_ackermann_msgs__rosidl_typesupport_fastrtps_c.so" to ""
-- Installing: /home/hmmdyn/autocar-erp/install/carla_ackermann_msgs/lib/libcarla_ackermann_msgs__rosidl_typesupport_fastrtps_cpp.so
-- Set runtime path of "/home/hmmdyn/autocar-erp/install/carla_ackermann_msgs/lib/libcarla_ackermann_msgs__rosidl_typesupport_fastrtps_cpp.so" to ""
-- Installing: /home/hmmdyn/autocar-erp/install/carla_ackermann_msgs/lib/libcarla_ackermann_msgs__rosidl_typesupport_introspection_c.so
-- Set runtime path of "/home/hmmdyn/autocar-erp/install/carla_ackermann_msgs/lib/libcarla_ackermann_msgs__rosidl_typesupport_introspection_c.so" to ""
-- Installing: /home/hmmdyn/autocar-erp/install/carla_ackermann_msgs/lib/libcarla_ackermann_msgs__rosidl_typesupport_c.so
-- Set runtime path of "/home/hmmdyn/autocar-erp/install/carla_ackermann_msgs/lib/libcarla_ackermann_msgs__rosidl_typesupport_c.so" to ""
-- Installing: /home/hmmdyn/autocar-erp/install/carla_ackermann_msgs/lib/libcarla_ackermann_msgs__rosidl_typesupport_introspection_cpp.so
-- Set runtime path of "/home/hmmdyn/autocar-erp/install/carla_ackermann_msgs/lib/libcarla_ackermann_msgs__rosidl_typesupport_introspection_cpp.so" to ""
-- Installing: /home/hmmdyn/autocar-erp/install/carla_ackermann_msgs/lib/libcarla_ackermann_msgs__rosidl_typesupport_cpp.so
-- Set runtime path of "/home/hmmdyn/autocar-erp/install/carla_ackermann_msgs/lib/libcarla_ackermann_msgs__rosidl_typesupport_cpp.so" to ""
Listing '/home/hmmdyn/autocar-erp/install/carla_ackermann_msgs/local/lib/python3.10/dist-packages/carla_ackermann_msgs'...
Compiling '/home/hmmdyn/autocar-erp/install/carla_ackermann_msgs/local/lib/python3.10/dist-packages/carla_ackermann_msgs/__init__.py'...
Listing '/home/hmmdyn/autocar-erp/install/carla_ackermann_msgs/local/lib/python3.10/dist-packages/carla_ackermann_msgs/msg'...
Compiling '/home/hmmdyn/autocar-erp/install/carla_ackermann_msgs/local/lib/python3.10/dist-packages/carla_ackermann_msgs/msg/__init__.py'...
Compiling '/home/hmmdyn/autocar-erp/install/carla_ackermann_msgs/local/lib/python3.10/dist-packages/carla_ackermann_msgs/msg/_ego_vehicle_control_current.py'...
Compiling '/home/hmmdyn/autocar-erp/install/carla_ackermann_msgs/local/lib/python3.10/dist-packages/carla_ackermann_msgs/msg/_ego_vehicle_control_info.py'...
Compiling '/home/hmmdyn/autocar-erp/install/carla_ackermann_msgs/local/lib/python3.10/dist-packages/carla_ackermann_msgs/msg/_ego_vehicle_control_maxima.py'...
Compiling '/home/hmmdyn/autocar-erp/install/carla_ackermann_msgs/local/lib/python3.10/dist-packages/carla_ackermann_msgs/msg/_ego_vehicle_control_status.py'...
Compiling '/home/hmmdyn/autocar-erp/install/carla_ackermann_msgs/local/lib/python3.10/dist-packages/carla_ackermann_msgs/msg/_ego_vehicle_control_target.py'...
-- Installing: /home/hmmdyn/autocar-erp/install/carla_ackermann_msgs/lib/libcarla_ackermann_msgs__rosidl_generator_py.so
-- Set runtime path of "/home/hmmdyn/autocar-erp/install/carla_ackermann_msgs/lib/libcarla_ackermann_msgs__rosidl_generator_py.so" to ""
-- Installing: /home/hmmdyn/autocar-erp/install/carla_ackermann_msgs/share/carla_ackermann_msgs/cmake/export_carla_ackermann_msgs__rosidl_generator_cExport.cmake
-- Installing: /home/hmmdyn/autocar-erp/install/carla_ackermann_msgs/share/carla_ackermann_msgs/cmake/export_carla_ackermann_msgs__rosidl_generator_cExport-noconfig.cmake
-- Installing: /home/hmmdyn/autocar-erp/install/carla_ackermann_msgs/share/carla_ackermann_msgs/cmake/export_carla_ackermann_msgs__rosidl_typesupport_fastrtps_cExport.cmake
-- Installing: /home/hmmdyn/autocar-erp/install/carla_ackermann_msgs/share/carla_ackermann_msgs/cmake/export_carla_ackermann_msgs__rosidl_typesupport_fastrtps_cExport-noconfig.cmake
-- Installing: /home/hmmdyn/autocar-erp/install/carla_ackermann_msgs/share/carla_ackermann_msgs/cmake/export_carla_ackermann_msgs__rosidl_generator_cppExport.cmake
-- Installing: /home/hmmdyn/autocar-erp/install/carla_ackermann_msgs/share/carla_ackermann_msgs/cmake/export_carla_ackermann_msgs__rosidl_typesupport_fastrtps_cppExport.cmake
-- Installing: /home/hmmdyn/autocar-erp/install/carla_ackermann_msgs/share/carla_ackermann_msgs/cmake/export_carla_ackermann_msgs__rosidl_typesupport_fastrtps_cppExport-noconfig.cmake
-- Installing: /home/hmmdyn/autocar-erp/install/carla_ackermann_msgs/share/carla_ackermann_msgs/cmake/carla_ackermann_msgs__rosidl_typesupport_introspection_cExport.cmake
-- Installing: /home/hmmdyn/autocar-erp/install/carla_ackermann_msgs/share/carla_ackermann_msgs/cmake/carla_ackermann_msgs__rosidl_typesupport_introspection_cExport-noconfig.cmake
-- Installing: /home/hmmdyn/autocar-erp/install/carla_ackermann_msgs/share/carla_ackermann_msgs/cmake/carla_ackermann_msgs__rosidl_typesupport_cExport.cmake
-- Installing: /home/hmmdyn/autocar-erp/install/carla_ackermann_msgs/share/carla_ackermann_msgs/cmake/carla_ackermann_msgs__rosidl_typesupport_cExport-noconfig.cmake
-- Installing: /home/hmmdyn/autocar-erp/install/carla_ackermann_msgs/share/carla_ackermann_msgs/cmake/carla_ackermann_msgs__rosidl_typesupport_introspection_cppExport.cmake
-- Installing: /home/hmmdyn/autocar-erp/install/carla_ackermann_msgs/share/carla_ackermann_msgs/cmake/carla_ackermann_msgs__rosidl_typesupport_introspection_cppExport-noconfig.cmake
-- Installing: /home/hmmdyn/autocar-erp/install/carla_ackermann_msgs/share/carla_ackermann_msgs/cmake/carla_ackermann_msgs__rosidl_typesupport_cppExport.cmake
-- Installing: /home/hmmdyn/autocar-erp/install/carla_ackermann_msgs/share/carla_ackermann_msgs/cmake/carla_ackermann_msgs__rosidl_typesupport_cppExport-noconfig.cmake
-- Installing: /home/hmmdyn/autocar-erp/install/carla_ackermann_msgs/share/carla_ackermann_msgs/cmake/export_carla_ackermann_msgs__rosidl_generator_pyExport.cmake
-- Installing: /home/hmmdyn/autocar-erp/install/carla_ackermann_msgs/share/carla_ackermann_msgs/cmake/export_carla_ackermann_msgs__rosidl_generator_pyExport-noconfig.cmake
