[0.456s] Invoking command in '/home/hmmdyn/autocar-erp/build/carla_ackermann_msgs': CMAKE_PREFIX_PATH=/home/hmmdyn/autocar-erp/install/carla_msgs:/home/hmmdyn/autocar-erp/install/carla_ad_demo:/home/hmmdyn/autocar-erp/install/rviz_carla_plugin:/home/hmmdyn/autocar-erp/install/pcl_recorder:/home/hmmdyn/autocar-erp/install/launches:/home/hmmdyn/autocar-erp/install/carla_waypoint_types:/home/hmmdyn/autocar-erp/install/carla_ros_scenario_runner_types:/home/hmmdyn/autocar-erp/install/carla_ackermann_msgs:/home/hmmdyn/autocar-erp/install/autocar_nav:/home/hmmdyn/autocar-erp/install/autocar_msgs:/home/hmmdyn/autocar-erp/install/autocar_map:/home/hmmdyn/autocar-erp/install/autocar_gazebo:/home/hmmdyn/autocar-erp/install/autocar_description:/home/hmmdyn/autocar-erp/install/rqt_carla_control:/home/hmmdyn/autocar-erp/install/carla_waypoint_publisher:/home/hmmdyn/autocar-erp/install/carla_ackermann_control:/home/hmmdyn/autocar-erp/install/carla_ros_bridge:/home/hmmdyn/autocar-erp/install/carla_spawn_objects:/home/hmmdyn/autocar-erp/install/carla_manual_control:/home/hmmdyn/autocar-erp/install/carla_ad_agent:/home/hmmdyn/autocar-erp/install/ros_compatibility:/home/hmmdyn/autocar-erp/install/erp_control:/home/hmmdyn/autocar-erp/install/carla_walker_agent:/home/hmmdyn/autocar-erp/install/carla_twist_to_control:/home/hmmdyn/autocar-erp/install/carla_ros_scenario_runner:/home/hmmdyn/autocar-erp/install/carla_common:/opt/ros/humble LD_LIBRARY_PATH=/home/hmmdyn/autocar-erp/install/carla_msgs/lib:/home/hmmdyn/autocar-erp/install/rviz_carla_plugin/lib:/home/hmmdyn/autocar-erp/install/carla_waypoint_types/lib:/home/hmmdyn/autocar-erp/install/carla_ros_scenario_runner_types/lib:/home/hmmdyn/autocar-erp/install/carla_ackermann_msgs/lib:/home/hmmdyn/autocar-erp/install/autocar_msgs/lib:/opt/ros/humble/opt/rviz_ogre_vendor/lib:/opt/ros/humble/lib/x86_64-linux-gnu:/opt/ros/humble/lib /usr/bin/cmake --build /home/hmmdyn/autocar-erp/build/carla_ackermann_msgs -- -j12 -l12
[0.975s] [35m[1mConsolidate compiler generated dependencies of target carla_ackermann_msgs__rosidl_generator_c[0m
[0.975s] [  1%] Built target carla_ackermann_msgs__cpp
[0.976s] [ 12%] Built target carla_ackermann_msgs__rosidl_generator_c
[0.976s] [ 12%] Built target ament_cmake_python_symlink_carla_ackermann_msgs
[0.976s] [35m[1mConsolidate compiler generated dependencies of target carla_ackermann_msgs__rosidl_typesupport_c[0m
[0.976s] [35m[1mConsolidate compiler generated dependencies of target carla_ackermann_msgs__rosidl_typesupport_introspection_c[0m
[0.976s] [35m[1mConsolidate compiler generated dependencies of target carla_ackermann_msgs__rosidl_typesupport_fastrtps_c[0m
[0.976s] [35m[1mConsolidate compiler generated dependencies of target carla_ackermann_msgs__rosidl_typesupport_fastrtps_cpp[0m
[0.976s] [35m[1mConsolidate compiler generated dependencies of target carla_ackermann_msgs__rosidl_typesupport_cpp[0m
[0.976s] [35m[1mConsolidate compiler generated dependencies of target carla_ackermann_msgs__rosidl_typesupport_introspection_cpp[0m
[0.976s] [ 36%] Built target carla_ackermann_msgs__rosidl_typesupport_introspection_c
[0.976s] [ 36%] Built target carla_ackermann_msgs__rosidl_typesupport_cpp
[0.976s] [ 46%] Built target carla_ackermann_msgs__rosidl_typesupport_fastrtps_cpp
[0.976s] [ 68%] Built target carla_ackermann_msgs__rosidl_typesupport_introspection_cpp
[0.976s] [ 68%] Built target carla_ackermann_msgs__rosidl_typesupport_c
[0.976s] [ 79%] Built target carla_ackermann_msgs__rosidl_typesupport_fastrtps_c
[0.976s] [ 79%] Built target carla_ackermann_msgs
[0.976s] [ 80%] Built target carla_ackermann_msgs__py
[0.976s] [35m[1mConsolidate compiler generated dependencies of target carla_ackermann_msgs__rosidl_generator_py[0m
[0.977s] [ 90%] Built target carla_ackermann_msgs__rosidl_generator_py
[0.977s] [35m[1mConsolidate compiler generated dependencies of target carla_ackermann_msgs__rosidl_typesupport_fastrtps_c__pyext[0m
[0.977s] [35m[1mConsolidate compiler generated dependencies of target carla_ackermann_msgs__rosidl_typesupport_introspection_c__pyext[0m
[0.978s] [35m[1mConsolidate compiler generated dependencies of target carla_ackermann_msgs__rosidl_typesupport_c__pyext[0m
[0.978s] [ 96%] Built target carla_ackermann_msgs__rosidl_typesupport_fastrtps_c__pyext
[0.978s] [ 96%] Built target carla_ackermann_msgs__rosidl_typesupport_introspection_c__pyext
[0.978s] [100%] Built target carla_ackermann_msgs__rosidl_typesupport_c__pyext
[0.978s] running egg_info
[0.978s] writing carla_ackermann_msgs.egg-info/PKG-INFO
[0.978s] writing dependency_links to carla_ackermann_msgs.egg-info/dependency_links.txt
[0.978s] writing top-level names to carla_ackermann_msgs.egg-info/top_level.txt
[0.978s] reading manifest file 'carla_ackermann_msgs.egg-info/SOURCES.txt'
[0.978s] writing manifest file 'carla_ackermann_msgs.egg-info/SOURCES.txt'
[0.978s] [100%] Built target ament_cmake_python_build_carla_ackermann_msgs_egg
[1.201s] Invoked command in '/home/hmmdyn/autocar-erp/build/carla_ackermann_msgs' returned '0': CMAKE_PREFIX_PATH=/home/hmmdyn/autocar-erp/install/carla_msgs:/home/hmmdyn/autocar-erp/install/carla_ad_demo:/home/hmmdyn/autocar-erp/install/rviz_carla_plugin:/home/hmmdyn/autocar-erp/install/pcl_recorder:/home/hmmdyn/autocar-erp/install/launches:/home/hmmdyn/autocar-erp/install/carla_waypoint_types:/home/hmmdyn/autocar-erp/install/carla_ros_scenario_runner_types:/home/hmmdyn/autocar-erp/install/carla_ackermann_msgs:/home/hmmdyn/autocar-erp/install/autocar_nav:/home/hmmdyn/autocar-erp/install/autocar_msgs:/home/hmmdyn/autocar-erp/install/autocar_map:/home/hmmdyn/autocar-erp/install/autocar_gazebo:/home/hmmdyn/autocar-erp/install/autocar_description:/home/hmmdyn/autocar-erp/install/rqt_carla_control:/home/hmmdyn/autocar-erp/install/carla_waypoint_publisher:/home/hmmdyn/autocar-erp/install/carla_ackermann_control:/home/hmmdyn/autocar-erp/install/carla_ros_bridge:/home/hmmdyn/autocar-erp/install/carla_spawn_objects:/home/hmmdyn/autocar-erp/install/carla_manual_control:/home/hmmdyn/autocar-erp/install/carla_ad_agent:/home/hmmdyn/autocar-erp/install/ros_compatibility:/home/hmmdyn/autocar-erp/install/erp_control:/home/hmmdyn/autocar-erp/install/carla_walker_agent:/home/hmmdyn/autocar-erp/install/carla_twist_to_control:/home/hmmdyn/autocar-erp/install/carla_ros_scenario_runner:/home/hmmdyn/autocar-erp/install/carla_common:/opt/ros/humble LD_LIBRARY_PATH=/home/hmmdyn/autocar-erp/install/carla_msgs/lib:/home/hmmdyn/autocar-erp/install/rviz_carla_plugin/lib:/home/hmmdyn/autocar-erp/install/carla_waypoint_types/lib:/home/hmmdyn/autocar-erp/install/carla_ros_scenario_runner_types/lib:/home/hmmdyn/autocar-erp/install/carla_ackermann_msgs/lib:/home/hmmdyn/autocar-erp/install/autocar_msgs/lib:/opt/ros/humble/opt/rviz_ogre_vendor/lib:/opt/ros/humble/lib/x86_64-linux-gnu:/opt/ros/humble/lib /usr/bin/cmake --build /home/hmmdyn/autocar-erp/build/carla_ackermann_msgs -- -j12 -l12
[1.203s] Invoking command in '/home/hmmdyn/autocar-erp/build/carla_ackermann_msgs': CMAKE_PREFIX_PATH=/home/hmmdyn/autocar-erp/install/carla_msgs:/home/hmmdyn/autocar-erp/install/carla_ad_demo:/home/hmmdyn/autocar-erp/install/rviz_carla_plugin:/home/hmmdyn/autocar-erp/install/pcl_recorder:/home/hmmdyn/autocar-erp/install/launches:/home/hmmdyn/autocar-erp/install/carla_waypoint_types:/home/hmmdyn/autocar-erp/install/carla_ros_scenario_runner_types:/home/hmmdyn/autocar-erp/install/carla_ackermann_msgs:/home/hmmdyn/autocar-erp/install/autocar_nav:/home/hmmdyn/autocar-erp/install/autocar_msgs:/home/hmmdyn/autocar-erp/install/autocar_map:/home/hmmdyn/autocar-erp/install/autocar_gazebo:/home/hmmdyn/autocar-erp/install/autocar_description:/home/hmmdyn/autocar-erp/install/rqt_carla_control:/home/hmmdyn/autocar-erp/install/carla_waypoint_publisher:/home/hmmdyn/autocar-erp/install/carla_ackermann_control:/home/hmmdyn/autocar-erp/install/carla_ros_bridge:/home/hmmdyn/autocar-erp/install/carla_spawn_objects:/home/hmmdyn/autocar-erp/install/carla_manual_control:/home/hmmdyn/autocar-erp/install/carla_ad_agent:/home/hmmdyn/autocar-erp/install/ros_compatibility:/home/hmmdyn/autocar-erp/install/erp_control:/home/hmmdyn/autocar-erp/install/carla_walker_agent:/home/hmmdyn/autocar-erp/install/carla_twist_to_control:/home/hmmdyn/autocar-erp/install/carla_ros_scenario_runner:/home/hmmdyn/autocar-erp/install/carla_common:/opt/ros/humble LD_LIBRARY_PATH=/home/hmmdyn/autocar-erp/install/carla_msgs/lib:/home/hmmdyn/autocar-erp/install/rviz_carla_plugin/lib:/home/hmmdyn/autocar-erp/install/carla_waypoint_types/lib:/home/hmmdyn/autocar-erp/install/carla_ros_scenario_runner_types/lib:/home/hmmdyn/autocar-erp/install/carla_ackermann_msgs/lib:/home/hmmdyn/autocar-erp/install/autocar_msgs/lib:/opt/ros/humble/opt/rviz_ogre_vendor/lib:/opt/ros/humble/lib/x86_64-linux-gnu:/opt/ros/humble/lib /usr/bin/cmake --install /home/hmmdyn/autocar-erp/build/carla_ackermann_msgs
[1.211s] -- Install configuration: ""
[1.212s] -- Execute custom install script
[1.214s] -- Symlinking: /home/hmmdyn/autocar-erp/install/carla_ackermann_msgs/share/ament_index/resource_index/rosidl_interfaces/carla_ackermann_msgs
[1.226s] -- Symlinking: /home/hmmdyn/autocar-erp/install/carla_ackermann_msgs/include/carla_ackermann_msgs/carla_ackermann_msgs/msg/detail/ego_vehicle_control_current__functions.h
[1.235s] -- Symlinking: /home/hmmdyn/autocar-erp/install/carla_ackermann_msgs/include/carla_ackermann_msgs/carla_ackermann_msgs/msg/detail/ego_vehicle_control_current__struct.h
[1.249s] -- Symlinking: /home/hmmdyn/autocar-erp/install/carla_ackermann_msgs/include/carla_ackermann_msgs/carla_ackermann_msgs/msg/detail/ego_vehicle_control_current__type_support.h
[1.258s] -- Symlinking: /home/hmmdyn/autocar-erp/install/carla_ackermann_msgs/include/carla_ackermann_msgs/carla_ackermann_msgs/msg/detail/ego_vehicle_control_info__functions.h
[1.266s] -- Symlinking: /home/hmmdyn/autocar-erp/install/carla_ackermann_msgs/include/carla_ackermann_msgs/carla_ackermann_msgs/msg/detail/ego_vehicle_control_info__struct.h
[1.282s] -- Symlinking: /home/hmmdyn/autocar-erp/install/carla_ackermann_msgs/include/carla_ackermann_msgs/carla_ackermann_msgs/msg/detail/ego_vehicle_control_info__type_support.h
[1.294s] -- Symlinking: /home/hmmdyn/autocar-erp/install/carla_ackermann_msgs/include/carla_ackermann_msgs/carla_ackermann_msgs/msg/detail/ego_vehicle_control_maxima__functions.h
[1.309s] -- Symlinking: /home/hmmdyn/autocar-erp/install/carla_ackermann_msgs/include/carla_ackermann_msgs/carla_ackermann_msgs/msg/detail/ego_vehicle_control_maxima__struct.h
[1.319s] -- Symlinking: /home/hmmdyn/autocar-erp/install/carla_ackermann_msgs/include/carla_ackermann_msgs/carla_ackermann_msgs/msg/detail/ego_vehicle_control_maxima__type_support.h
[1.335s] -- Symlinking: /home/hmmdyn/autocar-erp/install/carla_ackermann_msgs/include/carla_ackermann_msgs/carla_ackermann_msgs/msg/detail/ego_vehicle_control_status__functions.h
[1.345s] -- Symlinking: /home/hmmdyn/autocar-erp/install/carla_ackermann_msgs/include/carla_ackermann_msgs/carla_ackermann_msgs/msg/detail/ego_vehicle_control_status__struct.h
[1.356s] -- Symlinking: /home/hmmdyn/autocar-erp/install/carla_ackermann_msgs/include/carla_ackermann_msgs/carla_ackermann_msgs/msg/detail/ego_vehicle_control_status__type_support.h
[1.367s] -- Symlinking: /home/hmmdyn/autocar-erp/install/carla_ackermann_msgs/include/carla_ackermann_msgs/carla_ackermann_msgs/msg/detail/ego_vehicle_control_target__functions.h
[1.377s] -- Symlinking: /home/hmmdyn/autocar-erp/install/carla_ackermann_msgs/include/carla_ackermann_msgs/carla_ackermann_msgs/msg/detail/ego_vehicle_control_target__struct.h
[1.389s] -- Symlinking: /home/hmmdyn/autocar-erp/install/carla_ackermann_msgs/include/carla_ackermann_msgs/carla_ackermann_msgs/msg/detail/ego_vehicle_control_target__type_support.h
[1.401s] -- Symlinking: /home/hmmdyn/autocar-erp/install/carla_ackermann_msgs/include/carla_ackermann_msgs/carla_ackermann_msgs/msg/ego_vehicle_control_current.h
[1.416s] -- Symlinking: /home/hmmdyn/autocar-erp/install/carla_ackermann_msgs/include/carla_ackermann_msgs/carla_ackermann_msgs/msg/ego_vehicle_control_info.h
[1.423s] -- Symlinking: /home/hmmdyn/autocar-erp/install/carla_ackermann_msgs/include/carla_ackermann_msgs/carla_ackermann_msgs/msg/ego_vehicle_control_maxima.h
[1.433s] -- Symlinking: /home/hmmdyn/autocar-erp/install/carla_ackermann_msgs/include/carla_ackermann_msgs/carla_ackermann_msgs/msg/ego_vehicle_control_status.h
[1.449s] -- Symlinking: /home/hmmdyn/autocar-erp/install/carla_ackermann_msgs/include/carla_ackermann_msgs/carla_ackermann_msgs/msg/ego_vehicle_control_target.h
[1.462s] -- Symlinking: /home/hmmdyn/autocar-erp/install/carla_ackermann_msgs/include/carla_ackermann_msgs/carla_ackermann_msgs/msg/rosidl_generator_c__visibility_control.h
[1.474s] -- Symlinking: /home/hmmdyn/autocar-erp/install/carla_ackermann_msgs/share/carla_ackermann_msgs/environment/library_path.sh
[1.485s] -- Symlinking: /home/hmmdyn/autocar-erp/install/carla_ackermann_msgs/share/carla_ackermann_msgs/environment/library_path.dsv
[1.498s] -- Symlinking: /home/hmmdyn/autocar-erp/install/carla_ackermann_msgs/include/carla_ackermann_msgs/carla_ackermann_msgs/msg/detail/ego_vehicle_control_current__rosidl_typesupport_fastrtps_c.h
[1.509s] -- Symlinking: /home/hmmdyn/autocar-erp/install/carla_ackermann_msgs/include/carla_ackermann_msgs/carla_ackermann_msgs/msg/detail/ego_vehicle_control_info__rosidl_typesupport_fastrtps_c.h
[1.530s] -- Symlinking: /home/hmmdyn/autocar-erp/install/carla_ackermann_msgs/include/carla_ackermann_msgs/carla_ackermann_msgs/msg/detail/ego_vehicle_control_maxima__rosidl_typesupport_fastrtps_c.h
[1.542s] -- Symlinking: /home/hmmdyn/autocar-erp/install/carla_ackermann_msgs/include/carla_ackermann_msgs/carla_ackermann_msgs/msg/detail/ego_vehicle_control_status__rosidl_typesupport_fastrtps_c.h
[1.555s] -- Symlinking: /home/hmmdyn/autocar-erp/install/carla_ackermann_msgs/include/carla_ackermann_msgs/carla_ackermann_msgs/msg/detail/ego_vehicle_control_target__rosidl_typesupport_fastrtps_c.h
[1.569s] -- Symlinking: /home/hmmdyn/autocar-erp/install/carla_ackermann_msgs/include/carla_ackermann_msgs/carla_ackermann_msgs/msg/rosidl_typesupport_fastrtps_c__visibility_control.h
[1.584s] -- Symlinking: /home/hmmdyn/autocar-erp/install/carla_ackermann_msgs/include/carla_ackermann_msgs/carla_ackermann_msgs/msg/detail/ego_vehicle_control_current__builder.hpp
[1.599s] -- Symlinking: /home/hmmdyn/autocar-erp/install/carla_ackermann_msgs/include/carla_ackermann_msgs/carla_ackermann_msgs/msg/detail/ego_vehicle_control_current__struct.hpp
[1.609s] -- Symlinking: /home/hmmdyn/autocar-erp/install/carla_ackermann_msgs/include/carla_ackermann_msgs/carla_ackermann_msgs/msg/detail/ego_vehicle_control_current__traits.hpp
[1.620s] -- Symlinking: /home/hmmdyn/autocar-erp/install/carla_ackermann_msgs/include/carla_ackermann_msgs/carla_ackermann_msgs/msg/detail/ego_vehicle_control_current__type_support.hpp
[1.637s] -- Symlinking: /home/hmmdyn/autocar-erp/install/carla_ackermann_msgs/include/carla_ackermann_msgs/carla_ackermann_msgs/msg/detail/ego_vehicle_control_info__builder.hpp
[1.651s] -- Symlinking: /home/hmmdyn/autocar-erp/install/carla_ackermann_msgs/include/carla_ackermann_msgs/carla_ackermann_msgs/msg/detail/ego_vehicle_control_info__struct.hpp
[1.670s] -- Symlinking: /home/hmmdyn/autocar-erp/install/carla_ackermann_msgs/include/carla_ackermann_msgs/carla_ackermann_msgs/msg/detail/ego_vehicle_control_info__traits.hpp
[1.687s] -- Symlinking: /home/hmmdyn/autocar-erp/install/carla_ackermann_msgs/include/carla_ackermann_msgs/carla_ackermann_msgs/msg/detail/ego_vehicle_control_info__type_support.hpp
[1.701s] -- Symlinking: /home/hmmdyn/autocar-erp/install/carla_ackermann_msgs/include/carla_ackermann_msgs/carla_ackermann_msgs/msg/detail/ego_vehicle_control_maxima__builder.hpp
[1.716s] -- Symlinking: /home/hmmdyn/autocar-erp/install/carla_ackermann_msgs/include/carla_ackermann_msgs/carla_ackermann_msgs/msg/detail/ego_vehicle_control_maxima__struct.hpp
[1.729s] -- Symlinking: /home/hmmdyn/autocar-erp/install/carla_ackermann_msgs/include/carla_ackermann_msgs/carla_ackermann_msgs/msg/detail/ego_vehicle_control_maxima__traits.hpp
[1.743s] -- Symlinking: /home/hmmdyn/autocar-erp/install/carla_ackermann_msgs/include/carla_ackermann_msgs/carla_ackermann_msgs/msg/detail/ego_vehicle_control_maxima__type_support.hpp
[1.759s] -- Symlinking: /home/hmmdyn/autocar-erp/install/carla_ackermann_msgs/include/carla_ackermann_msgs/carla_ackermann_msgs/msg/detail/ego_vehicle_control_status__builder.hpp
[1.772s] -- Symlinking: /home/hmmdyn/autocar-erp/install/carla_ackermann_msgs/include/carla_ackermann_msgs/carla_ackermann_msgs/msg/detail/ego_vehicle_control_status__struct.hpp
[1.788s] -- Symlinking: /home/hmmdyn/autocar-erp/install/carla_ackermann_msgs/include/carla_ackermann_msgs/carla_ackermann_msgs/msg/detail/ego_vehicle_control_status__traits.hpp
[1.799s] -- Symlinking: /home/hmmdyn/autocar-erp/install/carla_ackermann_msgs/include/carla_ackermann_msgs/carla_ackermann_msgs/msg/detail/ego_vehicle_control_status__type_support.hpp
[1.817s] -- Symlinking: /home/hmmdyn/autocar-erp/install/carla_ackermann_msgs/include/carla_ackermann_msgs/carla_ackermann_msgs/msg/detail/ego_vehicle_control_target__builder.hpp
[1.827s] -- Symlinking: /home/hmmdyn/autocar-erp/install/carla_ackermann_msgs/include/carla_ackermann_msgs/carla_ackermann_msgs/msg/detail/ego_vehicle_control_target__struct.hpp
[1.845s] -- Symlinking: /home/hmmdyn/autocar-erp/install/carla_ackermann_msgs/include/carla_ackermann_msgs/carla_ackermann_msgs/msg/detail/ego_vehicle_control_target__traits.hpp
[1.859s] -- Symlinking: /home/hmmdyn/autocar-erp/install/carla_ackermann_msgs/include/carla_ackermann_msgs/carla_ackermann_msgs/msg/detail/ego_vehicle_control_target__type_support.hpp
[1.869s] -- Symlinking: /home/hmmdyn/autocar-erp/install/carla_ackermann_msgs/include/carla_ackermann_msgs/carla_ackermann_msgs/msg/ego_vehicle_control_current.hpp
[1.879s] -- Symlinking: /home/hmmdyn/autocar-erp/install/carla_ackermann_msgs/include/carla_ackermann_msgs/carla_ackermann_msgs/msg/ego_vehicle_control_info.hpp
[1.893s] -- Symlinking: /home/hmmdyn/autocar-erp/install/carla_ackermann_msgs/include/carla_ackermann_msgs/carla_ackermann_msgs/msg/ego_vehicle_control_maxima.hpp
[1.901s] -- Symlinking: /home/hmmdyn/autocar-erp/install/carla_ackermann_msgs/include/carla_ackermann_msgs/carla_ackermann_msgs/msg/ego_vehicle_control_status.hpp
[1.912s] -- Symlinking: /home/hmmdyn/autocar-erp/install/carla_ackermann_msgs/include/carla_ackermann_msgs/carla_ackermann_msgs/msg/ego_vehicle_control_target.hpp
[1.925s] -- Symlinking: /home/hmmdyn/autocar-erp/install/carla_ackermann_msgs/include/carla_ackermann_msgs/carla_ackermann_msgs/msg/rosidl_generator_cpp__visibility_control.hpp
[1.938s] -- Symlinking: /home/hmmdyn/autocar-erp/install/carla_ackermann_msgs/include/carla_ackermann_msgs/carla_ackermann_msgs/msg/detail/ego_vehicle_control_current__rosidl_typesupport_fastrtps_cpp.hpp
[1.950s] -- Symlinking: /home/hmmdyn/autocar-erp/install/carla_ackermann_msgs/include/carla_ackermann_msgs/carla_ackermann_msgs/msg/detail/ego_vehicle_control_info__rosidl_typesupport_fastrtps_cpp.hpp
[1.964s] -- Symlinking: /home/hmmdyn/autocar-erp/install/carla_ackermann_msgs/include/carla_ackermann_msgs/carla_ackermann_msgs/msg/detail/ego_vehicle_control_maxima__rosidl_typesupport_fastrtps_cpp.hpp
[1.975s] -- Symlinking: /home/hmmdyn/autocar-erp/install/carla_ackermann_msgs/include/carla_ackermann_msgs/carla_ackermann_msgs/msg/detail/ego_vehicle_control_status__rosidl_typesupport_fastrtps_cpp.hpp
[1.989s] -- Symlinking: /home/hmmdyn/autocar-erp/install/carla_ackermann_msgs/include/carla_ackermann_msgs/carla_ackermann_msgs/msg/detail/ego_vehicle_control_target__rosidl_typesupport_fastrtps_cpp.hpp
[1.998s] -- Symlinking: /home/hmmdyn/autocar-erp/install/carla_ackermann_msgs/include/carla_ackermann_msgs/carla_ackermann_msgs/msg/rosidl_typesupport_fastrtps_cpp__visibility_control.h
[2.012s] -- Symlinking: /home/hmmdyn/autocar-erp/install/carla_ackermann_msgs/include/carla_ackermann_msgs/carla_ackermann_msgs/msg/detail/ego_vehicle_control_current__rosidl_typesupport_introspection_c.h
[2.025s] -- Symlinking: /home/hmmdyn/autocar-erp/install/carla_ackermann_msgs/include/carla_ackermann_msgs/carla_ackermann_msgs/msg/detail/ego_vehicle_control_info__rosidl_typesupport_introspection_c.h
[2.034s] -- Symlinking: /home/hmmdyn/autocar-erp/install/carla_ackermann_msgs/include/carla_ackermann_msgs/carla_ackermann_msgs/msg/detail/ego_vehicle_control_maxima__rosidl_typesupport_introspection_c.h
[2.048s] -- Symlinking: /home/hmmdyn/autocar-erp/install/carla_ackermann_msgs/include/carla_ackermann_msgs/carla_ackermann_msgs/msg/detail/ego_vehicle_control_status__rosidl_typesupport_introspection_c.h
[2.057s] -- Symlinking: /home/hmmdyn/autocar-erp/install/carla_ackermann_msgs/include/carla_ackermann_msgs/carla_ackermann_msgs/msg/detail/ego_vehicle_control_target__rosidl_typesupport_introspection_c.h
[2.070s] -- Symlinking: /home/hmmdyn/autocar-erp/install/carla_ackermann_msgs/include/carla_ackermann_msgs/carla_ackermann_msgs/msg/rosidl_typesupport_introspection_c__visibility_control.h
[2.083s] -- Symlinking: /home/hmmdyn/autocar-erp/install/carla_ackermann_msgs/include/carla_ackermann_msgs/carla_ackermann_msgs/msg/detail/ego_vehicle_control_current__rosidl_typesupport_introspection_cpp.hpp
[2.094s] -- Symlinking: /home/hmmdyn/autocar-erp/install/carla_ackermann_msgs/include/carla_ackermann_msgs/carla_ackermann_msgs/msg/detail/ego_vehicle_control_info__rosidl_typesupport_introspection_cpp.hpp
[2.108s] -- Symlinking: /home/hmmdyn/autocar-erp/install/carla_ackermann_msgs/include/carla_ackermann_msgs/carla_ackermann_msgs/msg/detail/ego_vehicle_control_maxima__rosidl_typesupport_introspection_cpp.hpp
[2.126s] -- Symlinking: /home/hmmdyn/autocar-erp/install/carla_ackermann_msgs/include/carla_ackermann_msgs/carla_ackermann_msgs/msg/detail/ego_vehicle_control_status__rosidl_typesupport_introspection_cpp.hpp
[2.135s] -- Symlinking: /home/hmmdyn/autocar-erp/install/carla_ackermann_msgs/include/carla_ackermann_msgs/carla_ackermann_msgs/msg/detail/ego_vehicle_control_target__rosidl_typesupport_introspection_cpp.hpp
[2.146s] -- Symlinking: /home/hmmdyn/autocar-erp/install/carla_ackermann_msgs/share/carla_ackermann_msgs/environment/pythonpath.sh
[2.156s] -- Symlinking: /home/hmmdyn/autocar-erp/install/carla_ackermann_msgs/share/carla_ackermann_msgs/environment/pythonpath.dsv
[2.168s] -- Symlinking: /home/hmmdyn/autocar-erp/install/carla_ackermann_msgs/local/lib/python3.10/dist-packages/carla_ackermann_msgs-1.0.0-py3.10.egg-info/PKG-INFO
[2.182s] -- Symlinking: /home/hmmdyn/autocar-erp/install/carla_ackermann_msgs/local/lib/python3.10/dist-packages/carla_ackermann_msgs-1.0.0-py3.10.egg-info/SOURCES.txt
[2.194s] -- Symlinking: /home/hmmdyn/autocar-erp/install/carla_ackermann_msgs/local/lib/python3.10/dist-packages/carla_ackermann_msgs-1.0.0-py3.10.egg-info/dependency_links.txt
[2.209s] -- Symlinking: /home/hmmdyn/autocar-erp/install/carla_ackermann_msgs/local/lib/python3.10/dist-packages/carla_ackermann_msgs-1.0.0-py3.10.egg-info/top_level.txt
[2.221s] -- Symlinking: /home/hmmdyn/autocar-erp/install/carla_ackermann_msgs/local/lib/python3.10/dist-packages/carla_ackermann_msgs/__init__.py
[2.235s] -- Symlinking: /home/hmmdyn/autocar-erp/install/carla_ackermann_msgs/local/lib/python3.10/dist-packages/carla_ackermann_msgs/_carla_ackermann_msgs_s.ep.rosidl_typesupport_c.c
[2.249s] -- Symlinking: /home/hmmdyn/autocar-erp/install/carla_ackermann_msgs/local/lib/python3.10/dist-packages/carla_ackermann_msgs/_carla_ackermann_msgs_s.ep.rosidl_typesupport_fastrtps_c.c
[2.263s] -- Symlinking: /home/hmmdyn/autocar-erp/install/carla_ackermann_msgs/local/lib/python3.10/dist-packages/carla_ackermann_msgs/_carla_ackermann_msgs_s.ep.rosidl_typesupport_introspection_c.c
[2.275s] -- Symlinking: /home/hmmdyn/autocar-erp/install/carla_ackermann_msgs/local/lib/python3.10/dist-packages/carla_ackermann_msgs/carla_ackermann_msgs_s__rosidl_typesupport_c.cpython-310-x86_64-linux-gnu.so
[2.290s] -- Symlinking: /home/hmmdyn/autocar-erp/install/carla_ackermann_msgs/local/lib/python3.10/dist-packages/carla_ackermann_msgs/carla_ackermann_msgs_s__rosidl_typesupport_fastrtps_c.cpython-310-x86_64-linux-gnu.so
[2.308s] -- Symlinking: /home/hmmdyn/autocar-erp/install/carla_ackermann_msgs/local/lib/python3.10/dist-packages/carla_ackermann_msgs/carla_ackermann_msgs_s__rosidl_typesupport_introspection_c.cpython-310-x86_64-linux-gnu.so
[2.324s] -- Symlinking: /home/hmmdyn/autocar-erp/install/carla_ackermann_msgs/local/lib/python3.10/dist-packages/carla_ackermann_msgs/libcarla_ackermann_msgs__rosidl_generator_py.so
[2.340s] -- Symlinking: /home/hmmdyn/autocar-erp/install/carla_ackermann_msgs/local/lib/python3.10/dist-packages/carla_ackermann_msgs/msg/__init__.py
[2.353s] -- Symlinking: /home/hmmdyn/autocar-erp/install/carla_ackermann_msgs/local/lib/python3.10/dist-packages/carla_ackermann_msgs/msg/_ego_vehicle_control_current.py
[2.370s] -- Symlinking: /home/hmmdyn/autocar-erp/install/carla_ackermann_msgs/local/lib/python3.10/dist-packages/carla_ackermann_msgs/msg/_ego_vehicle_control_current_s.c
[2.383s] -- Symlinking: /home/hmmdyn/autocar-erp/install/carla_ackermann_msgs/local/lib/python3.10/dist-packages/carla_ackermann_msgs/msg/_ego_vehicle_control_info.py
[2.400s] -- Symlinking: /home/hmmdyn/autocar-erp/install/carla_ackermann_msgs/local/lib/python3.10/dist-packages/carla_ackermann_msgs/msg/_ego_vehicle_control_info_s.c
[2.414s] -- Symlinking: /home/hmmdyn/autocar-erp/install/carla_ackermann_msgs/local/lib/python3.10/dist-packages/carla_ackermann_msgs/msg/_ego_vehicle_control_maxima.py
[2.428s] -- Symlinking: /home/hmmdyn/autocar-erp/install/carla_ackermann_msgs/local/lib/python3.10/dist-packages/carla_ackermann_msgs/msg/_ego_vehicle_control_maxima_s.c
[2.441s] -- Symlinking: /home/hmmdyn/autocar-erp/install/carla_ackermann_msgs/local/lib/python3.10/dist-packages/carla_ackermann_msgs/msg/_ego_vehicle_control_status.py
[2.458s] -- Symlinking: /home/hmmdyn/autocar-erp/install/carla_ackermann_msgs/local/lib/python3.10/dist-packages/carla_ackermann_msgs/msg/_ego_vehicle_control_status_s.c
[2.474s] -- Symlinking: /home/hmmdyn/autocar-erp/install/carla_ackermann_msgs/local/lib/python3.10/dist-packages/carla_ackermann_msgs/msg/_ego_vehicle_control_target.py
[2.492s] -- Symlinking: /home/hmmdyn/autocar-erp/install/carla_ackermann_msgs/local/lib/python3.10/dist-packages/carla_ackermann_msgs/msg/_ego_vehicle_control_target_s.c
[2.504s] -- Up-to-date symlink: /home/hmmdyn/autocar-erp/install/carla_ackermann_msgs/local/lib/python3.10/dist-packages/carla_ackermann_msgs/carla_ackermann_msgs_s__rosidl_typesupport_fastrtps_c.cpython-310-x86_64-linux-gnu.so
[2.504s] -- Up-to-date symlink: /home/hmmdyn/autocar-erp/install/carla_ackermann_msgs/local/lib/python3.10/dist-packages/carla_ackermann_msgs/carla_ackermann_msgs_s__rosidl_typesupport_introspection_c.cpython-310-x86_64-linux-gnu.so
[2.504s] -- Up-to-date symlink: /home/hmmdyn/autocar-erp/install/carla_ackermann_msgs/local/lib/python3.10/dist-packages/carla_ackermann_msgs/carla_ackermann_msgs_s__rosidl_typesupport_c.cpython-310-x86_64-linux-gnu.so
[2.504s] -- Symlinking: /home/hmmdyn/autocar-erp/install/carla_ackermann_msgs/share/carla_ackermann_msgs/msg/EgoVehicleControlInfo.idl
[2.515s] -- Symlinking: /home/hmmdyn/autocar-erp/install/carla_ackermann_msgs/share/carla_ackermann_msgs/msg/EgoVehicleControlCurrent.idl
[2.526s] -- Symlinking: /home/hmmdyn/autocar-erp/install/carla_ackermann_msgs/share/carla_ackermann_msgs/msg/EgoVehicleControlMaxima.idl
[2.539s] -- Symlinking: /home/hmmdyn/autocar-erp/install/carla_ackermann_msgs/share/carla_ackermann_msgs/msg/EgoVehicleControlStatus.idl
[2.550s] -- Symlinking: /home/hmmdyn/autocar-erp/install/carla_ackermann_msgs/share/carla_ackermann_msgs/msg/EgoVehicleControlTarget.idl
[2.565s] -- Symlinking: /home/hmmdyn/autocar-erp/install/carla_ackermann_msgs/share/carla_ackermann_msgs/msg/EgoVehicleControlInfo.msg
[2.575s] -- Symlinking: /home/hmmdyn/autocar-erp/install/carla_ackermann_msgs/share/carla_ackermann_msgs/msg/EgoVehicleControlCurrent.msg
[2.585s] -- Symlinking: /home/hmmdyn/autocar-erp/install/carla_ackermann_msgs/share/carla_ackermann_msgs/msg/EgoVehicleControlMaxima.msg
[2.594s] -- Symlinking: /home/hmmdyn/autocar-erp/install/carla_ackermann_msgs/share/carla_ackermann_msgs/msg/EgoVehicleControlStatus.msg
[2.604s] -- Symlinking: /home/hmmdyn/autocar-erp/install/carla_ackermann_msgs/share/carla_ackermann_msgs/msg/EgoVehicleControlTarget.msg
[2.613s] -- Symlinking: /home/hmmdyn/autocar-erp/install/carla_ackermann_msgs/share/ament_index/resource_index/package_run_dependencies/carla_ackermann_msgs
[2.621s] -- Symlinking: /home/hmmdyn/autocar-erp/install/carla_ackermann_msgs/share/ament_index/resource_index/parent_prefix_path/carla_ackermann_msgs
[2.631s] -- Symlinking: /home/hmmdyn/autocar-erp/install/carla_ackermann_msgs/share/carla_ackermann_msgs/environment/ament_prefix_path.sh
[2.639s] -- Symlinking: /home/hmmdyn/autocar-erp/install/carla_ackermann_msgs/share/carla_ackermann_msgs/environment/ament_prefix_path.dsv
[2.649s] -- Symlinking: /home/hmmdyn/autocar-erp/install/carla_ackermann_msgs/share/carla_ackermann_msgs/environment/path.sh
[2.660s] -- Symlinking: /home/hmmdyn/autocar-erp/install/carla_ackermann_msgs/share/carla_ackermann_msgs/environment/path.dsv
[2.671s] -- Symlinking: /home/hmmdyn/autocar-erp/install/carla_ackermann_msgs/share/carla_ackermann_msgs/local_setup.bash
[2.682s] -- Symlinking: /home/hmmdyn/autocar-erp/install/carla_ackermann_msgs/share/carla_ackermann_msgs/local_setup.sh
[2.691s] -- Symlinking: /home/hmmdyn/autocar-erp/install/carla_ackermann_msgs/share/carla_ackermann_msgs/local_setup.zsh
[2.702s] -- Symlinking: /home/hmmdyn/autocar-erp/install/carla_ackermann_msgs/share/carla_ackermann_msgs/local_setup.dsv
[2.712s] -- Symlinking: /home/hmmdyn/autocar-erp/install/carla_ackermann_msgs/share/carla_ackermann_msgs/package.dsv
[2.724s] -- Symlinking: /home/hmmdyn/autocar-erp/install/carla_ackermann_msgs/share/ament_index/resource_index/packages/carla_ackermann_msgs
[2.735s] -- Symlinking: /home/hmmdyn/autocar-erp/install/carla_ackermann_msgs/share/carla_ackermann_msgs/cmake/rosidl_cmake-extras.cmake
[2.744s] -- Symlinking: /home/hmmdyn/autocar-erp/install/carla_ackermann_msgs/share/carla_ackermann_msgs/cmake/ament_cmake_export_dependencies-extras.cmake
[2.753s] -- Symlinking: /home/hmmdyn/autocar-erp/install/carla_ackermann_msgs/share/carla_ackermann_msgs/cmake/ament_cmake_export_include_directories-extras.cmake
[2.762s] -- Symlinking: /home/hmmdyn/autocar-erp/install/carla_ackermann_msgs/share/carla_ackermann_msgs/cmake/ament_cmake_export_libraries-extras.cmake
[2.772s] -- Symlinking: /home/hmmdyn/autocar-erp/install/carla_ackermann_msgs/share/carla_ackermann_msgs/cmake/ament_cmake_export_targets-extras.cmake
[2.786s] -- Symlinking: /home/hmmdyn/autocar-erp/install/carla_ackermann_msgs/share/carla_ackermann_msgs/cmake/rosidl_cmake_export_typesupport_targets-extras.cmake
[2.797s] -- Symlinking: /home/hmmdyn/autocar-erp/install/carla_ackermann_msgs/share/carla_ackermann_msgs/cmake/rosidl_cmake_export_typesupport_libraries-extras.cmake
[2.812s] -- Symlinking: /home/hmmdyn/autocar-erp/install/carla_ackermann_msgs/share/carla_ackermann_msgs/cmake/carla_ackermann_msgsConfig.cmake
[2.827s] -- Symlinking: /home/hmmdyn/autocar-erp/install/carla_ackermann_msgs/share/carla_ackermann_msgs/cmake/carla_ackermann_msgsConfig-version.cmake
[2.844s] -- Symlinking: /home/hmmdyn/autocar-erp/install/carla_ackermann_msgs/share/carla_ackermann_msgs/package.xml
[2.856s] -- Installing: /home/hmmdyn/autocar-erp/install/carla_ackermann_msgs/lib/libcarla_ackermann_msgs__rosidl_generator_c.so
[2.859s] -- Set runtime path of "/home/hmmdyn/autocar-erp/install/carla_ackermann_msgs/lib/libcarla_ackermann_msgs__rosidl_generator_c.so" to ""
[2.859s] -- Installing: /home/hmmdyn/autocar-erp/install/carla_ackermann_msgs/lib/libcarla_ackermann_msgs__rosidl_typesupport_fastrtps_c.so
[2.859s] -- Set runtime path of "/home/hmmdyn/autocar-erp/install/carla_ackermann_msgs/lib/libcarla_ackermann_msgs__rosidl_typesupport_fastrtps_c.so" to ""
[2.859s] -- Installing: /home/hmmdyn/autocar-erp/install/carla_ackermann_msgs/lib/libcarla_ackermann_msgs__rosidl_typesupport_fastrtps_cpp.so
[2.859s] -- Set runtime path of "/home/hmmdyn/autocar-erp/install/carla_ackermann_msgs/lib/libcarla_ackermann_msgs__rosidl_typesupport_fastrtps_cpp.so" to ""
[2.859s] -- Installing: /home/hmmdyn/autocar-erp/install/carla_ackermann_msgs/lib/libcarla_ackermann_msgs__rosidl_typesupport_introspection_c.so
[2.860s] -- Set runtime path of "/home/hmmdyn/autocar-erp/install/carla_ackermann_msgs/lib/libcarla_ackermann_msgs__rosidl_typesupport_introspection_c.so" to ""
[2.860s] -- Installing: /home/hmmdyn/autocar-erp/install/carla_ackermann_msgs/lib/libcarla_ackermann_msgs__rosidl_typesupport_c.so
[2.860s] -- Set runtime path of "/home/hmmdyn/autocar-erp/install/carla_ackermann_msgs/lib/libcarla_ackermann_msgs__rosidl_typesupport_c.so" to ""
[2.860s] -- Installing: /home/hmmdyn/autocar-erp/install/carla_ackermann_msgs/lib/libcarla_ackermann_msgs__rosidl_typesupport_introspection_cpp.so
[2.860s] -- Set runtime path of "/home/hmmdyn/autocar-erp/install/carla_ackermann_msgs/lib/libcarla_ackermann_msgs__rosidl_typesupport_introspection_cpp.so" to ""
[2.860s] -- Installing: /home/hmmdyn/autocar-erp/install/carla_ackermann_msgs/lib/libcarla_ackermann_msgs__rosidl_typesupport_cpp.so
[2.860s] -- Set runtime path of "/home/hmmdyn/autocar-erp/install/carla_ackermann_msgs/lib/libcarla_ackermann_msgs__rosidl_typesupport_cpp.so" to ""
[2.904s] Listing '/home/hmmdyn/autocar-erp/install/carla_ackermann_msgs/local/lib/python3.10/dist-packages/carla_ackermann_msgs'...
[2.904s] Compiling '/home/hmmdyn/autocar-erp/install/carla_ackermann_msgs/local/lib/python3.10/dist-packages/carla_ackermann_msgs/__init__.py'...
[2.904s] Listing '/home/hmmdyn/autocar-erp/install/carla_ackermann_msgs/local/lib/python3.10/dist-packages/carla_ackermann_msgs/msg'...
[2.904s] Compiling '/home/hmmdyn/autocar-erp/install/carla_ackermann_msgs/local/lib/python3.10/dist-packages/carla_ackermann_msgs/msg/__init__.py'...
[2.904s] Compiling '/home/hmmdyn/autocar-erp/install/carla_ackermann_msgs/local/lib/python3.10/dist-packages/carla_ackermann_msgs/msg/_ego_vehicle_control_current.py'...
[2.904s] Compiling '/home/hmmdyn/autocar-erp/install/carla_ackermann_msgs/local/lib/python3.10/dist-packages/carla_ackermann_msgs/msg/_ego_vehicle_control_info.py'...
[2.904s] Compiling '/home/hmmdyn/autocar-erp/install/carla_ackermann_msgs/local/lib/python3.10/dist-packages/carla_ackermann_msgs/msg/_ego_vehicle_control_maxima.py'...
[2.904s] Compiling '/home/hmmdyn/autocar-erp/install/carla_ackermann_msgs/local/lib/python3.10/dist-packages/carla_ackermann_msgs/msg/_ego_vehicle_control_status.py'...
[2.904s] Compiling '/home/hmmdyn/autocar-erp/install/carla_ackermann_msgs/local/lib/python3.10/dist-packages/carla_ackermann_msgs/msg/_ego_vehicle_control_target.py'...
[2.909s] -- Installing: /home/hmmdyn/autocar-erp/install/carla_ackermann_msgs/lib/libcarla_ackermann_msgs__rosidl_generator_py.so
[2.909s] -- Set runtime path of "/home/hmmdyn/autocar-erp/install/carla_ackermann_msgs/lib/libcarla_ackermann_msgs__rosidl_generator_py.so" to ""
[2.910s] -- Installing: /home/hmmdyn/autocar-erp/install/carla_ackermann_msgs/share/carla_ackermann_msgs/cmake/export_carla_ackermann_msgs__rosidl_generator_cExport.cmake
[2.910s] -- Installing: /home/hmmdyn/autocar-erp/install/carla_ackermann_msgs/share/carla_ackermann_msgs/cmake/export_carla_ackermann_msgs__rosidl_generator_cExport-noconfig.cmake
[2.910s] -- Installing: /home/hmmdyn/autocar-erp/install/carla_ackermann_msgs/share/carla_ackermann_msgs/cmake/export_carla_ackermann_msgs__rosidl_typesupport_fastrtps_cExport.cmake
[2.910s] -- Installing: /home/hmmdyn/autocar-erp/install/carla_ackermann_msgs/share/carla_ackermann_msgs/cmake/export_carla_ackermann_msgs__rosidl_typesupport_fastrtps_cExport-noconfig.cmake
[2.910s] -- Installing: /home/hmmdyn/autocar-erp/install/carla_ackermann_msgs/share/carla_ackermann_msgs/cmake/export_carla_ackermann_msgs__rosidl_generator_cppExport.cmake
[2.910s] -- Installing: /home/hmmdyn/autocar-erp/install/carla_ackermann_msgs/share/carla_ackermann_msgs/cmake/export_carla_ackermann_msgs__rosidl_typesupport_fastrtps_cppExport.cmake
[2.910s] -- Installing: /home/hmmdyn/autocar-erp/install/carla_ackermann_msgs/share/carla_ackermann_msgs/cmake/export_carla_ackermann_msgs__rosidl_typesupport_fastrtps_cppExport-noconfig.cmake
[2.911s] -- Installing: /home/hmmdyn/autocar-erp/install/carla_ackermann_msgs/share/carla_ackermann_msgs/cmake/carla_ackermann_msgs__rosidl_typesupport_introspection_cExport.cmake
[2.911s] -- Installing: /home/hmmdyn/autocar-erp/install/carla_ackermann_msgs/share/carla_ackermann_msgs/cmake/carla_ackermann_msgs__rosidl_typesupport_introspection_cExport-noconfig.cmake
[2.911s] -- Installing: /home/hmmdyn/autocar-erp/install/carla_ackermann_msgs/share/carla_ackermann_msgs/cmake/carla_ackermann_msgs__rosidl_typesupport_cExport.cmake
[2.911s] -- Installing: /home/hmmdyn/autocar-erp/install/carla_ackermann_msgs/share/carla_ackermann_msgs/cmake/carla_ackermann_msgs__rosidl_typesupport_cExport-noconfig.cmake
[2.911s] -- Installing: /home/hmmdyn/autocar-erp/install/carla_ackermann_msgs/share/carla_ackermann_msgs/cmake/carla_ackermann_msgs__rosidl_typesupport_introspection_cppExport.cmake
[2.911s] -- Installing: /home/hmmdyn/autocar-erp/install/carla_ackermann_msgs/share/carla_ackermann_msgs/cmake/carla_ackermann_msgs__rosidl_typesupport_introspection_cppExport-noconfig.cmake
[2.911s] -- Installing: /home/hmmdyn/autocar-erp/install/carla_ackermann_msgs/share/carla_ackermann_msgs/cmake/carla_ackermann_msgs__rosidl_typesupport_cppExport.cmake
[2.911s] -- Installing: /home/hmmdyn/autocar-erp/install/carla_ackermann_msgs/share/carla_ackermann_msgs/cmake/carla_ackermann_msgs__rosidl_typesupport_cppExport-noconfig.cmake
[2.911s] -- Installing: /home/hmmdyn/autocar-erp/install/carla_ackermann_msgs/share/carla_ackermann_msgs/cmake/export_carla_ackermann_msgs__rosidl_generator_pyExport.cmake
[2.912s] -- Installing: /home/hmmdyn/autocar-erp/install/carla_ackermann_msgs/share/carla_ackermann_msgs/cmake/export_carla_ackermann_msgs__rosidl_generator_pyExport-noconfig.cmake
[2.916s] Invoked command in '/home/hmmdyn/autocar-erp/build/carla_ackermann_msgs' returned '0': CMAKE_PREFIX_PATH=/home/hmmdyn/autocar-erp/install/carla_msgs:/home/hmmdyn/autocar-erp/install/carla_ad_demo:/home/hmmdyn/autocar-erp/install/rviz_carla_plugin:/home/hmmdyn/autocar-erp/install/pcl_recorder:/home/hmmdyn/autocar-erp/install/launches:/home/hmmdyn/autocar-erp/install/carla_waypoint_types:/home/hmmdyn/autocar-erp/install/carla_ros_scenario_runner_types:/home/hmmdyn/autocar-erp/install/carla_ackermann_msgs:/home/hmmdyn/autocar-erp/install/autocar_nav:/home/hmmdyn/autocar-erp/install/autocar_msgs:/home/hmmdyn/autocar-erp/install/autocar_map:/home/hmmdyn/autocar-erp/install/autocar_gazebo:/home/hmmdyn/autocar-erp/install/autocar_description:/home/hmmdyn/autocar-erp/install/rqt_carla_control:/home/hmmdyn/autocar-erp/install/carla_waypoint_publisher:/home/hmmdyn/autocar-erp/install/carla_ackermann_control:/home/hmmdyn/autocar-erp/install/carla_ros_bridge:/home/hmmdyn/autocar-erp/install/carla_spawn_objects:/home/hmmdyn/autocar-erp/install/carla_manual_control:/home/hmmdyn/autocar-erp/install/carla_ad_agent:/home/hmmdyn/autocar-erp/install/ros_compatibility:/home/hmmdyn/autocar-erp/install/erp_control:/home/hmmdyn/autocar-erp/install/carla_walker_agent:/home/hmmdyn/autocar-erp/install/carla_twist_to_control:/home/hmmdyn/autocar-erp/install/carla_ros_scenario_runner:/home/hmmdyn/autocar-erp/install/carla_common:/opt/ros/humble LD_LIBRARY_PATH=/home/hmmdyn/autocar-erp/install/carla_msgs/lib:/home/hmmdyn/autocar-erp/install/rviz_carla_plugin/lib:/home/hmmdyn/autocar-erp/install/carla_waypoint_types/lib:/home/hmmdyn/autocar-erp/install/carla_ros_scenario_runner_types/lib:/home/hmmdyn/autocar-erp/install/carla_ackermann_msgs/lib:/home/hmmdyn/autocar-erp/install/autocar_msgs/lib:/opt/ros/humble/opt/rviz_ogre_vendor/lib:/opt/ros/humble/lib/x86_64-linux-gnu:/opt/ros/humble/lib /usr/bin/cmake --install /home/hmmdyn/autocar-erp/build/carla_ackermann_msgs
