[0.258s] Invoking command in '/home/hmmdyn/autocar-erp/ros-bridge/build/carla_ros_scenario_runner_types': CMAKE_PREFIX_PATH=/opt/ros/humble /usr/bin/cmake --build /home/hmmdyn/autocar-erp/ros-bridge/build/carla_ros_scenario_runner_types -- -j12 -l12
[0.462s] [  1%] [34m[1mGenerating C code for ROS interfaces[0m
[0.462s] [  3%] [34m[1mGenerating C++ code for ROS interfaces[0m
[0.462s] [  3%] Built target ament_cmake_python_symlink_carla_ros_scenario_runner_types
[0.489s] running egg_info
[0.501s] creating carla_ros_scenario_runner_types.egg-info
[0.501s] writing carla_ros_scenario_runner_types.egg-info/PKG-INFO
[0.501s] writing dependency_links to carla_ros_scenario_runner_types.egg-info/dependency_links.txt
[0.501s] writing top-level names to carla_ros_scenario_runner_types.egg-info/top_level.txt
[0.501s] writing manifest file 'carla_ros_scenario_runner_types.egg-info/SOURCES.txt'
[0.540s] reading manifest file 'carla_ros_scenario_runner_types.egg-info/SOURCES.txt'
[0.540s] writing manifest file 'carla_ros_scenario_runner_types.egg-info/SOURCES.txt'
[0.572s] [  3%] Built target ament_cmake_python_build_carla_ros_scenario_runner_types_egg
[0.655s] [  5%] [32mBuilding C object CMakeFiles/carla_ros_scenario_runner_types__rosidl_generator_c.dir/rosidl_generator_c/carla_ros_scenario_runner_types/msg/detail/carla_scenario__functions.c.o[0m
[0.656s] [  7%] [32mBuilding C object CMakeFiles/carla_ros_scenario_runner_types__rosidl_generator_c.dir/rosidl_generator_c/carla_ros_scenario_runner_types/msg/detail/carla_scenario_runner_status__functions.c.o[0m
[0.657s] [  9%] [32mBuilding C object CMakeFiles/carla_ros_scenario_runner_types__rosidl_generator_c.dir/rosidl_generator_c/carla_ros_scenario_runner_types/msg/detail/carla_scenario_list__functions.c.o[0m
[0.663s] [ 10%] [32mBuilding C object CMakeFiles/carla_ros_scenario_runner_types__rosidl_generator_c.dir/rosidl_generator_c/carla_ros_scenario_runner_types/srv/detail/execute_scenario__functions.c.o[0m
[0.689s] [ 10%] Built target carla_ros_scenario_runner_types__cpp
[0.702s] [ 12%] [34m[1mGenerating C++ type support dispatch for ROS interfaces[0m
[0.703s] [ 14%] [34m[1mGenerating C++ type support for eProsima Fast-RTPS[0m
[0.709s] [ 16%] [34m[1mGenerating C++ introspection for ROS interfaces[0m
[0.714s] [ 18%] [32m[1mLinking C shared library libcarla_ros_scenario_runner_types__rosidl_generator_c.so[0m
[0.800s] [ 18%] Built target carla_ros_scenario_runner_types__rosidl_generator_c
[0.828s] [ 21%] [34m[1mGenerating C type support dispatch for ROS interfaces[0m
[0.828s] [ 21%] [34m[1mGenerating C introspection for ROS interfaces[0m
[0.829s] [ 23%] [34m[1mGenerating C type support for eProsima Fast-RTPS[0m
[1.156s] [ 25%] [32mBuilding CXX object CMakeFiles/carla_ros_scenario_runner_types__rosidl_typesupport_cpp.dir/rosidl_typesupport_cpp/carla_ros_scenario_runner_types/msg/carla_scenario__type_support.cpp.o[0m
[1.159s] [ 27%] [32mBuilding CXX object CMakeFiles/carla_ros_scenario_runner_types__rosidl_typesupport_cpp.dir/rosidl_typesupport_cpp/carla_ros_scenario_runner_types/srv/execute_scenario__type_support.cpp.o[0m
[1.162s] [ 29%] [32mBuilding CXX object CMakeFiles/carla_ros_scenario_runner_types__rosidl_typesupport_cpp.dir/rosidl_typesupport_cpp/carla_ros_scenario_runner_types/msg/carla_scenario_list__type_support.cpp.o[0m
[1.170s] [ 30%] [32mBuilding CXX object CMakeFiles/carla_ros_scenario_runner_types__rosidl_typesupport_cpp.dir/rosidl_typesupport_cpp/carla_ros_scenario_runner_types/msg/carla_scenario_runner_status__type_support.cpp.o[0m
[1.258s] [ 32%] [32mBuilding CXX object CMakeFiles/carla_ros_scenario_runner_types__rosidl_typesupport_c.dir/rosidl_typesupport_c/carla_ros_scenario_runner_types/msg/carla_scenario__type_support.cpp.o[0m
[1.266s] [ 34%] [32mBuilding CXX object CMakeFiles/carla_ros_scenario_runner_types__rosidl_typesupport_c.dir/rosidl_typesupport_c/carla_ros_scenario_runner_types/msg/carla_scenario_list__type_support.cpp.o[0m
[1.268s] [ 36%] [32mBuilding CXX object CMakeFiles/carla_ros_scenario_runner_types__rosidl_typesupport_c.dir/rosidl_typesupport_c/carla_ros_scenario_runner_types/msg/carla_scenario_runner_status__type_support.cpp.o[0m
[1.335s] [ 38%] [32mBuilding CXX object CMakeFiles/carla_ros_scenario_runner_types__rosidl_typesupport_c.dir/rosidl_typesupport_c/carla_ros_scenario_runner_types/srv/execute_scenario__type_support.cpp.o[0m
[1.352s] [ 40%] [32mBuilding CXX object CMakeFiles/carla_ros_scenario_runner_types__rosidl_typesupport_introspection_cpp.dir/rosidl_typesupport_introspection_cpp/carla_ros_scenario_runner_types/msg/detail/carla_scenario__type_support.cpp.o[0m
[1.382s] [ 41%] [32mBuilding CXX object CMakeFiles/carla_ros_scenario_runner_types__rosidl_typesupport_introspection_cpp.dir/rosidl_typesupport_introspection_cpp/carla_ros_scenario_runner_types/msg/detail/carla_scenario_list__type_support.cpp.o[0m
[1.386s] [ 43%] [32mBuilding CXX object CMakeFiles/carla_ros_scenario_runner_types__rosidl_typesupport_introspection_cpp.dir/rosidl_typesupport_introspection_cpp/carla_ros_scenario_runner_types/msg/detail/carla_scenario_runner_status__type_support.cpp.o[0m
[1.418s] [ 45%] [32mBuilding CXX object CMakeFiles/carla_ros_scenario_runner_types__rosidl_typesupport_introspection_cpp.dir/rosidl_typesupport_introspection_cpp/carla_ros_scenario_runner_types/srv/detail/execute_scenario__type_support.cpp.o[0m
[1.457s] [ 47%] [32m[1mLinking CXX shared library libcarla_ros_scenario_runner_types__rosidl_typesupport_c.so[0m
[1.543s] [ 49%] [32mBuilding CXX object CMakeFiles/carla_ros_scenario_runner_types__rosidl_typesupport_fastrtps_c.dir/rosidl_typesupport_fastrtps_c/carla_ros_scenario_runner_types/msg/detail/carla_scenario__type_support_c.cpp.o[0m
[1.788s] [ 50%] [32mBuilding CXX object CMakeFiles/carla_ros_scenario_runner_types__rosidl_typesupport_fastrtps_cpp.dir/rosidl_typesupport_fastrtps_cpp/carla_ros_scenario_runner_types/msg/detail/dds_fastrtps/carla_scenario__type_support.cpp.o[0m
[1.814s] [ 52%] [32mBuilding CXX object CMakeFiles/carla_ros_scenario_runner_types__rosidl_typesupport_fastrtps_c.dir/rosidl_typesupport_fastrtps_c/carla_ros_scenario_runner_types/msg/detail/carla_scenario_list__type_support_c.cpp.o[0m
[1.817s] [ 52%] Built target carla_ros_scenario_runner_types__rosidl_typesupport_c
[1.852s] [ 54%] [32mBuilding CXX object CMakeFiles/carla_ros_scenario_runner_types__rosidl_typesupport_fastrtps_cpp.dir/rosidl_typesupport_fastrtps_cpp/carla_ros_scenario_runner_types/msg/detail/dds_fastrtps/carla_scenario_list__type_support.cpp.o[0m
[1.917s] [ 56%] [32mBuilding CXX object CMakeFiles/carla_ros_scenario_runner_types__rosidl_typesupport_fastrtps_cpp.dir/rosidl_typesupport_fastrtps_cpp/carla_ros_scenario_runner_types/msg/detail/dds_fastrtps/carla_scenario_runner_status__type_support.cpp.o[0m
[1.927s] [ 58%] [32mBuilding CXX object CMakeFiles/carla_ros_scenario_runner_types__rosidl_typesupport_fastrtps_c.dir/rosidl_typesupport_fastrtps_c/carla_ros_scenario_runner_types/msg/detail/carla_scenario_runner_status__type_support_c.cpp.o[0m
[1.981s] [ 60%] [32m[1mLinking CXX shared library libcarla_ros_scenario_runner_types__rosidl_typesupport_cpp.so[0m
[1.987s] [ 61%] [32mBuilding C object CMakeFiles/carla_ros_scenario_runner_types__rosidl_typesupport_introspection_c.dir/rosidl_typesupport_introspection_c/carla_ros_scenario_runner_types/msg/detail/carla_scenario__type_support.c.o[0m
[2.026s] [ 63%] [32mBuilding C object CMakeFiles/carla_ros_scenario_runner_types__rosidl_typesupport_introspection_c.dir/rosidl_typesupport_introspection_c/carla_ros_scenario_runner_types/msg/detail/carla_scenario_list__type_support.c.o[0m
[2.086s] [ 65%] [32mBuilding C object CMakeFiles/carla_ros_scenario_runner_types__rosidl_typesupport_introspection_c.dir/rosidl_typesupport_introspection_c/carla_ros_scenario_runner_types/msg/detail/carla_scenario_runner_status__type_support.c.o[0m
[2.092s] [ 67%] [32mBuilding CXX object CMakeFiles/carla_ros_scenario_runner_types__rosidl_typesupport_fastrtps_cpp.dir/rosidl_typesupport_fastrtps_cpp/carla_ros_scenario_runner_types/srv/detail/dds_fastrtps/execute_scenario__type_support.cpp.o[0m
[2.096s] [ 69%] [32mBuilding C object CMakeFiles/carla_ros_scenario_runner_types__rosidl_typesupport_introspection_c.dir/rosidl_typesupport_introspection_c/carla_ros_scenario_runner_types/srv/detail/execute_scenario__type_support.c.o[0m
[2.170s] [ 70%] [32mBuilding CXX object CMakeFiles/carla_ros_scenario_runner_types__rosidl_typesupport_fastrtps_c.dir/rosidl_typesupport_fastrtps_c/carla_ros_scenario_runner_types/srv/detail/execute_scenario__type_support_c.cpp.o[0m
[2.191s] [ 72%] [32m[1mLinking C shared library libcarla_ros_scenario_runner_types__rosidl_typesupport_introspection_c.so[0m
[2.211s] [ 72%] Built target carla_ros_scenario_runner_types__rosidl_typesupport_cpp
[2.272s] [ 74%] [32m[1mLinking CXX shared library libcarla_ros_scenario_runner_types__rosidl_typesupport_introspection_cpp.so[0m
[2.300s] [ 74%] Built target carla_ros_scenario_runner_types__rosidl_typesupport_introspection_c
[2.437s] [ 74%] Built target carla_ros_scenario_runner_types__rosidl_typesupport_introspection_cpp
[2.628s] [ 76%] [32m[1mLinking CXX shared library libcarla_ros_scenario_runner_types__rosidl_typesupport_fastrtps_cpp.so[0m
[2.683s] [ 78%] [32m[1mLinking CXX shared library libcarla_ros_scenario_runner_types__rosidl_typesupport_fastrtps_c.so[0m
[2.730s] [ 78%] Built target carla_ros_scenario_runner_types__rosidl_typesupport_fastrtps_cpp
[2.782s] [ 78%] Built target carla_ros_scenario_runner_types__rosidl_typesupport_fastrtps_c
[2.800s] [ 78%] Built target carla_ros_scenario_runner_types
[2.820s] [ 80%] [34m[1mGenerating Python code for ROS interfaces[0m
[3.543s] [ 80%] Built target carla_ros_scenario_runner_types__py
[3.565s] [ 81%] [32mBuilding C object CMakeFiles/carla_ros_scenario_runner_types__rosidl_generator_py.dir/rosidl_generator_py/carla_ros_scenario_runner_types/msg/_carla_scenario_s.c.o[0m
[3.574s] [ 83%] [32mBuilding C object CMakeFiles/carla_ros_scenario_runner_types__rosidl_generator_py.dir/rosidl_generator_py/carla_ros_scenario_runner_types/msg/_carla_scenario_runner_status_s.c.o[0m
[3.576s] [ 85%] [32mBuilding C object CMakeFiles/carla_ros_scenario_runner_types__rosidl_generator_py.dir/rosidl_generator_py/carla_ros_scenario_runner_types/msg/_carla_scenario_list_s.c.o[0m
[3.578s] [ 87%] [32mBuilding C object CMakeFiles/carla_ros_scenario_runner_types__rosidl_generator_py.dir/rosidl_generator_py/carla_ros_scenario_runner_types/srv/_execute_scenario_s.c.o[0m
[3.732s] [ 89%] [32m[1mLinking C shared library rosidl_generator_py/carla_ros_scenario_runner_types/libcarla_ros_scenario_runner_types__rosidl_generator_py.so[0m
[3.787s] [ 89%] Built target carla_ros_scenario_runner_types__rosidl_generator_py
[3.805s] [ 90%] [32mBuilding C object CMakeFiles/carla_ros_scenario_runner_types__rosidl_typesupport_fastrtps_c__pyext.dir/rosidl_generator_py/carla_ros_scenario_runner_types/_carla_ros_scenario_runner_types_s.ep.rosidl_typesupport_fastrtps_c.c.o[0m
[3.805s] [ 92%] [32mBuilding C object CMakeFiles/carla_ros_scenario_runner_types__rosidl_typesupport_introspection_c__pyext.dir/rosidl_generator_py/carla_ros_scenario_runner_types/_carla_ros_scenario_runner_types_s.ep.rosidl_typesupport_introspection_c.c.o[0m
[3.818s] [ 94%] [32mBuilding C object CMakeFiles/carla_ros_scenario_runner_types__rosidl_typesupport_c__pyext.dir/rosidl_generator_py/carla_ros_scenario_runner_types/_carla_ros_scenario_runner_types_s.ep.rosidl_typesupport_c.c.o[0m
[3.916s] [ 96%] [32m[1mLinking C shared library rosidl_generator_py/carla_ros_scenario_runner_types/carla_ros_scenario_runner_types_s__rosidl_typesupport_introspection_c.cpython-310-x86_64-linux-gnu.so[0m
[3.930s] [ 98%] [32m[1mLinking C shared library rosidl_generator_py/carla_ros_scenario_runner_types/carla_ros_scenario_runner_types_s__rosidl_typesupport_fastrtps_c.cpython-310-x86_64-linux-gnu.so[0m
[3.933s] [100%] [32m[1mLinking C shared library rosidl_generator_py/carla_ros_scenario_runner_types/carla_ros_scenario_runner_types_s__rosidl_typesupport_c.cpython-310-x86_64-linux-gnu.so[0m
[3.995s] [100%] Built target carla_ros_scenario_runner_types__rosidl_typesupport_introspection_c__pyext
[4.015s] [100%] Built target carla_ros_scenario_runner_types__rosidl_typesupport_fastrtps_c__pyext
[4.034s] [100%] Built target carla_ros_scenario_runner_types__rosidl_typesupport_c__pyext
[4.056s] Invoked command in '/home/hmmdyn/autocar-erp/ros-bridge/build/carla_ros_scenario_runner_types' returned '0': CMAKE_PREFIX_PATH=/opt/ros/humble /usr/bin/cmake --build /home/hmmdyn/autocar-erp/ros-bridge/build/carla_ros_scenario_runner_types -- -j12 -l12
[4.057s] Invoking command in '/home/hmmdyn/autocar-erp/ros-bridge/build/carla_ros_scenario_runner_types': CMAKE_PREFIX_PATH=/opt/ros/humble /usr/bin/cmake --install /home/hmmdyn/autocar-erp/ros-bridge/build/carla_ros_scenario_runner_types
[4.064s] -- Install configuration: ""
[4.065s] -- Execute custom install script
[4.065s] -- Symlinking: /home/hmmdyn/autocar-erp/ros-bridge/install/carla_ros_scenario_runner_types/share/ament_index/resource_index/rosidl_interfaces/carla_ros_scenario_runner_types
[4.075s] -- Symlinking: /home/hmmdyn/autocar-erp/ros-bridge/install/carla_ros_scenario_runner_types/include/carla_ros_scenario_runner_types/carla_ros_scenario_runner_types/msg/carla_scenario.h
[4.083s] -- Symlinking: /home/hmmdyn/autocar-erp/ros-bridge/install/carla_ros_scenario_runner_types/include/carla_ros_scenario_runner_types/carla_ros_scenario_runner_types/msg/carla_scenario_list.h
[4.092s] -- Symlinking: /home/hmmdyn/autocar-erp/ros-bridge/install/carla_ros_scenario_runner_types/include/carla_ros_scenario_runner_types/carla_ros_scenario_runner_types/msg/carla_scenario_runner_status.h
[4.101s] -- Symlinking: /home/hmmdyn/autocar-erp/ros-bridge/install/carla_ros_scenario_runner_types/include/carla_ros_scenario_runner_types/carla_ros_scenario_runner_types/msg/detail/carla_scenario__functions.h
[4.109s] -- Symlinking: /home/hmmdyn/autocar-erp/ros-bridge/install/carla_ros_scenario_runner_types/include/carla_ros_scenario_runner_types/carla_ros_scenario_runner_types/msg/detail/carla_scenario__struct.h
[4.121s] -- Symlinking: /home/hmmdyn/autocar-erp/ros-bridge/install/carla_ros_scenario_runner_types/include/carla_ros_scenario_runner_types/carla_ros_scenario_runner_types/msg/detail/carla_scenario__type_support.h
[4.131s] -- Symlinking: /home/hmmdyn/autocar-erp/ros-bridge/install/carla_ros_scenario_runner_types/include/carla_ros_scenario_runner_types/carla_ros_scenario_runner_types/msg/detail/carla_scenario_list__functions.h
[4.141s] -- Symlinking: /home/hmmdyn/autocar-erp/ros-bridge/install/carla_ros_scenario_runner_types/include/carla_ros_scenario_runner_types/carla_ros_scenario_runner_types/msg/detail/carla_scenario_list__struct.h
[4.147s] -- Symlinking: /home/hmmdyn/autocar-erp/ros-bridge/install/carla_ros_scenario_runner_types/include/carla_ros_scenario_runner_types/carla_ros_scenario_runner_types/msg/detail/carla_scenario_list__type_support.h
[4.156s] -- Symlinking: /home/hmmdyn/autocar-erp/ros-bridge/install/carla_ros_scenario_runner_types/include/carla_ros_scenario_runner_types/carla_ros_scenario_runner_types/msg/detail/carla_scenario_runner_status__functions.h
[4.165s] -- Symlinking: /home/hmmdyn/autocar-erp/ros-bridge/install/carla_ros_scenario_runner_types/include/carla_ros_scenario_runner_types/carla_ros_scenario_runner_types/msg/detail/carla_scenario_runner_status__struct.h
[4.173s] -- Symlinking: /home/hmmdyn/autocar-erp/ros-bridge/install/carla_ros_scenario_runner_types/include/carla_ros_scenario_runner_types/carla_ros_scenario_runner_types/msg/detail/carla_scenario_runner_status__type_support.h
[4.180s] -- Symlinking: /home/hmmdyn/autocar-erp/ros-bridge/install/carla_ros_scenario_runner_types/include/carla_ros_scenario_runner_types/carla_ros_scenario_runner_types/msg/rosidl_generator_c__visibility_control.h
[4.197s] -- Symlinking: /home/hmmdyn/autocar-erp/ros-bridge/install/carla_ros_scenario_runner_types/include/carla_ros_scenario_runner_types/carla_ros_scenario_runner_types/srv/detail/execute_scenario__functions.h
[4.209s] -- Symlinking: /home/hmmdyn/autocar-erp/ros-bridge/install/carla_ros_scenario_runner_types/include/carla_ros_scenario_runner_types/carla_ros_scenario_runner_types/srv/detail/execute_scenario__struct.h
[4.217s] -- Symlinking: /home/hmmdyn/autocar-erp/ros-bridge/install/carla_ros_scenario_runner_types/include/carla_ros_scenario_runner_types/carla_ros_scenario_runner_types/srv/detail/execute_scenario__type_support.h
[4.231s] -- Symlinking: /home/hmmdyn/autocar-erp/ros-bridge/install/carla_ros_scenario_runner_types/include/carla_ros_scenario_runner_types/carla_ros_scenario_runner_types/srv/execute_scenario.h
[4.244s] -- Symlinking: /home/hmmdyn/autocar-erp/ros-bridge/install/carla_ros_scenario_runner_types/share/carla_ros_scenario_runner_types/environment/library_path.sh
[4.256s] -- Symlinking: /home/hmmdyn/autocar-erp/ros-bridge/install/carla_ros_scenario_runner_types/share/carla_ros_scenario_runner_types/environment/library_path.dsv
[4.275s] -- Symlinking: /home/hmmdyn/autocar-erp/ros-bridge/install/carla_ros_scenario_runner_types/include/carla_ros_scenario_runner_types/carla_ros_scenario_runner_types/msg/detail/carla_scenario__rosidl_typesupport_fastrtps_c.h
[4.282s] -- Symlinking: /home/hmmdyn/autocar-erp/ros-bridge/install/carla_ros_scenario_runner_types/include/carla_ros_scenario_runner_types/carla_ros_scenario_runner_types/msg/detail/carla_scenario_list__rosidl_typesupport_fastrtps_c.h
[4.294s] -- Symlinking: /home/hmmdyn/autocar-erp/ros-bridge/install/carla_ros_scenario_runner_types/include/carla_ros_scenario_runner_types/carla_ros_scenario_runner_types/msg/detail/carla_scenario_runner_status__rosidl_typesupport_fastrtps_c.h
[4.306s] -- Symlinking: /home/hmmdyn/autocar-erp/ros-bridge/install/carla_ros_scenario_runner_types/include/carla_ros_scenario_runner_types/carla_ros_scenario_runner_types/msg/rosidl_typesupport_fastrtps_c__visibility_control.h
[4.325s] -- Symlinking: /home/hmmdyn/autocar-erp/ros-bridge/install/carla_ros_scenario_runner_types/include/carla_ros_scenario_runner_types/carla_ros_scenario_runner_types/srv/detail/execute_scenario__rosidl_typesupport_fastrtps_c.h
[4.339s] -- Symlinking: /home/hmmdyn/autocar-erp/ros-bridge/install/carla_ros_scenario_runner_types/include/carla_ros_scenario_runner_types/carla_ros_scenario_runner_types/msg/carla_scenario.hpp
[4.359s] -- Symlinking: /home/hmmdyn/autocar-erp/ros-bridge/install/carla_ros_scenario_runner_types/include/carla_ros_scenario_runner_types/carla_ros_scenario_runner_types/msg/carla_scenario_list.hpp
[4.376s] -- Symlinking: /home/hmmdyn/autocar-erp/ros-bridge/install/carla_ros_scenario_runner_types/include/carla_ros_scenario_runner_types/carla_ros_scenario_runner_types/msg/carla_scenario_runner_status.hpp
[4.386s] -- Symlinking: /home/hmmdyn/autocar-erp/ros-bridge/install/carla_ros_scenario_runner_types/include/carla_ros_scenario_runner_types/carla_ros_scenario_runner_types/msg/detail/carla_scenario__builder.hpp
[4.394s] -- Symlinking: /home/hmmdyn/autocar-erp/ros-bridge/install/carla_ros_scenario_runner_types/include/carla_ros_scenario_runner_types/carla_ros_scenario_runner_types/msg/detail/carla_scenario__struct.hpp
[4.406s] -- Symlinking: /home/hmmdyn/autocar-erp/ros-bridge/install/carla_ros_scenario_runner_types/include/carla_ros_scenario_runner_types/carla_ros_scenario_runner_types/msg/detail/carla_scenario__traits.hpp
[4.416s] -- Symlinking: /home/hmmdyn/autocar-erp/ros-bridge/install/carla_ros_scenario_runner_types/include/carla_ros_scenario_runner_types/carla_ros_scenario_runner_types/msg/detail/carla_scenario__type_support.hpp
[4.429s] -- Symlinking: /home/hmmdyn/autocar-erp/ros-bridge/install/carla_ros_scenario_runner_types/include/carla_ros_scenario_runner_types/carla_ros_scenario_runner_types/msg/detail/carla_scenario_list__builder.hpp
[4.439s] -- Symlinking: /home/hmmdyn/autocar-erp/ros-bridge/install/carla_ros_scenario_runner_types/include/carla_ros_scenario_runner_types/carla_ros_scenario_runner_types/msg/detail/carla_scenario_list__struct.hpp
[4.451s] -- Symlinking: /home/hmmdyn/autocar-erp/ros-bridge/install/carla_ros_scenario_runner_types/include/carla_ros_scenario_runner_types/carla_ros_scenario_runner_types/msg/detail/carla_scenario_list__traits.hpp
[4.466s] -- Symlinking: /home/hmmdyn/autocar-erp/ros-bridge/install/carla_ros_scenario_runner_types/include/carla_ros_scenario_runner_types/carla_ros_scenario_runner_types/msg/detail/carla_scenario_list__type_support.hpp
[4.475s] -- Symlinking: /home/hmmdyn/autocar-erp/ros-bridge/install/carla_ros_scenario_runner_types/include/carla_ros_scenario_runner_types/carla_ros_scenario_runner_types/msg/detail/carla_scenario_runner_status__builder.hpp
[4.488s] -- Symlinking: /home/hmmdyn/autocar-erp/ros-bridge/install/carla_ros_scenario_runner_types/include/carla_ros_scenario_runner_types/carla_ros_scenario_runner_types/msg/detail/carla_scenario_runner_status__struct.hpp
[4.498s] -- Symlinking: /home/hmmdyn/autocar-erp/ros-bridge/install/carla_ros_scenario_runner_types/include/carla_ros_scenario_runner_types/carla_ros_scenario_runner_types/msg/detail/carla_scenario_runner_status__traits.hpp
[4.508s] -- Symlinking: /home/hmmdyn/autocar-erp/ros-bridge/install/carla_ros_scenario_runner_types/include/carla_ros_scenario_runner_types/carla_ros_scenario_runner_types/msg/detail/carla_scenario_runner_status__type_support.hpp
[4.521s] -- Symlinking: /home/hmmdyn/autocar-erp/ros-bridge/install/carla_ros_scenario_runner_types/include/carla_ros_scenario_runner_types/carla_ros_scenario_runner_types/msg/rosidl_generator_cpp__visibility_control.hpp
[4.527s] -- Symlinking: /home/hmmdyn/autocar-erp/ros-bridge/install/carla_ros_scenario_runner_types/include/carla_ros_scenario_runner_types/carla_ros_scenario_runner_types/srv/detail/execute_scenario__builder.hpp
[4.538s] -- Symlinking: /home/hmmdyn/autocar-erp/ros-bridge/install/carla_ros_scenario_runner_types/include/carla_ros_scenario_runner_types/carla_ros_scenario_runner_types/srv/detail/execute_scenario__struct.hpp
[4.554s] -- Symlinking: /home/hmmdyn/autocar-erp/ros-bridge/install/carla_ros_scenario_runner_types/include/carla_ros_scenario_runner_types/carla_ros_scenario_runner_types/srv/detail/execute_scenario__traits.hpp
[4.574s] -- Symlinking: /home/hmmdyn/autocar-erp/ros-bridge/install/carla_ros_scenario_runner_types/include/carla_ros_scenario_runner_types/carla_ros_scenario_runner_types/srv/detail/execute_scenario__type_support.hpp
[4.590s] -- Symlinking: /home/hmmdyn/autocar-erp/ros-bridge/install/carla_ros_scenario_runner_types/include/carla_ros_scenario_runner_types/carla_ros_scenario_runner_types/srv/execute_scenario.hpp
[4.602s] -- Symlinking: /home/hmmdyn/autocar-erp/ros-bridge/install/carla_ros_scenario_runner_types/include/carla_ros_scenario_runner_types/carla_ros_scenario_runner_types/msg/detail/carla_scenario__rosidl_typesupport_fastrtps_cpp.hpp
[4.610s] -- Symlinking: /home/hmmdyn/autocar-erp/ros-bridge/install/carla_ros_scenario_runner_types/include/carla_ros_scenario_runner_types/carla_ros_scenario_runner_types/msg/detail/carla_scenario_list__rosidl_typesupport_fastrtps_cpp.hpp
[4.619s] -- Symlinking: /home/hmmdyn/autocar-erp/ros-bridge/install/carla_ros_scenario_runner_types/include/carla_ros_scenario_runner_types/carla_ros_scenario_runner_types/msg/detail/carla_scenario_runner_status__rosidl_typesupport_fastrtps_cpp.hpp
[4.627s] -- Symlinking: /home/hmmdyn/autocar-erp/ros-bridge/install/carla_ros_scenario_runner_types/include/carla_ros_scenario_runner_types/carla_ros_scenario_runner_types/msg/rosidl_typesupport_fastrtps_cpp__visibility_control.h
[4.635s] -- Symlinking: /home/hmmdyn/autocar-erp/ros-bridge/install/carla_ros_scenario_runner_types/include/carla_ros_scenario_runner_types/carla_ros_scenario_runner_types/srv/detail/execute_scenario__rosidl_typesupport_fastrtps_cpp.hpp
[4.645s] -- Symlinking: /home/hmmdyn/autocar-erp/ros-bridge/install/carla_ros_scenario_runner_types/include/carla_ros_scenario_runner_types/carla_ros_scenario_runner_types/msg/detail/carla_scenario__rosidl_typesupport_introspection_c.h
[4.654s] -- Symlinking: /home/hmmdyn/autocar-erp/ros-bridge/install/carla_ros_scenario_runner_types/include/carla_ros_scenario_runner_types/carla_ros_scenario_runner_types/msg/detail/carla_scenario_list__rosidl_typesupport_introspection_c.h
[4.670s] -- Symlinking: /home/hmmdyn/autocar-erp/ros-bridge/install/carla_ros_scenario_runner_types/include/carla_ros_scenario_runner_types/carla_ros_scenario_runner_types/msg/detail/carla_scenario_runner_status__rosidl_typesupport_introspection_c.h
[4.685s] -- Symlinking: /home/hmmdyn/autocar-erp/ros-bridge/install/carla_ros_scenario_runner_types/include/carla_ros_scenario_runner_types/carla_ros_scenario_runner_types/msg/rosidl_typesupport_introspection_c__visibility_control.h
[4.693s] -- Symlinking: /home/hmmdyn/autocar-erp/ros-bridge/install/carla_ros_scenario_runner_types/include/carla_ros_scenario_runner_types/carla_ros_scenario_runner_types/srv/detail/execute_scenario__rosidl_typesupport_introspection_c.h
[4.705s] -- Symlinking: /home/hmmdyn/autocar-erp/ros-bridge/install/carla_ros_scenario_runner_types/include/carla_ros_scenario_runner_types/carla_ros_scenario_runner_types/msg/detail/carla_scenario__rosidl_typesupport_introspection_cpp.hpp
[4.716s] -- Symlinking: /home/hmmdyn/autocar-erp/ros-bridge/install/carla_ros_scenario_runner_types/include/carla_ros_scenario_runner_types/carla_ros_scenario_runner_types/msg/detail/carla_scenario_list__rosidl_typesupport_introspection_cpp.hpp
[4.724s] -- Symlinking: /home/hmmdyn/autocar-erp/ros-bridge/install/carla_ros_scenario_runner_types/include/carla_ros_scenario_runner_types/carla_ros_scenario_runner_types/msg/detail/carla_scenario_runner_status__rosidl_typesupport_introspection_cpp.hpp
[4.733s] -- Symlinking: /home/hmmdyn/autocar-erp/ros-bridge/install/carla_ros_scenario_runner_types/include/carla_ros_scenario_runner_types/carla_ros_scenario_runner_types/srv/detail/execute_scenario__rosidl_typesupport_introspection_cpp.hpp
[4.745s] -- Symlinking: /home/hmmdyn/autocar-erp/ros-bridge/install/carla_ros_scenario_runner_types/share/carla_ros_scenario_runner_types/environment/pythonpath.sh
[4.753s] -- Symlinking: /home/hmmdyn/autocar-erp/ros-bridge/install/carla_ros_scenario_runner_types/share/carla_ros_scenario_runner_types/environment/pythonpath.dsv
[4.766s] -- Symlinking: /home/hmmdyn/autocar-erp/ros-bridge/install/carla_ros_scenario_runner_types/local/lib/python3.10/dist-packages/carla_ros_scenario_runner_types-0.1.0-py3.10.egg-info/PKG-INFO
[4.787s] -- Symlinking: /home/hmmdyn/autocar-erp/ros-bridge/install/carla_ros_scenario_runner_types/local/lib/python3.10/dist-packages/carla_ros_scenario_runner_types-0.1.0-py3.10.egg-info/SOURCES.txt
[4.801s] -- Symlinking: /home/hmmdyn/autocar-erp/ros-bridge/install/carla_ros_scenario_runner_types/local/lib/python3.10/dist-packages/carla_ros_scenario_runner_types-0.1.0-py3.10.egg-info/dependency_links.txt
[4.812s] -- Symlinking: /home/hmmdyn/autocar-erp/ros-bridge/install/carla_ros_scenario_runner_types/local/lib/python3.10/dist-packages/carla_ros_scenario_runner_types-0.1.0-py3.10.egg-info/top_level.txt
[4.828s] -- Symlinking: /home/hmmdyn/autocar-erp/ros-bridge/install/carla_ros_scenario_runner_types/local/lib/python3.10/dist-packages/carla_ros_scenario_runner_types/__init__.py
[4.843s] -- Symlinking: /home/hmmdyn/autocar-erp/ros-bridge/install/carla_ros_scenario_runner_types/local/lib/python3.10/dist-packages/carla_ros_scenario_runner_types/_carla_ros_scenario_runner_types_s.ep.rosidl_typesupport_c.c
[4.853s] -- Symlinking: /home/hmmdyn/autocar-erp/ros-bridge/install/carla_ros_scenario_runner_types/local/lib/python3.10/dist-packages/carla_ros_scenario_runner_types/_carla_ros_scenario_runner_types_s.ep.rosidl_typesupport_fastrtps_c.c
[4.861s] -- Symlinking: /home/hmmdyn/autocar-erp/ros-bridge/install/carla_ros_scenario_runner_types/local/lib/python3.10/dist-packages/carla_ros_scenario_runner_types/_carla_ros_scenario_runner_types_s.ep.rosidl_typesupport_introspection_c.c
[4.868s] -- Symlinking: /home/hmmdyn/autocar-erp/ros-bridge/install/carla_ros_scenario_runner_types/local/lib/python3.10/dist-packages/carla_ros_scenario_runner_types/carla_ros_scenario_runner_types_s__rosidl_typesupport_c.cpython-310-x86_64-linux-gnu.so
[4.877s] -- Symlinking: /home/hmmdyn/autocar-erp/ros-bridge/install/carla_ros_scenario_runner_types/local/lib/python3.10/dist-packages/carla_ros_scenario_runner_types/carla_ros_scenario_runner_types_s__rosidl_typesupport_fastrtps_c.cpython-310-x86_64-linux-gnu.so
[4.885s] -- Symlinking: /home/hmmdyn/autocar-erp/ros-bridge/install/carla_ros_scenario_runner_types/local/lib/python3.10/dist-packages/carla_ros_scenario_runner_types/carla_ros_scenario_runner_types_s__rosidl_typesupport_introspection_c.cpython-310-x86_64-linux-gnu.so
[4.893s] -- Symlinking: /home/hmmdyn/autocar-erp/ros-bridge/install/carla_ros_scenario_runner_types/local/lib/python3.10/dist-packages/carla_ros_scenario_runner_types/libcarla_ros_scenario_runner_types__rosidl_generator_py.so
[4.901s] -- Symlinking: /home/hmmdyn/autocar-erp/ros-bridge/install/carla_ros_scenario_runner_types/local/lib/python3.10/dist-packages/carla_ros_scenario_runner_types/msg/__init__.py
[4.909s] -- Symlinking: /home/hmmdyn/autocar-erp/ros-bridge/install/carla_ros_scenario_runner_types/local/lib/python3.10/dist-packages/carla_ros_scenario_runner_types/msg/_carla_scenario.py
[4.918s] -- Symlinking: /home/hmmdyn/autocar-erp/ros-bridge/install/carla_ros_scenario_runner_types/local/lib/python3.10/dist-packages/carla_ros_scenario_runner_types/msg/_carla_scenario_list.py
[4.930s] -- Symlinking: /home/hmmdyn/autocar-erp/ros-bridge/install/carla_ros_scenario_runner_types/local/lib/python3.10/dist-packages/carla_ros_scenario_runner_types/msg/_carla_scenario_list_s.c
[4.937s] -- Symlinking: /home/hmmdyn/autocar-erp/ros-bridge/install/carla_ros_scenario_runner_types/local/lib/python3.10/dist-packages/carla_ros_scenario_runner_types/msg/_carla_scenario_runner_status.py
[4.946s] -- Symlinking: /home/hmmdyn/autocar-erp/ros-bridge/install/carla_ros_scenario_runner_types/local/lib/python3.10/dist-packages/carla_ros_scenario_runner_types/msg/_carla_scenario_runner_status_s.c
[4.954s] -- Symlinking: /home/hmmdyn/autocar-erp/ros-bridge/install/carla_ros_scenario_runner_types/local/lib/python3.10/dist-packages/carla_ros_scenario_runner_types/msg/_carla_scenario_s.c
[4.964s] -- Symlinking: /home/hmmdyn/autocar-erp/ros-bridge/install/carla_ros_scenario_runner_types/local/lib/python3.10/dist-packages/carla_ros_scenario_runner_types/srv/__init__.py
[4.973s] -- Symlinking: /home/hmmdyn/autocar-erp/ros-bridge/install/carla_ros_scenario_runner_types/local/lib/python3.10/dist-packages/carla_ros_scenario_runner_types/srv/_execute_scenario.py
[4.992s] -- Symlinking: /home/hmmdyn/autocar-erp/ros-bridge/install/carla_ros_scenario_runner_types/local/lib/python3.10/dist-packages/carla_ros_scenario_runner_types/srv/_execute_scenario_s.c
[5.002s] -- Up-to-date symlink: /home/hmmdyn/autocar-erp/ros-bridge/install/carla_ros_scenario_runner_types/local/lib/python3.10/dist-packages/carla_ros_scenario_runner_types/carla_ros_scenario_runner_types_s__rosidl_typesupport_fastrtps_c.cpython-310-x86_64-linux-gnu.so
[5.002s] -- Up-to-date symlink: /home/hmmdyn/autocar-erp/ros-bridge/install/carla_ros_scenario_runner_types/local/lib/python3.10/dist-packages/carla_ros_scenario_runner_types/carla_ros_scenario_runner_types_s__rosidl_typesupport_introspection_c.cpython-310-x86_64-linux-gnu.so
[5.002s] -- Up-to-date symlink: /home/hmmdyn/autocar-erp/ros-bridge/install/carla_ros_scenario_runner_types/local/lib/python3.10/dist-packages/carla_ros_scenario_runner_types/carla_ros_scenario_runner_types_s__rosidl_typesupport_c.cpython-310-x86_64-linux-gnu.so
[5.002s] -- Symlinking: /home/hmmdyn/autocar-erp/ros-bridge/install/carla_ros_scenario_runner_types/share/carla_ros_scenario_runner_types/msg/CarlaScenario.idl
[5.011s] -- Symlinking: /home/hmmdyn/autocar-erp/ros-bridge/install/carla_ros_scenario_runner_types/share/carla_ros_scenario_runner_types/msg/CarlaScenarioList.idl
[5.029s] -- Symlinking: /home/hmmdyn/autocar-erp/ros-bridge/install/carla_ros_scenario_runner_types/share/carla_ros_scenario_runner_types/msg/CarlaScenarioRunnerStatus.idl
[5.047s] -- Symlinking: /home/hmmdyn/autocar-erp/ros-bridge/install/carla_ros_scenario_runner_types/share/carla_ros_scenario_runner_types/srv/ExecuteScenario.idl
[5.067s] -- Symlinking: /home/hmmdyn/autocar-erp/ros-bridge/install/carla_ros_scenario_runner_types/share/carla_ros_scenario_runner_types/msg/CarlaScenario.msg
[5.083s] -- Symlinking: /home/hmmdyn/autocar-erp/ros-bridge/install/carla_ros_scenario_runner_types/share/carla_ros_scenario_runner_types/msg/CarlaScenarioList.msg
[5.104s] -- Symlinking: /home/hmmdyn/autocar-erp/ros-bridge/install/carla_ros_scenario_runner_types/share/carla_ros_scenario_runner_types/msg/CarlaScenarioRunnerStatus.msg
[5.116s] -- Symlinking: /home/hmmdyn/autocar-erp/ros-bridge/install/carla_ros_scenario_runner_types/share/carla_ros_scenario_runner_types/srv/ExecuteScenario.srv
[5.130s] -- Symlinking: /home/hmmdyn/autocar-erp/ros-bridge/install/carla_ros_scenario_runner_types/share/carla_ros_scenario_runner_types/srv/ExecuteScenario_Request.msg
[5.146s] -- Symlinking: /home/hmmdyn/autocar-erp/ros-bridge/install/carla_ros_scenario_runner_types/share/carla_ros_scenario_runner_types/srv/ExecuteScenario_Response.msg
[5.160s] -- Symlinking: /home/hmmdyn/autocar-erp/ros-bridge/install/carla_ros_scenario_runner_types/share/ament_index/resource_index/package_run_dependencies/carla_ros_scenario_runner_types
[5.174s] -- Symlinking: /home/hmmdyn/autocar-erp/ros-bridge/install/carla_ros_scenario_runner_types/share/ament_index/resource_index/parent_prefix_path/carla_ros_scenario_runner_types
[5.189s] -- Symlinking: /home/hmmdyn/autocar-erp/ros-bridge/install/carla_ros_scenario_runner_types/share/carla_ros_scenario_runner_types/environment/ament_prefix_path.sh
[5.200s] -- Symlinking: /home/hmmdyn/autocar-erp/ros-bridge/install/carla_ros_scenario_runner_types/share/carla_ros_scenario_runner_types/environment/ament_prefix_path.dsv
[5.208s] -- Symlinking: /home/hmmdyn/autocar-erp/ros-bridge/install/carla_ros_scenario_runner_types/share/carla_ros_scenario_runner_types/environment/path.sh
[5.225s] -- Symlinking: /home/hmmdyn/autocar-erp/ros-bridge/install/carla_ros_scenario_runner_types/share/carla_ros_scenario_runner_types/environment/path.dsv
[5.234s] -- Symlinking: /home/hmmdyn/autocar-erp/ros-bridge/install/carla_ros_scenario_runner_types/share/carla_ros_scenario_runner_types/local_setup.bash
[5.243s] -- Symlinking: /home/hmmdyn/autocar-erp/ros-bridge/install/carla_ros_scenario_runner_types/share/carla_ros_scenario_runner_types/local_setup.sh
[5.252s] -- Symlinking: /home/hmmdyn/autocar-erp/ros-bridge/install/carla_ros_scenario_runner_types/share/carla_ros_scenario_runner_types/local_setup.zsh
[5.262s] -- Symlinking: /home/hmmdyn/autocar-erp/ros-bridge/install/carla_ros_scenario_runner_types/share/carla_ros_scenario_runner_types/local_setup.dsv
[5.271s] -- Symlinking: /home/hmmdyn/autocar-erp/ros-bridge/install/carla_ros_scenario_runner_types/share/carla_ros_scenario_runner_types/package.dsv
[5.280s] -- Symlinking: /home/hmmdyn/autocar-erp/ros-bridge/install/carla_ros_scenario_runner_types/share/ament_index/resource_index/packages/carla_ros_scenario_runner_types
[5.298s] -- Symlinking: /home/hmmdyn/autocar-erp/ros-bridge/install/carla_ros_scenario_runner_types/share/carla_ros_scenario_runner_types/cmake/rosidl_cmake-extras.cmake
[5.309s] -- Symlinking: /home/hmmdyn/autocar-erp/ros-bridge/install/carla_ros_scenario_runner_types/share/carla_ros_scenario_runner_types/cmake/ament_cmake_export_dependencies-extras.cmake
[5.320s] -- Symlinking: /home/hmmdyn/autocar-erp/ros-bridge/install/carla_ros_scenario_runner_types/share/carla_ros_scenario_runner_types/cmake/ament_cmake_export_include_directories-extras.cmake
[5.328s] -- Symlinking: /home/hmmdyn/autocar-erp/ros-bridge/install/carla_ros_scenario_runner_types/share/carla_ros_scenario_runner_types/cmake/ament_cmake_export_libraries-extras.cmake
[5.341s] -- Symlinking: /home/hmmdyn/autocar-erp/ros-bridge/install/carla_ros_scenario_runner_types/share/carla_ros_scenario_runner_types/cmake/ament_cmake_export_targets-extras.cmake
[5.345s] -- Symlinking: /home/hmmdyn/autocar-erp/ros-bridge/install/carla_ros_scenario_runner_types/share/carla_ros_scenario_runner_types/cmake/rosidl_cmake_export_typesupport_targets-extras.cmake
[5.354s] -- Symlinking: /home/hmmdyn/autocar-erp/ros-bridge/install/carla_ros_scenario_runner_types/share/carla_ros_scenario_runner_types/cmake/rosidl_cmake_export_typesupport_libraries-extras.cmake
[5.364s] -- Symlinking: /home/hmmdyn/autocar-erp/ros-bridge/install/carla_ros_scenario_runner_types/share/carla_ros_scenario_runner_types/cmake/carla_ros_scenario_runner_typesConfig.cmake
[5.381s] -- Symlinking: /home/hmmdyn/autocar-erp/ros-bridge/install/carla_ros_scenario_runner_types/share/carla_ros_scenario_runner_types/cmake/carla_ros_scenario_runner_typesConfig-version.cmake
[5.400s] -- Symlinking: /home/hmmdyn/autocar-erp/ros-bridge/install/carla_ros_scenario_runner_types/share/carla_ros_scenario_runner_types/package.xml
[5.420s] -- Installing: /home/hmmdyn/autocar-erp/ros-bridge/install/carla_ros_scenario_runner_types/lib/libcarla_ros_scenario_runner_types__rosidl_generator_c.so
[5.420s] -- Set runtime path of "/home/hmmdyn/autocar-erp/ros-bridge/install/carla_ros_scenario_runner_types/lib/libcarla_ros_scenario_runner_types__rosidl_generator_c.so" to ""
[5.420s] -- Installing: /home/hmmdyn/autocar-erp/ros-bridge/install/carla_ros_scenario_runner_types/lib/libcarla_ros_scenario_runner_types__rosidl_typesupport_fastrtps_c.so
[5.422s] -- Set runtime path of "/home/hmmdyn/autocar-erp/ros-bridge/install/carla_ros_scenario_runner_types/lib/libcarla_ros_scenario_runner_types__rosidl_typesupport_fastrtps_c.so" to ""
[5.422s] -- Installing: /home/hmmdyn/autocar-erp/ros-bridge/install/carla_ros_scenario_runner_types/lib/libcarla_ros_scenario_runner_types__rosidl_typesupport_fastrtps_cpp.so
[5.422s] -- Set runtime path of "/home/hmmdyn/autocar-erp/ros-bridge/install/carla_ros_scenario_runner_types/lib/libcarla_ros_scenario_runner_types__rosidl_typesupport_fastrtps_cpp.so" to ""
[5.423s] -- Installing: /home/hmmdyn/autocar-erp/ros-bridge/install/carla_ros_scenario_runner_types/lib/libcarla_ros_scenario_runner_types__rosidl_typesupport_introspection_c.so
[5.423s] -- Set runtime path of "/home/hmmdyn/autocar-erp/ros-bridge/install/carla_ros_scenario_runner_types/lib/libcarla_ros_scenario_runner_types__rosidl_typesupport_introspection_c.so" to ""
[5.423s] -- Installing: /home/hmmdyn/autocar-erp/ros-bridge/install/carla_ros_scenario_runner_types/lib/libcarla_ros_scenario_runner_types__rosidl_typesupport_c.so
[5.423s] -- Set runtime path of "/home/hmmdyn/autocar-erp/ros-bridge/install/carla_ros_scenario_runner_types/lib/libcarla_ros_scenario_runner_types__rosidl_typesupport_c.so" to ""
[5.423s] -- Installing: /home/hmmdyn/autocar-erp/ros-bridge/install/carla_ros_scenario_runner_types/lib/libcarla_ros_scenario_runner_types__rosidl_typesupport_introspection_cpp.so
[5.423s] -- Set runtime path of "/home/hmmdyn/autocar-erp/ros-bridge/install/carla_ros_scenario_runner_types/lib/libcarla_ros_scenario_runner_types__rosidl_typesupport_introspection_cpp.so" to ""
[5.423s] -- Installing: /home/hmmdyn/autocar-erp/ros-bridge/install/carla_ros_scenario_runner_types/lib/libcarla_ros_scenario_runner_types__rosidl_typesupport_cpp.so
[5.423s] -- Set runtime path of "/home/hmmdyn/autocar-erp/ros-bridge/install/carla_ros_scenario_runner_types/lib/libcarla_ros_scenario_runner_types__rosidl_typesupport_cpp.so" to ""
[5.487s] Listing '/home/hmmdyn/autocar-erp/ros-bridge/install/carla_ros_scenario_runner_types/local/lib/python3.10/dist-packages/carla_ros_scenario_runner_types'...
[5.487s] Compiling '/home/hmmdyn/autocar-erp/ros-bridge/install/carla_ros_scenario_runner_types/local/lib/python3.10/dist-packages/carla_ros_scenario_runner_types/__init__.py'...
[5.487s] Listing '/home/hmmdyn/autocar-erp/ros-bridge/install/carla_ros_scenario_runner_types/local/lib/python3.10/dist-packages/carla_ros_scenario_runner_types/msg'...
[5.487s] Compiling '/home/hmmdyn/autocar-erp/ros-bridge/install/carla_ros_scenario_runner_types/local/lib/python3.10/dist-packages/carla_ros_scenario_runner_types/msg/__init__.py'...
[5.487s] Compiling '/home/hmmdyn/autocar-erp/ros-bridge/install/carla_ros_scenario_runner_types/local/lib/python3.10/dist-packages/carla_ros_scenario_runner_types/msg/_carla_scenario.py'...
[5.487s] Compiling '/home/hmmdyn/autocar-erp/ros-bridge/install/carla_ros_scenario_runner_types/local/lib/python3.10/dist-packages/carla_ros_scenario_runner_types/msg/_carla_scenario_list.py'...
[5.488s] Compiling '/home/hmmdyn/autocar-erp/ros-bridge/install/carla_ros_scenario_runner_types/local/lib/python3.10/dist-packages/carla_ros_scenario_runner_types/msg/_carla_scenario_runner_status.py'...
[5.488s] Listing '/home/hmmdyn/autocar-erp/ros-bridge/install/carla_ros_scenario_runner_types/local/lib/python3.10/dist-packages/carla_ros_scenario_runner_types/srv'...
[5.488s] Compiling '/home/hmmdyn/autocar-erp/ros-bridge/install/carla_ros_scenario_runner_types/local/lib/python3.10/dist-packages/carla_ros_scenario_runner_types/srv/__init__.py'...
[5.488s] Compiling '/home/hmmdyn/autocar-erp/ros-bridge/install/carla_ros_scenario_runner_types/local/lib/python3.10/dist-packages/carla_ros_scenario_runner_types/srv/_execute_scenario.py'...
[5.494s] -- Installing: /home/hmmdyn/autocar-erp/ros-bridge/install/carla_ros_scenario_runner_types/lib/libcarla_ros_scenario_runner_types__rosidl_generator_py.so
[5.494s] -- Set runtime path of "/home/hmmdyn/autocar-erp/ros-bridge/install/carla_ros_scenario_runner_types/lib/libcarla_ros_scenario_runner_types__rosidl_generator_py.so" to ""
[5.494s] -- Installing: /home/hmmdyn/autocar-erp/ros-bridge/install/carla_ros_scenario_runner_types/share/carla_ros_scenario_runner_types/cmake/export_carla_ros_scenario_runner_types__rosidl_generator_cExport.cmake
[5.495s] -- Installing: /home/hmmdyn/autocar-erp/ros-bridge/install/carla_ros_scenario_runner_types/share/carla_ros_scenario_runner_types/cmake/export_carla_ros_scenario_runner_types__rosidl_generator_cExport-noconfig.cmake
[5.495s] -- Installing: /home/hmmdyn/autocar-erp/ros-bridge/install/carla_ros_scenario_runner_types/share/carla_ros_scenario_runner_types/cmake/export_carla_ros_scenario_runner_types__rosidl_typesupport_fastrtps_cExport.cmake
[5.495s] -- Installing: /home/hmmdyn/autocar-erp/ros-bridge/install/carla_ros_scenario_runner_types/share/carla_ros_scenario_runner_types/cmake/export_carla_ros_scenario_runner_types__rosidl_typesupport_fastrtps_cExport-noconfig.cmake
[5.495s] -- Installing: /home/hmmdyn/autocar-erp/ros-bridge/install/carla_ros_scenario_runner_types/share/carla_ros_scenario_runner_types/cmake/export_carla_ros_scenario_runner_types__rosidl_generator_cppExport.cmake
[5.496s] -- Installing: /home/hmmdyn/autocar-erp/ros-bridge/install/carla_ros_scenario_runner_types/share/carla_ros_scenario_runner_types/cmake/export_carla_ros_scenario_runner_types__rosidl_typesupport_fastrtps_cppExport.cmake
[5.496s] -- Installing: /home/hmmdyn/autocar-erp/ros-bridge/install/carla_ros_scenario_runner_types/share/carla_ros_scenario_runner_types/cmake/export_carla_ros_scenario_runner_types__rosidl_typesupport_fastrtps_cppExport-noconfig.cmake
[5.496s] -- Installing: /home/hmmdyn/autocar-erp/ros-bridge/install/carla_ros_scenario_runner_types/share/carla_ros_scenario_runner_types/cmake/carla_ros_scenario_runner_types__rosidl_typesupport_introspection_cExport.cmake
[5.497s] -- Installing: /home/hmmdyn/autocar-erp/ros-bridge/install/carla_ros_scenario_runner_types/share/carla_ros_scenario_runner_types/cmake/carla_ros_scenario_runner_types__rosidl_typesupport_introspection_cExport-noconfig.cmake
[5.497s] -- Installing: /home/hmmdyn/autocar-erp/ros-bridge/install/carla_ros_scenario_runner_types/share/carla_ros_scenario_runner_types/cmake/carla_ros_scenario_runner_types__rosidl_typesupport_cExport.cmake
[5.497s] -- Installing: /home/hmmdyn/autocar-erp/ros-bridge/install/carla_ros_scenario_runner_types/share/carla_ros_scenario_runner_types/cmake/carla_ros_scenario_runner_types__rosidl_typesupport_cExport-noconfig.cmake
[5.497s] -- Installing: /home/hmmdyn/autocar-erp/ros-bridge/install/carla_ros_scenario_runner_types/share/carla_ros_scenario_runner_types/cmake/carla_ros_scenario_runner_types__rosidl_typesupport_introspection_cppExport.cmake
[5.497s] -- Installing: /home/hmmdyn/autocar-erp/ros-bridge/install/carla_ros_scenario_runner_types/share/carla_ros_scenario_runner_types/cmake/carla_ros_scenario_runner_types__rosidl_typesupport_introspection_cppExport-noconfig.cmake
[5.498s] -- Installing: /home/hmmdyn/autocar-erp/ros-bridge/install/carla_ros_scenario_runner_types/share/carla_ros_scenario_runner_types/cmake/carla_ros_scenario_runner_types__rosidl_typesupport_cppExport.cmake
[5.498s] -- Installing: /home/hmmdyn/autocar-erp/ros-bridge/install/carla_ros_scenario_runner_types/share/carla_ros_scenario_runner_types/cmake/carla_ros_scenario_runner_types__rosidl_typesupport_cppExport-noconfig.cmake
[5.498s] -- Installing: /home/hmmdyn/autocar-erp/ros-bridge/install/carla_ros_scenario_runner_types/share/carla_ros_scenario_runner_types/cmake/export_carla_ros_scenario_runner_types__rosidl_generator_pyExport.cmake
[5.498s] -- Installing: /home/hmmdyn/autocar-erp/ros-bridge/install/carla_ros_scenario_runner_types/share/carla_ros_scenario_runner_types/cmake/export_carla_ros_scenario_runner_types__rosidl_generator_pyExport-noconfig.cmake
[5.508s] Invoked command in '/home/hmmdyn/autocar-erp/ros-bridge/build/carla_ros_scenario_runner_types' returned '0': CMAKE_PREFIX_PATH=/opt/ros/humble /usr/bin/cmake --install /home/hmmdyn/autocar-erp/ros-bridge/build/carla_ros_scenario_runner_types
