[0.028s] Invoking command in '/home/mds/autocar-erp/autocar-erp-main/build/autocar_nav': CMAKE_PREFIX_PATH=${CMAKE_PREFIX_PATH}:/home/mds/ros2_ws/install/ntrip_client:/home/mds/autocar-erp/install/perception:/home/mds/autocar-erp/install/localization:/home/mds/autocar-erp/install/local_path_planning:/home/mds/autocar-erp/install/erp_control:/opt/ros/humble /usr/bin/cmake /home/mds/autocar-erp/autocar-erp-main/autocar_nav -DAMENT_CMAKE_SYMLINK_INSTALL=1 -DCMAKE_INSTALL_PREFIX=/home/mds/autocar-erp/autocar-erp-main/install/autocar_nav
[0.499s] -- The C compiler identification is GNU 11.4.0
[0.500s] -- The CXX compiler identification is GNU 11.4.0
[0.500s] -- Detecting C compiler ABI info
[0.500s] -- Detecting C compiler ABI info - done
[0.500s] -- Check for working C compiler: /usr/bin/cc - skipped
[0.500s] -- Detecting C compile features
[0.500s] -- Detecting C compile features - done
[0.500s] -- Detecting CXX compiler ABI info
[0.500s] -- Detecting CXX compiler ABI info - done
[0.500s] -- Check for working CXX compiler: /usr/bin/c++ - skipped
[0.500s] -- Detecting CXX compile features
[0.500s] -- Detecting CXX compile features - done
[0.500s] -- Found ament_cmake: 1.3.11 (/opt/ros/humble/share/ament_cmake/cmake)
[0.570s] -- Found Python3: /usr/bin/python3 (found version "3.10.12") found components: Interpreter 
[0.618s] -- Override CMake install command with custom implementation using symlinks instead of copying resources
[0.657s] -- Found rclpy: 3.3.15 (/opt/ros/humble/share/rclpy/cmake)
[0.660s] -- Found geometry_msgs: 4.2.4 (/opt/ros/humble/share/geometry_msgs/cmake)
[0.713s] -- Found rosidl_generator_c: 3.1.6 (/opt/ros/humble/share/rosidl_generator_c/cmake)
[0.721s] -- Found rosidl_adapter: 3.1.6 (/opt/ros/humble/share/rosidl_adapter/cmake)
[0.731s] -- Found rosidl_generator_cpp: 3.1.6 (/opt/ros/humble/share/rosidl_generator_cpp/cmake)
[0.748s] -- Using all available rosidl_typesupport_c: rosidl_typesupport_fastrtps_c;rosidl_typesupport_introspection_c
[0.766s] -- Using all available rosidl_typesupport_cpp: rosidl_typesupport_fastrtps_cpp;rosidl_typesupport_introspection_cpp
[0.804s] -- Found nav_msgs: 4.2.4 (/opt/ros/humble/share/nav_msgs/cmake)
[0.825s] -- Found tf2: 0.25.12 (/opt/ros/humble/share/tf2/cmake)
[0.839s] -- Found tf2_ros: 0.25.12 (/opt/ros/humble/share/tf2_ros/cmake)
[0.929s] -- Found rmw_implementation_cmake: 6.1.2 (/opt/ros/humble/share/rmw_implementation_cmake/cmake)
[0.933s] -- Found rmw_fastrtps_cpp: 6.2.7 (/opt/ros/humble/share/rmw_fastrtps_cpp/cmake)
[1.016s] -- Found OpenSSL: /usr/lib/x86_64-linux-gnu/libcrypto.so (found version "3.0.2")  
[1.039s] -- Found FastRTPS: /opt/ros/humble/include  
[1.074s] -- Using RMW implementation 'rmw_fastrtps_cpp' as default
[1.089s] -- Looking for pthread.h
[1.152s] -- Looking for pthread.h - found
[1.152s] -- Performing Test CMAKE_HAVE_LIBC_PTHREAD
[1.216s] -- Performing Test CMAKE_HAVE_LIBC_PTHREAD - Success
[1.217s] -- Found Threads: TRUE  
[1.376s] -- Found ament_lint_auto: 0.12.11 (/opt/ros/humble/share/ament_lint_auto/cmake)
[1.431s] -- Added test 'copyright' to check source files copyright and LICENSE
[1.433s] -- Added test 'flake8' to check Python code syntax and style conventions
[1.434s] -- Added test 'lint_cmake' to check CMake code style
[1.434s] -- Added test 'pep257' to check Python code against some of the docstring style conventions in PEP 257
[1.435s] -- Added test 'xmllint' to check XML markup files
[1.436s] -- Configuring done
[1.439s] -- Generating done
[1.440s] -- Build files have been written to: /home/mds/autocar-erp/autocar-erp-main/build/autocar_nav
[1.446s] Invoked command in '/home/mds/autocar-erp/autocar-erp-main/build/autocar_nav' returned '0': CMAKE_PREFIX_PATH=${CMAKE_PREFIX_PATH}:/home/mds/ros2_ws/install/ntrip_client:/home/mds/autocar-erp/install/perception:/home/mds/autocar-erp/install/localization:/home/mds/autocar-erp/install/local_path_planning:/home/mds/autocar-erp/install/erp_control:/opt/ros/humble /usr/bin/cmake /home/mds/autocar-erp/autocar-erp-main/autocar_nav -DAMENT_CMAKE_SYMLINK_INSTALL=1 -DCMAKE_INSTALL_PREFIX=/home/mds/autocar-erp/autocar-erp-main/install/autocar_nav
[1.447s] Invoking command in '/home/mds/autocar-erp/autocar-erp-main/build/autocar_nav': CMAKE_PREFIX_PATH=${CMAKE_PREFIX_PATH}:/home/mds/ros2_ws/install/ntrip_client:/home/mds/autocar-erp/install/perception:/home/mds/autocar-erp/install/localization:/home/mds/autocar-erp/install/local_path_planning:/home/mds/autocar-erp/install/erp_control:/opt/ros/humble /usr/bin/cmake --build /home/mds/autocar-erp/autocar-erp-main/build/autocar_nav -- -j16 -l16
[1.508s] Built target ament_cmake_python_symlink_autocar_nav
[1.663s] running egg_info
[1.663s] creating autocar_nav.egg-info
[1.663s] writing autocar_nav.egg-info/PKG-INFO
[1.663s] writing dependency_links to autocar_nav.egg-info/dependency_links.txt
[1.663s] writing top-level names to autocar_nav.egg-info/top_level.txt
[1.663s] writing manifest file 'autocar_nav.egg-info/SOURCES.txt'
[1.664s] reading manifest file 'autocar_nav.egg-info/SOURCES.txt'
[1.665s] writing manifest file 'autocar_nav.egg-info/SOURCES.txt'
[1.680s] Built target ament_cmake_python_build_autocar_nav_egg
[1.688s] Invoked command in '/home/mds/autocar-erp/autocar-erp-main/build/autocar_nav' returned '0': CMAKE_PREFIX_PATH=${CMAKE_PREFIX_PATH}:/home/mds/ros2_ws/install/ntrip_client:/home/mds/autocar-erp/install/perception:/home/mds/autocar-erp/install/localization:/home/mds/autocar-erp/install/local_path_planning:/home/mds/autocar-erp/install/erp_control:/opt/ros/humble /usr/bin/cmake --build /home/mds/autocar-erp/autocar-erp-main/build/autocar_nav -- -j16 -l16
[1.689s] Invoking command in '/home/mds/autocar-erp/autocar-erp-main/build/autocar_nav': CMAKE_PREFIX_PATH=${CMAKE_PREFIX_PATH}:/home/mds/ros2_ws/install/ntrip_client:/home/mds/autocar-erp/install/perception:/home/mds/autocar-erp/install/localization:/home/mds/autocar-erp/install/local_path_planning:/home/mds/autocar-erp/install/erp_control:/opt/ros/humble /usr/bin/cmake --install /home/mds/autocar-erp/autocar-erp-main/build/autocar_nav
[1.696s] -- Install configuration: ""
[1.696s] -- Execute custom install script
[1.696s] -- Symlinking: /home/mds/autocar-erp/autocar-erp-main/install/autocar_nav/share/autocar_nav/environment/pythonpath.sh
[1.703s] -- Symlinking: /home/mds/autocar-erp/autocar-erp-main/install/autocar_nav/share/autocar_nav/environment/pythonpath.dsv
[1.711s] -- Symlinking: /home/mds/autocar-erp/autocar-erp-main/install/autocar_nav/local/lib/python3.10/dist-packages/autocar_nav-0.0.0-py3.10.egg-info/PKG-INFO
[1.718s] -- Symlinking: /home/mds/autocar-erp/autocar-erp-main/install/autocar_nav/local/lib/python3.10/dist-packages/autocar_nav-0.0.0-py3.10.egg-info/SOURCES.txt
[1.724s] -- Symlinking: /home/mds/autocar-erp/autocar-erp-main/install/autocar_nav/local/lib/python3.10/dist-packages/autocar_nav-0.0.0-py3.10.egg-info/dependency_links.txt
[1.729s] -- Symlinking: /home/mds/autocar-erp/autocar-erp-main/install/autocar_nav/local/lib/python3.10/dist-packages/autocar_nav-0.0.0-py3.10.egg-info/top_level.txt
[1.736s] -- Symlinking: /home/mds/autocar-erp/autocar-erp-main/install/autocar_nav/local/lib/python3.10/dist-packages/autocar_nav/__init__.py
[1.746s] -- Symlinking: /home/mds/autocar-erp/autocar-erp-main/install/autocar_nav/local/lib/python3.10/dist-packages/autocar_nav/cubic_spline_interpolator.py
[1.764s] -- Symlinking: /home/mds/autocar-erp/autocar-erp-main/install/autocar_nav/local/lib/python3.10/dist-packages/autocar_nav/euler_from_quaternion.py
[1.775s] -- Symlinking: /home/mds/autocar-erp/autocar-erp-main/install/autocar_nav/local/lib/python3.10/dist-packages/autocar_nav/keyboard_input.py
[1.785s] -- Symlinking: /home/mds/autocar-erp/autocar-erp-main/install/autocar_nav/local/lib/python3.10/dist-packages/autocar_nav/mpc.py
[1.797s] -- Symlinking: /home/mds/autocar-erp/autocar-erp-main/install/autocar_nav/local/lib/python3.10/dist-packages/autocar_nav/normalise_angle.py
[1.804s] -- Symlinking: /home/mds/autocar-erp/autocar-erp-main/install/autocar_nav/local/lib/python3.10/dist-packages/autocar_nav/osm_handler.py
[1.812s] -- Symlinking: /home/mds/autocar-erp/autocar-erp-main/install/autocar_nav/local/lib/python3.10/dist-packages/autocar_nav/stopwatch.py
[1.823s] -- Symlinking: /home/mds/autocar-erp/autocar-erp-main/install/autocar_nav/local/lib/python3.10/dist-packages/autocar_nav/way_selector.py
[1.837s] -- Symlinking: /home/mds/autocar-erp/autocar-erp-main/install/autocar_nav/local/lib/python3.10/dist-packages/autocar_nav/yaw_to_quaternion.py
[1.853s] -- Symlinking: /home/mds/autocar-erp/autocar-erp-main/install/autocar_nav/share/autocar_nav/config/navigation_params.yaml
[1.865s] -- Symlinking: /home/mds/autocar-erp/autocar-erp-main/install/autocar_nav/share/autocar_nav/data/boong_LINK.osm
[1.883s] -- Symlinking: /home/mds/autocar-erp/autocar-erp-main/install/autocar_nav/share/autocar_nav/data/hitech2_INTERSECTION_LINK.osm
[1.903s] -- Symlinking: /home/mds/autocar-erp/autocar-erp-main/install/autocar_nav/share/autocar_nav/data/hitech2_LINK.osm
[1.922s] -- Symlinking: /home/mds/autocar-erp/autocar-erp-main/install/autocar_nav/share/autocar_nav/data/hitech2_STOPLINE.osm
[1.931s] -- Symlinking: /home/mds/autocar-erp/autocar-erp-main/install/autocar_nav/share/autocar_nav/data/waypoints.csv
[1.940s] [31mCMake Error at ament_cmake_symlink_install/ament_cmake_symlink_install.cmake:204 (message):
[1.940s]   ament_cmake_symlink_install_programs() can't find
[1.940s]   '/home/mds/autocar-erp/autocar-erp-main/autocar_nav/nodes/globalplanner.py'
[1.940s] Call Stack (most recent call first):
[1.940s]   ament_cmake_symlink_install/ament_cmake_symlink_install.cmake:329 (ament_cmake_symlink_install_programs)
[1.940s]   cmake_install.cmake:46 (include)
[1.940s] 
[1.940s] [0m
[1.942s] Invoked command in '/home/mds/autocar-erp/autocar-erp-main/build/autocar_nav' returned '1': CMAKE_PREFIX_PATH=${CMAKE_PREFIX_PATH}:/home/mds/ros2_ws/install/ntrip_client:/home/mds/autocar-erp/install/perception:/home/mds/autocar-erp/install/localization:/home/mds/autocar-erp/install/local_path_planning:/home/mds/autocar-erp/install/erp_control:/opt/ros/humble /usr/bin/cmake --install /home/mds/autocar-erp/autocar-erp-main/build/autocar_nav
