[0.008s] Invoking command in '/home/kmkm/ros2_ws/build/planning_msgs': CMAKE_PREFIX_PATH=${CMAKE_PREFIX_PATH}:/home/kmkm/ros2_ws/install/local_planner:/home/kmkm/install/sensor_simulator:/home/kmkm/install/mode_selector:/home/kmkm/install/local_planner:/opt/ros/humble /usr/bin/cmake /home/kmkm/ros2_ws/src/planning_msgs -DCMAKE_INSTALL_PREFIX=/home/kmkm/ros2_ws/install/planning_msgs
[0.151s] -- The C compiler identification is GNU 11.4.0
[0.358s] -- The CXX compiler identification is GNU 11.4.0
[0.467s] -- Detecting C compiler ABI info
[0.538s] -- Detecting C compiler ABI info - done
[0.543s] -- Check for working C compiler: /usr/bin/cc - skipped
[0.544s] -- Detecting C compile features
[0.545s] -- Detecting C compile features - done
[0.548s] -- Detecting CXX compiler ABI info
[0.627s] -- Detecting CXX compiler ABI info - done
[0.632s] -- Check for working CXX compiler: /usr/bin/c++ - skipped
[0.632s] -- Detecting CXX compile features
[0.632s] -- Detecting CXX compile features - done
[0.639s] -- Found ament_cmake: 1.3.11 (/opt/ros/humble/share/ament_cmake/cmake)
[0.746s] -- Found Python3: /usr/bin/python3 (found version "3.10.12") found components: Interpreter 
[0.829s] -- Found rosidl_default_generators: 1.2.0 (/opt/ros/humble/share/rosidl_default_generators/cmake)
[0.833s] -- Using all available rosidl_typesupport_c: rosidl_typesupport_fastrtps_c;rosidl_typesupport_introspection_c
[0.840s] -- Found rosidl_adapter: 3.1.6 (/opt/ros/humble/share/rosidl_adapter/cmake)
[0.926s] -- Using all available rosidl_typesupport_cpp: rosidl_typesupport_fastrtps_cpp;rosidl_typesupport_introspection_cpp
[1.124s] -- Found ament_cmake_ros: 0.10.0 (/opt/ros/humble/share/ament_cmake_ros/cmake)
[1.249s] -- Using all available rosidl_typesupport_c: rosidl_typesupport_fastrtps_c;rosidl_typesupport_introspection_c
[1.403s] -- Using all available rosidl_typesupport_cpp: rosidl_typesupport_fastrtps_cpp;rosidl_typesupport_introspection_cpp
[1.445s] -- Found PythonInterp: /usr/bin/python3 (found suitable version "3.10.12", minimum required is "3.6") 
[1.447s] -- Found python_cmake_module: 0.10.0 (/opt/ros/humble/share/python_cmake_module/cmake)
[1.572s] -- Found PythonLibs: /usr/lib/x86_64-linux-gnu/libpython3.10.so (found suitable version "3.10.12", minimum required is "3.5") 
[1.572s] -- Using PYTHON_EXECUTABLE: /usr/bin/python3
[1.572s] -- Using PYTHON_INCLUDE_DIRS: /usr/include/python3.10
[1.572s] -- Using PYTHON_LIBRARIES: /usr/lib/x86_64-linux-gnu/libpython3.10.so
[1.587s] -- Found PythonExtra: .so  
[1.624s] -- Found ament_lint_auto: 0.12.12 (/opt/ros/humble/share/ament_lint_auto/cmake)
[1.650s] -- Added test 'lint_cmake' to check CMake code style
[1.651s] -- Added test 'xmllint' to check XML markup files
[1.653s] -- Configuring done
[1.672s] -- Generating done
[1.678s] -- Build files have been written to: /home/kmkm/ros2_ws/build/planning_msgs
[1.683s] Invoked command in '/home/kmkm/ros2_ws/build/planning_msgs' returned '0': CMAKE_PREFIX_PATH=${CMAKE_PREFIX_PATH}:/home/kmkm/ros2_ws/install/local_planner:/home/kmkm/install/sensor_simulator:/home/kmkm/install/mode_selector:/home/kmkm/install/local_planner:/opt/ros/humble /usr/bin/cmake /home/kmkm/ros2_ws/src/planning_msgs -DCMAKE_INSTALL_PREFIX=/home/kmkm/ros2_ws/install/planning_msgs
[1.685s] Invoking command in '/home/kmkm/ros2_ws/build/planning_msgs': CMAKE_PREFIX_PATH=${CMAKE_PREFIX_PATH}:/home/kmkm/ros2_ws/install/local_planner:/home/kmkm/install/sensor_simulator:/home/kmkm/install/mode_selector:/home/kmkm/install/local_planner:/opt/ros/humble /usr/bin/cmake --build /home/kmkm/ros2_ws/build/planning_msgs -- -j16 -l16
[1.706s] [  3%] [34m[1mGenerating C code for ROS interfaces[0m
[1.712s] [  6%] [34m[1mGenerating C++ code for ROS interfaces[0m
[1.717s] [  6%] Built target ament_cmake_python_copy_planning_msgs
[1.881s] running egg_info
[1.881s] creating planning_msgs.egg-info
[1.881s] writing planning_msgs.egg-info/PKG-INFO
[1.882s] writing dependency_links to planning_msgs.egg-info/dependency_links.txt
[1.882s] writing top-level names to planning_msgs.egg-info/top_level.txt
[1.882s] writing manifest file 'planning_msgs.egg-info/SOURCES.txt'
[1.884s] reading manifest file 'planning_msgs.egg-info/SOURCES.txt'
[1.884s] writing manifest file 'planning_msgs.egg-info/SOURCES.txt'
[1.904s] [  6%] Built target planning_msgs__cpp
[1.906s] [  9%] [32mBuilding C object CMakeFiles/planning_msgs__rosidl_generator_c.dir/rosidl_generator_c/planning_msgs/msg/detail/mode_state__functions.c.o[0m
[1.910s] [ 19%] [34m[1mGenerating C++ type support dispatch for ROS interfaces[0m
[1.911s] [ 19%] [34m[1mGenerating C++ introspection for ROS interfaces[0m
[1.911s] [ 19%] [34m[1mGenerating C++ type support for eProsima Fast-RTPS[0m
[1.911s] [  9%] Built target ament_cmake_python_build_planning_msgs_egg
[1.957s] [ 22%] [32m[1mLinking C shared library libplanning_msgs__rosidl_generator_c.so[0m
[2.009s] [ 22%] Built target planning_msgs__rosidl_generator_c
[2.016s] [ 32%] [34m[1mGenerating C type support dispatch for ROS interfaces[0m
[2.016s] [ 32%] [34m[1mGenerating C type support for eProsima Fast-RTPS[0m
[2.016s] [ 32%] [34m[1mGenerating C introspection for ROS interfaces[0m
[2.090s] [ 35%] [32mBuilding CXX object CMakeFiles/planning_msgs__rosidl_typesupport_cpp.dir/rosidl_typesupport_cpp/planning_msgs/msg/mode_state__type_support.cpp.o[0m
[2.108s] [ 38%] [32mBuilding CXX object CMakeFiles/planning_msgs__rosidl_typesupport_introspection_cpp.dir/rosidl_typesupport_introspection_cpp/planning_msgs/msg/detail/mode_state__type_support.cpp.o[0m
[2.119s] [ 41%] [32mBuilding CXX object CMakeFiles/planning_msgs__rosidl_typesupport_fastrtps_cpp.dir/rosidl_typesupport_fastrtps_cpp/planning_msgs/msg/detail/dds_fastrtps/mode_state__type_support.cpp.o[0m
[2.214s] [ 45%] [32mBuilding CXX object CMakeFiles/planning_msgs__rosidl_typesupport_c.dir/rosidl_typesupport_c/planning_msgs/msg/mode_state__type_support.cpp.o[0m
[2.222s] [ 48%] [32mBuilding C object CMakeFiles/planning_msgs__rosidl_typesupport_introspection_c.dir/rosidl_typesupport_introspection_c/planning_msgs/msg/detail/mode_state__type_support.c.o[0m
[2.238s] [ 51%] [32m[1mLinking CXX shared library libplanning_msgs__rosidl_typesupport_c.so[0m
[2.244s] [ 54%] [32mBuilding CXX object CMakeFiles/planning_msgs__rosidl_typesupport_fastrtps_c.dir/rosidl_typesupport_fastrtps_c/planning_msgs/msg/detail/mode_state__type_support_c.cpp.o[0m
[2.246s] [ 58%] [32m[1mLinking C shared library libplanning_msgs__rosidl_typesupport_introspection_c.so[0m
[2.292s] [ 58%] Built target planning_msgs__rosidl_typesupport_introspection_c
[2.294s] [ 58%] Built target planning_msgs__rosidl_typesupport_c
[2.314s] [ 61%] [32m[1mLinking CXX shared library libplanning_msgs__rosidl_typesupport_cpp.so[0m
[2.368s] [ 61%] Built target planning_msgs__rosidl_typesupport_cpp
[2.418s] [ 64%] [32m[1mLinking CXX shared library libplanning_msgs__rosidl_typesupport_introspection_cpp.so[0m
[2.426s] [ 67%] [32m[1mLinking CXX shared library libplanning_msgs__rosidl_typesupport_fastrtps_cpp.so[0m
[2.477s] [ 70%] [32m[1mLinking CXX shared library libplanning_msgs__rosidl_typesupport_fastrtps_c.so[0m
[2.489s] [ 70%] Built target planning_msgs__rosidl_typesupport_introspection_cpp
[2.498s] [ 70%] Built target planning_msgs__rosidl_typesupport_fastrtps_cpp
[2.550s] [ 70%] Built target planning_msgs__rosidl_typesupport_fastrtps_c
[2.561s] [ 70%] Built target planning_msgs
[2.572s] [ 74%] [34m[1mGenerating Python code for ROS interfaces[0m
[2.782s] [ 74%] Built target planning_msgs__py
[2.793s] [ 77%] [32mBuilding C object CMakeFiles/planning_msgs__rosidl_generator_py.dir/rosidl_generator_py/planning_msgs/msg/_mode_state_s.c.o[0m
[2.892s] [ 80%] [32m[1mLinking C shared library rosidl_generator_py/planning_msgs/libplanning_msgs__rosidl_generator_py.so[0m
[2.936s] [ 80%] Built target planning_msgs__rosidl_generator_py
[2.948s] [ 90%] [32mBuilding C object CMakeFiles/planning_msgs__rosidl_typesupport_introspection_c__pyext.dir/rosidl_generator_py/planning_msgs/_planning_msgs_s.ep.rosidl_typesupport_introspection_c.c.o[0m
[2.949s] [ 90%] [32mBuilding C object CMakeFiles/planning_msgs__rosidl_typesupport_fastrtps_c__pyext.dir/rosidl_generator_py/planning_msgs/_planning_msgs_s.ep.rosidl_typesupport_fastrtps_c.c.o[0m
[2.949s] [ 90%] [32mBuilding C object CMakeFiles/planning_msgs__rosidl_typesupport_c__pyext.dir/rosidl_generator_py/planning_msgs/_planning_msgs_s.ep.rosidl_typesupport_c.c.o[0m
[3.002s] [ 96%] [32m[1mLinking C shared library rosidl_generator_py/planning_msgs/planning_msgs_s__rosidl_typesupport_introspection_c.cpython-310-x86_64-linux-gnu.so[0m
[3.002s] [ 96%] [32m[1mLinking C shared library rosidl_generator_py/planning_msgs/planning_msgs_s__rosidl_typesupport_c.cpython-310-x86_64-linux-gnu.so[0m
[3.003s] [100%] [32m[1mLinking C shared library rosidl_generator_py/planning_msgs/planning_msgs_s__rosidl_typesupport_fastrtps_c.cpython-310-x86_64-linux-gnu.so[0m
[3.045s] [100%] Built target planning_msgs__rosidl_typesupport_fastrtps_c__pyext
[3.045s] [100%] Built target planning_msgs__rosidl_typesupport_c__pyext
[3.045s] [100%] Built target planning_msgs__rosidl_typesupport_introspection_c__pyext
[3.052s] Invoked command in '/home/kmkm/ros2_ws/build/planning_msgs' returned '0': CMAKE_PREFIX_PATH=${CMAKE_PREFIX_PATH}:/home/kmkm/ros2_ws/install/local_planner:/home/kmkm/install/sensor_simulator:/home/kmkm/install/mode_selector:/home/kmkm/install/local_planner:/opt/ros/humble /usr/bin/cmake --build /home/kmkm/ros2_ws/build/planning_msgs -- -j16 -l16
[3.060s] Invoking command in '/home/kmkm/ros2_ws/build/planning_msgs': CMAKE_PREFIX_PATH=${CMAKE_PREFIX_PATH}:/home/kmkm/ros2_ws/install/local_planner:/home/kmkm/install/sensor_simulator:/home/kmkm/install/mode_selector:/home/kmkm/install/local_planner:/opt/ros/humble /usr/bin/cmake --install /home/kmkm/ros2_ws/build/planning_msgs
[3.063s] -- Install configuration: ""
[3.064s] -- Installing: /home/kmkm/ros2_ws/install/planning_msgs/share/ament_index/resource_index/rosidl_interfaces/planning_msgs
[3.064s] -- Installing: /home/kmkm/ros2_ws/install/planning_msgs/include/planning_msgs/planning_msgs
[3.064s] -- Installing: /home/kmkm/ros2_ws/install/planning_msgs/include/planning_msgs/planning_msgs/msg
[3.064s] -- Installing: /home/kmkm/ros2_ws/install/planning_msgs/include/planning_msgs/planning_msgs/msg/rosidl_generator_c__visibility_control.h
[3.065s] -- Installing: /home/kmkm/ros2_ws/install/planning_msgs/include/planning_msgs/planning_msgs/msg/mode_state.h
[3.065s] -- Installing: /home/kmkm/ros2_ws/install/planning_msgs/include/planning_msgs/planning_msgs/msg/detail
[3.065s] -- Installing: /home/kmkm/ros2_ws/install/planning_msgs/include/planning_msgs/planning_msgs/msg/detail/mode_state__struct.h
[3.065s] -- Installing: /home/kmkm/ros2_ws/install/planning_msgs/include/planning_msgs/planning_msgs/msg/detail/mode_state__functions.c
[3.065s] -- Installing: /home/kmkm/ros2_ws/install/planning_msgs/include/planning_msgs/planning_msgs/msg/detail/mode_state__functions.h
[3.065s] -- Installing: /home/kmkm/ros2_ws/install/planning_msgs/include/planning_msgs/planning_msgs/msg/detail/mode_state__type_support.h
[3.065s] -- Installing: /home/kmkm/ros2_ws/install/planning_msgs/share/planning_msgs/environment/library_path.sh
[3.066s] -- Installing: /home/kmkm/ros2_ws/install/planning_msgs/share/planning_msgs/environment/library_path.dsv
[3.066s] -- Installing: /home/kmkm/ros2_ws/install/planning_msgs/lib/libplanning_msgs__rosidl_generator_c.so
[3.066s] -- Set runtime path of "/home/kmkm/ros2_ws/install/planning_msgs/lib/libplanning_msgs__rosidl_generator_c.so" to ""
[3.066s] -- Up-to-date: /home/kmkm/ros2_ws/install/planning_msgs/include/planning_msgs/planning_msgs
[3.066s] -- Up-to-date: /home/kmkm/ros2_ws/install/planning_msgs/include/planning_msgs/planning_msgs/msg
[3.066s] -- Installing: /home/kmkm/ros2_ws/install/planning_msgs/include/planning_msgs/planning_msgs/msg/rosidl_typesupport_fastrtps_c__visibility_control.h
[3.066s] -- Up-to-date: /home/kmkm/ros2_ws/install/planning_msgs/include/planning_msgs/planning_msgs/msg/detail
[3.067s] -- Installing: /home/kmkm/ros2_ws/install/planning_msgs/include/planning_msgs/planning_msgs/msg/detail/mode_state__rosidl_typesupport_fastrtps_c.h
[3.067s] -- Installing: /home/kmkm/ros2_ws/install/planning_msgs/lib/libplanning_msgs__rosidl_typesupport_fastrtps_c.so
[3.067s] -- Set runtime path of "/home/kmkm/ros2_ws/install/planning_msgs/lib/libplanning_msgs__rosidl_typesupport_fastrtps_c.so" to ""
[3.067s] -- Up-to-date: /home/kmkm/ros2_ws/install/planning_msgs/include/planning_msgs/planning_msgs
[3.067s] -- Up-to-date: /home/kmkm/ros2_ws/install/planning_msgs/include/planning_msgs/planning_msgs/msg
[3.068s] -- Up-to-date: /home/kmkm/ros2_ws/install/planning_msgs/include/planning_msgs/planning_msgs/msg/detail
[3.068s] -- Installing: /home/kmkm/ros2_ws/install/planning_msgs/include/planning_msgs/planning_msgs/msg/detail/mode_state__type_support.c
[3.068s] -- Installing: /home/kmkm/ros2_ws/install/planning_msgs/include/planning_msgs/planning_msgs/msg/detail/mode_state__rosidl_typesupport_introspection_c.h
[3.068s] -- Installing: /home/kmkm/ros2_ws/install/planning_msgs/include/planning_msgs/planning_msgs/msg/rosidl_typesupport_introspection_c__visibility_control.h
[3.068s] -- Installing: /home/kmkm/ros2_ws/install/planning_msgs/lib/libplanning_msgs__rosidl_typesupport_introspection_c.so
[3.068s] -- Set runtime path of "/home/kmkm/ros2_ws/install/planning_msgs/lib/libplanning_msgs__rosidl_typesupport_introspection_c.so" to ""
[3.068s] -- Installing: /home/kmkm/ros2_ws/install/planning_msgs/lib/libplanning_msgs__rosidl_typesupport_c.so
[3.068s] -- Set runtime path of "/home/kmkm/ros2_ws/install/planning_msgs/lib/libplanning_msgs__rosidl_typesupport_c.so" to ""
[3.069s] -- Up-to-date: /home/kmkm/ros2_ws/install/planning_msgs/include/planning_msgs/planning_msgs
[3.069s] -- Up-to-date: /home/kmkm/ros2_ws/install/planning_msgs/include/planning_msgs/planning_msgs/msg
[3.069s] -- Installing: /home/kmkm/ros2_ws/install/planning_msgs/include/planning_msgs/planning_msgs/msg/rosidl_generator_cpp__visibility_control.hpp
[3.069s] -- Up-to-date: /home/kmkm/ros2_ws/install/planning_msgs/include/planning_msgs/planning_msgs/msg/detail
[3.069s] -- Installing: /home/kmkm/ros2_ws/install/planning_msgs/include/planning_msgs/planning_msgs/msg/detail/mode_state__type_support.hpp
[3.069s] -- Installing: /home/kmkm/ros2_ws/install/planning_msgs/include/planning_msgs/planning_msgs/msg/detail/mode_state__traits.hpp
[3.069s] -- Installing: /home/kmkm/ros2_ws/install/planning_msgs/include/planning_msgs/planning_msgs/msg/detail/mode_state__struct.hpp
[3.069s] -- Installing: /home/kmkm/ros2_ws/install/planning_msgs/include/planning_msgs/planning_msgs/msg/detail/mode_state__builder.hpp
[3.070s] -- Installing: /home/kmkm/ros2_ws/install/planning_msgs/include/planning_msgs/planning_msgs/msg/mode_state.hpp
[3.070s] -- Up-to-date: /home/kmkm/ros2_ws/install/planning_msgs/include/planning_msgs/planning_msgs
[3.070s] -- Up-to-date: /home/kmkm/ros2_ws/install/planning_msgs/include/planning_msgs/planning_msgs/msg
[3.070s] -- Installing: /home/kmkm/ros2_ws/install/planning_msgs/include/planning_msgs/planning_msgs/msg/rosidl_typesupport_fastrtps_cpp__visibility_control.h
[3.070s] -- Up-to-date: /home/kmkm/ros2_ws/install/planning_msgs/include/planning_msgs/planning_msgs/msg/detail
[3.070s] -- Installing: /home/kmkm/ros2_ws/install/planning_msgs/include/planning_msgs/planning_msgs/msg/detail/mode_state__rosidl_typesupport_fastrtps_cpp.hpp
[3.071s] -- Installing: /home/kmkm/ros2_ws/install/planning_msgs/include/planning_msgs/planning_msgs/msg/detail/dds_fastrtps
[3.071s] -- Installing: /home/kmkm/ros2_ws/install/planning_msgs/lib/libplanning_msgs__rosidl_typesupport_fastrtps_cpp.so
[3.071s] -- Set runtime path of "/home/kmkm/ros2_ws/install/planning_msgs/lib/libplanning_msgs__rosidl_typesupport_fastrtps_cpp.so" to ""
[3.071s] -- Up-to-date: /home/kmkm/ros2_ws/install/planning_msgs/include/planning_msgs/planning_msgs
[3.071s] -- Up-to-date: /home/kmkm/ros2_ws/install/planning_msgs/include/planning_msgs/planning_msgs/msg
[3.071s] -- Up-to-date: /home/kmkm/ros2_ws/install/planning_msgs/include/planning_msgs/planning_msgs/msg/detail
[3.071s] -- Installing: /home/kmkm/ros2_ws/install/planning_msgs/include/planning_msgs/planning_msgs/msg/detail/mode_state__rosidl_typesupport_introspection_cpp.hpp
[3.071s] -- Installing: /home/kmkm/ros2_ws/install/planning_msgs/include/planning_msgs/planning_msgs/msg/detail/mode_state__type_support.cpp
[3.071s] -- Installing: /home/kmkm/ros2_ws/install/planning_msgs/lib/libplanning_msgs__rosidl_typesupport_introspection_cpp.so
[3.071s] -- Set runtime path of "/home/kmkm/ros2_ws/install/planning_msgs/lib/libplanning_msgs__rosidl_typesupport_introspection_cpp.so" to ""
[3.071s] -- Installing: /home/kmkm/ros2_ws/install/planning_msgs/lib/libplanning_msgs__rosidl_typesupport_cpp.so
[3.071s] -- Set runtime path of "/home/kmkm/ros2_ws/install/planning_msgs/lib/libplanning_msgs__rosidl_typesupport_cpp.so" to ""
[3.071s] -- Installing: /home/kmkm/ros2_ws/install/planning_msgs/share/planning_msgs/environment/pythonpath.sh
[3.071s] -- Installing: /home/kmkm/ros2_ws/install/planning_msgs/share/planning_msgs/environment/pythonpath.dsv
[3.071s] -- Installing: /home/kmkm/ros2_ws/install/planning_msgs/local/lib/python3.10/dist-packages/planning_msgs-0.0.0-py3.10.egg-info
[3.071s] -- Installing: /home/kmkm/ros2_ws/install/planning_msgs/local/lib/python3.10/dist-packages/planning_msgs-0.0.0-py3.10.egg-info/top_level.txt
[3.071s] -- Installing: /home/kmkm/ros2_ws/install/planning_msgs/local/lib/python3.10/dist-packages/planning_msgs-0.0.0-py3.10.egg-info/SOURCES.txt
[3.071s] -- Installing: /home/kmkm/ros2_ws/install/planning_msgs/local/lib/python3.10/dist-packages/planning_msgs-0.0.0-py3.10.egg-info/dependency_links.txt
[3.071s] -- Installing: /home/kmkm/ros2_ws/install/planning_msgs/local/lib/python3.10/dist-packages/planning_msgs-0.0.0-py3.10.egg-info/PKG-INFO
[3.071s] -- Installing: /home/kmkm/ros2_ws/install/planning_msgs/local/lib/python3.10/dist-packages/planning_msgs
[3.071s] -- Installing: /home/kmkm/ros2_ws/install/planning_msgs/local/lib/python3.10/dist-packages/planning_msgs/_planning_msgs_s.ep.rosidl_typesupport_fastrtps_c.c
[3.071s] -- Installing: /home/kmkm/ros2_ws/install/planning_msgs/local/lib/python3.10/dist-packages/planning_msgs/planning_msgs_s__rosidl_typesupport_c.cpython-310-x86_64-linux-gnu.so
[3.071s] -- Installing: /home/kmkm/ros2_ws/install/planning_msgs/local/lib/python3.10/dist-packages/planning_msgs/_planning_msgs_s.ep.rosidl_typesupport_introspection_c.c
[3.072s] -- Installing: /home/kmkm/ros2_ws/install/planning_msgs/local/lib/python3.10/dist-packages/planning_msgs/__init__.py
[3.072s] -- Installing: /home/kmkm/ros2_ws/install/planning_msgs/local/lib/python3.10/dist-packages/planning_msgs/planning_msgs_s__rosidl_typesupport_fastrtps_c.cpython-310-x86_64-linux-gnu.so
[3.072s] -- Installing: /home/kmkm/ros2_ws/install/planning_msgs/local/lib/python3.10/dist-packages/planning_msgs/msg
[3.072s] -- Installing: /home/kmkm/ros2_ws/install/planning_msgs/local/lib/python3.10/dist-packages/planning_msgs/msg/__init__.py
[3.072s] -- Installing: /home/kmkm/ros2_ws/install/planning_msgs/local/lib/python3.10/dist-packages/planning_msgs/msg/_mode_state.py
[3.072s] -- Installing: /home/kmkm/ros2_ws/install/planning_msgs/local/lib/python3.10/dist-packages/planning_msgs/msg/_mode_state_s.c
[3.072s] -- Installing: /home/kmkm/ros2_ws/install/planning_msgs/local/lib/python3.10/dist-packages/planning_msgs/_planning_msgs_s.ep.rosidl_typesupport_c.c
[3.072s] -- Installing: /home/kmkm/ros2_ws/install/planning_msgs/local/lib/python3.10/dist-packages/planning_msgs/libplanning_msgs__rosidl_generator_py.so
[3.072s] -- Installing: /home/kmkm/ros2_ws/install/planning_msgs/local/lib/python3.10/dist-packages/planning_msgs/planning_msgs_s__rosidl_typesupport_introspection_c.cpython-310-x86_64-linux-gnu.so
[3.096s] Listing '/home/kmkm/ros2_ws/install/planning_msgs/local/lib/python3.10/dist-packages/planning_msgs'...
[3.096s] Compiling '/home/kmkm/ros2_ws/install/planning_msgs/local/lib/python3.10/dist-packages/planning_msgs/__init__.py'...
[3.096s] Listing '/home/kmkm/ros2_ws/install/planning_msgs/local/lib/python3.10/dist-packages/planning_msgs/msg'...
[3.096s] Compiling '/home/kmkm/ros2_ws/install/planning_msgs/local/lib/python3.10/dist-packages/planning_msgs/msg/__init__.py'...
[3.096s] Compiling '/home/kmkm/ros2_ws/install/planning_msgs/local/lib/python3.10/dist-packages/planning_msgs/msg/_mode_state.py'...
[3.099s] -- Installing: /home/kmkm/ros2_ws/install/planning_msgs/local/lib/python3.10/dist-packages/planning_msgs/planning_msgs_s__rosidl_typesupport_fastrtps_c.cpython-310-x86_64-linux-gnu.so
[3.099s] -- Set runtime path of "/home/kmkm/ros2_ws/install/planning_msgs/local/lib/python3.10/dist-packages/planning_msgs/planning_msgs_s__rosidl_typesupport_fastrtps_c.cpython-310-x86_64-linux-gnu.so" to ""
[3.099s] -- Installing: /home/kmkm/ros2_ws/install/planning_msgs/local/lib/python3.10/dist-packages/planning_msgs/planning_msgs_s__rosidl_typesupport_introspection_c.cpython-310-x86_64-linux-gnu.so
[3.099s] -- Set runtime path of "/home/kmkm/ros2_ws/install/planning_msgs/local/lib/python3.10/dist-packages/planning_msgs/planning_msgs_s__rosidl_typesupport_introspection_c.cpython-310-x86_64-linux-gnu.so" to ""
[3.100s] -- Installing: /home/kmkm/ros2_ws/install/planning_msgs/local/lib/python3.10/dist-packages/planning_msgs/planning_msgs_s__rosidl_typesupport_c.cpython-310-x86_64-linux-gnu.so
[3.100s] -- Set runtime path of "/home/kmkm/ros2_ws/install/planning_msgs/local/lib/python3.10/dist-packages/planning_msgs/planning_msgs_s__rosidl_typesupport_c.cpython-310-x86_64-linux-gnu.so" to ""
[3.100s] -- Installing: /home/kmkm/ros2_ws/install/planning_msgs/lib/libplanning_msgs__rosidl_generator_py.so
[3.100s] -- Set runtime path of "/home/kmkm/ros2_ws/install/planning_msgs/lib/libplanning_msgs__rosidl_generator_py.so" to ""
[3.100s] -- Installing: /home/kmkm/ros2_ws/install/planning_msgs/share/planning_msgs/msg/ModeState.idl
[3.100s] -- Installing: /home/kmkm/ros2_ws/install/planning_msgs/share/planning_msgs/msg/ModeState.msg
[3.101s] -- Installing: /home/kmkm/ros2_ws/install/planning_msgs/share/ament_index/resource_index/package_run_dependencies/planning_msgs
[3.101s] -- Installing: /home/kmkm/ros2_ws/install/planning_msgs/share/ament_index/resource_index/parent_prefix_path/planning_msgs
[3.101s] -- Installing: /home/kmkm/ros2_ws/install/planning_msgs/share/planning_msgs/environment/ament_prefix_path.sh
[3.101s] -- Installing: /home/kmkm/ros2_ws/install/planning_msgs/share/planning_msgs/environment/ament_prefix_path.dsv
[3.101s] -- Installing: /home/kmkm/ros2_ws/install/planning_msgs/share/planning_msgs/environment/path.sh
[3.101s] -- Installing: /home/kmkm/ros2_ws/install/planning_msgs/share/planning_msgs/environment/path.dsv
[3.102s] -- Installing: /home/kmkm/ros2_ws/install/planning_msgs/share/planning_msgs/local_setup.bash
[3.102s] -- Installing: /home/kmkm/ros2_ws/install/planning_msgs/share/planning_msgs/local_setup.sh
[3.102s] -- Installing: /home/kmkm/ros2_ws/install/planning_msgs/share/planning_msgs/local_setup.zsh
[3.102s] -- Installing: /home/kmkm/ros2_ws/install/planning_msgs/share/planning_msgs/local_setup.dsv
[3.102s] -- Installing: /home/kmkm/ros2_ws/install/planning_msgs/share/planning_msgs/package.dsv
[3.102s] -- Installing: /home/kmkm/ros2_ws/install/planning_msgs/share/ament_index/resource_index/packages/planning_msgs
[3.103s] -- Installing: /home/kmkm/ros2_ws/install/planning_msgs/share/planning_msgs/cmake/export_planning_msgs__rosidl_generator_cExport.cmake
[3.103s] -- Installing: /home/kmkm/ros2_ws/install/planning_msgs/share/planning_msgs/cmake/export_planning_msgs__rosidl_generator_cExport-noconfig.cmake
[3.103s] -- Installing: /home/kmkm/ros2_ws/install/planning_msgs/share/planning_msgs/cmake/export_planning_msgs__rosidl_typesupport_fastrtps_cExport.cmake
[3.103s] -- Installing: /home/kmkm/ros2_ws/install/planning_msgs/share/planning_msgs/cmake/export_planning_msgs__rosidl_typesupport_fastrtps_cExport-noconfig.cmake
[3.103s] -- Installing: /home/kmkm/ros2_ws/install/planning_msgs/share/planning_msgs/cmake/planning_msgs__rosidl_typesupport_introspection_cExport.cmake
[3.103s] -- Installing: /home/kmkm/ros2_ws/install/planning_msgs/share/planning_msgs/cmake/planning_msgs__rosidl_typesupport_introspection_cExport-noconfig.cmake
[3.104s] -- Installing: /home/kmkm/ros2_ws/install/planning_msgs/share/planning_msgs/cmake/planning_msgs__rosidl_typesupport_cExport.cmake
[3.104s] -- Installing: /home/kmkm/ros2_ws/install/planning_msgs/share/planning_msgs/cmake/planning_msgs__rosidl_typesupport_cExport-noconfig.cmake
[3.104s] -- Installing: /home/kmkm/ros2_ws/install/planning_msgs/share/planning_msgs/cmake/export_planning_msgs__rosidl_generator_cppExport.cmake
[3.104s] -- Installing: /home/kmkm/ros2_ws/install/planning_msgs/share/planning_msgs/cmake/export_planning_msgs__rosidl_typesupport_fastrtps_cppExport.cmake
[3.104s] -- Installing: /home/kmkm/ros2_ws/install/planning_msgs/share/planning_msgs/cmake/export_planning_msgs__rosidl_typesupport_fastrtps_cppExport-noconfig.cmake
[3.105s] -- Installing: /home/kmkm/ros2_ws/install/planning_msgs/share/planning_msgs/cmake/planning_msgs__rosidl_typesupport_introspection_cppExport.cmake
[3.105s] -- Installing: /home/kmkm/ros2_ws/install/planning_msgs/share/planning_msgs/cmake/planning_msgs__rosidl_typesupport_introspection_cppExport-noconfig.cmake
[3.105s] -- Installing: /home/kmkm/ros2_ws/install/planning_msgs/share/planning_msgs/cmake/planning_msgs__rosidl_typesupport_cppExport.cmake
[3.105s] -- Installing: /home/kmkm/ros2_ws/install/planning_msgs/share/planning_msgs/cmake/planning_msgs__rosidl_typesupport_cppExport-noconfig.cmake
[3.105s] -- Installing: /home/kmkm/ros2_ws/install/planning_msgs/share/planning_msgs/cmake/export_planning_msgs__rosidl_generator_pyExport.cmake
[3.105s] -- Installing: /home/kmkm/ros2_ws/install/planning_msgs/share/planning_msgs/cmake/export_planning_msgs__rosidl_generator_pyExport-noconfig.cmake
[3.105s] -- Installing: /home/kmkm/ros2_ws/install/planning_msgs/share/planning_msgs/cmake/rosidl_cmake-extras.cmake
[3.106s] -- Installing: /home/kmkm/ros2_ws/install/planning_msgs/share/planning_msgs/cmake/ament_cmake_export_include_directories-extras.cmake
[3.106s] -- Installing: /home/kmkm/ros2_ws/install/planning_msgs/share/planning_msgs/cmake/ament_cmake_export_libraries-extras.cmake
[3.106s] -- Installing: /home/kmkm/ros2_ws/install/planning_msgs/share/planning_msgs/cmake/ament_cmake_export_targets-extras.cmake
[3.106s] -- Installing: /home/kmkm/ros2_ws/install/planning_msgs/share/planning_msgs/cmake/rosidl_cmake_export_typesupport_targets-extras.cmake
[3.106s] -- Installing: /home/kmkm/ros2_ws/install/planning_msgs/share/planning_msgs/cmake/ament_cmake_export_dependencies-extras.cmake
[3.106s] -- Installing: /home/kmkm/ros2_ws/install/planning_msgs/share/planning_msgs/cmake/rosidl_cmake_export_typesupport_libraries-extras.cmake
[3.106s] -- Installing: /home/kmkm/ros2_ws/install/planning_msgs/share/planning_msgs/cmake/planning_msgsConfig.cmake
[3.106s] -- Installing: /home/kmkm/ros2_ws/install/planning_msgs/share/planning_msgs/cmake/planning_msgsConfig-version.cmake
[3.106s] -- Installing: /home/kmkm/ros2_ws/install/planning_msgs/share/planning_msgs/package.xml
[3.108s] Invoked command in '/home/kmkm/ros2_ws/build/planning_msgs' returned '0': CMAKE_PREFIX_PATH=${CMAKE_PREFIX_PATH}:/home/kmkm/ros2_ws/install/local_planner:/home/kmkm/install/sensor_simulator:/home/kmkm/install/mode_selector:/home/kmkm/install/local_planner:/opt/ros/humble /usr/bin/cmake --install /home/kmkm/ros2_ws/build/planning_msgs
