[0.445s] Invoking command in '/home/hmmdyn/autocar-erp/ros-bridge/build/carla_ackermann_control': AMENT_PREFIX_PATH=/home/hmmdyn/autocar-erp/ros-bridge/install/carla_ros_bridge:/home/hmmdyn/autocar-erp/ros-bridge/install/carla_spawn_objects:/home/hmmdyn/autocar-erp/ros-bridge/install/carla_manual_control:/home/hmmdyn/autocar-erp/ros-bridge/install/carla_ackermann_msgs:/home/hmmdyn/autocar-erp/ros-bridge/install/ros_compatibility:/home/hmmdyn/autocar-erp/ros-bridge/install/carla_msgs:/home/hmmdyn/autocar-erp/ros-bridge/install/carla_common:${AMENT_PREFIX_PATH} CMAKE_PREFIX_PATH=/home/hmmdyn/autocar-erp/ros-bridge/install/carla_ackermann_msgs:/home/hmmdyn/autocar-erp/ros-bridge/install/carla_msgs LD_LIBRARY_PATH=/home/hmmdyn/autocar-erp/ros-bridge/install/carla_ackermann_msgs/lib:/home/hmmdyn/autocar-erp/ros-bridge/install/carla_msgs/lib:${LD_LIBRARY_PATH} PYTHONPATH=/home/hmmdyn/autocar-erp/ros-bridge/build/carla_ackermann_control/prefix_override:/usr/lib/python3/dist-packages/colcon_core/task/python/colcon_distutils_commands:/home/hmmdyn/autocar-erp/ros-bridge/install/carla_ackermann_control/lib/python3.10/site-packages:/home/hmmdyn/autocar-erp/ros-bridge/build/carla_ros_bridge/src:/home/hmmdyn/autocar-erp/ros-bridge/install/carla_ros_bridge/lib/python3.10/site-packages:/home/hmmdyn/autocar-erp/ros-bridge/build/carla_spawn_objects:/home/hmmdyn/autocar-erp/ros-bridge/install/carla_spawn_objects/lib/python3.10/site-packages:/home/hmmdyn/autocar-erp/ros-bridge/build/carla_manual_control/src:/home/hmmdyn/autocar-erp/ros-bridge/install/carla_manual_control/lib/python3.10/site-packages:/home/hmmdyn/autocar-erp/ros-bridge/install/carla_ackermann_msgs/local/lib/python3.10/dist-packages:/home/hmmdyn/autocar-erp/ros-bridge/build/ros_compatibility/src:/home/hmmdyn/autocar-erp/ros-bridge/install/ros_compatibility/lib/python3.10/site-packages:/home/hmmdyn/autocar-erp/ros-bridge/install/carla_msgs/local/lib/python3.10/dist-packages:/home/hmmdyn/autocar-erp/ros-bridge/build/carla_common/src:/home/hmmdyn/autocar-erp/ros-bridge/install/carla_common/lib/python3.10/site-packages:${PYTHONPATH} /usr/bin/python3 -W ignore:setup.py install is deprecated -W ignore:easy_install command is deprecated setup.py develop --editable --build-directory /home/hmmdyn/autocar-erp/ros-bridge/build/carla_ackermann_control/build --no-deps symlink_data
[0.536s] /home/hmmdyn/.local/lib/python3.10/site-packages/setuptools/_distutils/dist.py:270: UserWarning: Unknown distribution option: 'tests_require'
[0.536s]   warnings.warn(msg)
[0.645s] running develop
[0.747s] running egg_info
[0.755s] creating src/carla_ackermann_control.egg-info
[0.755s] writing src/carla_ackermann_control.egg-info/PKG-INFO
[0.756s] writing dependency_links to src/carla_ackermann_control.egg-info/dependency_links.txt
[0.756s] writing entry points to src/carla_ackermann_control.egg-info/entry_points.txt
[0.756s] writing requirements to src/carla_ackermann_control.egg-info/requires.txt
[0.756s] writing top-level names to src/carla_ackermann_control.egg-info/top_level.txt
[0.756s] writing manifest file 'src/carla_ackermann_control.egg-info/SOURCES.txt'
[0.789s] reading manifest file 'src/carla_ackermann_control.egg-info/SOURCES.txt'
[0.790s] writing manifest file 'src/carla_ackermann_control.egg-info/SOURCES.txt'
[0.799s] running build_ext
[0.799s] Creating /home/hmmdyn/autocar-erp/ros-bridge/install/carla_ackermann_control/lib/python3.10/site-packages/carla-ackermann-control.egg-link (link to src)
[0.799s] Installing carla_ackermann_control_node script to /home/hmmdyn/autocar-erp/ros-bridge/install/carla_ackermann_control/lib/carla_ackermann_control
[0.799s] 
[0.800s] Installed /home/hmmdyn/autocar-erp/ros-bridge/build/carla_ackermann_control/src
[0.800s] running symlink_data
[0.800s] creating /home/hmmdyn/autocar-erp/ros-bridge/install/carla_ackermann_control/share/ament_index/resource_index/packages
[0.800s] symbolically linking /home/hmmdyn/autocar-erp/ros-bridge/build/carla_ackermann_control/resource/carla_ackermann_control -> /home/hmmdyn/autocar-erp/ros-bridge/install/carla_ackermann_control/share/ament_index/resource_index/packages
[0.800s] symbolically linking /home/hmmdyn/autocar-erp/ros-bridge/build/carla_ackermann_control/package.xml -> /home/hmmdyn/autocar-erp/ros-bridge/install/carla_ackermann_control/share/carla_ackermann_control
[0.800s] symbolically linking /home/hmmdyn/autocar-erp/ros-bridge/build/carla_ackermann_control/launch/carla_ros_bridge_with_ackermann_control.launch.py -> /home/hmmdyn/autocar-erp/ros-bridge/install/carla_ackermann_control/share/carla_ackermann_control
[0.800s] symbolically linking /home/hmmdyn/autocar-erp/ros-bridge/build/carla_ackermann_control/launch/carla_ackermann_control.launch.py -> /home/hmmdyn/autocar-erp/ros-bridge/install/carla_ackermann_control/share/carla_ackermann_control
[0.800s] symbolically linking /home/hmmdyn/autocar-erp/ros-bridge/build/carla_ackermann_control/config/settings.yaml -> /home/hmmdyn/autocar-erp/ros-bridge/install/carla_ackermann_control/share/carla_ackermann_control
[0.823s] Invoked command in '/home/hmmdyn/autocar-erp/ros-bridge/build/carla_ackermann_control' returned '0': AMENT_PREFIX_PATH=/home/hmmdyn/autocar-erp/ros-bridge/install/carla_ros_bridge:/home/hmmdyn/autocar-erp/ros-bridge/install/carla_spawn_objects:/home/hmmdyn/autocar-erp/ros-bridge/install/carla_manual_control:/home/hmmdyn/autocar-erp/ros-bridge/install/carla_ackermann_msgs:/home/hmmdyn/autocar-erp/ros-bridge/install/ros_compatibility:/home/hmmdyn/autocar-erp/ros-bridge/install/carla_msgs:/home/hmmdyn/autocar-erp/ros-bridge/install/carla_common:${AMENT_PREFIX_PATH} CMAKE_PREFIX_PATH=/home/hmmdyn/autocar-erp/ros-bridge/install/carla_ackermann_msgs:/home/hmmdyn/autocar-erp/ros-bridge/install/carla_msgs LD_LIBRARY_PATH=/home/hmmdyn/autocar-erp/ros-bridge/install/carla_ackermann_msgs/lib:/home/hmmdyn/autocar-erp/ros-bridge/install/carla_msgs/lib:${LD_LIBRARY_PATH} PYTHONPATH=/home/hmmdyn/autocar-erp/ros-bridge/build/carla_ackermann_control/prefix_override:/usr/lib/python3/dist-packages/colcon_core/task/python/colcon_distutils_commands:/home/hmmdyn/autocar-erp/ros-bridge/install/carla_ackermann_control/lib/python3.10/site-packages:/home/hmmdyn/autocar-erp/ros-bridge/build/carla_ros_bridge/src:/home/hmmdyn/autocar-erp/ros-bridge/install/carla_ros_bridge/lib/python3.10/site-packages:/home/hmmdyn/autocar-erp/ros-bridge/build/carla_spawn_objects:/home/hmmdyn/autocar-erp/ros-bridge/install/carla_spawn_objects/lib/python3.10/site-packages:/home/hmmdyn/autocar-erp/ros-bridge/build/carla_manual_control/src:/home/hmmdyn/autocar-erp/ros-bridge/install/carla_manual_control/lib/python3.10/site-packages:/home/hmmdyn/autocar-erp/ros-bridge/install/carla_ackermann_msgs/local/lib/python3.10/dist-packages:/home/hmmdyn/autocar-erp/ros-bridge/build/ros_compatibility/src:/home/hmmdyn/autocar-erp/ros-bridge/install/ros_compatibility/lib/python3.10/site-packages:/home/hmmdyn/autocar-erp/ros-bridge/install/carla_msgs/local/lib/python3.10/dist-packages:/home/hmmdyn/autocar-erp/ros-bridge/build/carla_common/src:/home/hmmdyn/autocar-erp/ros-bridge/install/carla_common/lib/python3.10/site-packages:${PYTHONPATH} /usr/bin/python3 -W ignore:setup.py install is deprecated -W ignore:easy_install command is deprecated setup.py develop --editable --build-directory /home/hmmdyn/autocar-erp/ros-bridge/build/carla_ackermann_control/build --no-deps symlink_data
