[0.108s] DEBUG:colcon:Command line arguments: ['/usr/bin/colcon', 'build']
[0.108s] DEBUG:colcon:Parsed command line arguments: Namespace(log_base=None, log_level=None, verb_name='build', build_base='build', install_base='install', merge_install=False, symlink_install=False, test_result_base=None, continue_on_error=False, executor='parallel', parallel_workers=16, event_handlers=None, ignore_user_meta=False, metas=['./colcon.meta'], base_paths=['.'], packages_ignore=None, packages_ignore_regex=None, paths=None, packages_up_to=None, packages_up_to_regex=None, packages_above=None, packages_above_and_dependencies=None, packages_above_depth=None, packages_select_by_dep=None, packages_skip_by_dep=None, packages_skip_up_to=None, packages_select_build_failed=False, packages_skip_build_finished=False, packages_select_test_failures=False, packages_skip_test_passed=False, packages_select=None, packages_skip=None, packages_select_regex=None, packages_skip_regex=None, packages_start=None, packages_end=None, allow_overriding=[], cmake_args=None, cmake_target=None, cmake_target_skip_unavailable=False, cmake_clean_cache=False, cmake_clean_first=False, cmake_force_configure=False, ament_cmake_args=None, catkin_cmake_args=None, catkin_skip_building_tests=False, mixin_files=None, mixin=None, verb_parser=<colcon_mixin.mixin.mixin_argument.MixinArgumentDecorator object at 0x7f4898d139a0>, verb_extension=<colcon_core.verb.build.BuildVerb object at 0x7f4898ec8910>, main=<bound method BuildVerb.main of <colcon_core.verb.build.BuildVerb object at 0x7f4898ec8910>>, mixin_verb=('build',))
[0.242s] Level 1:colcon.colcon_core.package_discovery:discover_packages(colcon_meta) check parameters
[0.242s] Level 1:colcon.colcon_core.package_discovery:discover_packages(recursive) check parameters
[0.243s] Level 1:colcon.colcon_core.package_discovery:discover_packages(ignore) check parameters
[0.243s] Level 1:colcon.colcon_core.package_discovery:discover_packages(path) check parameters
[0.243s] Level 1:colcon.colcon_core.package_discovery:discover_packages(colcon_meta) discover
[0.243s] Level 1:colcon.colcon_core.package_discovery:discover_packages(recursive) discover
[0.243s] INFO:colcon.colcon_core.package_discovery:Crawling recursively for packages in '/home/kmkm/ros2_ws'
[0.243s] Level 1:colcon.colcon_core.package_identification:_identify(.) by extensions ['ignore', 'ignore_ament_install']
[0.243s] Level 1:colcon.colcon_core.package_identification:_identify(.) by extension 'ignore'
[0.243s] Level 1:colcon.colcon_core.package_identification:_identify(.) by extension 'ignore_ament_install'
[0.243s] Level 1:colcon.colcon_core.package_identification:_identify(.) by extensions ['colcon_pkg']
[0.243s] Level 1:colcon.colcon_core.package_identification:_identify(.) by extension 'colcon_pkg'
[0.243s] Level 1:colcon.colcon_core.package_identification:_identify(.) by extensions ['colcon_meta']
[0.243s] Level 1:colcon.colcon_core.package_identification:_identify(.) by extension 'colcon_meta'
[0.243s] Level 1:colcon.colcon_core.package_identification:_identify(.) by extensions ['ros']
[0.243s] Level 1:colcon.colcon_core.package_identification:_identify(.) by extension 'ros'
[0.251s] Level 1:colcon.colcon_core.package_identification:_identify(.) by extensions ['cmake', 'python']
[0.251s] Level 1:colcon.colcon_core.package_identification:_identify(.) by extension 'cmake'
[0.251s] Level 1:colcon.colcon_core.package_identification:_identify(.) by extension 'python'
[0.251s] Level 1:colcon.colcon_core.package_identification:_identify(.) by extensions ['python_setup_py']
[0.251s] Level 1:colcon.colcon_core.package_identification:_identify(.) by extension 'python_setup_py'
[0.251s] Level 1:colcon.colcon_core.package_identification:_identify(build) by extensions ['ignore', 'ignore_ament_install']
[0.252s] Level 1:colcon.colcon_core.package_identification:_identify(build) by extension 'ignore'
[0.252s] Level 1:colcon.colcon_core.package_identification:_identify(build) ignored
[0.252s] Level 1:colcon.colcon_core.package_identification:_identify(install) by extensions ['ignore', 'ignore_ament_install']
[0.252s] Level 1:colcon.colcon_core.package_identification:_identify(install) by extension 'ignore'
[0.252s] Level 1:colcon.colcon_core.package_identification:_identify(install) ignored
[0.252s] Level 1:colcon.colcon_core.package_identification:_identify(launch) by extensions ['ignore', 'ignore_ament_install']
[0.252s] Level 1:colcon.colcon_core.package_identification:_identify(launch) by extension 'ignore'
[0.252s] Level 1:colcon.colcon_core.package_identification:_identify(launch) by extension 'ignore_ament_install'
[0.252s] Level 1:colcon.colcon_core.package_identification:_identify(launch) by extensions ['colcon_pkg']
[0.252s] Level 1:colcon.colcon_core.package_identification:_identify(launch) by extension 'colcon_pkg'
[0.252s] Level 1:colcon.colcon_core.package_identification:_identify(launch) by extensions ['colcon_meta']
[0.252s] Level 1:colcon.colcon_core.package_identification:_identify(launch) by extension 'colcon_meta'
[0.253s] Level 1:colcon.colcon_core.package_identification:_identify(launch) by extensions ['ros']
[0.253s] Level 1:colcon.colcon_core.package_identification:_identify(launch) by extension 'ros'
[0.253s] Level 1:colcon.colcon_core.package_identification:_identify(launch) by extensions ['cmake', 'python']
[0.253s] Level 1:colcon.colcon_core.package_identification:_identify(launch) by extension 'cmake'
[0.253s] Level 1:colcon.colcon_core.package_identification:_identify(launch) by extension 'python'
[0.253s] Level 1:colcon.colcon_core.package_identification:_identify(launch) by extensions ['python_setup_py']
[0.253s] Level 1:colcon.colcon_core.package_identification:_identify(launch) by extension 'python_setup_py'
[0.253s] Level 1:colcon.colcon_core.package_identification:_identify(log) by extensions ['ignore', 'ignore_ament_install']
[0.253s] Level 1:colcon.colcon_core.package_identification:_identify(log) by extension 'ignore'
[0.253s] Level 1:colcon.colcon_core.package_identification:_identify(log) ignored
[0.253s] Level 1:colcon.colcon_core.package_identification:_identify(rviz) by extensions ['ignore', 'ignore_ament_install']
[0.253s] Level 1:colcon.colcon_core.package_identification:_identify(rviz) by extension 'ignore'
[0.253s] Level 1:colcon.colcon_core.package_identification:_identify(rviz) by extension 'ignore_ament_install'
[0.253s] Level 1:colcon.colcon_core.package_identification:_identify(rviz) by extensions ['colcon_pkg']
[0.253s] Level 1:colcon.colcon_core.package_identification:_identify(rviz) by extension 'colcon_pkg'
[0.253s] Level 1:colcon.colcon_core.package_identification:_identify(rviz) by extensions ['colcon_meta']
[0.253s] Level 1:colcon.colcon_core.package_identification:_identify(rviz) by extension 'colcon_meta'
[0.253s] Level 1:colcon.colcon_core.package_identification:_identify(rviz) by extensions ['ros']
[0.254s] Level 1:colcon.colcon_core.package_identification:_identify(rviz) by extension 'ros'
[0.254s] Level 1:colcon.colcon_core.package_identification:_identify(rviz) by extensions ['cmake', 'python']
[0.254s] Level 1:colcon.colcon_core.package_identification:_identify(rviz) by extension 'cmake'
[0.254s] Level 1:colcon.colcon_core.package_identification:_identify(rviz) by extension 'python'
[0.254s] Level 1:colcon.colcon_core.package_identification:_identify(rviz) by extensions ['python_setup_py']
[0.254s] Level 1:colcon.colcon_core.package_identification:_identify(rviz) by extension 'python_setup_py'
[0.254s] Level 1:colcon.colcon_core.package_identification:_identify(src) by extensions ['ignore', 'ignore_ament_install']
[0.254s] Level 1:colcon.colcon_core.package_identification:_identify(src) by extension 'ignore'
[0.254s] Level 1:colcon.colcon_core.package_identification:_identify(src) by extension 'ignore_ament_install'
[0.254s] Level 1:colcon.colcon_core.package_identification:_identify(src) by extensions ['colcon_pkg']
[0.254s] Level 1:colcon.colcon_core.package_identification:_identify(src) by extension 'colcon_pkg'
[0.254s] Level 1:colcon.colcon_core.package_identification:_identify(src) by extensions ['colcon_meta']
[0.254s] Level 1:colcon.colcon_core.package_identification:_identify(src) by extension 'colcon_meta'
[0.254s] Level 1:colcon.colcon_core.package_identification:_identify(src) by extensions ['ros']
[0.254s] Level 1:colcon.colcon_core.package_identification:_identify(src) by extension 'ros'
[0.254s] Level 1:colcon.colcon_core.package_identification:_identify(src) by extensions ['cmake', 'python']
[0.254s] Level 1:colcon.colcon_core.package_identification:_identify(src) by extension 'cmake'
[0.255s] Level 1:colcon.colcon_core.package_identification:_identify(src) by extension 'python'
[0.255s] Level 1:colcon.colcon_core.package_identification:_identify(src) by extensions ['python_setup_py']
[0.255s] Level 1:colcon.colcon_core.package_identification:_identify(src) by extension 'python_setup_py'
[0.255s] Level 1:colcon.colcon_core.package_identification:_identify(src/local_planner) by extensions ['ignore', 'ignore_ament_install']
[0.255s] Level 1:colcon.colcon_core.package_identification:_identify(src/local_planner) by extension 'ignore'
[0.255s] Level 1:colcon.colcon_core.package_identification:_identify(src/local_planner) by extension 'ignore_ament_install'
[0.255s] Level 1:colcon.colcon_core.package_identification:_identify(src/local_planner) by extensions ['colcon_pkg']
[0.255s] Level 1:colcon.colcon_core.package_identification:_identify(src/local_planner) by extension 'colcon_pkg'
[0.255s] Level 1:colcon.colcon_core.package_identification:_identify(src/local_planner) by extensions ['colcon_meta']
[0.255s] Level 1:colcon.colcon_core.package_identification:_identify(src/local_planner) by extension 'colcon_meta'
[0.255s] Level 1:colcon.colcon_core.package_identification:_identify(src/local_planner) by extensions ['ros']
[0.255s] Level 1:colcon.colcon_core.package_identification:_identify(src/local_planner) by extension 'ros'
[0.258s] DEBUG:colcon.colcon_core.package_identification:Package 'src/local_planner' with type 'ros.ament_python' and name 'local_planner'
[0.258s] Level 1:colcon.colcon_core.package_identification:_identify(src/mode_selector) by extensions ['ignore', 'ignore_ament_install']
[0.258s] Level 1:colcon.colcon_core.package_identification:_identify(src/mode_selector) by extension 'ignore'
[0.258s] Level 1:colcon.colcon_core.package_identification:_identify(src/mode_selector) by extension 'ignore_ament_install'
[0.258s] Level 1:colcon.colcon_core.package_identification:_identify(src/mode_selector) by extensions ['colcon_pkg']
[0.258s] Level 1:colcon.colcon_core.package_identification:_identify(src/mode_selector) by extension 'colcon_pkg'
[0.258s] Level 1:colcon.colcon_core.package_identification:_identify(src/mode_selector) by extensions ['colcon_meta']
[0.258s] Level 1:colcon.colcon_core.package_identification:_identify(src/mode_selector) by extension 'colcon_meta'
[0.258s] Level 1:colcon.colcon_core.package_identification:_identify(src/mode_selector) by extensions ['ros']
[0.258s] Level 1:colcon.colcon_core.package_identification:_identify(src/mode_selector) by extension 'ros'
[0.259s] DEBUG:colcon.colcon_core.package_identification:Package 'src/mode_selector' with type 'ros.ament_python' and name 'mode_selector'
[0.259s] Level 1:colcon.colcon_core.package_identification:_identify(src/planning_msgs) by extensions ['ignore', 'ignore_ament_install']
[0.259s] Level 1:colcon.colcon_core.package_identification:_identify(src/planning_msgs) by extension 'ignore'
[0.259s] Level 1:colcon.colcon_core.package_identification:_identify(src/planning_msgs) by extension 'ignore_ament_install'
[0.259s] Level 1:colcon.colcon_core.package_identification:_identify(src/planning_msgs) by extensions ['colcon_pkg']
[0.259s] Level 1:colcon.colcon_core.package_identification:_identify(src/planning_msgs) by extension 'colcon_pkg'
[0.259s] Level 1:colcon.colcon_core.package_identification:_identify(src/planning_msgs) by extensions ['colcon_meta']
[0.259s] Level 1:colcon.colcon_core.package_identification:_identify(src/planning_msgs) by extension 'colcon_meta'
[0.259s] Level 1:colcon.colcon_core.package_identification:_identify(src/planning_msgs) by extensions ['ros']
[0.259s] Level 1:colcon.colcon_core.package_identification:_identify(src/planning_msgs) by extension 'ros'
[0.260s] DEBUG:colcon.colcon_core.package_identification:Package 'src/planning_msgs' with type 'ros.ament_cmake' and name 'planning_msgs'
[0.260s] Level 1:colcon.colcon_core.package_discovery:discover_packages(recursive) using defaults
[0.260s] Level 1:colcon.colcon_core.package_discovery:discover_packages(ignore) discover
[0.260s] Level 1:colcon.colcon_core.package_discovery:discover_packages(ignore) using defaults
[0.260s] Level 1:colcon.colcon_core.package_discovery:discover_packages(path) discover
[0.260s] Level 1:colcon.colcon_core.package_discovery:discover_packages(path) using defaults
[0.284s] Level 1:colcon.colcon_core.package_discovery:discover_packages(prefix_path) check parameters
[0.284s] Level 1:colcon.colcon_core.package_discovery:discover_packages(prefix_path) discover
[0.285s] DEBUG:colcon.colcon_installed_package_information.package_discovery:Found 3 installed packages in /home/kmkm/ros2_ws/install
[0.286s] DEBUG:colcon.colcon_installed_package_information.package_discovery:Found 4 installed packages in /home/kmkm/install
[0.287s] DEBUG:colcon.colcon_installed_package_information.package_discovery:Found 280 installed packages in /opt/ros/humble
[0.288s] Level 1:colcon.colcon_core.package_discovery:discover_packages(prefix_path) using defaults
[0.311s] Level 5:colcon.colcon_core.verb:set package 'planning_msgs' build argument 'cmake_args' from command line to 'None'
[0.312s] Level 5:colcon.colcon_core.verb:set package 'planning_msgs' build argument 'cmake_target' from command line to 'None'
[0.312s] Level 5:colcon.colcon_core.verb:set package 'planning_msgs' build argument 'cmake_target_skip_unavailable' from command line to 'False'
[0.312s] Level 5:colcon.colcon_core.verb:set package 'planning_msgs' build argument 'cmake_clean_cache' from command line to 'False'
[0.312s] Level 5:colcon.colcon_core.verb:set package 'planning_msgs' build argument 'cmake_clean_first' from command line to 'False'
[0.312s] Level 5:colcon.colcon_core.verb:set package 'planning_msgs' build argument 'cmake_force_configure' from command line to 'False'
[0.312s] Level 5:colcon.colcon_core.verb:set package 'planning_msgs' build argument 'ament_cmake_args' from command line to 'None'
[0.312s] Level 5:colcon.colcon_core.verb:set package 'planning_msgs' build argument 'catkin_cmake_args' from command line to 'None'
[0.312s] Level 5:colcon.colcon_core.verb:set package 'planning_msgs' build argument 'catkin_skip_building_tests' from command line to 'False'
[0.312s] DEBUG:colcon.colcon_core.verb:Building package 'planning_msgs' with the following arguments: {'ament_cmake_args': None, 'build_base': '/home/kmkm/ros2_ws/build/planning_msgs', 'catkin_cmake_args': None, 'catkin_skip_building_tests': False, 'cmake_args': None, 'cmake_clean_cache': False, 'cmake_clean_first': False, 'cmake_force_configure': False, 'cmake_target': None, 'cmake_target_skip_unavailable': False, 'install_base': '/home/kmkm/ros2_ws/install/planning_msgs', 'merge_install': False, 'path': '/home/kmkm/ros2_ws/src/planning_msgs', 'symlink_install': False, 'test_result_base': None}
[0.312s] Level 5:colcon.colcon_core.verb:set package 'local_planner' build argument 'cmake_args' from command line to 'None'
[0.312s] Level 5:colcon.colcon_core.verb:set package 'local_planner' build argument 'cmake_target' from command line to 'None'
[0.312s] Level 5:colcon.colcon_core.verb:set package 'local_planner' build argument 'cmake_target_skip_unavailable' from command line to 'False'
[0.312s] Level 5:colcon.colcon_core.verb:set package 'local_planner' build argument 'cmake_clean_cache' from command line to 'False'
[0.312s] Level 5:colcon.colcon_core.verb:set package 'local_planner' build argument 'cmake_clean_first' from command line to 'False'
[0.312s] Level 5:colcon.colcon_core.verb:set package 'local_planner' build argument 'cmake_force_configure' from command line to 'False'
[0.312s] Level 5:colcon.colcon_core.verb:set package 'local_planner' build argument 'ament_cmake_args' from command line to 'None'
[0.312s] Level 5:colcon.colcon_core.verb:set package 'local_planner' build argument 'catkin_cmake_args' from command line to 'None'
[0.312s] Level 5:colcon.colcon_core.verb:set package 'local_planner' build argument 'catkin_skip_building_tests' from command line to 'False'
[0.313s] DEBUG:colcon.colcon_core.verb:Building package 'local_planner' with the following arguments: {'ament_cmake_args': None, 'build_base': '/home/kmkm/ros2_ws/build/local_planner', 'catkin_cmake_args': None, 'catkin_skip_building_tests': False, 'cmake_args': None, 'cmake_clean_cache': False, 'cmake_clean_first': False, 'cmake_force_configure': False, 'cmake_target': None, 'cmake_target_skip_unavailable': False, 'install_base': '/home/kmkm/ros2_ws/install/local_planner', 'merge_install': False, 'path': '/home/kmkm/ros2_ws/src/local_planner', 'symlink_install': False, 'test_result_base': None}
[0.313s] Level 5:colcon.colcon_core.verb:set package 'mode_selector' build argument 'cmake_args' from command line to 'None'
[0.313s] Level 5:colcon.colcon_core.verb:set package 'mode_selector' build argument 'cmake_target' from command line to 'None'
[0.313s] Level 5:colcon.colcon_core.verb:set package 'mode_selector' build argument 'cmake_target_skip_unavailable' from command line to 'False'
[0.313s] Level 5:colcon.colcon_core.verb:set package 'mode_selector' build argument 'cmake_clean_cache' from command line to 'False'
[0.313s] Level 5:colcon.colcon_core.verb:set package 'mode_selector' build argument 'cmake_clean_first' from command line to 'False'
[0.313s] Level 5:colcon.colcon_core.verb:set package 'mode_selector' build argument 'cmake_force_configure' from command line to 'False'
[0.313s] Level 5:colcon.colcon_core.verb:set package 'mode_selector' build argument 'ament_cmake_args' from command line to 'None'
[0.313s] Level 5:colcon.colcon_core.verb:set package 'mode_selector' build argument 'catkin_cmake_args' from command line to 'None'
[0.313s] Level 5:colcon.colcon_core.verb:set package 'mode_selector' build argument 'catkin_skip_building_tests' from command line to 'False'
[0.313s] DEBUG:colcon.colcon_core.verb:Building package 'mode_selector' with the following arguments: {'ament_cmake_args': None, 'build_base': '/home/kmkm/ros2_ws/build/mode_selector', 'catkin_cmake_args': None, 'catkin_skip_building_tests': False, 'cmake_args': None, 'cmake_clean_cache': False, 'cmake_clean_first': False, 'cmake_force_configure': False, 'cmake_target': None, 'cmake_target_skip_unavailable': False, 'install_base': '/home/kmkm/ros2_ws/install/mode_selector', 'merge_install': False, 'path': '/home/kmkm/ros2_ws/src/mode_selector', 'symlink_install': False, 'test_result_base': None}
[0.313s] INFO:colcon.colcon_core.executor:Executing jobs using 'parallel' executor
[0.314s] DEBUG:colcon.colcon_parallel_executor.executor.parallel:run_until_complete
[0.315s] INFO:colcon.colcon_ros.task.ament_cmake.build:Building ROS package in '/home/kmkm/ros2_ws/src/planning_msgs' with build type 'ament_cmake'
[0.315s] INFO:colcon.colcon_cmake.task.cmake.build:Building CMake package in '/home/kmkm/ros2_ws/src/planning_msgs'
[0.317s] INFO:colcon.colcon_core.plugin_system:Skipping extension 'colcon_core.shell.bat': Not used on non-Windows systems
[0.317s] INFO:colcon.colcon_core.shell:Skip shell extension 'powershell' for command environment: Not usable outside of PowerShell
[0.317s] DEBUG:colcon.colcon_core.shell:Skip shell extension 'dsv' for command environment
[0.327s] DEBUG:colcon.colcon_core.event_handler.log_command:Invoking command in '/home/kmkm/ros2_ws/build/planning_msgs': CMAKE_PREFIX_PATH=${CMAKE_PREFIX_PATH}:/home/kmkm/ros2_ws/install/mode_selector:/home/kmkm/ros2_ws/install/local_planner:/home/kmkm/install/sensor_simulator:/home/kmkm/install/mode_selector:/home/kmkm/install/local_planner:/opt/ros/humble /usr/bin/cmake --build /home/kmkm/ros2_ws/build/planning_msgs -- -j16 -l16
[0.578s] DEBUG:colcon.colcon_core.event_handler.log_command:Invoked command in '/home/kmkm/ros2_ws/build/planning_msgs' returned '0': CMAKE_PREFIX_PATH=${CMAKE_PREFIX_PATH}:/home/kmkm/ros2_ws/install/mode_selector:/home/kmkm/ros2_ws/install/local_planner:/home/kmkm/install/sensor_simulator:/home/kmkm/install/mode_selector:/home/kmkm/install/local_planner:/opt/ros/humble /usr/bin/cmake --build /home/kmkm/ros2_ws/build/planning_msgs -- -j16 -l16
[0.585s] DEBUG:colcon.colcon_core.event_handler.log_command:Invoking command in '/home/kmkm/ros2_ws/build/planning_msgs': CMAKE_PREFIX_PATH=${CMAKE_PREFIX_PATH}:/home/kmkm/ros2_ws/install/mode_selector:/home/kmkm/ros2_ws/install/local_planner:/home/kmkm/install/sensor_simulator:/home/kmkm/install/mode_selector:/home/kmkm/install/local_planner:/opt/ros/humble /usr/bin/cmake --install /home/kmkm/ros2_ws/build/planning_msgs
[0.626s] Level 1:colcon.colcon_core.environment:create_environment_scripts_only(planning_msgs)
[0.628s] DEBUG:colcon.colcon_core.event_handler.log_command:Invoked command in '/home/kmkm/ros2_ws/build/planning_msgs' returned '0': CMAKE_PREFIX_PATH=${CMAKE_PREFIX_PATH}:/home/kmkm/ros2_ws/install/mode_selector:/home/kmkm/ros2_ws/install/local_planner:/home/kmkm/install/sensor_simulator:/home/kmkm/install/mode_selector:/home/kmkm/install/local_planner:/opt/ros/humble /usr/bin/cmake --install /home/kmkm/ros2_ws/build/planning_msgs
[0.629s] Level 1:colcon.colcon_core.environment:checking '/home/kmkm/ros2_ws/install/planning_msgs' for CMake module files
[0.629s] Level 1:colcon.colcon_core.environment:checking '/home/kmkm/ros2_ws/install/planning_msgs' for CMake config files
[0.630s] Level 1:colcon.colcon_core.shell:create_environment_hook('planning_msgs', 'cmake_prefix_path')
[0.630s] INFO:colcon.colcon_core.shell:Creating environment hook '/home/kmkm/ros2_ws/install/planning_msgs/share/planning_msgs/hook/cmake_prefix_path.ps1'
[0.630s] INFO:colcon.colcon_core.shell:Creating environment descriptor '/home/kmkm/ros2_ws/install/planning_msgs/share/planning_msgs/hook/cmake_prefix_path.dsv'
[0.631s] INFO:colcon.colcon_core.shell:Creating environment hook '/home/kmkm/ros2_ws/install/planning_msgs/share/planning_msgs/hook/cmake_prefix_path.sh'
[0.631s] Level 1:colcon.colcon_core.environment:checking '/home/kmkm/ros2_ws/install/planning_msgs/lib'
[0.631s] Level 1:colcon.colcon_core.shell:create_environment_hook('planning_msgs', 'ld_library_path_lib')
[0.632s] INFO:colcon.colcon_core.shell:Creating environment hook '/home/kmkm/ros2_ws/install/planning_msgs/share/planning_msgs/hook/ld_library_path_lib.ps1'
[0.632s] INFO:colcon.colcon_core.shell:Creating environment descriptor '/home/kmkm/ros2_ws/install/planning_msgs/share/planning_msgs/hook/ld_library_path_lib.dsv'
[0.632s] INFO:colcon.colcon_core.shell:Creating environment hook '/home/kmkm/ros2_ws/install/planning_msgs/share/planning_msgs/hook/ld_library_path_lib.sh'
[0.633s] Level 1:colcon.colcon_core.environment:checking '/home/kmkm/ros2_ws/install/planning_msgs/bin'
[0.633s] Level 1:colcon.colcon_core.environment:checking '/home/kmkm/ros2_ws/install/planning_msgs/lib/pkgconfig/planning_msgs.pc'
[0.633s] Level 1:colcon.colcon_core.environment:checking '/home/kmkm/ros2_ws/install/planning_msgs/lib/python3.10/site-packages'
[0.633s] Level 1:colcon.colcon_core.environment:checking '/home/kmkm/ros2_ws/install/planning_msgs/bin'
[0.633s] INFO:colcon.colcon_core.shell:Creating package script '/home/kmkm/ros2_ws/install/planning_msgs/share/planning_msgs/package.ps1'
[0.634s] INFO:colcon.colcon_core.shell:Creating package descriptor '/home/kmkm/ros2_ws/install/planning_msgs/share/planning_msgs/package.dsv'
[0.634s] INFO:colcon.colcon_core.shell:Creating package script '/home/kmkm/ros2_ws/install/planning_msgs/share/planning_msgs/package.sh'
[0.635s] INFO:colcon.colcon_core.shell:Creating package script '/home/kmkm/ros2_ws/install/planning_msgs/share/planning_msgs/package.bash'
[0.636s] INFO:colcon.colcon_core.shell:Creating package script '/home/kmkm/ros2_ws/install/planning_msgs/share/planning_msgs/package.zsh'
[0.636s] Level 1:colcon.colcon_core.environment:create_file_with_runtime_dependencies(/home/kmkm/ros2_ws/install/planning_msgs/share/colcon-core/packages/planning_msgs)
[0.637s] Level 1:colcon.colcon_core.environment:create_environment_scripts_only(planning_msgs)
[0.637s] Level 1:colcon.colcon_core.environment:checking '/home/kmkm/ros2_ws/install/planning_msgs' for CMake module files
[0.637s] Level 1:colcon.colcon_core.environment:checking '/home/kmkm/ros2_ws/install/planning_msgs' for CMake config files
[0.638s] Level 1:colcon.colcon_core.shell:create_environment_hook('planning_msgs', 'cmake_prefix_path')
[0.638s] INFO:colcon.colcon_core.shell:Creating environment hook '/home/kmkm/ros2_ws/install/planning_msgs/share/planning_msgs/hook/cmake_prefix_path.ps1'
[0.638s] INFO:colcon.colcon_core.shell:Creating environment descriptor '/home/kmkm/ros2_ws/install/planning_msgs/share/planning_msgs/hook/cmake_prefix_path.dsv'
[0.638s] INFO:colcon.colcon_core.shell:Creating environment hook '/home/kmkm/ros2_ws/install/planning_msgs/share/planning_msgs/hook/cmake_prefix_path.sh'
[0.639s] Level 1:colcon.colcon_core.environment:checking '/home/kmkm/ros2_ws/install/planning_msgs/lib'
[0.639s] Level 1:colcon.colcon_core.shell:create_environment_hook('planning_msgs', 'ld_library_path_lib')
[0.639s] INFO:colcon.colcon_core.shell:Creating environment hook '/home/kmkm/ros2_ws/install/planning_msgs/share/planning_msgs/hook/ld_library_path_lib.ps1'
[0.639s] INFO:colcon.colcon_core.shell:Creating environment descriptor '/home/kmkm/ros2_ws/install/planning_msgs/share/planning_msgs/hook/ld_library_path_lib.dsv'
[0.639s] INFO:colcon.colcon_core.shell:Creating environment hook '/home/kmkm/ros2_ws/install/planning_msgs/share/planning_msgs/hook/ld_library_path_lib.sh'
[0.640s] Level 1:colcon.colcon_core.environment:checking '/home/kmkm/ros2_ws/install/planning_msgs/bin'
[0.640s] Level 1:colcon.colcon_core.environment:checking '/home/kmkm/ros2_ws/install/planning_msgs/lib/pkgconfig/planning_msgs.pc'
[0.640s] Level 1:colcon.colcon_core.environment:checking '/home/kmkm/ros2_ws/install/planning_msgs/lib/python3.10/site-packages'
[0.640s] Level 1:colcon.colcon_core.environment:checking '/home/kmkm/ros2_ws/install/planning_msgs/bin'
[0.640s] INFO:colcon.colcon_core.shell:Creating package script '/home/kmkm/ros2_ws/install/planning_msgs/share/planning_msgs/package.ps1'
[0.641s] INFO:colcon.colcon_core.shell:Creating package descriptor '/home/kmkm/ros2_ws/install/planning_msgs/share/planning_msgs/package.dsv'
[0.641s] INFO:colcon.colcon_core.shell:Creating package script '/home/kmkm/ros2_ws/install/planning_msgs/share/planning_msgs/package.sh'
[0.641s] INFO:colcon.colcon_core.shell:Creating package script '/home/kmkm/ros2_ws/install/planning_msgs/share/planning_msgs/package.bash'
[0.642s] INFO:colcon.colcon_core.shell:Creating package script '/home/kmkm/ros2_ws/install/planning_msgs/share/planning_msgs/package.zsh'
[0.642s] Level 1:colcon.colcon_core.environment:create_file_with_runtime_dependencies(/home/kmkm/ros2_ws/install/planning_msgs/share/colcon-core/packages/planning_msgs)
[0.642s] INFO:colcon.colcon_ros.task.ament_python.build:Building ROS package in '/home/kmkm/ros2_ws/src/local_planner' with build type 'ament_python'
[0.642s] Level 1:colcon.colcon_core.shell:create_environment_hook('local_planner', 'ament_prefix_path')
[0.643s] INFO:colcon.colcon_core.shell:Creating environment hook '/home/kmkm/ros2_ws/install/local_planner/share/local_planner/hook/ament_prefix_path.ps1'
[0.643s] INFO:colcon.colcon_core.shell:Creating environment descriptor '/home/kmkm/ros2_ws/install/local_planner/share/local_planner/hook/ament_prefix_path.dsv'
[0.644s] INFO:colcon.colcon_core.shell:Creating environment hook '/home/kmkm/ros2_ws/install/local_planner/share/local_planner/hook/ament_prefix_path.sh'
[0.645s] INFO:colcon.colcon_core.shell:Skip shell extension 'powershell' for command environment: Not usable outside of PowerShell
[0.645s] DEBUG:colcon.colcon_core.shell:Skip shell extension 'dsv' for command environment
[0.648s] INFO:colcon.colcon_ros.task.ament_python.build:Building ROS package in '/home/kmkm/ros2_ws/src/mode_selector' with build type 'ament_python'
[0.648s] Level 1:colcon.colcon_core.shell:create_environment_hook('mode_selector', 'ament_prefix_path')
[0.649s] INFO:colcon.colcon_core.shell:Creating environment hook '/home/kmkm/ros2_ws/install/mode_selector/share/mode_selector/hook/ament_prefix_path.ps1'
[0.649s] INFO:colcon.colcon_core.shell:Creating environment descriptor '/home/kmkm/ros2_ws/install/mode_selector/share/mode_selector/hook/ament_prefix_path.dsv'
[0.650s] INFO:colcon.colcon_core.shell:Creating environment hook '/home/kmkm/ros2_ws/install/mode_selector/share/mode_selector/hook/ament_prefix_path.sh'
[0.650s] INFO:colcon.colcon_core.shell:Skip shell extension 'powershell' for command environment: Not usable outside of PowerShell
[0.650s] DEBUG:colcon.colcon_core.shell:Skip shell extension 'dsv' for command environment
[0.872s] INFO:colcon.colcon_core.task.python.build:Building Python package in '/home/kmkm/ros2_ws/src/local_planner'
[0.872s] INFO:colcon.colcon_core.shell:Skip shell extension 'powershell' for command environment: Not usable outside of PowerShell
[0.872s] DEBUG:colcon.colcon_core.shell:Skip shell extension 'dsv' for command environment
[1.065s] INFO:colcon.colcon_core.task.python.build:Building Python package in '/home/kmkm/ros2_ws/src/mode_selector'
[1.065s] INFO:colcon.colcon_core.shell:Skip shell extension 'powershell' for command environment: Not usable outside of PowerShell
[1.065s] DEBUG:colcon.colcon_core.shell:Skip shell extension 'dsv' for command environment
[1.343s] DEBUG:colcon.colcon_core.event_handler.log_command:Invoking command in '/home/kmkm/ros2_ws/src/local_planner': PYTHONPATH=/home/kmkm/ros2_ws/build/local_planner/prefix_override:/usr/lib/python3/dist-packages/colcon_core/task/python/colcon_distutils_commands:/home/kmkm/ros2_ws/install/local_planner/lib/python3.10/site-packages:${PYTHONPATH} /usr/bin/python3 -W ignore:setup.py install is deprecated -W ignore:easy_install command is deprecated setup.py egg_info --egg-base ../../build/local_planner build --build-base /home/kmkm/ros2_ws/build/local_planner/build install --record /home/kmkm/ros2_ws/build/local_planner/install.log --single-version-externally-managed install_data
[1.375s] DEBUG:colcon.colcon_core.event_handler.log_command:Invoking command in '/home/kmkm/ros2_ws/src/mode_selector': PYTHONPATH=/home/kmkm/ros2_ws/build/mode_selector/prefix_override:/usr/lib/python3/dist-packages/colcon_core/task/python/colcon_distutils_commands:/home/kmkm/ros2_ws/install/mode_selector/lib/python3.10/site-packages:${PYTHONPATH} /usr/bin/python3 -W ignore:setup.py install is deprecated -W ignore:easy_install command is deprecated setup.py egg_info --egg-base ../../build/mode_selector build --build-base /home/kmkm/ros2_ws/build/mode_selector/build install --record /home/kmkm/ros2_ws/build/mode_selector/install.log --single-version-externally-managed install_data
[1.575s] Level 1:colcon.colcon_core.environment:checking '/home/kmkm/ros2_ws/install/local_planner' for CMake module files
[1.575s] DEBUG:colcon.colcon_core.event_handler.log_command:Invoked command in '/home/kmkm/ros2_ws/src/local_planner' returned '0': PYTHONPATH=/home/kmkm/ros2_ws/build/local_planner/prefix_override:/usr/lib/python3/dist-packages/colcon_core/task/python/colcon_distutils_commands:/home/kmkm/ros2_ws/install/local_planner/lib/python3.10/site-packages:${PYTHONPATH} /usr/bin/python3 -W ignore:setup.py install is deprecated -W ignore:easy_install command is deprecated setup.py egg_info --egg-base ../../build/local_planner build --build-base /home/kmkm/ros2_ws/build/local_planner/build install --record /home/kmkm/ros2_ws/build/local_planner/install.log --single-version-externally-managed install_data
[1.576s] Level 1:colcon.colcon_core.environment:checking '/home/kmkm/ros2_ws/install/local_planner' for CMake config files
[1.576s] Level 1:colcon.colcon_core.environment:checking '/home/kmkm/ros2_ws/install/local_planner/lib'
[1.576s] Level 1:colcon.colcon_core.environment:checking '/home/kmkm/ros2_ws/install/local_planner/bin'
[1.576s] Level 1:colcon.colcon_core.environment:checking '/home/kmkm/ros2_ws/install/local_planner/lib/pkgconfig/local_planner.pc'
[1.576s] Level 1:colcon.colcon_core.environment:checking '/home/kmkm/ros2_ws/install/local_planner/lib/python3.10/site-packages'
[1.577s] Level 1:colcon.colcon_core.shell:create_environment_hook('local_planner', 'pythonpath')
[1.577s] INFO:colcon.colcon_core.shell:Creating environment hook '/home/kmkm/ros2_ws/install/local_planner/share/local_planner/hook/pythonpath.ps1'
[1.577s] INFO:colcon.colcon_core.shell:Creating environment descriptor '/home/kmkm/ros2_ws/install/local_planner/share/local_planner/hook/pythonpath.dsv'
[1.577s] INFO:colcon.colcon_core.shell:Creating environment hook '/home/kmkm/ros2_ws/install/local_planner/share/local_planner/hook/pythonpath.sh'
[1.579s] Level 1:colcon.colcon_core.environment:checking '/home/kmkm/ros2_ws/install/local_planner/bin'
[1.579s] Level 1:colcon.colcon_core.environment:create_environment_scripts_only(local_planner)
[1.579s] INFO:colcon.colcon_core.shell:Creating package script '/home/kmkm/ros2_ws/install/local_planner/share/local_planner/package.ps1'
[1.580s] INFO:colcon.colcon_core.shell:Creating package descriptor '/home/kmkm/ros2_ws/install/local_planner/share/local_planner/package.dsv'
[1.580s] INFO:colcon.colcon_core.shell:Creating package script '/home/kmkm/ros2_ws/install/local_planner/share/local_planner/package.sh'
[1.581s] INFO:colcon.colcon_core.shell:Creating package script '/home/kmkm/ros2_ws/install/local_planner/share/local_planner/package.bash'
[1.581s] INFO:colcon.colcon_core.shell:Creating package script '/home/kmkm/ros2_ws/install/local_planner/share/local_planner/package.zsh'
[1.581s] Level 1:colcon.colcon_core.environment:create_file_with_runtime_dependencies(/home/kmkm/ros2_ws/install/local_planner/share/colcon-core/packages/local_planner)
[1.596s] Level 1:colcon.colcon_core.environment:checking '/home/kmkm/ros2_ws/install/mode_selector' for CMake module files
[1.597s] DEBUG:colcon.colcon_core.event_handler.log_command:Invoked command in '/home/kmkm/ros2_ws/src/mode_selector' returned '0': PYTHONPATH=/home/kmkm/ros2_ws/build/mode_selector/prefix_override:/usr/lib/python3/dist-packages/colcon_core/task/python/colcon_distutils_commands:/home/kmkm/ros2_ws/install/mode_selector/lib/python3.10/site-packages:${PYTHONPATH} /usr/bin/python3 -W ignore:setup.py install is deprecated -W ignore:easy_install command is deprecated setup.py egg_info --egg-base ../../build/mode_selector build --build-base /home/kmkm/ros2_ws/build/mode_selector/build install --record /home/kmkm/ros2_ws/build/mode_selector/install.log --single-version-externally-managed install_data
[1.597s] Level 1:colcon.colcon_core.environment:checking '/home/kmkm/ros2_ws/install/mode_selector' for CMake config files
[1.598s] Level 1:colcon.colcon_core.environment:checking '/home/kmkm/ros2_ws/install/mode_selector/lib'
[1.598s] Level 1:colcon.colcon_core.environment:checking '/home/kmkm/ros2_ws/install/mode_selector/bin'
[1.598s] Level 1:colcon.colcon_core.environment:checking '/home/kmkm/ros2_ws/install/mode_selector/lib/pkgconfig/mode_selector.pc'
[1.598s] Level 1:colcon.colcon_core.environment:checking '/home/kmkm/ros2_ws/install/mode_selector/lib/python3.10/site-packages'
[1.598s] Level 1:colcon.colcon_core.shell:create_environment_hook('mode_selector', 'pythonpath')
[1.598s] INFO:colcon.colcon_core.shell:Creating environment hook '/home/kmkm/ros2_ws/install/mode_selector/share/mode_selector/hook/pythonpath.ps1'
[1.599s] INFO:colcon.colcon_core.shell:Creating environment descriptor '/home/kmkm/ros2_ws/install/mode_selector/share/mode_selector/hook/pythonpath.dsv'
[1.599s] INFO:colcon.colcon_core.shell:Creating environment hook '/home/kmkm/ros2_ws/install/mode_selector/share/mode_selector/hook/pythonpath.sh'
[1.599s] Level 1:colcon.colcon_core.environment:checking '/home/kmkm/ros2_ws/install/mode_selector/bin'
[1.599s] Level 1:colcon.colcon_core.environment:create_environment_scripts_only(mode_selector)
[1.600s] INFO:colcon.colcon_core.shell:Creating package script '/home/kmkm/ros2_ws/install/mode_selector/share/mode_selector/package.ps1'
[1.600s] INFO:colcon.colcon_core.shell:Creating package descriptor '/home/kmkm/ros2_ws/install/mode_selector/share/mode_selector/package.dsv'
[1.600s] INFO:colcon.colcon_core.shell:Creating package script '/home/kmkm/ros2_ws/install/mode_selector/share/mode_selector/package.sh'
[1.601s] INFO:colcon.colcon_core.shell:Creating package script '/home/kmkm/ros2_ws/install/mode_selector/share/mode_selector/package.bash'
[1.601s] INFO:colcon.colcon_core.shell:Creating package script '/home/kmkm/ros2_ws/install/mode_selector/share/mode_selector/package.zsh'
[1.601s] Level 1:colcon.colcon_core.environment:create_file_with_runtime_dependencies(/home/kmkm/ros2_ws/install/mode_selector/share/colcon-core/packages/mode_selector)
[1.601s] DEBUG:colcon.colcon_parallel_executor.executor.parallel:closing loop
[1.602s] DEBUG:colcon.colcon_parallel_executor.executor.parallel:loop closed
[1.602s] DEBUG:colcon.colcon_parallel_executor.executor.parallel:run_until_complete finished with '0'
[1.602s] DEBUG:colcon.colcon_core.event_reactor:joining thread
[1.624s] INFO:colcon.colcon_core.plugin_system:Skipping extension 'colcon_notification.desktop_notification.notify_send': Could not find 'notify-send'
[1.624s] INFO:colcon.colcon_core.plugin_system:Skipping extension 'colcon_notification.desktop_notification.terminal_notifier': Not used on non-Darwin systems
[1.624s] INFO:colcon.colcon_core.plugin_system:Skipping extension 'colcon_notification.desktop_notification.win32': Not used on non-Windows systems
[1.624s] INFO:colcon.colcon_notification.desktop_notification:Sending desktop notification using 'notify2'
[1.624s] DEBUG:colcon.colcon_notification.desktop_notification.notify2:Failed to initialize notify2: org.freedesktop.DBus.Error.FileNotFound: Failed to connect to socket /run/user/1000/bus: No such file or directory
[1.624s] DEBUG:colcon.colcon_core.event_reactor:joined thread
[1.625s] INFO:colcon.colcon_core.shell:Creating prefix script '/home/kmkm/ros2_ws/install/local_setup.ps1'
[1.625s] INFO:colcon.colcon_core.shell:Creating prefix util module '/home/kmkm/ros2_ws/install/_local_setup_util_ps1.py'
[1.626s] INFO:colcon.colcon_core.shell:Creating prefix chain script '/home/kmkm/ros2_ws/install/setup.ps1'
[1.627s] INFO:colcon.colcon_core.shell:Creating prefix script '/home/kmkm/ros2_ws/install/local_setup.sh'
[1.628s] INFO:colcon.colcon_core.shell:Creating prefix util module '/home/kmkm/ros2_ws/install/_local_setup_util_sh.py'
[1.628s] INFO:colcon.colcon_core.shell:Creating prefix chain script '/home/kmkm/ros2_ws/install/setup.sh'
[1.629s] INFO:colcon.colcon_core.shell:Creating prefix script '/home/kmkm/ros2_ws/install/local_setup.bash'
[1.629s] INFO:colcon.colcon_core.shell:Creating prefix chain script '/home/kmkm/ros2_ws/install/setup.bash'
[1.630s] INFO:colcon.colcon_core.shell:Creating prefix script '/home/kmkm/ros2_ws/install/local_setup.zsh'
[1.630s] INFO:colcon.colcon_core.shell:Creating prefix chain script '/home/kmkm/ros2_ws/install/setup.zsh'
