[2.079s] Invoking command in '/home/hmmdyn/autocar-erp/ros-bridge/build/carla_twist_to_control': PYTHONPATH=/home/hmmdyn/autocar-erp/ros-bridge/build/carla_twist_to_control/prefix_override:/usr/lib/python3/dist-packages/colcon_core/task/python/colcon_distutils_commands:/home/hmmdyn/autocar-erp/ros-bridge/install/carla_twist_to_control/lib/python3.10/site-packages:${PYTHONPATH} /usr/bin/python3 -W ignore:setup.py install is deprecated -W ignore:easy_install command is deprecated setup.py develop --editable --build-directory /home/hmmdyn/autocar-erp/ros-bridge/build/carla_twist_to_control/build --no-deps symlink_data
[2.387s] /home/hmmdyn/.local/lib/python3.10/site-packages/setuptools/_distutils/dist.py:270: UserWarning: Unknown distribution option: 'tests_require'
[2.387s]   warnings.warn(msg)
[2.581s] running develop
[2.762s] running egg_info
[2.774s] creating src/carla_twist_to_control.egg-info
[2.774s] writing src/carla_twist_to_control.egg-info/PKG-INFO
[2.774s] writing dependency_links to src/carla_twist_to_control.egg-info/dependency_links.txt
[2.774s] writing entry points to src/carla_twist_to_control.egg-info/entry_points.txt
[2.775s] writing requirements to src/carla_twist_to_control.egg-info/requires.txt
[2.775s] writing top-level names to src/carla_twist_to_control.egg-info/top_level.txt
[2.775s] writing manifest file 'src/carla_twist_to_control.egg-info/SOURCES.txt'
[2.826s] reading manifest file 'src/carla_twist_to_control.egg-info/SOURCES.txt'
[2.827s] writing manifest file 'src/carla_twist_to_control.egg-info/SOURCES.txt'
[2.839s] running build_ext
[2.839s] Creating /home/hmmdyn/autocar-erp/ros-bridge/install/carla_twist_to_control/lib/python3.10/site-packages/carla-twist-to-control.egg-link (link to src)
[2.840s] Installing carla_twist_to_control script to /home/hmmdyn/autocar-erp/ros-bridge/install/carla_twist_to_control/lib/carla_twist_to_control
[2.840s] 
[2.840s] Installed /home/hmmdyn/autocar-erp/ros-bridge/build/carla_twist_to_control/src
[2.840s] running symlink_data
[2.840s] creating /home/hmmdyn/autocar-erp/ros-bridge/install/carla_twist_to_control/share/ament_index/resource_index/packages
[2.841s] symbolically linking /home/hmmdyn/autocar-erp/ros-bridge/build/carla_twist_to_control/resource/carla_twist_to_control -> /home/hmmdyn/autocar-erp/ros-bridge/install/carla_twist_to_control/share/ament_index/resource_index/packages
[2.841s] symbolically linking /home/hmmdyn/autocar-erp/ros-bridge/build/carla_twist_to_control/package.xml -> /home/hmmdyn/autocar-erp/ros-bridge/install/carla_twist_to_control/share/carla_twist_to_control
[2.841s] symbolically linking /home/hmmdyn/autocar-erp/ros-bridge/build/carla_twist_to_control/launch/carla_twist_to_control.launch.py -> /home/hmmdyn/autocar-erp/ros-bridge/install/carla_twist_to_control/share/carla_twist_to_control
[2.887s] Invoked command in '/home/hmmdyn/autocar-erp/ros-bridge/build/carla_twist_to_control' returned '0': PYTHONPATH=/home/hmmdyn/autocar-erp/ros-bridge/build/carla_twist_to_control/prefix_override:/usr/lib/python3/dist-packages/colcon_core/task/python/colcon_distutils_commands:/home/hmmdyn/autocar-erp/ros-bridge/install/carla_twist_to_control/lib/python3.10/site-packages:${PYTHONPATH} /usr/bin/python3 -W ignore:setup.py install is deprecated -W ignore:easy_install command is deprecated setup.py develop --editable --build-directory /home/hmmdyn/autocar-erp/ros-bridge/build/carla_twist_to_control/build --no-deps symlink_data
