[0.812s] Invoking command in '/home/mds/autocar-erp/autocar-erp-main/build/erp_control': PYTHONPATH=/home/mds/autocar-erp/autocar-erp-main/build/erp_control/prefix_override:/usr/lib/python3/dist-packages/colcon_core/task/python/colcon_distutils_commands:/home/mds/autocar-erp/autocar-erp-main/install/erp_control/lib/python3.10/site-packages:${PYTHONPATH} /usr/bin/python3 -W ignore:setup.py install is deprecated -W ignore:easy_install command is deprecated setup.py develop --editable --build-directory /home/mds/autocar-erp/autocar-erp-main/build/erp_control/build --no-deps symlink_data
[0.969s] running develop
[1.054s] running egg_info
[1.054s] writing erp_control.egg-info/PKG-INFO
[1.055s] writing dependency_links to erp_control.egg-info/dependency_links.txt
[1.055s] writing entry points to erp_control.egg-info/entry_points.txt
[1.055s] writing requirements to erp_control.egg-info/requires.txt
[1.055s] writing top-level names to erp_control.egg-info/top_level.txt
[1.056s] reading manifest file 'erp_control.egg-info/SOURCES.txt'
[1.056s] writing manifest file 'erp_control.egg-info/SOURCES.txt'
[1.057s] running build_ext
[1.057s] Creating /home/mds/autocar-erp/autocar-erp-main/install/erp_control/lib/python3.10/site-packages/erp-control.egg-link (link to .)
[1.058s] Installing ERP42_ros2 script to /home/mds/autocar-erp/autocar-erp-main/install/erp_control/lib/erp_control
[1.058s] Installing delay script to /home/mds/autocar-erp/autocar-erp-main/install/erp_control/lib/erp_control
[1.058s] Installing erp_client script to /home/mds/autocar-erp/autocar-erp-main/install/erp_control/lib/erp_control
[1.058s] Installing erp_publish script to /home/mds/autocar-erp/autocar-erp-main/install/erp_control/lib/erp_control
[1.058s] Installing erp_test script to /home/mds/autocar-erp/autocar-erp-main/install/erp_control/lib/erp_control
[1.058s] Installing simul_plot script to /home/mds/autocar-erp/autocar-erp-main/install/erp_control/lib/erp_control
[1.058s] 
[1.058s] Installed /home/mds/autocar-erp/autocar-erp-main/build/erp_control
[1.058s] running symlink_data
[1.085s] Invoked command in '/home/mds/autocar-erp/autocar-erp-main/build/erp_control' returned '0': PYTHONPATH=/home/mds/autocar-erp/autocar-erp-main/build/erp_control/prefix_override:/usr/lib/python3/dist-packages/colcon_core/task/python/colcon_distutils_commands:/home/mds/autocar-erp/autocar-erp-main/install/erp_control/lib/python3.10/site-packages:${PYTHONPATH} /usr/bin/python3 -W ignore:setup.py install is deprecated -W ignore:easy_install command is deprecated setup.py develop --editable --build-directory /home/mds/autocar-erp/autocar-erp-main/build/erp_control/build --no-deps symlink_data
