[2.092s] Invoking command in '/home/hmmdyn/autocar-erp/build/carla_twist_to_control': PYTHONPATH=/home/hmmdyn/autocar-erp/build/carla_twist_to_control/prefix_override:/usr/lib/python3/dist-packages/colcon_core/task/python/colcon_distutils_commands:/home/hmmdyn/autocar-erp/install/carla_twist_to_control/lib/python3.10/site-packages:${PYTHONPATH} /usr/bin/python3 -W ignore:setup.py install is deprecated -W ignore:easy_install command is deprecated setup.py develop --editable --build-directory /home/hmmdyn/autocar-erp/build/carla_twist_to_control/build --no-deps symlink_data
[2.305s] /home/hmmdyn/.local/lib/python3.10/site-packages/setuptools/_distutils/dist.py:270: UserWarning: Unknown distribution option: 'tests_require'
[2.305s]   warnings.warn(msg)
[2.523s] running develop
[2.720s] running egg_info
[2.739s] writing src/carla_twist_to_control.egg-info/PKG-INFO
[2.740s] writing dependency_links to src/carla_twist_to_control.egg-info/dependency_links.txt
[2.740s] writing entry points to src/carla_twist_to_control.egg-info/entry_points.txt
[2.740s] writing requirements to src/carla_twist_to_control.egg-info/requires.txt
[2.741s] writing top-level names to src/carla_twist_to_control.egg-info/top_level.txt
[2.818s] reading manifest file 'src/carla_twist_to_control.egg-info/SOURCES.txt'
[2.823s] writing manifest file 'src/carla_twist_to_control.egg-info/SOURCES.txt'
[2.842s] running build_ext
[2.843s] Creating /home/hmmdyn/autocar-erp/install/carla_twist_to_control/lib/python3.10/site-packages/carla-twist-to-control.egg-link (link to src)
[2.843s] Installing carla_twist_to_control script to /home/hmmdyn/autocar-erp/install/carla_twist_to_control/lib/carla_twist_to_control
[2.843s] 
[2.843s] Installed /home/hmmdyn/autocar-erp/build/carla_twist_to_control/src
[2.843s] running symlink_data
[2.843s] creating /home/hmmdyn/autocar-erp/install/carla_twist_to_control/share/ament_index/resource_index/packages
[2.844s] symbolically linking /home/hmmdyn/autocar-erp/build/carla_twist_to_control/resource/carla_twist_to_control -> /home/hmmdyn/autocar-erp/install/carla_twist_to_control/share/ament_index/resource_index/packages
[2.844s] symbolically linking /home/hmmdyn/autocar-erp/build/carla_twist_to_control/package.xml -> /home/hmmdyn/autocar-erp/install/carla_twist_to_control/share/carla_twist_to_control
[2.844s] symbolically linking /home/hmmdyn/autocar-erp/build/carla_twist_to_control/launch/carla_twist_to_control.launch.py -> /home/hmmdyn/autocar-erp/install/carla_twist_to_control/share/carla_twist_to_control
[3.159s] Invoked command in '/home/hmmdyn/autocar-erp/build/carla_twist_to_control' returned '0': PYTHONPATH=/home/hmmdyn/autocar-erp/build/carla_twist_to_control/prefix_override:/usr/lib/python3/dist-packages/colcon_core/task/python/colcon_distutils_commands:/home/hmmdyn/autocar-erp/install/carla_twist_to_control/lib/python3.10/site-packages:${PYTHONPATH} /usr/bin/python3 -W ignore:setup.py install is deprecated -W ignore:easy_install command is deprecated setup.py develop --editable --build-directory /home/hmmdyn/autocar-erp/build/carla_twist_to_control/build --no-deps symlink_data
