[0.021s] Invoking command in '/home/mds/autocar-erp/autocar-erp-main/build/autocar_nav': CMAKE_PREFIX_PATH=${CMAKE_PREFIX_PATH}:/home/mds/ros2_ws/install/ntrip_client:/home/mds/autocar-erp/install/perception:/home/mds/autocar-erp/install/localization:/home/mds/autocar-erp/install/local_path_planning:/home/mds/autocar-erp/install/erp_control:/opt/ros/humble /usr/bin/cmake --build /home/mds/autocar-erp/autocar-erp-main/build/autocar_nav -- -j16 -l16
[0.480s] -- Found ament_cmake: 1.3.11 (/opt/ros/humble/share/ament_cmake/cmake)
[0.481s] -- Override CMake install command with custom implementation using symlinks instead of copying resources
[0.481s] -- Found rclpy: 3.3.15 (/opt/ros/humble/share/rclpy/cmake)
[0.481s] -- Found geometry_msgs: 4.2.4 (/opt/ros/humble/share/geometry_msgs/cmake)
[0.481s] -- Found rosidl_generator_c: 3.1.6 (/opt/ros/humble/share/rosidl_generator_c/cmake)
[0.481s] -- Found rosidl_adapter: 3.1.6 (/opt/ros/humble/share/rosidl_adapter/cmake)
[0.481s] -- Found rosidl_generator_cpp: 3.1.6 (/opt/ros/humble/share/rosidl_generator_cpp/cmake)
[0.481s] -- Using all available rosidl_typesupport_c: rosidl_typesupport_fastrtps_c;rosidl_typesupport_introspection_c
[0.481s] -- Using all available rosidl_typesupport_cpp: rosidl_typesupport_fastrtps_cpp;rosidl_typesupport_introspection_cpp
[0.481s] -- Found nav_msgs: 4.2.4 (/opt/ros/humble/share/nav_msgs/cmake)
[0.481s] -- Found tf2: 0.25.12 (/opt/ros/humble/share/tf2/cmake)
[0.481s] -- Found tf2_ros: 0.25.12 (/opt/ros/humble/share/tf2_ros/cmake)
[0.481s] -- Found rmw_implementation_cmake: 6.1.2 (/opt/ros/humble/share/rmw_implementation_cmake/cmake)
[0.481s] -- Found rmw_fastrtps_cpp: 6.2.7 (/opt/ros/humble/share/rmw_fastrtps_cpp/cmake)
[0.481s] -- Using RMW implementation 'rmw_fastrtps_cpp' as default
[0.481s] -- Found ament_lint_auto: 0.12.11 (/opt/ros/humble/share/ament_lint_auto/cmake)
[0.481s] -- Added test 'copyright' to check source files copyright and LICENSE
[0.481s] -- Added test 'flake8' to check Python code syntax and style conventions
[0.481s] -- Added test 'lint_cmake' to check CMake code style
[0.481s] -- Added test 'pep257' to check Python code against some of the docstring style conventions in PEP 257
[0.481s] -- Added test 'xmllint' to check XML markup files
[0.481s] -- Configuring done
[0.481s] -- Generating done
[0.481s] -- Build files have been written to: /home/mds/autocar-erp/autocar-erp-main/build/autocar_nav
[0.481s] Built target ament_cmake_python_symlink_autocar_nav
[0.604s] running egg_info
[0.604s] writing autocar_nav.egg-info/PKG-INFO
[0.604s] writing dependency_links to autocar_nav.egg-info/dependency_links.txt
[0.604s] writing top-level names to autocar_nav.egg-info/top_level.txt
[0.605s] reading manifest file 'autocar_nav.egg-info/SOURCES.txt'
[0.606s] writing manifest file 'autocar_nav.egg-info/SOURCES.txt'
[0.623s] Built target ament_cmake_python_build_autocar_nav_egg
[0.639s] Invoked command in '/home/mds/autocar-erp/autocar-erp-main/build/autocar_nav' returned '0': CMAKE_PREFIX_PATH=${CMAKE_PREFIX_PATH}:/home/mds/ros2_ws/install/ntrip_client:/home/mds/autocar-erp/install/perception:/home/mds/autocar-erp/install/localization:/home/mds/autocar-erp/install/local_path_planning:/home/mds/autocar-erp/install/erp_control:/opt/ros/humble /usr/bin/cmake --build /home/mds/autocar-erp/autocar-erp-main/build/autocar_nav -- -j16 -l16
[0.640s] Invoking command in '/home/mds/autocar-erp/autocar-erp-main/build/autocar_nav': CMAKE_PREFIX_PATH=${CMAKE_PREFIX_PATH}:/home/mds/ros2_ws/install/ntrip_client:/home/mds/autocar-erp/install/perception:/home/mds/autocar-erp/install/localization:/home/mds/autocar-erp/install/local_path_planning:/home/mds/autocar-erp/install/erp_control:/opt/ros/humble /usr/bin/cmake --install /home/mds/autocar-erp/autocar-erp-main/build/autocar_nav
[0.643s] -- Install configuration: ""
[0.643s] -- Execute custom install script
[0.643s] -- Up-to-date symlink: /home/mds/autocar-erp/autocar-erp-main/install/autocar_nav/share/autocar_nav/environment/pythonpath.sh
[0.644s] -- Up-to-date symlink: /home/mds/autocar-erp/autocar-erp-main/install/autocar_nav/share/autocar_nav/environment/pythonpath.dsv
[0.644s] -- Up-to-date symlink: /home/mds/autocar-erp/autocar-erp-main/install/autocar_nav/local/lib/python3.10/dist-packages/autocar_nav-0.0.0-py3.10.egg-info/PKG-INFO
[0.644s] -- Up-to-date symlink: /home/mds/autocar-erp/autocar-erp-main/install/autocar_nav/local/lib/python3.10/dist-packages/autocar_nav-0.0.0-py3.10.egg-info/SOURCES.txt
[0.644s] -- Up-to-date symlink: /home/mds/autocar-erp/autocar-erp-main/install/autocar_nav/local/lib/python3.10/dist-packages/autocar_nav-0.0.0-py3.10.egg-info/dependency_links.txt
[0.644s] -- Up-to-date symlink: /home/mds/autocar-erp/autocar-erp-main/install/autocar_nav/local/lib/python3.10/dist-packages/autocar_nav-0.0.0-py3.10.egg-info/top_level.txt
[0.644s] -- Up-to-date symlink: /home/mds/autocar-erp/autocar-erp-main/install/autocar_nav/local/lib/python3.10/dist-packages/autocar_nav/__init__.py
[0.644s] -- Up-to-date symlink: /home/mds/autocar-erp/autocar-erp-main/install/autocar_nav/local/lib/python3.10/dist-packages/autocar_nav/cubic_spline_interpolator.py
[0.644s] -- Up-to-date symlink: /home/mds/autocar-erp/autocar-erp-main/install/autocar_nav/local/lib/python3.10/dist-packages/autocar_nav/euler_from_quaternion.py
[0.644s] -- Up-to-date symlink: /home/mds/autocar-erp/autocar-erp-main/install/autocar_nav/local/lib/python3.10/dist-packages/autocar_nav/keyboard_input.py
[0.644s] -- Up-to-date symlink: /home/mds/autocar-erp/autocar-erp-main/install/autocar_nav/local/lib/python3.10/dist-packages/autocar_nav/mpc.py
[0.645s] -- Up-to-date symlink: /home/mds/autocar-erp/autocar-erp-main/install/autocar_nav/local/lib/python3.10/dist-packages/autocar_nav/normalise_angle.py
[0.645s] -- Up-to-date symlink: /home/mds/autocar-erp/autocar-erp-main/install/autocar_nav/local/lib/python3.10/dist-packages/autocar_nav/osm_handler.py
[0.645s] -- Up-to-date symlink: /home/mds/autocar-erp/autocar-erp-main/install/autocar_nav/local/lib/python3.10/dist-packages/autocar_nav/stopwatch.py
[0.645s] -- Up-to-date symlink: /home/mds/autocar-erp/autocar-erp-main/install/autocar_nav/local/lib/python3.10/dist-packages/autocar_nav/way_selector.py
[0.645s] -- Up-to-date symlink: /home/mds/autocar-erp/autocar-erp-main/install/autocar_nav/local/lib/python3.10/dist-packages/autocar_nav/yaw_to_quaternion.py
[0.645s] -- Up-to-date symlink: /home/mds/autocar-erp/autocar-erp-main/install/autocar_nav/share/autocar_nav/config/navigation_params.yaml
[0.645s] -- Up-to-date symlink: /home/mds/autocar-erp/autocar-erp-main/install/autocar_nav/share/autocar_nav/data/boong_LINK.osm
[0.645s] -- Up-to-date symlink: /home/mds/autocar-erp/autocar-erp-main/install/autocar_nav/share/autocar_nav/data/hitech2_INTERSECTION_LINK.osm
[0.645s] -- Up-to-date symlink: /home/mds/autocar-erp/autocar-erp-main/install/autocar_nav/share/autocar_nav/data/hitech2_LINK.osm
[0.645s] -- Up-to-date symlink: /home/mds/autocar-erp/autocar-erp-main/install/autocar_nav/share/autocar_nav/data/hitech2_STOPLINE.osm
[0.645s] -- Up-to-date symlink: /home/mds/autocar-erp/autocar-erp-main/install/autocar_nav/share/autocar_nav/data/waypoints.csv
[0.646s] [31mCMake Error at ament_cmake_symlink_install/ament_cmake_symlink_install.cmake:204 (message):
[0.646s]   ament_cmake_symlink_install_programs() can't find
[0.646s]   '/home/mds/autocar-erp/autocar-erp-main/autocar_nav/nodes/localization.py'
[0.646s] Call Stack (most recent call first):
[0.646s]   ament_cmake_symlink_install/ament_cmake_symlink_install.cmake:329 (ament_cmake_symlink_install_programs)
[0.646s]   cmake_install.cmake:46 (include)
[0.646s] 
[0.646s] [0m
[0.656s] Invoked command in '/home/mds/autocar-erp/autocar-erp-main/build/autocar_nav' returned '1': CMAKE_PREFIX_PATH=${CMAKE_PREFIX_PATH}:/home/mds/ros2_ws/install/ntrip_client:/home/mds/autocar-erp/install/perception:/home/mds/autocar-erp/install/localization:/home/mds/autocar-erp/install/local_path_planning:/home/mds/autocar-erp/install/erp_control:/opt/ros/humble /usr/bin/cmake --install /home/mds/autocar-erp/autocar-erp-main/build/autocar_nav
