[1.003s] Invoking command in '/home/hmmdyn/autocar-erp/ros-bridge/build/carla_ros_scenario_runner': AMENT_PREFIX_PATH=/home/hmmdyn/autocar-erp/ros-bridge/install/carla_ros_scenario_runner_types:/home/hmmdyn/autocar-erp/ros-bridge/install/carla_msgs:/home/hmmdyn/autocar-erp/ros-bridge/install/carla_common:${AMENT_PREFIX_PATH} CMAKE_PREFIX_PATH=/home/hmmdyn/autocar-erp/ros-bridge/install/carla_ros_scenario_runner_types:/home/hmmdyn/autocar-erp/ros-bridge/install/carla_msgs LD_LIBRARY_PATH=/home/hmmdyn/autocar-erp/ros-bridge/install/carla_ros_scenario_runner_types/lib:/home/hmmdyn/autocar-erp/ros-bridge/install/carla_msgs/lib:${LD_LIBRARY_PATH} PYTHONPATH=/home/hmmdyn/autocar-erp/ros-bridge/build/carla_ros_scenario_runner/prefix_override:/usr/lib/python3/dist-packages/colcon_core/task/python/colcon_distutils_commands:/home/hmmdyn/autocar-erp/ros-bridge/install/carla_ros_scenario_runner/lib/python3.10/site-packages:/home/hmmdyn/autocar-erp/ros-bridge/install/carla_ros_scenario_runner_types/local/lib/python3.10/dist-packages:/home/hmmdyn/autocar-erp/ros-bridge/install/carla_msgs/local/lib/python3.10/dist-packages:/home/hmmdyn/autocar-erp/ros-bridge/build/carla_common/src:/home/hmmdyn/autocar-erp/ros-bridge/install/carla_common/lib/python3.10/site-packages:${PYTHONPATH} /usr/bin/python3 -W ignore:setup.py install is deprecated -W ignore:easy_install command is deprecated setup.py develop --editable --build-directory /home/hmmdyn/autocar-erp/ros-bridge/build/carla_ros_scenario_runner/build --no-deps symlink_data
[1.224s] running develop
[1.323s] running egg_info
[1.332s] creating src/carla_ros_scenario_runner.egg-info
[1.332s] writing src/carla_ros_scenario_runner.egg-info/PKG-INFO
[1.332s] writing dependency_links to src/carla_ros_scenario_runner.egg-info/dependency_links.txt
[1.332s] writing entry points to src/carla_ros_scenario_runner.egg-info/entry_points.txt
[1.332s] writing requirements to src/carla_ros_scenario_runner.egg-info/requires.txt
[1.333s] writing top-level names to src/carla_ros_scenario_runner.egg-info/top_level.txt
[1.333s] writing manifest file 'src/carla_ros_scenario_runner.egg-info/SOURCES.txt'
[1.369s] reading manifest file 'src/carla_ros_scenario_runner.egg-info/SOURCES.txt'
[1.370s] writing manifest file 'src/carla_ros_scenario_runner.egg-info/SOURCES.txt'
[1.379s] running build_ext
[1.380s] Creating /home/hmmdyn/autocar-erp/ros-bridge/install/carla_ros_scenario_runner/lib/python3.10/site-packages/carla-ros-scenario-runner.egg-link (link to src)
[1.380s] Installing carla_ros_scenario_runner script to /home/hmmdyn/autocar-erp/ros-bridge/install/carla_ros_scenario_runner/lib/carla_ros_scenario_runner
[1.380s] 
[1.380s] Installed /home/hmmdyn/autocar-erp/ros-bridge/build/carla_ros_scenario_runner/src
[1.381s] running symlink_data
[1.381s] creating /home/hmmdyn/autocar-erp/ros-bridge/install/carla_ros_scenario_runner/share/ament_index/resource_index/packages
[1.381s] symbolically linking /home/hmmdyn/autocar-erp/ros-bridge/build/carla_ros_scenario_runner/resource/carla_ros_scenario_runner -> /home/hmmdyn/autocar-erp/ros-bridge/install/carla_ros_scenario_runner/share/ament_index/resource_index/packages
[1.381s] symbolically linking /home/hmmdyn/autocar-erp/ros-bridge/build/carla_ros_scenario_runner/package.xml -> /home/hmmdyn/autocar-erp/ros-bridge/install/carla_ros_scenario_runner/share/carla_ros_scenario_runner
[1.381s] symbolically linking /home/hmmdyn/autocar-erp/ros-bridge/build/carla_ros_scenario_runner/launch/carla_ros_scenario_runner.launch.py -> /home/hmmdyn/autocar-erp/ros-bridge/install/carla_ros_scenario_runner/share/carla_ros_scenario_runner
[1.413s] Invoked command in '/home/hmmdyn/autocar-erp/ros-bridge/build/carla_ros_scenario_runner' returned '0': AMENT_PREFIX_PATH=/home/hmmdyn/autocar-erp/ros-bridge/install/carla_ros_scenario_runner_types:/home/hmmdyn/autocar-erp/ros-bridge/install/carla_msgs:/home/hmmdyn/autocar-erp/ros-bridge/install/carla_common:${AMENT_PREFIX_PATH} CMAKE_PREFIX_PATH=/home/hmmdyn/autocar-erp/ros-bridge/install/carla_ros_scenario_runner_types:/home/hmmdyn/autocar-erp/ros-bridge/install/carla_msgs LD_LIBRARY_PATH=/home/hmmdyn/autocar-erp/ros-bridge/install/carla_ros_scenario_runner_types/lib:/home/hmmdyn/autocar-erp/ros-bridge/install/carla_msgs/lib:${LD_LIBRARY_PATH} PYTHONPATH=/home/hmmdyn/autocar-erp/ros-bridge/build/carla_ros_scenario_runner/prefix_override:/usr/lib/python3/dist-packages/colcon_core/task/python/colcon_distutils_commands:/home/hmmdyn/autocar-erp/ros-bridge/install/carla_ros_scenario_runner/lib/python3.10/site-packages:/home/hmmdyn/autocar-erp/ros-bridge/install/carla_ros_scenario_runner_types/local/lib/python3.10/dist-packages:/home/hmmdyn/autocar-erp/ros-bridge/install/carla_msgs/local/lib/python3.10/dist-packages:/home/hmmdyn/autocar-erp/ros-bridge/build/carla_common/src:/home/hmmdyn/autocar-erp/ros-bridge/install/carla_common/lib/python3.10/site-packages:${PYTHONPATH} /usr/bin/python3 -W ignore:setup.py install is deprecated -W ignore:easy_install command is deprecated setup.py develop --editable --build-directory /home/hmmdyn/autocar-erp/ros-bridge/build/carla_ros_scenario_runner/build --no-deps symlink_data
