[0.871s] Invoking command in '/home/hmmdyn/autocar-erp/build/autocar_gazebo': CMAKE_PREFIX_PATH=${CMAKE_PREFIX_PATH}:/home/hmmdyn/autocar-erp/install/rqt_carla_control:/home/hmmdyn/autocar-erp/install/carla_waypoint_publisher:/home/hmmdyn/autocar-erp/install/carla_ackermann_control:/home/hmmdyn/autocar-erp/install/carla_ros_bridge:/home/hmmdyn/autocar-erp/install/carla_spawn_objects:/home/hmmdyn/autocar-erp/install/carla_manual_control:/home/hmmdyn/autocar-erp/install/carla_ad_agent:/home/hmmdyn/autocar-erp/install/ros_compatibility:/home/hmmdyn/autocar-erp/install/erp_control:/home/hmmdyn/autocar-erp/install/carla_walker_agent:/home/hmmdyn/autocar-erp/install/carla_twist_to_control:/home/hmmdyn/autocar-erp/install/carla_ros_scenario_runner:/home/hmmdyn/autocar-erp/install/carla_common:/opt/ros/humble /usr/bin/cmake --build /home/hmmdyn/autocar-erp/build/autocar_gazebo -- -j12 -l12
[1.173s] Invoked command in '/home/hmmdyn/autocar-erp/build/autocar_gazebo' returned '0': CMAKE_PREFIX_PATH=${CMAKE_PREFIX_PATH}:/home/hmmdyn/autocar-erp/install/rqt_carla_control:/home/hmmdyn/autocar-erp/install/carla_waypoint_publisher:/home/hmmdyn/autocar-erp/install/carla_ackermann_control:/home/hmmdyn/autocar-erp/install/carla_ros_bridge:/home/hmmdyn/autocar-erp/install/carla_spawn_objects:/home/hmmdyn/autocar-erp/install/carla_manual_control:/home/hmmdyn/autocar-erp/install/carla_ad_agent:/home/hmmdyn/autocar-erp/install/ros_compatibility:/home/hmmdyn/autocar-erp/install/erp_control:/home/hmmdyn/autocar-erp/install/carla_walker_agent:/home/hmmdyn/autocar-erp/install/carla_twist_to_control:/home/hmmdyn/autocar-erp/install/carla_ros_scenario_runner:/home/hmmdyn/autocar-erp/install/carla_common:/opt/ros/humble /usr/bin/cmake --build /home/hmmdyn/autocar-erp/build/autocar_gazebo -- -j12 -l12
[1.174s] Invoking command in '/home/hmmdyn/autocar-erp/build/autocar_gazebo': CMAKE_PREFIX_PATH=${CMAKE_PREFIX_PATH}:/home/hmmdyn/autocar-erp/install/rqt_carla_control:/home/hmmdyn/autocar-erp/install/carla_waypoint_publisher:/home/hmmdyn/autocar-erp/install/carla_ackermann_control:/home/hmmdyn/autocar-erp/install/carla_ros_bridge:/home/hmmdyn/autocar-erp/install/carla_spawn_objects:/home/hmmdyn/autocar-erp/install/carla_manual_control:/home/hmmdyn/autocar-erp/install/carla_ad_agent:/home/hmmdyn/autocar-erp/install/ros_compatibility:/home/hmmdyn/autocar-erp/install/erp_control:/home/hmmdyn/autocar-erp/install/carla_walker_agent:/home/hmmdyn/autocar-erp/install/carla_twist_to_control:/home/hmmdyn/autocar-erp/install/carla_ros_scenario_runner:/home/hmmdyn/autocar-erp/install/carla_common:/opt/ros/humble /usr/bin/cmake --install /home/hmmdyn/autocar-erp/build/autocar_gazebo
[1.194s] -- Install configuration: ""
[1.194s] -- Execute custom install script
[1.194s] -- Symlinking: /home/hmmdyn/autocar-erp/install/autocar_gazebo/share/autocar_gazebo/worlds/autocar.world
[1.194s] -- Symlinking: /home/hmmdyn/autocar-erp/install/autocar_gazebo/share/autocar_gazebo/worlds/autocar_city.world
[1.214s] -- Symlinking: /home/hmmdyn/autocar-erp/install/autocar_gazebo/share/autocar_gazebo/worlds/autocar_spawn.world
[1.222s] -- Symlinking: /home/hmmdyn/autocar-erp/install/autocar_gazebo/share/autocar_gazebo/worlds/empty.world
[1.231s] -- Symlinking: /home/hmmdyn/autocar-erp/install/autocar_gazebo/share/autocar_gazebo/worlds/populated_road.world
[1.240s] -- Symlinking: /home/hmmdyn/autocar-erp/install/autocar_gazebo/share/autocar_gazebo/worlds/road.world
[1.260s] -- Up-to-date symlink: /home/hmmdyn/.gazebo/models/autocar/meshes/bl_1.stl
[1.260s] -- Up-to-date symlink: /home/hmmdyn/.gazebo/models/autocar/meshes/br_1.stl
[1.260s] -- Up-to-date symlink: /home/hmmdyn/.gazebo/models/autocar/meshes/burger_base.dae
[1.260s] -- Up-to-date symlink: /home/hmmdyn/.gazebo/models/autocar/meshes/chassis_link.stl
[1.260s] -- Up-to-date symlink: /home/hmmdyn/.gazebo/models/autocar/meshes/fl_1.stl
[1.260s] -- Up-to-date symlink: /home/hmmdyn/.gazebo/models/autocar/meshes/fr_1.stl
[1.260s] -- Up-to-date symlink: /home/hmmdyn/.gazebo/models/autocar/meshes/hokuyo.dae
[1.260s] -- Up-to-date symlink: /home/hmmdyn/.gazebo/models/autocar/meshes/lds.dae
[1.267s] -- Up-to-date symlink: /home/hmmdyn/.gazebo/models/autocar/meshes/spoiler.stl
[1.267s] -- Up-to-date symlink: /home/hmmdyn/.gazebo/models/autocar/meshes/tire.dae
[1.267s] -- Up-to-date symlink: /home/hmmdyn/.gazebo/models/autocar/model.config
[1.267s] -- Up-to-date symlink: /home/hmmdyn/.gazebo/models/autocar/model.sdf
[1.267s] -- Symlinking: /home/hmmdyn/autocar-erp/install/autocar_gazebo/share/ament_index/resource_index/package_run_dependencies/autocar_gazebo
[1.267s] -- Symlinking: /home/hmmdyn/autocar-erp/install/autocar_gazebo/share/ament_index/resource_index/parent_prefix_path/autocar_gazebo
[1.274s] -- Symlinking: /home/hmmdyn/autocar-erp/install/autocar_gazebo/share/autocar_gazebo/environment/ament_prefix_path.sh
[1.291s] -- Symlinking: /home/hmmdyn/autocar-erp/install/autocar_gazebo/share/autocar_gazebo/environment/ament_prefix_path.dsv
[1.306s] -- Symlinking: /home/hmmdyn/autocar-erp/install/autocar_gazebo/share/autocar_gazebo/environment/path.sh
[1.323s] -- Symlinking: /home/hmmdyn/autocar-erp/install/autocar_gazebo/share/autocar_gazebo/environment/path.dsv
[1.344s] -- Symlinking: /home/hmmdyn/autocar-erp/install/autocar_gazebo/share/autocar_gazebo/local_setup.bash
[1.382s] -- Symlinking: /home/hmmdyn/autocar-erp/install/autocar_gazebo/share/autocar_gazebo/local_setup.sh
[1.392s] -- Symlinking: /home/hmmdyn/autocar-erp/install/autocar_gazebo/share/autocar_gazebo/local_setup.zsh
[1.414s] -- Symlinking: /home/hmmdyn/autocar-erp/install/autocar_gazebo/share/autocar_gazebo/local_setup.dsv
[1.422s] -- Symlinking: /home/hmmdyn/autocar-erp/install/autocar_gazebo/share/autocar_gazebo/package.dsv
[1.436s] -- Symlinking: /home/hmmdyn/autocar-erp/install/autocar_gazebo/share/ament_index/resource_index/packages/autocar_gazebo
[1.453s] -- Symlinking: /home/hmmdyn/autocar-erp/install/autocar_gazebo/share/autocar_gazebo/cmake/autocar_gazeboConfig.cmake
[1.462s] -- Symlinking: /home/hmmdyn/autocar-erp/install/autocar_gazebo/share/autocar_gazebo/cmake/autocar_gazeboConfig-version.cmake
[1.476s] -- Symlinking: /home/hmmdyn/autocar-erp/install/autocar_gazebo/share/autocar_gazebo/package.xml
[1.900s] Invoked command in '/home/hmmdyn/autocar-erp/build/autocar_gazebo' returned '0': CMAKE_PREFIX_PATH=${CMAKE_PREFIX_PATH}:/home/hmmdyn/autocar-erp/install/rqt_carla_control:/home/hmmdyn/autocar-erp/install/carla_waypoint_publisher:/home/hmmdyn/autocar-erp/install/carla_ackermann_control:/home/hmmdyn/autocar-erp/install/carla_ros_bridge:/home/hmmdyn/autocar-erp/install/carla_spawn_objects:/home/hmmdyn/autocar-erp/install/carla_manual_control:/home/hmmdyn/autocar-erp/install/carla_ad_agent:/home/hmmdyn/autocar-erp/install/ros_compatibility:/home/hmmdyn/autocar-erp/install/erp_control:/home/hmmdyn/autocar-erp/install/carla_walker_agent:/home/hmmdyn/autocar-erp/install/carla_twist_to_control:/home/hmmdyn/autocar-erp/install/carla_ros_scenario_runner:/home/hmmdyn/autocar-erp/install/carla_common:/opt/ros/humble /usr/bin/cmake --install /home/hmmdyn/autocar-erp/build/autocar_gazebo
