-- Install configuration: ""
-- Execute custom install script
-- Up-to-date symlink: /home/mds/autocar-erp/autocar-erp-main/install/launches/share/launches/launch/click_launch.py
-- Up-to-date symlink: /home/mds/autocar-erp/autocar-erp-main/install/launches/share/launches/launch/default_launch.py
-- Up-to-date symlink: /home/mds/autocar-erp/autocar-erp-main/install/launches/share/launches/launch/lane_launch.py
-- Up-to-date symlink: /home/mds/autocar-erp/autocar-erp-main/install/launches/share/ament_index/resource_index/package_run_dependencies/launches
-- Up-to-date symlink: /home/mds/autocar-erp/autocar-erp-main/install/launches/share/ament_index/resource_index/parent_prefix_path/launches
-- Up-to-date symlink: /home/mds/autocar-erp/autocar-erp-main/install/launches/share/launches/environment/ament_prefix_path.sh
-- Up-to-date symlink: /home/mds/autocar-erp/autocar-erp-main/install/launches/share/launches/environment/ament_prefix_path.dsv
-- Up-to-date symlink: /home/mds/autocar-erp/autocar-erp-main/install/launches/share/launches/environment/path.sh
-- Up-to-date symlink: /home/mds/autocar-erp/autocar-erp-main/install/launches/share/launches/environment/path.dsv
-- Up-to-date symlink: /home/mds/autocar-erp/autocar-erp-main/install/launches/share/launches/local_setup.bash
-- Up-to-date symlink: /home/mds/autocar-erp/autocar-erp-main/install/launches/share/launches/local_setup.sh
-- Up-to-date symlink: /home/mds/autocar-erp/autocar-erp-main/install/launches/share/launches/local_setup.zsh
-- Up-to-date symlink: /home/mds/autocar-erp/autocar-erp-main/install/launches/share/launches/local_setup.dsv
-- Symlinking: /home/mds/autocar-erp/autocar-erp-main/install/launches/share/launches/package.dsv
-- Up-to-date symlink: /home/mds/autocar-erp/autocar-erp-main/install/launches/share/ament_index/resource_index/packages/launches
-- Up-to-date symlink: /home/mds/autocar-erp/autocar-erp-main/install/launches/share/launches/cmake/launchesConfig.cmake
-- Up-to-date symlink: /home/mds/autocar-erp/autocar-erp-main/install/launches/share/launches/cmake/launchesConfig-version.cmake
-- Up-to-date symlink: /home/mds/autocar-erp/autocar-erp-main/install/launches/share/launches/package.xml
