[0.166s] Invoking command in '/home/mds/autocar-erp/autocar-erp-main/build/launches': CMAKE_PREFIX_PATH=${CMAKE_PREFIX_PATH}:/home/mds/ros2_ws/install/ntrip_client:/home/mds/autocar-erp/install/perception:/home/mds/autocar-erp/install/localization:/home/mds/autocar-erp/install/local_path_planning:/home/mds/autocar-erp/install/erp_control:/opt/ros/humble /usr/bin/cmake --build /home/mds/autocar-erp/autocar-erp-main/build/launches -- -j16 -l16
[0.457s] Invoked command in '/home/mds/autocar-erp/autocar-erp-main/build/launches' returned '0': CMAKE_PREFIX_PATH=${CMAKE_PREFIX_PATH}:/home/mds/ros2_ws/install/ntrip_client:/home/mds/autocar-erp/install/perception:/home/mds/autocar-erp/install/localization:/home/mds/autocar-erp/install/local_path_planning:/home/mds/autocar-erp/install/erp_control:/opt/ros/humble /usr/bin/cmake --build /home/mds/autocar-erp/autocar-erp-main/build/launches -- -j16 -l16
[0.463s] Invoking command in '/home/mds/autocar-erp/autocar-erp-main/build/launches': CMAKE_PREFIX_PATH=${CMAKE_PREFIX_PATH}:/home/mds/ros2_ws/install/ntrip_client:/home/mds/autocar-erp/install/perception:/home/mds/autocar-erp/install/localization:/home/mds/autocar-erp/install/local_path_planning:/home/mds/autocar-erp/install/erp_control:/opt/ros/humble /usr/bin/cmake --install /home/mds/autocar-erp/autocar-erp-main/build/launches
[0.606s] -- Install configuration: ""
[0.607s] -- Execute custom install script
[0.607s] -- Up-to-date symlink: /home/mds/autocar-erp/autocar-erp-main/install/launches/share/launches/launch/click_launch.py
[0.607s] -- Up-to-date symlink: /home/mds/autocar-erp/autocar-erp-main/install/launches/share/launches/launch/default_launch.py
[0.607s] -- Up-to-date symlink: /home/mds/autocar-erp/autocar-erp-main/install/launches/share/launches/launch/lane_launch.py
[0.607s] -- Up-to-date symlink: /home/mds/autocar-erp/autocar-erp-main/install/launches/share/ament_index/resource_index/package_run_dependencies/launches
[0.608s] -- Up-to-date symlink: /home/mds/autocar-erp/autocar-erp-main/install/launches/share/ament_index/resource_index/parent_prefix_path/launches
[0.608s] -- Up-to-date symlink: /home/mds/autocar-erp/autocar-erp-main/install/launches/share/launches/environment/ament_prefix_path.sh
[0.608s] -- Up-to-date symlink: /home/mds/autocar-erp/autocar-erp-main/install/launches/share/launches/environment/ament_prefix_path.dsv
[0.608s] -- Up-to-date symlink: /home/mds/autocar-erp/autocar-erp-main/install/launches/share/launches/environment/path.sh
[0.608s] -- Up-to-date symlink: /home/mds/autocar-erp/autocar-erp-main/install/launches/share/launches/environment/path.dsv
[0.608s] -- Up-to-date symlink: /home/mds/autocar-erp/autocar-erp-main/install/launches/share/launches/local_setup.bash
[0.608s] -- Up-to-date symlink: /home/mds/autocar-erp/autocar-erp-main/install/launches/share/launches/local_setup.sh
[0.608s] -- Up-to-date symlink: /home/mds/autocar-erp/autocar-erp-main/install/launches/share/launches/local_setup.zsh
[0.608s] -- Up-to-date symlink: /home/mds/autocar-erp/autocar-erp-main/install/launches/share/launches/local_setup.dsv
[0.608s] -- Symlinking: /home/mds/autocar-erp/autocar-erp-main/install/launches/share/launches/package.dsv
[0.608s] -- Up-to-date symlink: /home/mds/autocar-erp/autocar-erp-main/install/launches/share/ament_index/resource_index/packages/launches
[0.608s] -- Up-to-date symlink: /home/mds/autocar-erp/autocar-erp-main/install/launches/share/launches/cmake/launchesConfig.cmake
[0.608s] -- Up-to-date symlink: /home/mds/autocar-erp/autocar-erp-main/install/launches/share/launches/cmake/launchesConfig-version.cmake
[0.608s] -- Up-to-date symlink: /home/mds/autocar-erp/autocar-erp-main/install/launches/share/launches/package.xml
[0.610s] Invoked command in '/home/mds/autocar-erp/autocar-erp-main/build/launches' returned '0': CMAKE_PREFIX_PATH=${CMAKE_PREFIX_PATH}:/home/mds/ros2_ws/install/ntrip_client:/home/mds/autocar-erp/install/perception:/home/mds/autocar-erp/install/localization:/home/mds/autocar-erp/install/local_path_planning:/home/mds/autocar-erp/install/erp_control:/opt/ros/humble /usr/bin/cmake --install /home/mds/autocar-erp/autocar-erp-main/build/launches
