[0.011s] Invoking command in '/home/kmkm/ros2_ws/build/planning_msgs': CMAKE_PREFIX_PATH=${CMAKE_PREFIX_PATH}:/home/kmkm/ros2_ws/install/mode_selector:/home/kmkm/ros2_ws/install/local_planner:/home/kmkm/install/sensor_simulator:/home/kmkm/install/mode_selector:/home/kmkm/install/local_planner:/opt/ros/humble /usr/bin/cmake --build /home/kmkm/ros2_ws/build/planning_msgs -- -j16 -l16
[0.043s] [  6%] Built target planning_msgs__cpp
[0.043s] [ 12%] Built target planning_msgs__rosidl_generator_c
[0.051s] [ 12%] Built target ament_cmake_python_copy_planning_msgs
[0.060s] [ 22%] Built target planning_msgs__rosidl_typesupport_cpp
[0.061s] [ 32%] Built target planning_msgs__rosidl_typesupport_fastrtps_cpp
[0.062s] [ 41%] Built target planning_msgs__rosidl_typesupport_introspection_cpp
[0.069s] [ 70%] Built target planning_msgs__rosidl_typesupport_fastrtps_c
[0.069s] [ 70%] Built target planning_msgs__rosidl_typesupport_introspection_c
[0.069s] [ 70%] Built target planning_msgs__rosidl_typesupport_c
[0.087s] [ 70%] Built target planning_msgs
[0.100s] [ 74%] Built target planning_msgs__py
[0.115s] [ 80%] Built target planning_msgs__rosidl_generator_py
[0.131s] [100%] Built target planning_msgs__rosidl_typesupport_fastrtps_c__pyext
[0.131s] [100%] Built target planning_msgs__rosidl_typesupport_c__pyext
[0.131s] [100%] Built target planning_msgs__rosidl_typesupport_introspection_c__pyext
[0.246s] running egg_info
[0.247s] writing planning_msgs.egg-info/PKG-INFO
[0.247s] writing dependency_links to planning_msgs.egg-info/dependency_links.txt
[0.247s] writing top-level names to planning_msgs.egg-info/top_level.txt
[0.250s] reading manifest file 'planning_msgs.egg-info/SOURCES.txt'
[0.250s] writing manifest file 'planning_msgs.egg-info/SOURCES.txt'
[0.271s] [100%] Built target ament_cmake_python_build_planning_msgs_egg
[0.284s] Invoked command in '/home/kmkm/ros2_ws/build/planning_msgs' returned '0': CMAKE_PREFIX_PATH=${CMAKE_PREFIX_PATH}:/home/kmkm/ros2_ws/install/mode_selector:/home/kmkm/ros2_ws/install/local_planner:/home/kmkm/install/sensor_simulator:/home/kmkm/install/mode_selector:/home/kmkm/install/local_planner:/opt/ros/humble /usr/bin/cmake --build /home/kmkm/ros2_ws/build/planning_msgs -- -j16 -l16
[0.294s] Invoking command in '/home/kmkm/ros2_ws/build/planning_msgs': CMAKE_PREFIX_PATH=${CMAKE_PREFIX_PATH}:/home/kmkm/ros2_ws/install/mode_selector:/home/kmkm/ros2_ws/install/local_planner:/home/kmkm/install/sensor_simulator:/home/kmkm/install/mode_selector:/home/kmkm/install/local_planner:/opt/ros/humble /usr/bin/cmake --install /home/kmkm/ros2_ws/build/planning_msgs
[0.298s] -- Install configuration: ""
[0.299s] -- Up-to-date: /home/kmkm/ros2_ws/install/planning_msgs/share/ament_index/resource_index/rosidl_interfaces/planning_msgs
[0.299s] -- Up-to-date: /home/kmkm/ros2_ws/install/planning_msgs/include/planning_msgs/planning_msgs
[0.299s] -- Up-to-date: /home/kmkm/ros2_ws/install/planning_msgs/include/planning_msgs/planning_msgs/msg
[0.299s] -- Up-to-date: /home/kmkm/ros2_ws/install/planning_msgs/include/planning_msgs/planning_msgs/msg/rosidl_generator_c__visibility_control.h
[0.299s] -- Up-to-date: /home/kmkm/ros2_ws/install/planning_msgs/include/planning_msgs/planning_msgs/msg/mode_state.h
[0.299s] -- Up-to-date: /home/kmkm/ros2_ws/install/planning_msgs/include/planning_msgs/planning_msgs/msg/detail
[0.300s] -- Up-to-date: /home/kmkm/ros2_ws/install/planning_msgs/include/planning_msgs/planning_msgs/msg/detail/mode_state__struct.h
[0.300s] -- Up-to-date: /home/kmkm/ros2_ws/install/planning_msgs/include/planning_msgs/planning_msgs/msg/detail/mode_state__functions.c
[0.300s] -- Up-to-date: /home/kmkm/ros2_ws/install/planning_msgs/include/planning_msgs/planning_msgs/msg/detail/mode_state__functions.h
[0.300s] -- Up-to-date: /home/kmkm/ros2_ws/install/planning_msgs/include/planning_msgs/planning_msgs/msg/detail/mode_state__type_support.h
[0.301s] -- Up-to-date: /home/kmkm/ros2_ws/install/planning_msgs/share/planning_msgs/environment/library_path.sh
[0.301s] -- Up-to-date: /home/kmkm/ros2_ws/install/planning_msgs/share/planning_msgs/environment/library_path.dsv
[0.301s] -- Up-to-date: /home/kmkm/ros2_ws/install/planning_msgs/lib/libplanning_msgs__rosidl_generator_c.so
[0.301s] -- Up-to-date: /home/kmkm/ros2_ws/install/planning_msgs/include/planning_msgs/planning_msgs
[0.301s] -- Up-to-date: /home/kmkm/ros2_ws/install/planning_msgs/include/planning_msgs/planning_msgs/msg
[0.301s] -- Up-to-date: /home/kmkm/ros2_ws/install/planning_msgs/include/planning_msgs/planning_msgs/msg/rosidl_typesupport_fastrtps_c__visibility_control.h
[0.301s] -- Up-to-date: /home/kmkm/ros2_ws/install/planning_msgs/include/planning_msgs/planning_msgs/msg/detail
[0.302s] -- Up-to-date: /home/kmkm/ros2_ws/install/planning_msgs/include/planning_msgs/planning_msgs/msg/detail/mode_state__rosidl_typesupport_fastrtps_c.h
[0.302s] -- Up-to-date: /home/kmkm/ros2_ws/install/planning_msgs/lib/libplanning_msgs__rosidl_typesupport_fastrtps_c.so
[0.302s] -- Up-to-date: /home/kmkm/ros2_ws/install/planning_msgs/include/planning_msgs/planning_msgs
[0.302s] -- Up-to-date: /home/kmkm/ros2_ws/install/planning_msgs/include/planning_msgs/planning_msgs/msg
[0.303s] -- Up-to-date: /home/kmkm/ros2_ws/install/planning_msgs/include/planning_msgs/planning_msgs/msg/detail
[0.303s] -- Up-to-date: /home/kmkm/ros2_ws/install/planning_msgs/include/planning_msgs/planning_msgs/msg/detail/mode_state__type_support.c
[0.303s] -- Up-to-date: /home/kmkm/ros2_ws/install/planning_msgs/include/planning_msgs/planning_msgs/msg/detail/mode_state__rosidl_typesupport_introspection_c.h
[0.303s] -- Up-to-date: /home/kmkm/ros2_ws/install/planning_msgs/include/planning_msgs/planning_msgs/msg/rosidl_typesupport_introspection_c__visibility_control.h
[0.303s] -- Up-to-date: /home/kmkm/ros2_ws/install/planning_msgs/lib/libplanning_msgs__rosidl_typesupport_introspection_c.so
[0.303s] -- Up-to-date: /home/kmkm/ros2_ws/install/planning_msgs/lib/libplanning_msgs__rosidl_typesupport_c.so
[0.303s] -- Up-to-date: /home/kmkm/ros2_ws/install/planning_msgs/include/planning_msgs/planning_msgs
[0.303s] -- Up-to-date: /home/kmkm/ros2_ws/install/planning_msgs/include/planning_msgs/planning_msgs/msg
[0.303s] -- Up-to-date: /home/kmkm/ros2_ws/install/planning_msgs/include/planning_msgs/planning_msgs/msg/rosidl_generator_cpp__visibility_control.hpp
[0.303s] -- Up-to-date: /home/kmkm/ros2_ws/install/planning_msgs/include/planning_msgs/planning_msgs/msg/detail
[0.303s] -- Up-to-date: /home/kmkm/ros2_ws/install/planning_msgs/include/planning_msgs/planning_msgs/msg/detail/mode_state__type_support.hpp
[0.303s] -- Up-to-date: /home/kmkm/ros2_ws/install/planning_msgs/include/planning_msgs/planning_msgs/msg/detail/mode_state__traits.hpp
[0.303s] -- Up-to-date: /home/kmkm/ros2_ws/install/planning_msgs/include/planning_msgs/planning_msgs/msg/detail/mode_state__struct.hpp
[0.303s] -- Up-to-date: /home/kmkm/ros2_ws/install/planning_msgs/include/planning_msgs/planning_msgs/msg/detail/mode_state__builder.hpp
[0.303s] -- Up-to-date: /home/kmkm/ros2_ws/install/planning_msgs/include/planning_msgs/planning_msgs/msg/mode_state.hpp
[0.303s] -- Up-to-date: /home/kmkm/ros2_ws/install/planning_msgs/include/planning_msgs/planning_msgs
[0.304s] -- Up-to-date: /home/kmkm/ros2_ws/install/planning_msgs/include/planning_msgs/planning_msgs/msg
[0.304s] -- Up-to-date: /home/kmkm/ros2_ws/install/planning_msgs/include/planning_msgs/planning_msgs/msg/rosidl_typesupport_fastrtps_cpp__visibility_control.h
[0.304s] -- Up-to-date: /home/kmkm/ros2_ws/install/planning_msgs/include/planning_msgs/planning_msgs/msg/detail
[0.304s] -- Up-to-date: /home/kmkm/ros2_ws/install/planning_msgs/include/planning_msgs/planning_msgs/msg/detail/mode_state__rosidl_typesupport_fastrtps_cpp.hpp
[0.304s] -- Up-to-date: /home/kmkm/ros2_ws/install/planning_msgs/include/planning_msgs/planning_msgs/msg/detail/dds_fastrtps
[0.304s] -- Up-to-date: /home/kmkm/ros2_ws/install/planning_msgs/lib/libplanning_msgs__rosidl_typesupport_fastrtps_cpp.so
[0.304s] -- Up-to-date: /home/kmkm/ros2_ws/install/planning_msgs/include/planning_msgs/planning_msgs
[0.304s] -- Up-to-date: /home/kmkm/ros2_ws/install/planning_msgs/include/planning_msgs/planning_msgs/msg
[0.304s] -- Up-to-date: /home/kmkm/ros2_ws/install/planning_msgs/include/planning_msgs/planning_msgs/msg/detail
[0.304s] -- Up-to-date: /home/kmkm/ros2_ws/install/planning_msgs/include/planning_msgs/planning_msgs/msg/detail/mode_state__rosidl_typesupport_introspection_cpp.hpp
[0.304s] -- Up-to-date: /home/kmkm/ros2_ws/install/planning_msgs/include/planning_msgs/planning_msgs/msg/detail/mode_state__type_support.cpp
[0.304s] -- Up-to-date: /home/kmkm/ros2_ws/install/planning_msgs/lib/libplanning_msgs__rosidl_typesupport_introspection_cpp.so
[0.304s] -- Up-to-date: /home/kmkm/ros2_ws/install/planning_msgs/lib/libplanning_msgs__rosidl_typesupport_cpp.so
[0.304s] -- Up-to-date: /home/kmkm/ros2_ws/install/planning_msgs/share/planning_msgs/environment/pythonpath.sh
[0.304s] -- Up-to-date: /home/kmkm/ros2_ws/install/planning_msgs/share/planning_msgs/environment/pythonpath.dsv
[0.304s] -- Up-to-date: /home/kmkm/ros2_ws/install/planning_msgs/local/lib/python3.10/dist-packages/planning_msgs-0.0.0-py3.10.egg-info
[0.304s] -- Installing: /home/kmkm/ros2_ws/install/planning_msgs/local/lib/python3.10/dist-packages/planning_msgs-0.0.0-py3.10.egg-info/top_level.txt
[0.304s] -- Installing: /home/kmkm/ros2_ws/install/planning_msgs/local/lib/python3.10/dist-packages/planning_msgs-0.0.0-py3.10.egg-info/SOURCES.txt
[0.304s] -- Installing: /home/kmkm/ros2_ws/install/planning_msgs/local/lib/python3.10/dist-packages/planning_msgs-0.0.0-py3.10.egg-info/dependency_links.txt
[0.304s] -- Installing: /home/kmkm/ros2_ws/install/planning_msgs/local/lib/python3.10/dist-packages/planning_msgs-0.0.0-py3.10.egg-info/PKG-INFO
[0.304s] -- Up-to-date: /home/kmkm/ros2_ws/install/planning_msgs/local/lib/python3.10/dist-packages/planning_msgs
[0.304s] -- Up-to-date: /home/kmkm/ros2_ws/install/planning_msgs/local/lib/python3.10/dist-packages/planning_msgs/_planning_msgs_s.ep.rosidl_typesupport_fastrtps_c.c
[0.304s] -- Up-to-date: /home/kmkm/ros2_ws/install/planning_msgs/local/lib/python3.10/dist-packages/planning_msgs/planning_msgs_s__rosidl_typesupport_c.cpython-310-x86_64-linux-gnu.so
[0.304s] -- Up-to-date: /home/kmkm/ros2_ws/install/planning_msgs/local/lib/python3.10/dist-packages/planning_msgs/_planning_msgs_s.ep.rosidl_typesupport_introspection_c.c
[0.304s] -- Up-to-date: /home/kmkm/ros2_ws/install/planning_msgs/local/lib/python3.10/dist-packages/planning_msgs/__init__.py
[0.304s] -- Up-to-date: /home/kmkm/ros2_ws/install/planning_msgs/local/lib/python3.10/dist-packages/planning_msgs/planning_msgs_s__rosidl_typesupport_fastrtps_c.cpython-310-x86_64-linux-gnu.so
[0.305s] -- Up-to-date: /home/kmkm/ros2_ws/install/planning_msgs/local/lib/python3.10/dist-packages/planning_msgs/msg
[0.305s] -- Up-to-date: /home/kmkm/ros2_ws/install/planning_msgs/local/lib/python3.10/dist-packages/planning_msgs/msg/__init__.py
[0.305s] -- Up-to-date: /home/kmkm/ros2_ws/install/planning_msgs/local/lib/python3.10/dist-packages/planning_msgs/msg/_mode_state.py
[0.305s] -- Up-to-date: /home/kmkm/ros2_ws/install/planning_msgs/local/lib/python3.10/dist-packages/planning_msgs/msg/_mode_state_s.c
[0.305s] -- Up-to-date: /home/kmkm/ros2_ws/install/planning_msgs/local/lib/python3.10/dist-packages/planning_msgs/_planning_msgs_s.ep.rosidl_typesupport_c.c
[0.305s] -- Up-to-date: /home/kmkm/ros2_ws/install/planning_msgs/local/lib/python3.10/dist-packages/planning_msgs/libplanning_msgs__rosidl_generator_py.so
[0.305s] -- Up-to-date: /home/kmkm/ros2_ws/install/planning_msgs/local/lib/python3.10/dist-packages/planning_msgs/planning_msgs_s__rosidl_typesupport_introspection_c.cpython-310-x86_64-linux-gnu.so
[0.330s] Listing '/home/kmkm/ros2_ws/install/planning_msgs/local/lib/python3.10/dist-packages/planning_msgs'...
[0.330s] Listing '/home/kmkm/ros2_ws/install/planning_msgs/local/lib/python3.10/dist-packages/planning_msgs/msg'...
[0.333s] -- Up-to-date: /home/kmkm/ros2_ws/install/planning_msgs/local/lib/python3.10/dist-packages/planning_msgs/planning_msgs_s__rosidl_typesupport_fastrtps_c.cpython-310-x86_64-linux-gnu.so
[0.333s] -- Up-to-date: /home/kmkm/ros2_ws/install/planning_msgs/local/lib/python3.10/dist-packages/planning_msgs/planning_msgs_s__rosidl_typesupport_introspection_c.cpython-310-x86_64-linux-gnu.so
[0.333s] -- Up-to-date: /home/kmkm/ros2_ws/install/planning_msgs/local/lib/python3.10/dist-packages/planning_msgs/planning_msgs_s__rosidl_typesupport_c.cpython-310-x86_64-linux-gnu.so
[0.334s] -- Up-to-date: /home/kmkm/ros2_ws/install/planning_msgs/lib/libplanning_msgs__rosidl_generator_py.so
[0.334s] -- Up-to-date: /home/kmkm/ros2_ws/install/planning_msgs/share/planning_msgs/msg/ModeState.idl
[0.334s] -- Up-to-date: /home/kmkm/ros2_ws/install/planning_msgs/share/planning_msgs/msg/ModeState.msg
[0.334s] -- Up-to-date: /home/kmkm/ros2_ws/install/planning_msgs/share/ament_index/resource_index/package_run_dependencies/planning_msgs
[0.334s] -- Up-to-date: /home/kmkm/ros2_ws/install/planning_msgs/share/ament_index/resource_index/parent_prefix_path/planning_msgs
[0.334s] -- Up-to-date: /home/kmkm/ros2_ws/install/planning_msgs/share/planning_msgs/environment/ament_prefix_path.sh
[0.334s] -- Up-to-date: /home/kmkm/ros2_ws/install/planning_msgs/share/planning_msgs/environment/ament_prefix_path.dsv
[0.335s] -- Up-to-date: /home/kmkm/ros2_ws/install/planning_msgs/share/planning_msgs/environment/path.sh
[0.335s] -- Up-to-date: /home/kmkm/ros2_ws/install/planning_msgs/share/planning_msgs/environment/path.dsv
[0.335s] -- Up-to-date: /home/kmkm/ros2_ws/install/planning_msgs/share/planning_msgs/local_setup.bash
[0.335s] -- Up-to-date: /home/kmkm/ros2_ws/install/planning_msgs/share/planning_msgs/local_setup.sh
[0.335s] -- Up-to-date: /home/kmkm/ros2_ws/install/planning_msgs/share/planning_msgs/local_setup.zsh
[0.336s] -- Up-to-date: /home/kmkm/ros2_ws/install/planning_msgs/share/planning_msgs/local_setup.dsv
[0.336s] -- Installing: /home/kmkm/ros2_ws/install/planning_msgs/share/planning_msgs/package.dsv
[0.336s] -- Up-to-date: /home/kmkm/ros2_ws/install/planning_msgs/share/ament_index/resource_index/packages/planning_msgs
[0.336s] -- Up-to-date: /home/kmkm/ros2_ws/install/planning_msgs/share/planning_msgs/cmake/export_planning_msgs__rosidl_generator_cExport.cmake
[0.336s] -- Up-to-date: /home/kmkm/ros2_ws/install/planning_msgs/share/planning_msgs/cmake/export_planning_msgs__rosidl_generator_cExport-noconfig.cmake
[0.336s] -- Up-to-date: /home/kmkm/ros2_ws/install/planning_msgs/share/planning_msgs/cmake/export_planning_msgs__rosidl_typesupport_fastrtps_cExport.cmake
[0.336s] -- Up-to-date: /home/kmkm/ros2_ws/install/planning_msgs/share/planning_msgs/cmake/export_planning_msgs__rosidl_typesupport_fastrtps_cExport-noconfig.cmake
[0.336s] -- Up-to-date: /home/kmkm/ros2_ws/install/planning_msgs/share/planning_msgs/cmake/planning_msgs__rosidl_typesupport_introspection_cExport.cmake
[0.337s] -- Up-to-date: /home/kmkm/ros2_ws/install/planning_msgs/share/planning_msgs/cmake/planning_msgs__rosidl_typesupport_introspection_cExport-noconfig.cmake
[0.337s] -- Up-to-date: /home/kmkm/ros2_ws/install/planning_msgs/share/planning_msgs/cmake/planning_msgs__rosidl_typesupport_cExport.cmake
[0.337s] -- Up-to-date: /home/kmkm/ros2_ws/install/planning_msgs/share/planning_msgs/cmake/planning_msgs__rosidl_typesupport_cExport-noconfig.cmake
[0.337s] -- Up-to-date: /home/kmkm/ros2_ws/install/planning_msgs/share/planning_msgs/cmake/export_planning_msgs__rosidl_generator_cppExport.cmake
[0.337s] -- Up-to-date: /home/kmkm/ros2_ws/install/planning_msgs/share/planning_msgs/cmake/export_planning_msgs__rosidl_typesupport_fastrtps_cppExport.cmake
[0.337s] -- Up-to-date: /home/kmkm/ros2_ws/install/planning_msgs/share/planning_msgs/cmake/export_planning_msgs__rosidl_typesupport_fastrtps_cppExport-noconfig.cmake
[0.337s] -- Up-to-date: /home/kmkm/ros2_ws/install/planning_msgs/share/planning_msgs/cmake/planning_msgs__rosidl_typesupport_introspection_cppExport.cmake
[0.337s] -- Up-to-date: /home/kmkm/ros2_ws/install/planning_msgs/share/planning_msgs/cmake/planning_msgs__rosidl_typesupport_introspection_cppExport-noconfig.cmake
[0.337s] -- Up-to-date: /home/kmkm/ros2_ws/install/planning_msgs/share/planning_msgs/cmake/planning_msgs__rosidl_typesupport_cppExport.cmake
[0.337s] -- Up-to-date: /home/kmkm/ros2_ws/install/planning_msgs/share/planning_msgs/cmake/planning_msgs__rosidl_typesupport_cppExport-noconfig.cmake
[0.337s] -- Up-to-date: /home/kmkm/ros2_ws/install/planning_msgs/share/planning_msgs/cmake/export_planning_msgs__rosidl_generator_pyExport.cmake
[0.337s] -- Up-to-date: /home/kmkm/ros2_ws/install/planning_msgs/share/planning_msgs/cmake/export_planning_msgs__rosidl_generator_pyExport-noconfig.cmake
[0.337s] -- Up-to-date: /home/kmkm/ros2_ws/install/planning_msgs/share/planning_msgs/cmake/rosidl_cmake-extras.cmake
[0.337s] -- Up-to-date: /home/kmkm/ros2_ws/install/planning_msgs/share/planning_msgs/cmake/ament_cmake_export_include_directories-extras.cmake
[0.337s] -- Up-to-date: /home/kmkm/ros2_ws/install/planning_msgs/share/planning_msgs/cmake/ament_cmake_export_libraries-extras.cmake
[0.337s] -- Up-to-date: /home/kmkm/ros2_ws/install/planning_msgs/share/planning_msgs/cmake/ament_cmake_export_targets-extras.cmake
[0.337s] -- Up-to-date: /home/kmkm/ros2_ws/install/planning_msgs/share/planning_msgs/cmake/rosidl_cmake_export_typesupport_targets-extras.cmake
[0.337s] -- Up-to-date: /home/kmkm/ros2_ws/install/planning_msgs/share/planning_msgs/cmake/ament_cmake_export_dependencies-extras.cmake
[0.337s] -- Up-to-date: /home/kmkm/ros2_ws/install/planning_msgs/share/planning_msgs/cmake/rosidl_cmake_export_typesupport_libraries-extras.cmake
[0.337s] -- Up-to-date: /home/kmkm/ros2_ws/install/planning_msgs/share/planning_msgs/cmake/planning_msgsConfig.cmake
[0.338s] -- Up-to-date: /home/kmkm/ros2_ws/install/planning_msgs/share/planning_msgs/cmake/planning_msgsConfig-version.cmake
[0.338s] -- Up-to-date: /home/kmkm/ros2_ws/install/planning_msgs/share/planning_msgs/package.xml
[0.340s] Invoked command in '/home/kmkm/ros2_ws/build/planning_msgs' returned '0': CMAKE_PREFIX_PATH=${CMAKE_PREFIX_PATH}:/home/kmkm/ros2_ws/install/mode_selector:/home/kmkm/ros2_ws/install/local_planner:/home/kmkm/install/sensor_simulator:/home/kmkm/install/mode_selector:/home/kmkm/install/local_planner:/opt/ros/humble /usr/bin/cmake --install /home/kmkm/ros2_ws/build/planning_msgs
