running develop
running egg_info
creating erp_control.egg-info
writing erp_control.egg-info/PKG-INFO
writing dependency_links to erp_control.egg-info/dependency_links.txt
writing entry points to erp_control.egg-info/entry_points.txt
writing requirements to erp_control.egg-info/requires.txt
writing top-level names to erp_control.egg-info/top_level.txt
writing manifest file 'erp_control.egg-info/SOURCES.txt'
reading manifest file 'erp_control.egg-info/SOURCES.txt'
writing manifest file 'erp_control.egg-info/SOURCES.txt'
running build_ext
Creating /home/mds/autocar-erp/autocar-erp-main/install/erp_control/lib/python3.10/site-packages/erp-control.egg-link (link to .)
Installing ERP42_ros2 script to /home/mds/autocar-erp/autocar-erp-main/install/erp_control/lib/erp_control
Installing delay script to /home/mds/autocar-erp/autocar-erp-main/install/erp_control/lib/erp_control
Installing erp_client script to /home/mds/autocar-erp/autocar-erp-main/install/erp_control/lib/erp_control
Installing erp_publish script to /home/mds/autocar-erp/autocar-erp-main/install/erp_control/lib/erp_control
Installing erp_test script to /home/mds/autocar-erp/autocar-erp-main/install/erp_control/lib/erp_control
Installing simul_plot script to /home/mds/autocar-erp/autocar-erp-main/install/erp_control/lib/erp_control

Installed /home/mds/autocar-erp/autocar-erp-main/build/erp_control
running symlink_data
creating /home/mds/autocar-erp/autocar-erp-main/install/erp_control/share/ament_index
creating /home/mds/autocar-erp/autocar-erp-main/install/erp_control/share/ament_index/resource_index
creating /home/mds/autocar-erp/autocar-erp-main/install/erp_control/share/ament_index/resource_index/packages
symbolically linking /home/mds/autocar-erp/autocar-erp-main/build/erp_control/resource/erp_control -> /home/mds/autocar-erp/autocar-erp-main/install/erp_control/share/ament_index/resource_index/packages
symbolically linking /home/mds/autocar-erp/autocar-erp-main/build/erp_control/package.xml -> /home/mds/autocar-erp/autocar-erp-main/install/erp_control/share/erp_control
